[ 2013-10-19T08:25:50+08:00 ] 127.0.0.1 /herald_league/index.php/Index/getMoreActivity.html
INFO: [ app_begin ] --START--
INFO: Run ReadHtmlCache Behavior [ RunTime:0.002117s ]
INFO: [ app_begin ] --END-- [ RunTime:0.002438s ]
NOTIC: 建议使用I方法替代_param
SQL: SHOW COLUMNS FROM `lg_activity_info` [ RunTime:0.008648s ]
NOTIC: 建议使用I方法替代_param
SQL: SELECT * FROM `lg_activity_info` WHERE ( id<41 ) ORDER BY id desc LIMIT 10   [ RunTime:0.002301s ]
SQL: SHOW COLUMNS FROM `lg_league_info` [ RunTime:0.010441s ]
SQL: SELECT `league_name` FROM `lg_league_info` WHERE ( uid=28 ) LIMIT 1   [ RunTime:0.002787s ]
SQL: SELECT `league_name` FROM `lg_league_info` WHERE ( uid=28 ) LIMIT 1   [ RunTime:0.000732s ]
SQL: SELECT `league_name` FROM `lg_league_info` WHERE ( uid=28 ) LIMIT 1   [ RunTime:0.000702s ]
SQL: SELECT `league_name` FROM `lg_league_info` WHERE ( uid=28 ) LIMIT 1   [ RunTime:0.000620s ]
SQL: SELECT `league_name` FROM `lg_league_info` WHERE ( uid=28 ) LIMIT 1   [ RunTime:0.000702s ]
SQL: SELECT `league_name` FROM `lg_league_info` WHERE ( uid=1 ) LIMIT 1   [ RunTime:0.000660s ]
SQL: SELECT `league_name` FROM `lg_league_info` WHERE ( uid=1 ) LIMIT 1   [ RunTime:0.000525s ]
SQL: SELECT `league_name` FROM `lg_league_info` WHERE ( uid=1 ) LIMIT 1   [ RunTime:0.000649s ]
SQL: SELECT `league_name` FROM `lg_league_info` WHERE ( uid=1 ) LIMIT 1   [ RunTime:0.000650s ]
SQL: SELECT `league_name` FROM `lg_league_info` WHERE ( uid=1 ) LIMIT 1   [ RunTime:0.000639s ]

[ 2013-10-19T08:25:54+08:00 ] 127.0.0.1 /herald_league/index.php/League/Index/index/leagueid/1
NOTIC: 建议使用I方法替代_param

[ 2013-10-19T08:34:28+08:00 ] 127.0.0.1 /herald_league/index.php/League/Index/index/leagueid/1
NOTIC: 建议使用I方法替代_param

[ 2013-10-19T09:16:48+08:00 ] 127.0.0.1 /herald_league/index.php/Index/getMoreActivity.html
INFO: [ app_begin ] --START--
INFO: Run ReadHtmlCache Behavior [ RunTime:0.001772s ]
INFO: [ app_begin ] --END-- [ RunTime:0.002023s ]
NOTIC: 建议使用I方法替代_param
SQL: SHOW COLUMNS FROM `lg_activity_info` [ RunTime:0.007544s ]
NOTIC: 建议使用I方法替代_param
SQL: SELECT * FROM `lg_activity_info` WHERE ( id<41 ) ORDER BY id desc LIMIT 10   [ RunTime:0.001942s ]
SQL: SHOW COLUMNS FROM `lg_league_info` [ RunTime:0.008029s ]
SQL: SELECT `league_name` FROM `lg_league_info` WHERE ( uid=28 ) LIMIT 1   [ RunTime:0.001852s ]
SQL: SELECT `league_name` FROM `lg_league_info` WHERE ( uid=28 ) LIMIT 1   [ RunTime:0.000719s ]
SQL: SELECT `league_name` FROM `lg_league_info` WHERE ( uid=28 ) LIMIT 1   [ RunTime:0.000570s ]
SQL: SELECT `league_name` FROM `lg_league_info` WHERE ( uid=28 ) LIMIT 1   [ RunTime:0.000633s ]
SQL: SELECT `league_name` FROM `lg_league_info` WHERE ( uid=28 ) LIMIT 1   [ RunTime:0.000641s ]
SQL: SELECT `league_name` FROM `lg_league_info` WHERE ( uid=1 ) LIMIT 1   [ RunTime:0.000633s ]
SQL: SELECT `league_name` FROM `lg_league_info` WHERE ( uid=1 ) LIMIT 1   [ RunTime:0.000892s ]
SQL: SELECT `league_name` FROM `lg_league_info` WHERE ( uid=1 ) LIMIT 1   [ RunTime:0.000674s ]
SQL: SELECT `league_name` FROM `lg_league_info` WHERE ( uid=1 ) LIMIT 1   [ RunTime:0.000550s ]
SQL: SELECT `league_name` FROM `lg_league_info` WHERE ( uid=1 ) LIMIT 1   [ RunTime:0.000749s ]

[ 2013-10-19T09:17:11+08:00 ] 127.0.0.1 /herald_league/index.php/Index/getMoreActivity.html
INFO: [ app_begin ] --START--
INFO: Run ReadHtmlCache Behavior [ RunTime:0.003003s ]
INFO: [ app_begin ] --END-- [ RunTime:0.003235s ]
NOTIC: 建议使用I方法替代_param
SQL: SHOW COLUMNS FROM `lg_activity_info` [ RunTime:0.006960s ]
NOTIC: 建议使用I方法替代_param
SQL: SELECT * FROM `lg_activity_info` WHERE ( id<31 ) ORDER BY id desc LIMIT 10   [ RunTime:0.001163s ]
SQL: SHOW COLUMNS FROM `lg_league_info` [ RunTime:0.006961s ]
SQL: SELECT `league_name` FROM `lg_league_info` WHERE ( uid=1 ) LIMIT 1   [ RunTime:0.002005s ]
SQL: SELECT `league_name` FROM `lg_league_info` WHERE ( uid=1 ) LIMIT 1   [ RunTime:0.000662s ]
SQL: SELECT `league_name` FROM `lg_league_info` WHERE ( uid=1 ) LIMIT 1   [ RunTime:0.000639s ]
SQL: SELECT `league_name` FROM `lg_league_info` WHERE ( uid=1 ) LIMIT 1   [ RunTime:0.000648s ]
SQL: SELECT `league_name` FROM `lg_league_info` WHERE ( uid=1 ) LIMIT 1   [ RunTime:0.000631s ]
SQL: SELECT `league_name` FROM `lg_league_info` WHERE ( uid=1 ) LIMIT 1   [ RunTime:0.000636s ]
SQL: SELECT `league_name` FROM `lg_league_info` WHERE ( uid=1 ) LIMIT 1   [ RunTime:0.000640s ]
SQL: SELECT `league_name` FROM `lg_league_info` WHERE ( uid=1 ) LIMIT 1   [ RunTime:0.000640s ]
SQL: SELECT `league_name` FROM `lg_league_info` WHERE ( uid=1 ) LIMIT 1   [ RunTime:0.000642s ]
SQL: SELECT `league_name` FROM `lg_league_info` WHERE ( uid=1 ) LIMIT 1   [ RunTime:0.000638s ]

[ 2013-10-19T09:17:14+08:00 ] 127.0.0.1 /herald_league/index.php/Index/getMoreActivity.html
INFO: [ app_begin ] --START--
INFO: Run ReadHtmlCache Behavior [ RunTime:0.001745s ]
INFO: [ app_begin ] --END-- [ RunTime:0.001978s ]
NOTIC: 建议使用I方法替代_param
SQL: SHOW COLUMNS FROM `lg_activity_info` [ RunTime:0.006768s ]
NOTIC: 建议使用I方法替代_param
SQL: SELECT * FROM `lg_activity_info` WHERE ( id<21 ) ORDER BY id desc LIMIT 10   [ RunTime:0.001504s ]
SQL: SHOW COLUMNS FROM `lg_league_info` [ RunTime:0.006551s ]
SQL: SELECT `league_name` FROM `lg_league_info` WHERE ( uid=1 ) LIMIT 1   [ RunTime:0.001156s ]
SQL: SELECT `league_name` FROM `lg_league_info` WHERE ( uid=1 ) LIMIT 1   [ RunTime:0.000631s ]
SQL: SELECT `league_name` FROM `lg_league_info` WHERE ( uid=1 ) LIMIT 1   [ RunTime:0.000649s ]
SQL: SELECT `league_name` FROM `lg_league_info` WHERE ( uid=1 ) LIMIT 1   [ RunTime:0.000637s ]
SQL: SELECT `league_name` FROM `lg_league_info` WHERE ( uid=1 ) LIMIT 1   [ RunTime:0.000623s ]
SQL: SELECT `league_name` FROM `lg_league_info` WHERE ( uid= ) LIMIT 1   [ RunTime:0.000550s ]
ERR: 1064:You have an error in your SQL syntax; check the manual that corresponds to your MySQL server version for the right syntax to use near ') LIMIT 1' at line 1
 [ SQL语句 ] : SELECT `league_name` FROM `lg_league_info` WHERE ( uid= ) LIMIT 1  
SQL: SELECT `league_name` FROM `lg_league_info` WHERE ( uid= ) LIMIT 1   [ RunTime:0.000520s ]
ERR: 1064:You have an error in your SQL syntax; check the manual that corresponds to your MySQL server version for the right syntax to use near ') LIMIT 1' at line 1
 [ SQL语句 ] : SELECT `league_name` FROM `lg_league_info` WHERE ( uid= ) LIMIT 1  
SQL: SELECT `league_name` FROM `lg_league_info` WHERE ( uid= ) LIMIT 1   [ RunTime:0.000506s ]
ERR: 1064:You have an error in your SQL syntax; check the manual that corresponds to your MySQL server version for the right syntax to use near ') LIMIT 1' at line 1
 [ SQL语句 ] : SELECT `league_name` FROM `lg_league_info` WHERE ( uid= ) LIMIT 1  
SQL: SELECT `league_name` FROM `lg_league_info` WHERE ( uid=1 ) LIMIT 1   [ RunTime:0.000639s ]
SQL: SELECT `league_name` FROM `lg_league_info` WHERE ( uid=1 ) LIMIT 1   [ RunTime:0.000639s ]

[ 2013-10-19T09:17:18+08:00 ] 127.0.0.1 /herald_league/index.php/Index/getMoreActivity.html
INFO: [ app_begin ] --START--
INFO: Run ReadHtmlCache Behavior [ RunTime:0.001746s ]
INFO: [ app_begin ] --END-- [ RunTime:0.001994s ]
NOTIC: 建议使用I方法替代_param
SQL: SHOW COLUMNS FROM `lg_activity_info` [ RunTime:0.006756s ]
NOTIC: 建议使用I方法替代_param
SQL: SELECT * FROM `lg_activity_info` WHERE ( id<11 ) ORDER BY id desc LIMIT 10   [ RunTime:0.001582s ]
SQL: SHOW COLUMNS FROM `lg_league_info` [ RunTime:0.006785s ]
SQL: SELECT `league_name` FROM `lg_league_info` WHERE ( uid=1 ) LIMIT 1   [ RunTime:0.001425s ]
SQL: SELECT `league_name` FROM `lg_league_info` WHERE ( uid=1 ) LIMIT 1   [ RunTime:0.000494s ]
SQL: SELECT `league_name` FROM `lg_league_info` WHERE ( uid=1 ) LIMIT 1   [ RunTime:0.000445s ]
SQL: SELECT `league_name` FROM `lg_league_info` WHERE ( uid=1 ) LIMIT 1   [ RunTime:0.000446s ]
SQL: SELECT `league_name` FROM `lg_league_info` WHERE ( uid=1 ) LIMIT 1   [ RunTime:0.000431s ]
SQL: SELECT `league_name` FROM `lg_league_info` WHERE ( uid=1 ) LIMIT 1   [ RunTime:0.000416s ]
SQL: SELECT `league_name` FROM `lg_league_info` WHERE ( uid=1 ) LIMIT 1   [ RunTime:0.000928s ]
SQL: SELECT `league_name` FROM `lg_league_info` WHERE ( uid=1 ) LIMIT 1   [ RunTime:0.000518s ]
SQL: SELECT `league_name` FROM `lg_league_info` WHERE ( uid=1 ) LIMIT 1   [ RunTime:0.000443s ]
SQL: SELECT `league_name` FROM `lg_league_info` WHERE ( uid=1 ) LIMIT 1   [ RunTime:0.000523s ]

[ 2013-10-19T09:23:09+08:00 ] 127.0.0.1 /herald_league/index.php/Index/getMoreActivity.html
INFO: [ app_begin ] --START--
INFO: Run ReadHtmlCache Behavior [ RunTime:0.003010s ]
INFO: [ app_begin ] --END-- [ RunTime:0.003253s ]
NOTIC: 建议使用I方法替代_param
SQL: SHOW COLUMNS FROM `lg_activity_info` [ RunTime:0.007385s ]
NOTIC: 建议使用I方法替代_param
SQL: SELECT * FROM `lg_activity_info` WHERE ( id<41 ) ORDER BY id desc LIMIT 10   [ RunTime:0.003298s ]
SQL: SHOW COLUMNS FROM `lg_league_info` [ RunTime:0.007598s ]
SQL: SELECT `league_name` FROM `lg_league_info` WHERE ( uid=28 ) LIMIT 1   [ RunTime:0.001813s ]
SQL: SELECT `league_name` FROM `lg_league_info` WHERE ( uid=28 ) LIMIT 1   [ RunTime:0.000655s ]
SQL: SELECT `league_name` FROM `lg_league_info` WHERE ( uid=28 ) LIMIT 1   [ RunTime:0.000649s ]
SQL: SELECT `league_name` FROM `lg_league_info` WHERE ( uid=28 ) LIMIT 1   [ RunTime:0.000671s ]
SQL: SELECT `league_name` FROM `lg_league_info` WHERE ( uid=28 ) LIMIT 1   [ RunTime:0.000624s ]
SQL: SELECT `league_name` FROM `lg_league_info` WHERE ( uid=1 ) LIMIT 1   [ RunTime:0.000639s ]
SQL: SELECT `league_name` FROM `lg_league_info` WHERE ( uid=1 ) LIMIT 1   [ RunTime:0.000610s ]
SQL: SELECT `league_name` FROM `lg_league_info` WHERE ( uid=1 ) LIMIT 1   [ RunTime:0.000640s ]
SQL: SELECT `league_name` FROM `lg_league_info` WHERE ( uid=1 ) LIMIT 1   [ RunTime:0.000637s ]
SQL: SELECT `league_name` FROM `lg_league_info` WHERE ( uid=1 ) LIMIT 1   [ RunTime:0.000692s ]

[ 2013-10-19T09:24:03+08:00 ] 127.0.0.1 /herald_league/index.php/Index/getMoreActivity.html
INFO: [ app_begin ] --START--
INFO: Run ReadHtmlCache Behavior [ RunTime:0.001806s ]
INFO: [ app_begin ] --END-- [ RunTime:0.002046s ]
NOTIC: 建议使用I方法替代_param
SQL: SHOW COLUMNS FROM `lg_activity_info` [ RunTime:0.007253s ]
NOTIC: 建议使用I方法替代_param
SQL: SELECT * FROM `lg_activity_info` WHERE ( id<41 ) ORDER BY id desc LIMIT 10   [ RunTime:0.002106s ]
SQL: SHOW COLUMNS FROM `lg_league_info` [ RunTime:0.007105s ]
SQL: SELECT `league_name` FROM `lg_league_info` WHERE ( uid=28 ) LIMIT 1   [ RunTime:0.001606s ]
SQL: SELECT `league_name` FROM `lg_league_info` WHERE ( uid=28 ) LIMIT 1   [ RunTime:0.000661s ]
SQL: SELECT `league_name` FROM `lg_league_info` WHERE ( uid=28 ) LIMIT 1   [ RunTime:0.000639s ]
SQL: SELECT `league_name` FROM `lg_league_info` WHERE ( uid=28 ) LIMIT 1   [ RunTime:0.000647s ]
SQL: SELECT `league_name` FROM `lg_league_info` WHERE ( uid=28 ) LIMIT 1   [ RunTime:0.000611s ]
SQL: SELECT `league_name` FROM `lg_league_info` WHERE ( uid=1 ) LIMIT 1   [ RunTime:0.000636s ]
SQL: SELECT `league_name` FROM `lg_league_info` WHERE ( uid=1 ) LIMIT 1   [ RunTime:0.000646s ]
SQL: SELECT `league_name` FROM `lg_league_info` WHERE ( uid=1 ) LIMIT 1   [ RunTime:0.000648s ]
SQL: SELECT `league_name` FROM `lg_league_info` WHERE ( uid=1 ) LIMIT 1   [ RunTime:0.000595s ]
SQL: SELECT `league_name` FROM `lg_league_info` WHERE ( uid=1 ) LIMIT 1   [ RunTime:0.000501s ]

[ 2013-10-19T09:37:08+08:00 ] 127.0.0.1 /herald_league/index.php/League/Index/index/leagueid/1
NOTIC: 建议使用I方法替代_param

[ 2013-10-19T10:55:39+08:00 ] 127.0.0.1 /herald_league/index.php/Index/getMoreActivity.html
INFO: [ app_begin ] --START--
INFO: Run ReadHtmlCache Behavior [ RunTime:0.003232s ]
INFO: [ app_begin ] --END-- [ RunTime:0.003479s ]
NOTIC: 建议使用I方法替代_param
SQL: SHOW COLUMNS FROM `lg_activity_info` [ RunTime:0.007554s ]
NOTIC: 建议使用I方法替代_param
SQL: SELECT * FROM `lg_activity_info` WHERE ( id<41 ) ORDER BY id desc LIMIT 10   [ RunTime:0.004435s ]
SQL: SHOW COLUMNS FROM `lg_league_info` [ RunTime:0.011210s ]
SQL: SELECT `league_name` FROM `lg_league_info` WHERE ( uid=28 ) LIMIT 1   [ RunTime:0.002407s ]
SQL: SELECT `league_name` FROM `lg_league_info` WHERE ( uid=28 ) LIMIT 1   [ RunTime:0.000659s ]
SQL: SELECT `league_name` FROM `lg_league_info` WHERE ( uid=28 ) LIMIT 1   [ RunTime:0.000639s ]
SQL: SELECT `league_name` FROM `lg_league_info` WHERE ( uid=28 ) LIMIT 1   [ RunTime:0.000677s ]
SQL: SELECT `league_name` FROM `lg_league_info` WHERE ( uid=28 ) LIMIT 1   [ RunTime:0.000639s ]
SQL: SELECT `league_name` FROM `lg_league_info` WHERE ( uid=1 ) LIMIT 1   [ RunTime:0.000637s ]
SQL: SELECT `league_name` FROM `lg_league_info` WHERE ( uid=1 ) LIMIT 1   [ RunTime:0.000693s ]
SQL: SELECT `league_name` FROM `lg_league_info` WHERE ( uid=1 ) LIMIT 1   [ RunTime:0.000581s ]
SQL: SELECT `league_name` FROM `lg_league_info` WHERE ( uid=1 ) LIMIT 1   [ RunTime:0.000700s ]
SQL: SELECT `league_name` FROM `lg_league_info` WHERE ( uid=1 ) LIMIT 1   [ RunTime:0.000639s ]

[ 2013-10-19T10:55:57+08:00 ] 127.0.0.1 /herald_league/index.php/Index/getMoreActivity.html
INFO: [ app_begin ] --START--
INFO: Run ReadHtmlCache Behavior [ RunTime:0.001732s ]
INFO: [ app_begin ] --END-- [ RunTime:0.001956s ]
NOTIC: 建议使用I方法替代_param
SQL: SHOW COLUMNS FROM `lg_activity_info` [ RunTime:0.007089s ]
NOTIC: 建议使用I方法替代_param
SQL: SELECT * FROM `lg_activity_info` WHERE ( id<41 ) ORDER BY id desc LIMIT 10   [ RunTime:0.002534s ]
SQL: SHOW COLUMNS FROM `lg_league_info` [ RunTime:0.006794s ]
SQL: SELECT `league_name` FROM `lg_league_info` WHERE ( uid=28 ) LIMIT 1   [ RunTime:0.001945s ]
SQL: SELECT `league_name` FROM `lg_league_info` WHERE ( uid=28 ) LIMIT 1   [ RunTime:0.000639s ]
SQL: SELECT `league_name` FROM `lg_league_info` WHERE ( uid=28 ) LIMIT 1   [ RunTime:0.000650s ]
SQL: SELECT `league_name` FROM `lg_league_info` WHERE ( uid=28 ) LIMIT 1   [ RunTime:0.000653s ]
SQL: SELECT `league_name` FROM `lg_league_info` WHERE ( uid=28 ) LIMIT 1   [ RunTime:0.000616s ]
SQL: SELECT `league_name` FROM `lg_league_info` WHERE ( uid=1 ) LIMIT 1   [ RunTime:0.000615s ]
SQL: SELECT `league_name` FROM `lg_league_info` WHERE ( uid=1 ) LIMIT 1   [ RunTime:0.000648s ]
SQL: SELECT `league_name` FROM `lg_league_info` WHERE ( uid=1 ) LIMIT 1   [ RunTime:0.000553s ]
SQL: SELECT `league_name` FROM `lg_league_info` WHERE ( uid=1 ) LIMIT 1   [ RunTime:0.000699s ]
SQL: SELECT `league_name` FROM `lg_league_info` WHERE ( uid=1 ) LIMIT 1   [ RunTime:0.000644s ]

[ 2013-10-19T11:05:38+08:00 ] 127.0.0.1 /herald_league/index.php/Index/getMoreActivity.html
INFO: [ app_begin ] --START--
INFO: Run ReadHtmlCache Behavior [ RunTime:0.003373s ]
INFO: [ app_begin ] --END-- [ RunTime:0.003631s ]
NOTIC: 建议使用I方法替代_param
SQL: SHOW COLUMNS FROM `lg_activity_info` [ RunTime:0.006837s ]
NOTIC: 建议使用I方法替代_param
SQL: SELECT * FROM `lg_activity_info` WHERE ( id<41 ) ORDER BY id desc LIMIT 10   [ RunTime:0.001897s ]
SQL: SHOW COLUMNS FROM `lg_league_info` [ RunTime:0.006647s ]
SQL: SELECT `league_name` FROM `lg_league_info` WHERE ( uid=28 ) LIMIT 1   [ RunTime:0.001744s ]
SQL: SELECT `league_name` FROM `lg_league_info` WHERE ( uid=28 ) LIMIT 1   [ RunTime:0.000580s ]
SQL: SELECT `league_name` FROM `lg_league_info` WHERE ( uid=28 ) LIMIT 1   [ RunTime:0.000643s ]
SQL: SELECT `league_name` FROM `lg_league_info` WHERE ( uid=28 ) LIMIT 1   [ RunTime:0.000556s ]
SQL: SELECT `league_name` FROM `lg_league_info` WHERE ( uid=28 ) LIMIT 1   [ RunTime:0.000543s ]
SQL: SELECT `league_name` FROM `lg_league_info` WHERE ( uid=1 ) LIMIT 1   [ RunTime:0.000537s ]
SQL: SELECT `league_name` FROM `lg_league_info` WHERE ( uid=1 ) LIMIT 1   [ RunTime:0.000542s ]
SQL: SELECT `league_name` FROM `lg_league_info` WHERE ( uid=1 ) LIMIT 1   [ RunTime:0.000535s ]
SQL: SELECT `league_name` FROM `lg_league_info` WHERE ( uid=1 ) LIMIT 1   [ RunTime:0.000530s ]
SQL: SELECT `league_name` FROM `lg_league_info` WHERE ( uid=1 ) LIMIT 1   [ RunTime:0.000626s ]

[ 2013-10-19T11:06:16+08:00 ] 127.0.0.1 /herald_league/index.php/Index/getMoreActivity.html
INFO: [ app_begin ] --START--
INFO: Run ReadHtmlCache Behavior [ RunTime:0.003610s ]
INFO: [ app_begin ] --END-- [ RunTime:0.003851s ]
NOTIC: 建议使用I方法替代_param
SQL: SHOW COLUMNS FROM `lg_activity_info` [ RunTime:0.006723s ]
NOTIC: 建议使用I方法替代_param
SQL: SELECT * FROM `lg_activity_info` WHERE ( id<41 ) ORDER BY id desc LIMIT 10   [ RunTime:0.001599s ]
SQL: SHOW COLUMNS FROM `lg_league_info` [ RunTime:0.007214s ]
SQL: SELECT `league_name` FROM `lg_league_info` WHERE ( uid=28 ) LIMIT 1   [ RunTime:0.001751s ]
SQL: SELECT `league_name` FROM `lg_league_info` WHERE ( uid=28 ) LIMIT 1   [ RunTime:0.000633s ]
SQL: SELECT `league_name` FROM `lg_league_info` WHERE ( uid=28 ) LIMIT 1   [ RunTime:0.000636s ]
SQL: SELECT `league_name` FROM `lg_league_info` WHERE ( uid=28 ) LIMIT 1   [ RunTime:0.001006s ]
SQL: SELECT `league_name` FROM `lg_league_info` WHERE ( uid=28 ) LIMIT 1   [ RunTime:0.000991s ]
SQL: SELECT `league_name` FROM `lg_league_info` WHERE ( uid=1 ) LIMIT 1   [ RunTime:0.000611s ]
SQL: SELECT `league_name` FROM `lg_league_info` WHERE ( uid=1 ) LIMIT 1   [ RunTime:0.000611s ]
SQL: SELECT `league_name` FROM `lg_league_info` WHERE ( uid=1 ) LIMIT 1   [ RunTime:0.000680s ]
SQL: SELECT `league_name` FROM `lg_league_info` WHERE ( uid=1 ) LIMIT 1   [ RunTime:0.000611s ]
SQL: SELECT `league_name` FROM `lg_league_info` WHERE ( uid=1 ) LIMIT 1   [ RunTime:0.000635s ]

[ 2013-10-19T11:06:53+08:00 ] 127.0.0.1 /herald_league/index.php/Index/getMoreActivity.html
INFO: [ app_begin ] --START--
INFO: Run ReadHtmlCache Behavior [ RunTime:0.001755s ]
INFO: [ app_begin ] --END-- [ RunTime:0.001993s ]
NOTIC: 建议使用I方法替代_param
SQL: SHOW COLUMNS FROM `lg_activity_info` [ RunTime:0.006797s ]
NOTIC: 建议使用I方法替代_param
SQL: SELECT * FROM `lg_activity_info` WHERE ( id<41 ) ORDER BY id desc LIMIT 10   [ RunTime:0.001960s ]
SQL: SHOW COLUMNS FROM `lg_league_info` [ RunTime:0.007154s ]
SQL: SELECT `league_name` FROM `lg_league_info` WHERE ( uid=28 ) LIMIT 1   [ RunTime:0.001682s ]
SQL: SELECT `league_name` FROM `lg_league_info` WHERE ( uid=28 ) LIMIT 1   [ RunTime:0.000668s ]
SQL: SELECT `league_name` FROM `lg_league_info` WHERE ( uid=28 ) LIMIT 1   [ RunTime:0.001307s ]
SQL: SELECT `league_name` FROM `lg_league_info` WHERE ( uid=28 ) LIMIT 1   [ RunTime:0.000819s ]
SQL: SELECT `league_name` FROM `lg_league_info` WHERE ( uid=28 ) LIMIT 1   [ RunTime:0.000808s ]
SQL: SELECT `league_name` FROM `lg_league_info` WHERE ( uid=1 ) LIMIT 1   [ RunTime:0.000664s ]
SQL: SELECT `league_name` FROM `lg_league_info` WHERE ( uid=1 ) LIMIT 1   [ RunTime:0.000659s ]
SQL: SELECT `league_name` FROM `lg_league_info` WHERE ( uid=1 ) LIMIT 1   [ RunTime:0.000638s ]
SQL: SELECT `league_name` FROM `lg_league_info` WHERE ( uid=1 ) LIMIT 1   [ RunTime:0.000642s ]
SQL: SELECT `league_name` FROM `lg_league_info` WHERE ( uid=1 ) LIMIT 1   [ RunTime:0.000636s ]

[ 2013-10-19T11:08:37+08:00 ] 127.0.0.1 /herald_league/index.php/Index/getMoreActivity.html
INFO: [ app_begin ] --START--
INFO: Run ReadHtmlCache Behavior [ RunTime:0.001713s ]
INFO: [ app_begin ] --END-- [ RunTime:0.001934s ]
NOTIC: 建议使用I方法替代_param
SQL: SHOW COLUMNS FROM `lg_activity_info` [ RunTime:0.009672s ]
NOTIC: 建议使用I方法替代_param
SQL: SELECT * FROM `lg_activity_info` WHERE ( id<41 ) ORDER BY id desc LIMIT 10   [ RunTime:0.002068s ]
SQL: SHOW COLUMNS FROM `lg_league_info` [ RunTime:0.007677s ]
SQL: SELECT `league_name` FROM `lg_league_info` WHERE ( uid=28 ) LIMIT 1   [ RunTime:0.001830s ]
SQL: SELECT `league_name` FROM `lg_league_info` WHERE ( uid=28 ) LIMIT 1   [ RunTime:0.000636s ]
SQL: SELECT `league_name` FROM `lg_league_info` WHERE ( uid=28 ) LIMIT 1   [ RunTime:0.000635s ]
SQL: SELECT `league_name` FROM `lg_league_info` WHERE ( uid=28 ) LIMIT 1   [ RunTime:0.000639s ]
SQL: SELECT `league_name` FROM `lg_league_info` WHERE ( uid=28 ) LIMIT 1   [ RunTime:0.000668s ]
SQL: SELECT `league_name` FROM `lg_league_info` WHERE ( uid=1 ) LIMIT 1   [ RunTime:0.000654s ]
SQL: SELECT `league_name` FROM `lg_league_info` WHERE ( uid=1 ) LIMIT 1   [ RunTime:0.000615s ]
SQL: SELECT `league_name` FROM `lg_league_info` WHERE ( uid=1 ) LIMIT 1   [ RunTime:0.000827s ]
SQL: SELECT `league_name` FROM `lg_league_info` WHERE ( uid=1 ) LIMIT 1   [ RunTime:0.000763s ]
SQL: SELECT `league_name` FROM `lg_league_info` WHERE ( uid=1 ) LIMIT 1   [ RunTime:0.000712s ]

[ 2013-10-19T11:09:03+08:00 ] 127.0.0.1 /herald_league/index.php/Index/getMoreActivity.html
INFO: [ app_begin ] --START--
INFO: Run ReadHtmlCache Behavior [ RunTime:0.003110s ]
INFO: [ app_begin ] --END-- [ RunTime:0.003361s ]
NOTIC: 建议使用I方法替代_param
SQL: SHOW COLUMNS FROM `lg_activity_info` [ RunTime:0.007105s ]
NOTIC: 建议使用I方法替代_param
SQL: SELECT * FROM `lg_activity_info` WHERE ( id<41 ) ORDER BY id desc LIMIT 10   [ RunTime:0.001825s ]
SQL: SHOW COLUMNS FROM `lg_league_info` [ RunTime:0.008084s ]
SQL: SELECT `league_name` FROM `lg_league_info` WHERE ( uid=28 ) LIMIT 1   [ RunTime:0.001609s ]
SQL: SELECT `league_name` FROM `lg_league_info` WHERE ( uid=28 ) LIMIT 1   [ RunTime:0.000659s ]
SQL: SELECT `league_name` FROM `lg_league_info` WHERE ( uid=28 ) LIMIT 1   [ RunTime:0.000611s ]
SQL: SELECT `league_name` FROM `lg_league_info` WHERE ( uid=28 ) LIMIT 1   [ RunTime:0.000726s ]
SQL: SELECT `league_name` FROM `lg_league_info` WHERE ( uid=28 ) LIMIT 1   [ RunTime:0.000671s ]
SQL: SELECT `league_name` FROM `lg_league_info` WHERE ( uid=1 ) LIMIT 1   [ RunTime:0.000646s ]
SQL: SELECT `league_name` FROM `lg_league_info` WHERE ( uid=1 ) LIMIT 1   [ RunTime:0.000633s ]
SQL: SELECT `league_name` FROM `lg_league_info` WHERE ( uid=1 ) LIMIT 1   [ RunTime:0.000615s ]
SQL: SELECT `league_name` FROM `lg_league_info` WHERE ( uid=1 ) LIMIT 1   [ RunTime:0.000666s ]
SQL: SELECT `league_name` FROM `lg_league_info` WHERE ( uid=1 ) LIMIT 1   [ RunTime:0.000648s ]

[ 2013-10-19T11:09:15+08:00 ] 127.0.0.1 /herald_league/index.php/Index/getMoreActivity.html
INFO: [ app_begin ] --START--
INFO: Run ReadHtmlCache Behavior [ RunTime:0.003006s ]
INFO: [ app_begin ] --END-- [ RunTime:0.003403s ]
NOTIC: 建议使用I方法替代_param
SQL: SHOW COLUMNS FROM `lg_activity_info` [ RunTime:0.008245s ]
NOTIC: 建议使用I方法替代_param
SQL: SELECT * FROM `lg_activity_info` WHERE ( id<41 ) ORDER BY id desc LIMIT 10   [ RunTime:0.002174s ]
SQL: SHOW COLUMNS FROM `lg_league_info` [ RunTime:0.007200s ]
SQL: SELECT `league_name` FROM `lg_league_info` WHERE ( uid=28 ) LIMIT 1   [ RunTime:0.001883s ]
SQL: SELECT `league_name` FROM `lg_league_info` WHERE ( uid=28 ) LIMIT 1   [ RunTime:0.000667s ]
SQL: SELECT `league_name` FROM `lg_league_info` WHERE ( uid=28 ) LIMIT 1   [ RunTime:0.000607s ]
SQL: SELECT `league_name` FROM `lg_league_info` WHERE ( uid=28 ) LIMIT 1   [ RunTime:0.000636s ]
SQL: SELECT `league_name` FROM `lg_league_info` WHERE ( uid=28 ) LIMIT 1   [ RunTime:0.000647s ]
SQL: SELECT `league_name` FROM `lg_league_info` WHERE ( uid=1 ) LIMIT 1   [ RunTime:0.000681s ]
SQL: SELECT `league_name` FROM `lg_league_info` WHERE ( uid=1 ) LIMIT 1   [ RunTime:0.000637s ]
SQL: SELECT `league_name` FROM `lg_league_info` WHERE ( uid=1 ) LIMIT 1   [ RunTime:0.000637s ]
SQL: SELECT `league_name` FROM `lg_league_info` WHERE ( uid=1 ) LIMIT 1   [ RunTime:0.000753s ]
SQL: SELECT `league_name` FROM `lg_league_info` WHERE ( uid=1 ) LIMIT 1   [ RunTime:0.000848s ]

[ 2013-10-19T11:10:02+08:00 ] 127.0.0.1 /herald_league/index.php/Index/getMoreActivity.html
INFO: [ app_begin ] --START--
INFO: Run ReadHtmlCache Behavior [ RunTime:0.003235s ]
INFO: [ app_begin ] --END-- [ RunTime:0.003521s ]
NOTIC: 建议使用I方法替代_param
SQL: SHOW COLUMNS FROM `lg_activity_info` [ RunTime:0.006630s ]
NOTIC: 建议使用I方法替代_param
SQL: SELECT * FROM `lg_activity_info` WHERE ( id<41 ) ORDER BY id desc LIMIT 10   [ RunTime:0.001608s ]
SQL: SHOW COLUMNS FROM `lg_league_info` [ RunTime:0.006860s ]
SQL: SELECT `league_name` FROM `lg_league_info` WHERE ( uid=28 ) LIMIT 1   [ RunTime:0.001841s ]
SQL: SELECT `league_name` FROM `lg_league_info` WHERE ( uid=28 ) LIMIT 1   [ RunTime:0.000661s ]
SQL: SELECT `league_name` FROM `lg_league_info` WHERE ( uid=28 ) LIMIT 1   [ RunTime:0.000894s ]
SQL: SELECT `league_name` FROM `lg_league_info` WHERE ( uid=28 ) LIMIT 1   [ RunTime:0.000921s ]
SQL: SELECT `league_name` FROM `lg_league_info` WHERE ( uid=28 ) LIMIT 1   [ RunTime:0.000655s ]
SQL: SELECT `league_name` FROM `lg_league_info` WHERE ( uid=1 ) LIMIT 1   [ RunTime:0.000631s ]
SQL: SELECT `league_name` FROM `lg_league_info` WHERE ( uid=1 ) LIMIT 1   [ RunTime:0.000636s ]
SQL: SELECT `league_name` FROM `lg_league_info` WHERE ( uid=1 ) LIMIT 1   [ RunTime:0.000696s ]
SQL: SELECT `league_name` FROM `lg_league_info` WHERE ( uid=1 ) LIMIT 1   [ RunTime:0.000631s ]
SQL: SELECT `league_name` FROM `lg_league_info` WHERE ( uid=1 ) LIMIT 1   [ RunTime:0.000711s ]

[ 2013-10-19T15:07:33+08:00 ] 127.0.0.1 /herald_league/
ERR: Access denied for user 'root'@'localhost' (using password: YES)

[ 2013-10-19T15:07:59+08:00 ] 127.0.0.1 /herald_league/index.php/Index/getMoreActivity.html
INFO: [ app_begin ] --START--
INFO: Run ReadHtmlCache Behavior [ RunTime:0.003065s ]
INFO: [ app_begin ] --END-- [ RunTime:0.003292s ]
NOTIC: 建议使用I方法替代_param
SQL: SHOW COLUMNS FROM `lg_activity_info` [ RunTime:0.008633s ]
NOTIC: 建议使用I方法替代_param
SQL: SELECT * FROM `lg_activity_info` WHERE ( id<41 ) ORDER BY id desc LIMIT 10   [ RunTime:0.002331s ]
SQL: SHOW COLUMNS FROM `lg_league_info` [ RunTime:0.009927s ]
SQL: SELECT `league_name` FROM `lg_league_info` WHERE ( uid=28 ) LIMIT 1   [ RunTime:0.002697s ]
SQL: SELECT `league_name` FROM `lg_league_info` WHERE ( uid=28 ) LIMIT 1   [ RunTime:0.000659s ]
SQL: SELECT `league_name` FROM `lg_league_info` WHERE ( uid=28 ) LIMIT 1   [ RunTime:0.000659s ]
SQL: SELECT `league_name` FROM `lg_league_info` WHERE ( uid=28 ) LIMIT 1   [ RunTime:0.000648s ]
SQL: SELECT `league_name` FROM `lg_league_info` WHERE ( uid=28 ) LIMIT 1   [ RunTime:0.000638s ]
SQL: SELECT `league_name` FROM `lg_league_info` WHERE ( uid=1 ) LIMIT 1   [ RunTime:0.000710s ]
SQL: SELECT `league_name` FROM `lg_league_info` WHERE ( uid=1 ) LIMIT 1   [ RunTime:0.000627s ]
SQL: SELECT `league_name` FROM `lg_league_info` WHERE ( uid=1 ) LIMIT 1   [ RunTime:0.000638s ]
SQL: SELECT `league_name` FROM `lg_league_info` WHERE ( uid=1 ) LIMIT 1   [ RunTime:0.000646s ]
SQL: SELECT `league_name` FROM `lg_league_info` WHERE ( uid=1 ) LIMIT 1   [ RunTime:0.000643s ]

[ 2013-10-19T15:08:10+08:00 ] 127.0.0.1 /herald_league/index.php/Index/leagueLogin.html
INFO: [ app_begin ] --START--
INFO: Run ReadHtmlCache Behavior [ RunTime:0.001984s ]
INFO: [ app_begin ] --END-- [ RunTime:0.002250s ]
NOTIC: 建议使用I方法替代_param
NOTIC: 建议使用I方法替代_param
SQL: SHOW COLUMNS FROM `lg_league_info` [ RunTime:0.012307s ]
SQL: SELECT * FROM `lg_league_info` WHERE ( email='213110339' AND password='6674666ebe1928b43423e1f7713f162a' ) LIMIT 1   [ RunTime:0.078192s ]

[ 2013-10-19T15:08:13+08:00 ] 127.0.0.1 /herald_league/index.php/Index/getMoreActivity.html
INFO: [ app_begin ] --START--
INFO: Run ReadHtmlCache Behavior [ RunTime:0.001730s ]
INFO: [ app_begin ] --END-- [ RunTime:0.001961s ]
NOTIC: 建议使用I方法替代_param
SQL: SHOW COLUMNS FROM `lg_activity_info` [ RunTime:0.008454s ]
NOTIC: 建议使用I方法替代_param
SQL: SELECT * FROM `lg_activity_info` WHERE ( id<41 ) ORDER BY id desc LIMIT 10   [ RunTime:0.002747s ]
SQL: SHOW COLUMNS FROM `lg_league_info` [ RunTime:0.009193s ]
SQL: SELECT `league_name` FROM `lg_league_info` WHERE ( uid=28 ) LIMIT 1   [ RunTime:0.002860s ]
SQL: SELECT `league_name` FROM `lg_league_info` WHERE ( uid=28 ) LIMIT 1   [ RunTime:0.000664s ]
SQL: SELECT `league_name` FROM `lg_league_info` WHERE ( uid=28 ) LIMIT 1   [ RunTime:0.000590s ]
SQL: SELECT `league_name` FROM `lg_league_info` WHERE ( uid=28 ) LIMIT 1   [ RunTime:0.000611s ]
SQL: SELECT `league_name` FROM `lg_league_info` WHERE ( uid=28 ) LIMIT 1   [ RunTime:0.000674s ]
SQL: SELECT `league_name` FROM `lg_league_info` WHERE ( uid=1 ) LIMIT 1   [ RunTime:0.000628s ]
SQL: SELECT `league_name` FROM `lg_league_info` WHERE ( uid=1 ) LIMIT 1   [ RunTime:0.000643s ]
SQL: SELECT `league_name` FROM `lg_league_info` WHERE ( uid=1 ) LIMIT 1   [ RunTime:0.000637s ]
SQL: SELECT `league_name` FROM `lg_league_info` WHERE ( uid=1 ) LIMIT 1   [ RunTime:0.000838s ]
SQL: SELECT `league_name` FROM `lg_league_info` WHERE ( uid=1 ) LIMIT 1   [ RunTime:0.000635s ]

[ 2013-10-19T15:08:18+08:00 ] 127.0.0.1 /herald_league/index.php/Index/getMoreActivity.html
INFO: [ app_begin ] --START--
INFO: Run ReadHtmlCache Behavior [ RunTime:0.001743s ]
INFO: [ app_begin ] --END-- [ RunTime:0.001967s ]
NOTIC: 建议使用I方法替代_param
SQL: SHOW COLUMNS FROM `lg_activity_info` [ RunTime:0.008271s ]
NOTIC: 建议使用I方法替代_param
SQL: SELECT * FROM `lg_activity_info` WHERE ( id<41 ) ORDER BY id desc LIMIT 10   [ RunTime:0.002705s ]
SQL: SHOW COLUMNS FROM `lg_league_info` [ RunTime:0.008589s ]
SQL: SELECT `league_name` FROM `lg_league_info` WHERE ( uid=28 ) LIMIT 1   [ RunTime:0.002148s ]
SQL: SELECT `league_name` FROM `lg_league_info` WHERE ( uid=28 ) LIMIT 1   [ RunTime:0.000617s ]
SQL: SELECT `league_name` FROM `lg_league_info` WHERE ( uid=28 ) LIMIT 1   [ RunTime:0.000503s ]
SQL: SELECT `league_name` FROM `lg_league_info` WHERE ( uid=28 ) LIMIT 1   [ RunTime:0.000696s ]
SQL: SELECT `league_name` FROM `lg_league_info` WHERE ( uid=28 ) LIMIT 1   [ RunTime:0.000672s ]
SQL: SELECT `league_name` FROM `lg_league_info` WHERE ( uid=1 ) LIMIT 1   [ RunTime:0.000723s ]
SQL: SELECT `league_name` FROM `lg_league_info` WHERE ( uid=1 ) LIMIT 1   [ RunTime:0.000616s ]
SQL: SELECT `league_name` FROM `lg_league_info` WHERE ( uid=1 ) LIMIT 1   [ RunTime:0.000635s ]
SQL: SELECT `league_name` FROM `lg_league_info` WHERE ( uid=1 ) LIMIT 1   [ RunTime:0.000537s ]
SQL: SELECT `league_name` FROM `lg_league_info` WHERE ( uid=1 ) LIMIT 1   [ RunTime:0.000537s ]

[ 2013-10-19T15:08:37+08:00 ] 127.0.0.1 /herald_league/index.php/Index/getMoreActivity.html
INFO: [ app_begin ] --START--
INFO: Run ReadHtmlCache Behavior [ RunTime:0.001832s ]
INFO: [ app_begin ] --END-- [ RunTime:0.002124s ]
NOTIC: 建议使用I方法替代_param
SQL: SHOW COLUMNS FROM `lg_activity_info` [ RunTime:0.010191s ]
NOTIC: 建议使用I方法替代_param
SQL: SELECT * FROM `lg_activity_info` WHERE ( id<41 ) ORDER BY id desc LIMIT 10   [ RunTime:0.003359s ]
SQL: SHOW COLUMNS FROM `lg_league_info` [ RunTime:0.008407s ]
SQL: SELECT `league_name` FROM `lg_league_info` WHERE ( uid=28 ) LIMIT 1   [ RunTime:0.004149s ]
SQL: SELECT `league_name` FROM `lg_league_info` WHERE ( uid=28 ) LIMIT 1   [ RunTime:0.000607s ]
SQL: SELECT `league_name` FROM `lg_league_info` WHERE ( uid=28 ) LIMIT 1   [ RunTime:0.000539s ]
SQL: SELECT `league_name` FROM `lg_league_info` WHERE ( uid=28 ) LIMIT 1   [ RunTime:0.000533s ]
SQL: SELECT `league_name` FROM `lg_league_info` WHERE ( uid=28 ) LIMIT 1   [ RunTime:0.000548s ]
SQL: SELECT `league_name` FROM `lg_league_info` WHERE ( uid=1 ) LIMIT 1   [ RunTime:0.000534s ]
SQL: SELECT `league_name` FROM `lg_league_info` WHERE ( uid=1 ) LIMIT 1   [ RunTime:0.000531s ]
SQL: SELECT `league_name` FROM `lg_league_info` WHERE ( uid=1 ) LIMIT 1   [ RunTime:0.000530s ]
SQL: SELECT `league_name` FROM `lg_league_info` WHERE ( uid=1 ) LIMIT 1   [ RunTime:0.000525s ]
SQL: SELECT `league_name` FROM `lg_league_info` WHERE ( uid=1 ) LIMIT 1   [ RunTime:0.000525s ]

[ 2013-10-19T15:09:07+08:00 ] 127.0.0.1 /herald_league/index.php/League/Index/leagueRegester.html
NOTIC: 建议使用I方法替代_post
NOTIC: 建议使用I方法替代_post

[ 2013-10-19T15:09:13+08:00 ] 127.0.0.1 /herald_league/index.php/League/Index/leagueRegester.html
NOTIC: 建议使用I方法替代_post
NOTIC: 建议使用I方法替代_post

[ 2013-10-19T15:09:16+08:00 ] 127.0.0.1 /herald_league/index.php/League/Index/leagueRegester.html
NOTIC: 建议使用I方法替代_post
NOTIC: 建议使用I方法替代_post

[ 2013-10-19T15:09:19+08:00 ] 127.0.0.1 /herald_league/index.php/Index/getMoreActivity.html
INFO: [ app_begin ] --START--
INFO: Run ReadHtmlCache Behavior [ RunTime:0.004196s ]
INFO: [ app_begin ] --END-- [ RunTime:0.004524s ]
NOTIC: 建议使用I方法替代_param
SQL: SHOW COLUMNS FROM `lg_activity_info` [ RunTime:0.009147s ]
NOTIC: 建议使用I方法替代_param
SQL: SELECT * FROM `lg_activity_info` WHERE ( id<41 ) ORDER BY id desc LIMIT 10   [ RunTime:0.003870s ]
SQL: SHOW COLUMNS FROM `lg_league_info` [ RunTime:0.008469s ]
SQL: SELECT `league_name` FROM `lg_league_info` WHERE ( uid=28 ) LIMIT 1   [ RunTime:0.002684s ]
SQL: SELECT `league_name` FROM `lg_league_info` WHERE ( uid=28 ) LIMIT 1   [ RunTime:0.000775s ]
SQL: SELECT `league_name` FROM `lg_league_info` WHERE ( uid=28 ) LIMIT 1   [ RunTime:0.000669s ]
SQL: SELECT `league_name` FROM `lg_league_info` WHERE ( uid=28 ) LIMIT 1   [ RunTime:0.000641s ]
SQL: SELECT `league_name` FROM `lg_league_info` WHERE ( uid=28 ) LIMIT 1   [ RunTime:0.000641s ]
SQL: SELECT `league_name` FROM `lg_league_info` WHERE ( uid=1 ) LIMIT 1   [ RunTime:0.000676s ]
SQL: SELECT `league_name` FROM `lg_league_info` WHERE ( uid=1 ) LIMIT 1   [ RunTime:0.000800s ]
SQL: SELECT `league_name` FROM `lg_league_info` WHERE ( uid=1 ) LIMIT 1   [ RunTime:0.000646s ]
SQL: SELECT `league_name` FROM `lg_league_info` WHERE ( uid=1 ) LIMIT 1   [ RunTime:0.000641s ]
SQL: SELECT `league_name` FROM `lg_league_info` WHERE ( uid=1 ) LIMIT 1   [ RunTime:0.000650s ]

[ 2013-10-19T15:09:30+08:00 ] 127.0.0.1 /herald_league/index.php/Index/leagueLogin.html
INFO: [ app_begin ] --START--
INFO: Run ReadHtmlCache Behavior [ RunTime:0.006200s ]
INFO: [ app_begin ] --END-- [ RunTime:0.006636s ]
NOTIC: 建议使用I方法替代_param
NOTIC: 建议使用I方法替代_param
SQL: SHOW COLUMNS FROM `lg_league_info` [ RunTime:0.008407s ]
SQL: SELECT * FROM `lg_league_info` WHERE ( email='zhangruiangela@163.com' AND password='6674666ebe1928b43423e1f7713f162a' ) LIMIT 1   [ RunTime:0.002242s ]
SQL: SHOW COLUMNS FROM `lg_league_session` [ RunTime:0.007789s ]
SQL: INSERT INTO `lg_league_session` (`email`,`ip`,`session_id`,`expaired_time`) VALUES ('zhangruiangela@163.com','127.0.0.1','5e5c1379226fc0ca6e194f428b67b506',1382170170) [ RunTime:0.008508s ]

[ 2013-10-19T15:09:32+08:00 ] 127.0.0.1 /herald_league/index.php/Index/getMoreActivity.html
INFO: [ app_begin ] --START--
INFO: Run ReadHtmlCache Behavior [ RunTime:0.001862s ]
INFO: [ app_begin ] --END-- [ RunTime:0.002087s ]
NOTIC: 建议使用I方法替代_param
SQL: SHOW COLUMNS FROM `lg_activity_info` [ RunTime:0.009926s ]
NOTIC: 建议使用I方法替代_param
SQL: SELECT * FROM `lg_activity_info` WHERE ( id<41 ) ORDER BY id desc LIMIT 10   [ RunTime:0.002757s ]
SQL: SHOW COLUMNS FROM `lg_league_info` [ RunTime:0.008471s ]
SQL: SELECT `league_name` FROM `lg_league_info` WHERE ( uid=28 ) LIMIT 1   [ RunTime:0.003056s ]
SQL: SELECT `league_name` FROM `lg_league_info` WHERE ( uid=28 ) LIMIT 1   [ RunTime:0.000559s ]
SQL: SELECT `league_name` FROM `lg_league_info` WHERE ( uid=28 ) LIMIT 1   [ RunTime:0.000596s ]
SQL: SELECT `league_name` FROM `lg_league_info` WHERE ( uid=28 ) LIMIT 1   [ RunTime:0.000765s ]
SQL: SELECT `league_name` FROM `lg_league_info` WHERE ( uid=28 ) LIMIT 1   [ RunTime:0.000681s ]
SQL: SELECT `league_name` FROM `lg_league_info` WHERE ( uid=1 ) LIMIT 1   [ RunTime:0.000638s ]
SQL: SELECT `league_name` FROM `lg_league_info` WHERE ( uid=1 ) LIMIT 1   [ RunTime:0.000646s ]
SQL: SELECT `league_name` FROM `lg_league_info` WHERE ( uid=1 ) LIMIT 1   [ RunTime:0.000642s ]
SQL: SELECT `league_name` FROM `lg_league_info` WHERE ( uid=1 ) LIMIT 1   [ RunTime:0.000644s ]
SQL: SELECT `league_name` FROM `lg_league_info` WHERE ( uid=1 ) LIMIT 1   [ RunTime:0.000618s ]

[ 2013-10-19T15:09:39+08:00 ] 127.0.0.1 /herald_league/index.php/Index/getClassActivity.html
INFO: [ app_begin ] --START--
INFO: Run ReadHtmlCache Behavior [ RunTime:0.002976s ]
INFO: [ app_begin ] --END-- [ RunTime:0.003211s ]
SQL: SHOW COLUMNS FROM `lg_activity_info` [ RunTime:0.008170s ]
NOTIC: 建议使用I方法替代_param
SQL: SELECT * FROM `lg_activity_info` WHERE ( league_class=1 )  [ RunTime:0.002253s ]

[ 2013-10-19T15:09:39+08:00 ] 127.0.0.1 /herald_league/index.php/Index/getMoreActivity.html
INFO: [ app_begin ] --START--
INFO: Run ReadHtmlCache Behavior [ RunTime:0.001761s ]
INFO: [ app_begin ] --END-- [ RunTime:0.002002s ]
NOTIC: 建议使用I方法替代_param
SQL: SHOW COLUMNS FROM `lg_activity_info` [ RunTime:0.008066s ]
NOTIC: 建议使用I方法替代_param
SQL: SELECT * FROM `lg_activity_info` WHERE ( id<41 AND league_class=1 ) ORDER BY id desc LIMIT 10   [ RunTime:0.002261s ]
SQL: SHOW COLUMNS FROM `lg_league_info` [ RunTime:0.007942s ]
SQL: SELECT `league_name` FROM `lg_league_info` WHERE ( uid=1 ) LIMIT 1   [ RunTime:0.002372s ]
SQL: SELECT `league_name` FROM `lg_league_info` WHERE ( uid=1 ) LIMIT 1   [ RunTime:0.000659s ]
SQL: SELECT `league_name` FROM `lg_league_info` WHERE ( uid=1 ) LIMIT 1   [ RunTime:0.000648s ]
SQL: SELECT `league_name` FROM `lg_league_info` WHERE ( uid=1 ) LIMIT 1   [ RunTime:0.000640s ]

[ 2013-10-19T15:09:40+08:00 ] 127.0.0.1 /herald_league/index.php/Index/getClassActivity.html
INFO: [ app_begin ] --START--
INFO: Run ReadHtmlCache Behavior [ RunTime:0.001714s ]
INFO: [ app_begin ] --END-- [ RunTime:0.001945s ]
SQL: SHOW COLUMNS FROM `lg_activity_info` [ RunTime:0.008117s ]
NOTIC: 建议使用I方法替代_param
SQL: SELECT * FROM `lg_activity_info` WHERE ( league_class=2 )  [ RunTime:0.004288s ]

[ 2013-10-19T15:09:40+08:00 ] 127.0.0.1 /herald_league/index.php/Index/getMoreActivity.html
INFO: [ app_begin ] --START--
INFO: Run ReadHtmlCache Behavior [ RunTime:0.001901s ]
INFO: [ app_begin ] --END-- [ RunTime:0.002172s ]
NOTIC: 建议使用I方法替代_param
SQL: SHOW COLUMNS FROM `lg_activity_info` [ RunTime:0.007986s ]
NOTIC: 建议使用I方法替代_param
SQL: SELECT * FROM `lg_activity_info` WHERE ( id<41 AND league_class=2 ) ORDER BY id desc LIMIT 10   [ RunTime:0.002747s ]
SQL: SHOW COLUMNS FROM `lg_league_info` [ RunTime:0.007988s ]
SQL: SELECT `league_name` FROM `lg_league_info` WHERE ( uid=1 ) LIMIT 1   [ RunTime:0.002663s ]
SQL: SELECT `league_name` FROM `lg_league_info` WHERE ( uid=1 ) LIMIT 1   [ RunTime:0.000661s ]
SQL: SELECT `league_name` FROM `lg_league_info` WHERE ( uid=1 ) LIMIT 1   [ RunTime:0.000617s ]
SQL: SELECT `league_name` FROM `lg_league_info` WHERE ( uid=1 ) LIMIT 1   [ RunTime:0.000640s ]

[ 2013-10-19T15:09:44+08:00 ] 127.0.0.1 /herald_league/index.php/Index/getClassActivity.html
INFO: [ app_begin ] --START--
INFO: Run ReadHtmlCache Behavior [ RunTime:0.001718s ]
INFO: [ app_begin ] --END-- [ RunTime:0.001943s ]
SQL: SHOW COLUMNS FROM `lg_activity_info` [ RunTime:0.007915s ]
NOTIC: 建议使用I方法替代_param
SQL: SELECT * FROM `lg_activity_info` WHERE ( league_class=3 )  [ RunTime:0.002760s ]

[ 2013-10-19T15:09:44+08:00 ] 127.0.0.1 /herald_league/index.php/Index/getMoreActivity.html
INFO: [ app_begin ] --START--
INFO: Run ReadHtmlCache Behavior [ RunTime:0.001760s ]
INFO: [ app_begin ] --END-- [ RunTime:0.001989s ]
NOTIC: 建议使用I方法替代_param
SQL: SHOW COLUMNS FROM `lg_activity_info` [ RunTime:0.008252s ]
NOTIC: 建议使用I方法替代_param
SQL: SELECT * FROM `lg_activity_info` WHERE ( id<41 AND league_class=3 ) ORDER BY id desc LIMIT 10   [ RunTime:0.002928s ]
SQL: SHOW COLUMNS FROM `lg_league_info` [ RunTime:0.008094s ]
SQL: SELECT `league_name` FROM `lg_league_info` WHERE ( uid=1 ) LIMIT 1   [ RunTime:0.002620s ]
SQL: SELECT `league_name` FROM `lg_league_info` WHERE ( uid=1 ) LIMIT 1   [ RunTime:0.000662s ]
SQL: SELECT `league_name` FROM `lg_league_info` WHERE ( uid=1 ) LIMIT 1   [ RunTime:0.000618s ]
SQL: SELECT `league_name` FROM `lg_league_info` WHERE ( uid=1 ) LIMIT 1   [ RunTime:0.000636s ]

[ 2013-10-19T15:09:45+08:00 ] 127.0.0.1 /herald_league/index.php/Index/getClassActivity.html
INFO: [ app_begin ] --START--
INFO: Run ReadHtmlCache Behavior [ RunTime:0.001747s ]
INFO: [ app_begin ] --END-- [ RunTime:0.001978s ]
SQL: SHOW COLUMNS FROM `lg_activity_info` [ RunTime:0.008329s ]
NOTIC: 建议使用I方法替代_param
SQL: SELECT * FROM `lg_activity_info` WHERE ( league_class=4 )  [ RunTime:0.002643s ]

[ 2013-10-19T15:09:45+08:00 ] 127.0.0.1 /herald_league/index.php/Index/getMoreActivity.html
INFO: [ app_begin ] --START--
INFO: Run ReadHtmlCache Behavior [ RunTime:0.001841s ]
INFO: [ app_begin ] --END-- [ RunTime:0.002071s ]
NOTIC: 建议使用I方法替代_param
SQL: SHOW COLUMNS FROM `lg_activity_info` [ RunTime:0.040583s ]
NOTIC: 建议使用I方法替代_param
SQL: SELECT * FROM `lg_activity_info` WHERE ( id<41 AND league_class=4 ) ORDER BY id desc LIMIT 10   [ RunTime:0.003492s ]
SQL: SHOW COLUMNS FROM `lg_league_info` [ RunTime:0.008329s ]
NOTIC: [2] Invalid argument supplied for foreach() D:\wamp\www\herald_league\herald_league\Lib\Model\ActivityInfoModel.class.php 第 38 行.

[ 2013-10-19T15:09:57+08:00 ] 127.0.0.1 /herald_league/index.php/League/Admin/adminAlbumList/leagueid/29
NOTIC: 建议使用I方法替代_param

[ 2013-10-19T15:10:16+08:00 ] 127.0.0.1 /herald_league/index.php/Index/getMoreActivity.html
INFO: [ app_begin ] --START--
INFO: Run ReadHtmlCache Behavior [ RunTime:0.001860s ]
INFO: [ app_begin ] --END-- [ RunTime:0.002120s ]
NOTIC: 建议使用I方法替代_param
SQL: SHOW COLUMNS FROM `lg_activity_info` [ RunTime:0.009422s ]
NOTIC: 建议使用I方法替代_param
SQL: SELECT * FROM `lg_activity_info` WHERE ( id<41 ) ORDER BY id desc LIMIT 10   [ RunTime:0.004645s ]
SQL: SHOW COLUMNS FROM `lg_league_info` [ RunTime:0.008309s ]
SQL: SELECT `league_name` FROM `lg_league_info` WHERE ( uid=28 ) LIMIT 1   [ RunTime:0.001016s ]
SQL: SELECT `league_name` FROM `lg_league_info` WHERE ( uid=28 ) LIMIT 1   [ RunTime:0.000589s ]
SQL: SELECT `league_name` FROM `lg_league_info` WHERE ( uid=28 ) LIMIT 1   [ RunTime:0.000591s ]
SQL: SELECT `league_name` FROM `lg_league_info` WHERE ( uid=28 ) LIMIT 1   [ RunTime:0.000575s ]
SQL: SELECT `league_name` FROM `lg_league_info` WHERE ( uid=28 ) LIMIT 1   [ RunTime:0.000526s ]
SQL: SELECT `league_name` FROM `lg_league_info` WHERE ( uid=1 ) LIMIT 1   [ RunTime:0.000625s ]
SQL: SELECT `league_name` FROM `lg_league_info` WHERE ( uid=1 ) LIMIT 1   [ RunTime:0.000644s ]
SQL: SELECT `league_name` FROM `lg_league_info` WHERE ( uid=1 ) LIMIT 1   [ RunTime:0.000648s ]
SQL: SELECT `league_name` FROM `lg_league_info` WHERE ( uid=1 ) LIMIT 1   [ RunTime:0.000637s ]
SQL: SELECT `league_name` FROM `lg_league_info` WHERE ( uid=1 ) LIMIT 1   [ RunTime:0.000651s ]

[ 2013-10-19T15:10:46+08:00 ] 127.0.0.1 /herald_league/index.php/League/Admin/adminAlbumList/leagueid/29
NOTIC: 建议使用I方法替代_param

[ 2013-10-19T15:10:49+08:00 ] 127.0.0.1 /herald_league/index.php/Index/getMoreActivity.html
INFO: [ app_begin ] --START--
INFO: Run ReadHtmlCache Behavior [ RunTime:0.002550s ]
INFO: [ app_begin ] --END-- [ RunTime:0.002798s ]
NOTIC: 建议使用I方法替代_param
SQL: SHOW COLUMNS FROM `lg_activity_info` [ RunTime:0.008829s ]
NOTIC: 建议使用I方法替代_param
SQL: SELECT * FROM `lg_activity_info` WHERE ( id<41 ) ORDER BY id desc LIMIT 10   [ RunTime:0.003481s ]
SQL: SHOW COLUMNS FROM `lg_league_info` [ RunTime:0.009116s ]
SQL: SELECT `league_name` FROM `lg_league_info` WHERE ( uid=28 ) LIMIT 1   [ RunTime:0.004862s ]
SQL: SELECT `league_name` FROM `lg_league_info` WHERE ( uid=28 ) LIMIT 1   [ RunTime:0.000632s ]
SQL: SELECT `league_name` FROM `lg_league_info` WHERE ( uid=28 ) LIMIT 1   [ RunTime:0.000745s ]
SQL: SELECT `league_name` FROM `lg_league_info` WHERE ( uid=28 ) LIMIT 1   [ RunTime:0.000647s ]
SQL: SELECT `league_name` FROM `lg_league_info` WHERE ( uid=28 ) LIMIT 1   [ RunTime:0.000640s ]
SQL: SELECT `league_name` FROM `lg_league_info` WHERE ( uid=1 ) LIMIT 1   [ RunTime:0.000836s ]
SQL: SELECT `league_name` FROM `lg_league_info` WHERE ( uid=1 ) LIMIT 1   [ RunTime:0.000645s ]
SQL: SELECT `league_name` FROM `lg_league_info` WHERE ( uid=1 ) LIMIT 1   [ RunTime:0.000661s ]
SQL: SELECT `league_name` FROM `lg_league_info` WHERE ( uid=1 ) LIMIT 1   [ RunTime:0.000561s ]
SQL: SELECT `league_name` FROM `lg_league_info` WHERE ( uid=1 ) LIMIT 1   [ RunTime:0.000546s ]

[ 2013-10-19T15:10:51+08:00 ] 127.0.0.1 /herald_league/index.php/League/Admin/addactivity/leagueid/29
NOTIC: 建议使用I方法替代_param

[ 2013-10-19T15:10:58+08:00 ] 127.0.0.1 /herald_league/index.php/Index/getMoreActivity.html
INFO: [ app_begin ] --START--
INFO: Run ReadHtmlCache Behavior [ RunTime:0.003108s ]
INFO: [ app_begin ] --END-- [ RunTime:0.003352s ]
NOTIC: 建议使用I方法替代_param
SQL: SHOW COLUMNS FROM `lg_activity_info` [ RunTime:0.008866s ]
NOTIC: 建议使用I方法替代_param
SQL: SELECT * FROM `lg_activity_info` WHERE ( id<41 ) ORDER BY id desc LIMIT 10   [ RunTime:0.002756s ]
SQL: SHOW COLUMNS FROM `lg_league_info` [ RunTime:0.008475s ]
SQL: SELECT `league_name` FROM `lg_league_info` WHERE ( uid=28 ) LIMIT 1   [ RunTime:0.002657s ]
SQL: SELECT `league_name` FROM `lg_league_info` WHERE ( uid=28 ) LIMIT 1   [ RunTime:0.000700s ]
SQL: SELECT `league_name` FROM `lg_league_info` WHERE ( uid=28 ) LIMIT 1   [ RunTime:0.000652s ]
SQL: SELECT `league_name` FROM `lg_league_info` WHERE ( uid=28 ) LIMIT 1   [ RunTime:0.000706s ]
SQL: SELECT `league_name` FROM `lg_league_info` WHERE ( uid=28 ) LIMIT 1   [ RunTime:0.000648s ]
SQL: SELECT `league_name` FROM `lg_league_info` WHERE ( uid=1 ) LIMIT 1   [ RunTime:0.000637s ]
SQL: SELECT `league_name` FROM `lg_league_info` WHERE ( uid=1 ) LIMIT 1   [ RunTime:0.000640s ]
SQL: SELECT `league_name` FROM `lg_league_info` WHERE ( uid=1 ) LIMIT 1   [ RunTime:0.000667s ]
SQL: SELECT `league_name` FROM `lg_league_info` WHERE ( uid=1 ) LIMIT 1   [ RunTime:0.000646s ]
SQL: SELECT `league_name` FROM `lg_league_info` WHERE ( uid=1 ) LIMIT 1   [ RunTime:0.000644s ]

[ 2013-10-19T15:11:03+08:00 ] 127.0.0.1 /herald_league/index.php/Index/getMoreActivity.html
INFO: [ app_begin ] --START--
INFO: Run ReadHtmlCache Behavior [ RunTime:0.001894s ]
INFO: [ app_begin ] --END-- [ RunTime:0.002128s ]
NOTIC: 建议使用I方法替代_param
SQL: SHOW COLUMNS FROM `lg_activity_info` [ RunTime:0.008472s ]
NOTIC: 建议使用I方法替代_param
SQL: SELECT * FROM `lg_activity_info` WHERE ( id<41 ) ORDER BY id desc LIMIT 10   [ RunTime:0.003522s ]
SQL: SHOW COLUMNS FROM `lg_league_info` [ RunTime:0.008773s ]
SQL: SELECT `league_name` FROM `lg_league_info` WHERE ( uid=28 ) LIMIT 1   [ RunTime:0.002813s ]
SQL: SELECT `league_name` FROM `lg_league_info` WHERE ( uid=28 ) LIMIT 1   [ RunTime:0.000663s ]
SQL: SELECT `league_name` FROM `lg_league_info` WHERE ( uid=28 ) LIMIT 1   [ RunTime:0.000642s ]
SQL: SELECT `league_name` FROM `lg_league_info` WHERE ( uid=28 ) LIMIT 1   [ RunTime:0.000636s ]
SQL: SELECT `league_name` FROM `lg_league_info` WHERE ( uid=28 ) LIMIT 1   [ RunTime:0.000751s ]
SQL: SELECT `league_name` FROM `lg_league_info` WHERE ( uid=1 ) LIMIT 1   [ RunTime:0.000604s ]
SQL: SELECT `league_name` FROM `lg_league_info` WHERE ( uid=1 ) LIMIT 1   [ RunTime:0.000637s ]
SQL: SELECT `league_name` FROM `lg_league_info` WHERE ( uid=1 ) LIMIT 1   [ RunTime:0.000644s ]
SQL: SELECT `league_name` FROM `lg_league_info` WHERE ( uid=1 ) LIMIT 1   [ RunTime:0.000681s ]
SQL: SELECT `league_name` FROM `lg_league_info` WHERE ( uid=1 ) LIMIT 1   [ RunTime:0.000662s ]

[ 2013-10-19T15:11:07+08:00 ] 127.0.0.1 /herald_league/index.php/League/Admin/changeinfo/leagueid/29
NOTIC: 建议使用I方法替代_param

[ 2013-10-19T15:11:17+08:00 ] 127.0.0.1 /herald_league/index.php/Index/getMoreActivity.html
INFO: [ app_begin ] --START--
INFO: Run ReadHtmlCache Behavior [ RunTime:0.003282s ]
INFO: [ app_begin ] --END-- [ RunTime:0.003541s ]
NOTIC: 建议使用I方法替代_param
SQL: SHOW COLUMNS FROM `lg_activity_info` [ RunTime:0.009667s ]
NOTIC: 建议使用I方法替代_param
SQL: SELECT * FROM `lg_activity_info` WHERE ( id<41 ) ORDER BY id desc LIMIT 10   [ RunTime:0.003777s ]
SQL: SHOW COLUMNS FROM `lg_league_info` [ RunTime:0.008971s ]
SQL: SELECT `league_name` FROM `lg_league_info` WHERE ( uid=28 ) LIMIT 1   [ RunTime:0.001015s ]
SQL: SELECT `league_name` FROM `lg_league_info` WHERE ( uid=28 ) LIMIT 1   [ RunTime:0.000674s ]
SQL: SELECT `league_name` FROM `lg_league_info` WHERE ( uid=28 ) LIMIT 1   [ RunTime:0.000637s ]
SQL: SELECT `league_name` FROM `lg_league_info` WHERE ( uid=28 ) LIMIT 1   [ RunTime:0.000690s ]
SQL: SELECT `league_name` FROM `lg_league_info` WHERE ( uid=28 ) LIMIT 1   [ RunTime:0.000641s ]
SQL: SELECT `league_name` FROM `lg_league_info` WHERE ( uid=1 ) LIMIT 1   [ RunTime:0.000664s ]
SQL: SELECT `league_name` FROM `lg_league_info` WHERE ( uid=1 ) LIMIT 1   [ RunTime:0.000767s ]
SQL: SELECT `league_name` FROM `lg_league_info` WHERE ( uid=1 ) LIMIT 1   [ RunTime:0.000654s ]
SQL: SELECT `league_name` FROM `lg_league_info` WHERE ( uid=1 ) LIMIT 1   [ RunTime:0.000838s ]
SQL: SELECT `league_name` FROM `lg_league_info` WHERE ( uid=1 ) LIMIT 1   [ RunTime:0.000721s ]

[ 2013-10-19T15:11:20+08:00 ] 127.0.0.1 /herald_league/index.php/League/Admin/adminAlbumList/leagueid/29
NOTIC: 建议使用I方法替代_param

[ 2013-10-19T15:11:23+08:00 ] 127.0.0.1 /herald_league/index.php/Index/getMoreActivity.html
INFO: [ app_begin ] --START--
INFO: Run ReadHtmlCache Behavior [ RunTime:0.001828s ]
INFO: [ app_begin ] --END-- [ RunTime:0.002066s ]
NOTIC: 建议使用I方法替代_param
SQL: SHOW COLUMNS FROM `lg_activity_info` [ RunTime:0.008931s ]
NOTIC: 建议使用I方法替代_param
SQL: SELECT * FROM `lg_activity_info` WHERE ( id<41 ) ORDER BY id desc LIMIT 10   [ RunTime:0.002991s ]
SQL: SHOW COLUMNS FROM `lg_league_info` [ RunTime:0.009228s ]
SQL: SELECT `league_name` FROM `lg_league_info` WHERE ( uid=28 ) LIMIT 1   [ RunTime:0.002527s ]
SQL: SELECT `league_name` FROM `lg_league_info` WHERE ( uid=28 ) LIMIT 1   [ RunTime:0.000900s ]
SQL: SELECT `league_name` FROM `lg_league_info` WHERE ( uid=28 ) LIMIT 1   [ RunTime:0.000681s ]
SQL: SELECT `league_name` FROM `lg_league_info` WHERE ( uid=28 ) LIMIT 1   [ RunTime:0.000643s ]
SQL: SELECT `league_name` FROM `lg_league_info` WHERE ( uid=28 ) LIMIT 1   [ RunTime:0.000633s ]
SQL: SELECT `league_name` FROM `lg_league_info` WHERE ( uid=1 ) LIMIT 1   [ RunTime:0.000650s ]
SQL: SELECT `league_name` FROM `lg_league_info` WHERE ( uid=1 ) LIMIT 1   [ RunTime:0.000640s ]
SQL: SELECT `league_name` FROM `lg_league_info` WHERE ( uid=1 ) LIMIT 1   [ RunTime:0.000641s ]
SQL: SELECT `league_name` FROM `lg_league_info` WHERE ( uid=1 ) LIMIT 1   [ RunTime:0.000638s ]
SQL: SELECT `league_name` FROM `lg_league_info` WHERE ( uid=1 ) LIMIT 1   [ RunTime:0.000666s ]

[ 2013-10-19T15:11:29+08:00 ] 127.0.0.1 /herald_league/index.php/League/Index/index/leagueid/1
NOTIC: 建议使用I方法替代_param

[ 2013-10-19T15:12:18+08:00 ] 127.0.0.1 /herald_league/index.php/Index/getMoreActivity.html
INFO: [ app_begin ] --START--
INFO: Run ReadHtmlCache Behavior [ RunTime:0.001782s ]
INFO: [ app_begin ] --END-- [ RunTime:0.002024s ]
NOTIC: 建议使用I方法替代_param
SQL: SHOW COLUMNS FROM `lg_activity_info` [ RunTime:0.017476s ]
NOTIC: 建议使用I方法替代_param
SQL: SELECT * FROM `lg_activity_info` WHERE ( id<41 ) ORDER BY id desc LIMIT 10   [ RunTime:0.054409s ]
SQL: SHOW COLUMNS FROM `lg_league_info` [ RunTime:0.008896s ]
SQL: SELECT `league_name` FROM `lg_league_info` WHERE ( uid=28 ) LIMIT 1   [ RunTime:0.003240s ]
SQL: SELECT `league_name` FROM `lg_league_info` WHERE ( uid=28 ) LIMIT 1   [ RunTime:0.000684s ]
SQL: SELECT `league_name` FROM `lg_league_info` WHERE ( uid=28 ) LIMIT 1   [ RunTime:0.001524s ]
SQL: SELECT `league_name` FROM `lg_league_info` WHERE ( uid=28 ) LIMIT 1   [ RunTime:0.000770s ]
SQL: SELECT `league_name` FROM `lg_league_info` WHERE ( uid=28 ) LIMIT 1   [ RunTime:0.000591s ]
SQL: SELECT `league_name` FROM `lg_league_info` WHERE ( uid=1 ) LIMIT 1   [ RunTime:0.000637s ]
SQL: SELECT `league_name` FROM `lg_league_info` WHERE ( uid=1 ) LIMIT 1   [ RunTime:0.000658s ]
SQL: SELECT `league_name` FROM `lg_league_info` WHERE ( uid=1 ) LIMIT 1   [ RunTime:0.000629s ]
SQL: SELECT `league_name` FROM `lg_league_info` WHERE ( uid=1 ) LIMIT 1   [ RunTime:0.000645s ]
SQL: SELECT `league_name` FROM `lg_league_info` WHERE ( uid=1 ) LIMIT 1   [ RunTime:0.000615s ]

[ 2013-10-19T15:12:22+08:00 ] 127.0.0.1 /herald_league/index.php/League/Admin/adminAlbumList/leagueid/29
NOTIC: 建议使用I方法替代_param

[ 2013-10-19T15:13:33+08:00 ] 127.0.0.1 /herald_league/index.php/League/Admin/adminAlbumList/leagueid/29
NOTIC: 建议使用I方法替代_param

[ 2013-10-19T15:13:40+08:00 ] 127.0.0.1 /herald_league/index.php/League/Admin/addalbum/leagueid/29/albumid/1
NOTIC: 建议使用I方法替代_param
NOTIC: 建议使用I方法替代_param

[ 2013-10-19T15:14:23+08:00 ] 127.0.0.1 /herald_league/index.php/Index/getMoreActivity.html
INFO: [ app_begin ] --START--
INFO: Run ReadHtmlCache Behavior [ RunTime:0.003716s ]
INFO: [ app_begin ] --END-- [ RunTime:0.004015s ]
NOTIC: 建议使用I方法替代_param
SQL: SHOW COLUMNS FROM `lg_activity_info` [ RunTime:0.050730s ]
NOTIC: 建议使用I方法替代_param
SQL: SELECT * FROM `lg_activity_info` WHERE ( id<41 ) ORDER BY id desc LIMIT 10   [ RunTime:0.003820s ]
SQL: SHOW COLUMNS FROM `lg_league_info` [ RunTime:0.008185s ]
SQL: SELECT `league_name` FROM `lg_league_info` WHERE ( uid=28 ) LIMIT 1   [ RunTime:0.003704s ]
SQL: SELECT `league_name` FROM `lg_league_info` WHERE ( uid=28 ) LIMIT 1   [ RunTime:0.000679s ]
SQL: SELECT `league_name` FROM `lg_league_info` WHERE ( uid=28 ) LIMIT 1   [ RunTime:0.000640s ]
SQL: SELECT `league_name` FROM `lg_league_info` WHERE ( uid=28 ) LIMIT 1   [ RunTime:0.000643s ]
SQL: SELECT `league_name` FROM `lg_league_info` WHERE ( uid=28 ) LIMIT 1   [ RunTime:0.000645s ]
SQL: SELECT `league_name` FROM `lg_league_info` WHERE ( uid=1 ) LIMIT 1   [ RunTime:0.000586s ]
SQL: SELECT `league_name` FROM `lg_league_info` WHERE ( uid=1 ) LIMIT 1   [ RunTime:0.000638s ]
SQL: SELECT `league_name` FROM `lg_league_info` WHERE ( uid=1 ) LIMIT 1   [ RunTime:0.000640s ]
SQL: SELECT `league_name` FROM `lg_league_info` WHERE ( uid=1 ) LIMIT 1   [ RunTime:0.000650s ]
SQL: SELECT `league_name` FROM `lg_league_info` WHERE ( uid=1 ) LIMIT 1   [ RunTime:0.000634s ]

[ 2013-10-19T15:14:31+08:00 ] 127.0.0.1 /herald_league/index.php/League/Admin/adminAlbumList/leagueid/29
NOTIC: 建议使用I方法替代_param

[ 2013-10-19T15:14:39+08:00 ] 127.0.0.1 /herald_league/index.php/Index/getMoreActivity.html
INFO: [ app_begin ] --START--
INFO: Run ReadHtmlCache Behavior [ RunTime:0.003315s ]
INFO: [ app_begin ] --END-- [ RunTime:0.003590s ]
NOTIC: 建议使用I方法替代_param
SQL: SHOW COLUMNS FROM `lg_activity_info` [ RunTime:0.010350s ]
NOTIC: 建议使用I方法替代_param
SQL: SELECT * FROM `lg_activity_info` WHERE ( id<41 ) ORDER BY id desc LIMIT 10   [ RunTime:0.005211s ]
SQL: SHOW COLUMNS FROM `lg_league_info` [ RunTime:0.012440s ]
SQL: SELECT `league_name` FROM `lg_league_info` WHERE ( uid=28 ) LIMIT 1   [ RunTime:0.004421s ]
SQL: SELECT `league_name` FROM `lg_league_info` WHERE ( uid=28 ) LIMIT 1   [ RunTime:0.001187s ]
SQL: SELECT `league_name` FROM `lg_league_info` WHERE ( uid=28 ) LIMIT 1   [ RunTime:0.000980s ]
SQL: SELECT `league_name` FROM `lg_league_info` WHERE ( uid=28 ) LIMIT 1   [ RunTime:0.001493s ]
SQL: SELECT `league_name` FROM `lg_league_info` WHERE ( uid=28 ) LIMIT 1   [ RunTime:0.002744s ]
SQL: SELECT `league_name` FROM `lg_league_info` WHERE ( uid=1 ) LIMIT 1   [ RunTime:0.001256s ]
SQL: SELECT `league_name` FROM `lg_league_info` WHERE ( uid=1 ) LIMIT 1   [ RunTime:0.000883s ]
SQL: SELECT `league_name` FROM `lg_league_info` WHERE ( uid=1 ) LIMIT 1   [ RunTime:0.007770s ]
SQL: SELECT `league_name` FROM `lg_league_info` WHERE ( uid=1 ) LIMIT 1   [ RunTime:0.001912s ]
SQL: SELECT `league_name` FROM `lg_league_info` WHERE ( uid=1 ) LIMIT 1   [ RunTime:0.002294s ]

[ 2013-10-19T15:15:20+08:00 ] 127.0.0.1 /herald_league/index.php/Index/getMoreActivity.html
INFO: [ app_begin ] --START--
INFO: Run ReadHtmlCache Behavior [ RunTime:0.002571s ]
INFO: [ app_begin ] --END-- [ RunTime:0.002820s ]
NOTIC: 建议使用I方法替代_param
SQL: SHOW COLUMNS FROM `lg_activity_info` [ RunTime:0.008302s ]
NOTIC: 建议使用I方法替代_param
SQL: SELECT * FROM `lg_activity_info` WHERE ( id<41 ) ORDER BY id desc LIMIT 10   [ RunTime:0.003076s ]
SQL: SHOW COLUMNS FROM `lg_league_info` [ RunTime:0.008644s ]
SQL: SELECT `league_name` FROM `lg_league_info` WHERE ( uid=28 ) LIMIT 1   [ RunTime:0.002958s ]
SQL: SELECT `league_name` FROM `lg_league_info` WHERE ( uid=28 ) LIMIT 1   [ RunTime:0.000675s ]
SQL: SELECT `league_name` FROM `lg_league_info` WHERE ( uid=28 ) LIMIT 1   [ RunTime:0.000641s ]
SQL: SELECT `league_name` FROM `lg_league_info` WHERE ( uid=28 ) LIMIT 1   [ RunTime:0.000660s ]
SQL: SELECT `league_name` FROM `lg_league_info` WHERE ( uid=28 ) LIMIT 1   [ RunTime:0.000643s ]
SQL: SELECT `league_name` FROM `lg_league_info` WHERE ( uid=1 ) LIMIT 1   [ RunTime:0.000683s ]
SQL: SELECT `league_name` FROM `lg_league_info` WHERE ( uid=1 ) LIMIT 1   [ RunTime:0.000592s ]
SQL: SELECT `league_name` FROM `lg_league_info` WHERE ( uid=1 ) LIMIT 1   [ RunTime:0.000626s ]
SQL: SELECT `league_name` FROM `lg_league_info` WHERE ( uid=1 ) LIMIT 1   [ RunTime:0.000645s ]
SQL: SELECT `league_name` FROM `lg_league_info` WHERE ( uid=1 ) LIMIT 1   [ RunTime:0.000641s ]

[ 2013-10-19T15:15:23+08:00 ] 127.0.0.1 /herald_league/index.php/League/Admin/adminAlbumList/leagueid/29
NOTIC: 建议使用I方法替代_param

[ 2013-10-19T15:15:28+08:00 ] 127.0.0.1 /herald_league/index.php/League/Admin/addalbum/leagueid/29/albumid/1
NOTIC: 建议使用I方法替代_param
NOTIC: 建议使用I方法替代_param

[ 2013-10-19T15:15:39+08:00 ] 127.0.0.1 /herald_league/index.php/League/Admin/addalbum/leagueid/29/albumid/1
NOTIC: 建议使用I方法替代_param
NOTIC: 建议使用I方法替代_param

[ 2013-10-19T15:20:15+08:00 ] 127.0.0.1 /herald_league/index.php/League/Admin/adminAlbumList/leagueid/29
NOTIC: 建议使用I方法替代_param

[ 2013-10-19T15:20:36+08:00 ] 127.0.0.1 /herald_league/index.php/League/Admin/adminAlbumList/leagueid/29
NOTIC: 建议使用I方法替代_param

[ 2013-10-19T15:22:14+08:00 ] 127.0.0.1 /herald_league/index.php/League/Admin/adminAlbumList/leagueid/29
NOTIC: 建议使用I方法替代_param

[ 2013-10-19T15:23:24+08:00 ] 127.0.0.1 /herald_league/index.php/League/Admin/adminAlbumList/leagueid/29
NOTIC: 建议使用I方法替代_param

[ 2013-10-19T15:23:51+08:00 ] 127.0.0.1 /herald_league/index.php/League/Admin/adminAlbumList/leagueid/29
NOTIC: 建议使用I方法替代_param

[ 2013-10-19T15:29:59+08:00 ] 127.0.0.1 /herald_league/index.php/League/Admin/adminAlbumList/leagueid/29
NOTIC: 建议使用I方法替代_param

[ 2013-10-19T15:30:24+08:00 ] 127.0.0.1 /herald_league/index.php/League/Admin/adminAlbumList/leagueid/29
NOTIC: 建议使用I方法替代_param

[ 2013-10-19T15:30:47+08:00 ] 127.0.0.1 /herald_league/index.php/League/Admin/adminAlbumList/leagueid/29
NOTIC: 建议使用I方法替代_param

[ 2013-10-19T15:31:38+08:00 ] 127.0.0.1 /herald_league/index.php/League/Admin/adminAlbumList/leagueid/29
NOTIC: 建议使用I方法替代_param

[ 2013-10-19T15:32:36+08:00 ] 127.0.0.1 /herald_league/index.php/League/Admin/adminAlbumList/leagueid/29
NOTIC: 建议使用I方法替代_param

[ 2013-10-19T15:32:56+08:00 ] 127.0.0.1 /herald_league/index.php/League/Admin/adminAlbumList/leagueid/29
NOTIC: 建议使用I方法替代_param

[ 2013-10-19T15:33:30+08:00 ] 127.0.0.1 /herald_league/index.php/League/Admin/adminAlbumList/leagueid/29
NOTIC: 建议使用I方法替代_param

[ 2013-10-19T15:35:49+08:00 ] 127.0.0.1 /herald_league/index.php/League/Admin/adminAlbumList/leagueid/29
NOTIC: 建议使用I方法替代_param

[ 2013-10-19T15:36:01+08:00 ] 127.0.0.1 /herald_league/index.php/League/Admin/adminAlbumList/leagueid/29
NOTIC: 建议使用I方法替代_param

[ 2013-10-19T15:36:52+08:00 ] 127.0.0.1 /herald_league/index.php/League/Admin/adminAlbumList/leagueid/29
NOTIC: 建议使用I方法替代_param

[ 2013-10-19T15:38:08+08:00 ] 127.0.0.1 /herald_league/index.php/League/Admin/adminAlbumList/leagueid/29
NOTIC: 建议使用I方法替代_param

[ 2013-10-19T15:39:24+08:00 ] 127.0.0.1 /herald_league/index.php/League/Index/index/leagueid/1
NOTIC: 建议使用I方法替代_param

[ 2013-10-19T15:39:25+08:00 ] 127.0.0.1 /herald_league/index.php/League/Admin/adminAlbumList/leagueid/29
NOTIC: 建议使用I方法替代_param

[ 2013-10-19T15:41:10+08:00 ] 127.0.0.1 /herald_league/index.php/League/Admin/adminAlbumList/leagueid/29
NOTIC: 建议使用I方法替代_param

[ 2013-10-19T15:42:07+08:00 ] 127.0.0.1 /herald_league/index.php/League/Admin/adminAlbumList/leagueid/29
NOTIC: 建议使用I方法替代_param

[ 2013-10-19T15:42:20+08:00 ] 127.0.0.1 /herald_league/index.php/League/Admin/adminAlbumList/leagueid/29
NOTIC: 建议使用I方法替代_param

[ 2013-10-19T15:42:39+08:00 ] 127.0.0.1 /herald_league/index.php/League/Admin/adminAlbumList/leagueid/29
NOTIC: 建议使用I方法替代_param

[ 2013-10-19T15:43:06+08:00 ] 127.0.0.1 /herald_league/index.php/League/Admin/adminAlbumList/leagueid/29
NOTIC: 建议使用I方法替代_param

[ 2013-10-19T15:43:36+08:00 ] 127.0.0.1 /herald_league/index.php/League/Admin/adminAlbumList/leagueid/29
NOTIC: 建议使用I方法替代_param

[ 2013-10-19T15:44:23+08:00 ] 127.0.0.1 /herald_league/index.php/League/Admin/adminAlbumList/leagueid/29
NOTIC: 建议使用I方法替代_param

[ 2013-10-19T15:45:21+08:00 ] 127.0.0.1 /herald_league/index.php/League/Admin/adminAlbumList/leagueid/29
NOTIC: 建议使用I方法替代_param

[ 2013-10-19T15:45:49+08:00 ] 127.0.0.1 /herald_league/index.php/League/Admin/adminAlbumList/leagueid/29
NOTIC: 建议使用I方法替代_param

[ 2013-10-19T15:47:15+08:00 ] 127.0.0.1 /herald_league/index.php/League/Admin/adminAlbumList/leagueid/29
NOTIC: 建议使用I方法替代_param

[ 2013-10-19T15:47:37+08:00 ] 127.0.0.1 /herald_league/index.php/League/Admin/adminAlbumList/leagueid/29
NOTIC: 建议使用I方法替代_param

[ 2013-10-19T15:53:08+08:00 ] 127.0.0.1 /herald_league/index.php/League/Admin/adminAlbumList/leagueid/29
NOTIC: 建议使用I方法替代_param

[ 2013-10-19T15:53:46+08:00 ] 127.0.0.1 /herald_league/index.php/League/Admin/adminAlbumList/leagueid/29
NOTIC: 建议使用I方法替代_param

[ 2013-10-19T16:00:51+08:00 ] 127.0.0.1 /herald_league/index.php/League/Admin/addalbum/leagueid/29/albumid/1
NOTIC: 建议使用I方法替代_param
NOTIC: 建议使用I方法替代_param

[ 2013-10-19T16:04:50+08:00 ] 127.0.0.1 /herald_league/index.php/League/Admin/adminAlbumList/leagueid/29
NOTIC: 建议使用I方法替代_param

[ 2013-10-19T16:04:58+08:00 ] 127.0.0.1 /herald_league/index.php/League/Admin/adminAlbumList/leagueid/29
NOTIC: 建议使用I方法替代_param

[ 2013-10-19T16:05:07+08:00 ] 127.0.0.1 /herald_league/index.php/Index/getMoreActivity.html
INFO: [ app_begin ] --START--
INFO: Run ReadHtmlCache Behavior [ RunTime:0.001750s ]
INFO: [ app_begin ] --END-- [ RunTime:0.001978s ]
NOTIC: 建议使用I方法替代_param
SQL: SHOW COLUMNS FROM `lg_activity_info` [ RunTime:0.008687s ]
NOTIC: 建议使用I方法替代_param
SQL: SELECT * FROM `lg_activity_info` WHERE ( id<41 ) ORDER BY id desc LIMIT 10   [ RunTime:0.004002s ]
SQL: SHOW COLUMNS FROM `lg_league_info` [ RunTime:0.013525s ]
SQL: SELECT `league_name` FROM `lg_league_info` WHERE ( uid=28 ) LIMIT 1   [ RunTime:0.000684s ]
SQL: SELECT `league_name` FROM `lg_league_info` WHERE ( uid=28 ) LIMIT 1   [ RunTime:0.000488s ]
SQL: SELECT `league_name` FROM `lg_league_info` WHERE ( uid=28 ) LIMIT 1   [ RunTime:0.000450s ]
SQL: SELECT `league_name` FROM `lg_league_info` WHERE ( uid=28 ) LIMIT 1   [ RunTime:0.000452s ]
SQL: SELECT `league_name` FROM `lg_league_info` WHERE ( uid=28 ) LIMIT 1   [ RunTime:0.000453s ]
SQL: SELECT `league_name` FROM `lg_league_info` WHERE ( uid=1 ) LIMIT 1   [ RunTime:0.000442s ]
SQL: SELECT `league_name` FROM `lg_league_info` WHERE ( uid=1 ) LIMIT 1   [ RunTime:0.000598s ]
SQL: SELECT `league_name` FROM `lg_league_info` WHERE ( uid=1 ) LIMIT 1   [ RunTime:0.000685s ]
SQL: SELECT `league_name` FROM `lg_league_info` WHERE ( uid=1 ) LIMIT 1   [ RunTime:0.000529s ]
SQL: SELECT `league_name` FROM `lg_league_info` WHERE ( uid=1 ) LIMIT 1   [ RunTime:0.000538s ]

[ 2013-10-19T16:05:20+08:00 ] 127.0.0.1 /herald_league/index.php/League/Index/leagueRegester.html
NOTIC: 建议使用I方法替代_post
NOTIC: 建议使用I方法替代_post

[ 2013-10-19T16:06:20+08:00 ] 127.0.0.1 /herald_league/index.php/Index/getMoreActivity.html
INFO: [ app_begin ] --START--
INFO: Run ReadHtmlCache Behavior [ RunTime:0.001846s ]
INFO: [ app_begin ] --END-- [ RunTime:0.002089s ]
NOTIC: 建议使用I方法替代_param
SQL: SHOW COLUMNS FROM `lg_activity_info` [ RunTime:0.008229s ]
NOTIC: 建议使用I方法替代_param
SQL: SELECT * FROM `lg_activity_info` WHERE ( id<41 ) ORDER BY id desc LIMIT 10   [ RunTime:0.002875s ]
SQL: SHOW COLUMNS FROM `lg_league_info` [ RunTime:0.008593s ]
SQL: SELECT `league_name` FROM `lg_league_info` WHERE ( uid=28 ) LIMIT 1   [ RunTime:0.002496s ]
SQL: SELECT `league_name` FROM `lg_league_info` WHERE ( uid=28 ) LIMIT 1   [ RunTime:0.000639s ]
SQL: SELECT `league_name` FROM `lg_league_info` WHERE ( uid=28 ) LIMIT 1   [ RunTime:0.000640s ]
SQL: SELECT `league_name` FROM `lg_league_info` WHERE ( uid=28 ) LIMIT 1   [ RunTime:0.000644s ]
SQL: SELECT `league_name` FROM `lg_league_info` WHERE ( uid=28 ) LIMIT 1   [ RunTime:0.000638s ]
SQL: SELECT `league_name` FROM `lg_league_info` WHERE ( uid=1 ) LIMIT 1   [ RunTime:0.000639s ]
SQL: SELECT `league_name` FROM `lg_league_info` WHERE ( uid=1 ) LIMIT 1   [ RunTime:0.000675s ]
SQL: SELECT `league_name` FROM `lg_league_info` WHERE ( uid=1 ) LIMIT 1   [ RunTime:0.000553s ]
SQL: SELECT `league_name` FROM `lg_league_info` WHERE ( uid=1 ) LIMIT 1   [ RunTime:0.000687s ]
SQL: SELECT `league_name` FROM `lg_league_info` WHERE ( uid=1 ) LIMIT 1   [ RunTime:0.000651s ]

[ 2013-10-19T16:06:22+08:00 ] 127.0.0.1 /herald_league/index.php/Public/Login/logout
INFO: [ app_begin ] --START--
INFO: Run ReadHtmlCache Behavior [ RunTime:0.001835s ]
INFO: [ app_begin ] --END-- [ RunTime:0.002087s ]
SQL: SHOW COLUMNS FROM `lg_league_session` [ RunTime:0.010098s ]
SQL: DELETE FROM `lg_league_session` WHERE ( session_id=5e5c1379226fc0ca6e194f428b67b506 ) [ RunTime:0.007466s ]
ERR: 1064:You have an error in your SQL syntax; check the manual that corresponds to your MySQL server version for the right syntax to use near 'c1379226fc0ca6e194f428b67b506 )' at line 1
 [ SQL语句 ] : DELETE FROM `lg_league_session` WHERE ( session_id=5e5c1379226fc0ca6e194f428b67b506 )

[ 2013-10-19T16:06:24+08:00 ] 127.0.0.1 /herald_league/index.php/Index/getMoreActivity.html
INFO: [ app_begin ] --START--
INFO: Run ReadHtmlCache Behavior [ RunTime:0.001871s ]
INFO: [ app_begin ] --END-- [ RunTime:0.002134s ]
NOTIC: 建议使用I方法替代_param
SQL: SHOW COLUMNS FROM `lg_activity_info` [ RunTime:0.008575s ]
NOTIC: 建议使用I方法替代_param
SQL: SELECT * FROM `lg_activity_info` WHERE ( id<41 ) ORDER BY id desc LIMIT 10   [ RunTime:0.003067s ]
SQL: SHOW COLUMNS FROM `lg_league_info` [ RunTime:0.008942s ]
SQL: SELECT `league_name` FROM `lg_league_info` WHERE ( uid=28 ) LIMIT 1   [ RunTime:0.002707s ]
SQL: SELECT `league_name` FROM `lg_league_info` WHERE ( uid=28 ) LIMIT 1   [ RunTime:0.000660s ]
SQL: SELECT `league_name` FROM `lg_league_info` WHERE ( uid=28 ) LIMIT 1   [ RunTime:0.000697s ]
SQL: SELECT `league_name` FROM `lg_league_info` WHERE ( uid=28 ) LIMIT 1   [ RunTime:0.000587s ]
SQL: SELECT `league_name` FROM `lg_league_info` WHERE ( uid=28 ) LIMIT 1   [ RunTime:0.000530s ]
SQL: SELECT `league_name` FROM `lg_league_info` WHERE ( uid=1 ) LIMIT 1   [ RunTime:0.000583s ]
SQL: SELECT `league_name` FROM `lg_league_info` WHERE ( uid=1 ) LIMIT 1   [ RunTime:0.000655s ]
SQL: SELECT `league_name` FROM `lg_league_info` WHERE ( uid=1 ) LIMIT 1   [ RunTime:0.000645s ]
SQL: SELECT `league_name` FROM `lg_league_info` WHERE ( uid=1 ) LIMIT 1   [ RunTime:0.000638s ]
SQL: SELECT `league_name` FROM `lg_league_info` WHERE ( uid=1 ) LIMIT 1   [ RunTime:0.000636s ]

[ 2013-10-19T16:07:33+08:00 ] 127.0.0.1 /herald_league/index.php/Index/getMoreActivity.html
INFO: [ app_begin ] --START--
INFO: Run ReadHtmlCache Behavior [ RunTime:0.003103s ]
INFO: [ app_begin ] --END-- [ RunTime:0.003390s ]
NOTIC: 建议使用I方法替代_param
SQL: SHOW COLUMNS FROM `lg_activity_info` [ RunTime:0.008982s ]
NOTIC: 建议使用I方法替代_param
SQL: SELECT * FROM `lg_activity_info` WHERE ( id<41 ) ORDER BY id desc LIMIT 10   [ RunTime:0.002631s ]
SQL: SHOW COLUMNS FROM `lg_league_info` [ RunTime:0.008731s ]
SQL: SELECT `league_name` FROM `lg_league_info` WHERE ( uid=28 ) LIMIT 1   [ RunTime:0.002555s ]
SQL: SELECT `league_name` FROM `lg_league_info` WHERE ( uid=28 ) LIMIT 1   [ RunTime:0.000729s ]
SQL: SELECT `league_name` FROM `lg_league_info` WHERE ( uid=28 ) LIMIT 1   [ RunTime:0.000673s ]
SQL: SELECT `league_name` FROM `lg_league_info` WHERE ( uid=28 ) LIMIT 1   [ RunTime:0.000611s ]
SQL: SELECT `league_name` FROM `lg_league_info` WHERE ( uid=28 ) LIMIT 1   [ RunTime:0.000644s ]
SQL: SELECT `league_name` FROM `lg_league_info` WHERE ( uid=1 ) LIMIT 1   [ RunTime:0.000635s ]
SQL: SELECT `league_name` FROM `lg_league_info` WHERE ( uid=1 ) LIMIT 1   [ RunTime:0.000637s ]
SQL: SELECT `league_name` FROM `lg_league_info` WHERE ( uid=1 ) LIMIT 1   [ RunTime:0.000653s ]
SQL: SELECT `league_name` FROM `lg_league_info` WHERE ( uid=1 ) LIMIT 1   [ RunTime:0.000639s ]
SQL: SELECT `league_name` FROM `lg_league_info` WHERE ( uid=1 ) LIMIT 1   [ RunTime:0.000700s ]

[ 2013-10-19T16:08:46+08:00 ] 127.0.0.1 /herald_league/index.php/Index/getMoreActivity.html
INFO: [ app_begin ] --START--
INFO: Run ReadHtmlCache Behavior [ RunTime:0.003280s ]
INFO: [ app_begin ] --END-- [ RunTime:0.003585s ]
NOTIC: 建议使用I方法替代_param
SQL: SHOW COLUMNS FROM `lg_activity_info` [ RunTime:0.009517s ]
NOTIC: 建议使用I方法替代_param
SQL: SELECT * FROM `lg_activity_info` WHERE ( id<41 ) ORDER BY id desc LIMIT 10   [ RunTime:0.003464s ]
SQL: SHOW COLUMNS FROM `lg_league_info` [ RunTime:0.009079s ]
SQL: SELECT `league_name` FROM `lg_league_info` WHERE ( uid=28 ) LIMIT 1   [ RunTime:0.002692s ]
SQL: SELECT `league_name` FROM `lg_league_info` WHERE ( uid=28 ) LIMIT 1   [ RunTime:0.000637s ]
SQL: SELECT `league_name` FROM `lg_league_info` WHERE ( uid=28 ) LIMIT 1   [ RunTime:0.000636s ]
SQL: SELECT `league_name` FROM `lg_league_info` WHERE ( uid=28 ) LIMIT 1   [ RunTime:0.000639s ]
SQL: SELECT `league_name` FROM `lg_league_info` WHERE ( uid=28 ) LIMIT 1   [ RunTime:0.000717s ]
SQL: SELECT `league_name` FROM `lg_league_info` WHERE ( uid=1 ) LIMIT 1   [ RunTime:0.000584s ]
SQL: SELECT `league_name` FROM `lg_league_info` WHERE ( uid=1 ) LIMIT 1   [ RunTime:0.000581s ]
SQL: SELECT `league_name` FROM `lg_league_info` WHERE ( uid=1 ) LIMIT 1   [ RunTime:0.000672s ]
SQL: SELECT `league_name` FROM `lg_league_info` WHERE ( uid=1 ) LIMIT 1   [ RunTime:0.000677s ]
SQL: SELECT `league_name` FROM `lg_league_info` WHERE ( uid=1 ) LIMIT 1   [ RunTime:0.000679s ]

[ 2013-10-19T16:08:58+08:00 ] 127.0.0.1 /herald_league/index.php/Index/leagueLogin.html
INFO: [ app_begin ] --START--
INFO: Run ReadHtmlCache Behavior [ RunTime:0.004230s ]
INFO: [ app_begin ] --END-- [ RunTime:0.004731s ]
NOTIC: 建议使用I方法替代_param
NOTIC: 建议使用I方法替代_param
SQL: SHOW COLUMNS FROM `lg_league_info` [ RunTime:0.013770s ]
SQL: SELECT * FROM `lg_league_info` WHERE ( email='zhangruiangela@163.com' AND password='6674666ebe1928b43423e1f7713f162a' ) LIMIT 1   [ RunTime:0.008374s ]
SQL: SHOW COLUMNS FROM `lg_league_session` [ RunTime:0.016217s ]
SQL: INSERT INTO `lg_league_session` (`email`,`ip`,`session_id`,`expaired_time`) VALUES ('zhangruiangela@163.com','127.0.0.1','042faeda2087bbb608e1a69d51aff0d8',1382173738) [ RunTime:0.008975s ]

[ 2013-10-19T16:09:00+08:00 ] 127.0.0.1 /herald_league/index.php/Index/getMoreActivity.html
INFO: [ app_begin ] --START--
INFO: Run ReadHtmlCache Behavior [ RunTime:0.002754s ]
INFO: [ app_begin ] --END-- [ RunTime:0.003169s ]
NOTIC: 建议使用I方法替代_param
SQL: SHOW COLUMNS FROM `lg_activity_info` [ RunTime:0.010003s ]
NOTIC: 建议使用I方法替代_param
SQL: SELECT * FROM `lg_activity_info` WHERE ( id<41 ) ORDER BY id desc LIMIT 10   [ RunTime:0.003684s ]
SQL: SHOW COLUMNS FROM `lg_league_info` [ RunTime:0.013308s ]
SQL: SELECT `league_name` FROM `lg_league_info` WHERE ( uid=28 ) LIMIT 1   [ RunTime:0.005946s ]
SQL: SELECT `league_name` FROM `lg_league_info` WHERE ( uid=28 ) LIMIT 1   [ RunTime:0.000677s ]
SQL: SELECT `league_name` FROM `lg_league_info` WHERE ( uid=28 ) LIMIT 1   [ RunTime:0.000659s ]
SQL: SELECT `league_name` FROM `lg_league_info` WHERE ( uid=28 ) LIMIT 1   [ RunTime:0.000582s ]
SQL: SELECT `league_name` FROM `lg_league_info` WHERE ( uid=28 ) LIMIT 1   [ RunTime:0.000549s ]
SQL: SELECT `league_name` FROM `lg_league_info` WHERE ( uid=1 ) LIMIT 1   [ RunTime:0.000703s ]
SQL: SELECT `league_name` FROM `lg_league_info` WHERE ( uid=1 ) LIMIT 1   [ RunTime:0.000752s ]
SQL: SELECT `league_name` FROM `lg_league_info` WHERE ( uid=1 ) LIMIT 1   [ RunTime:0.000769s ]
SQL: SELECT `league_name` FROM `lg_league_info` WHERE ( uid=1 ) LIMIT 1   [ RunTime:0.001233s ]
SQL: SELECT `league_name` FROM `lg_league_info` WHERE ( uid=1 ) LIMIT 1   [ RunTime:0.002028s ]

[ 2013-10-19T16:09:06+08:00 ] 127.0.0.1 /herald_league/index.php/Index/getMoreActivity.html
INFO: [ app_begin ] --START--
INFO: Run ReadHtmlCache Behavior [ RunTime:0.001869s ]
INFO: [ app_begin ] --END-- [ RunTime:0.002099s ]
NOTIC: 建议使用I方法替代_param
SQL: SHOW COLUMNS FROM `lg_activity_info` [ RunTime:0.008774s ]
NOTIC: 建议使用I方法替代_param
SQL: SELECT * FROM `lg_activity_info` WHERE ( id<41 ) ORDER BY id desc LIMIT 10   [ RunTime:0.003089s ]
SQL: SHOW COLUMNS FROM `lg_league_info` [ RunTime:0.011039s ]
SQL: SELECT `league_name` FROM `lg_league_info` WHERE ( uid=28 ) LIMIT 1   [ RunTime:0.002702s ]
SQL: SELECT `league_name` FROM `lg_league_info` WHERE ( uid=28 ) LIMIT 1   [ RunTime:0.000721s ]
SQL: SELECT `league_name` FROM `lg_league_info` WHERE ( uid=28 ) LIMIT 1   [ RunTime:0.000649s ]
SQL: SELECT `league_name` FROM `lg_league_info` WHERE ( uid=28 ) LIMIT 1   [ RunTime:0.000726s ]
SQL: SELECT `league_name` FROM `lg_league_info` WHERE ( uid=28 ) LIMIT 1   [ RunTime:0.000625s ]
SQL: SELECT `league_name` FROM `lg_league_info` WHERE ( uid=1 ) LIMIT 1   [ RunTime:0.000663s ]
SQL: SELECT `league_name` FROM `lg_league_info` WHERE ( uid=1 ) LIMIT 1   [ RunTime:0.000641s ]
SQL: SELECT `league_name` FROM `lg_league_info` WHERE ( uid=1 ) LIMIT 1   [ RunTime:0.000744s ]
SQL: SELECT `league_name` FROM `lg_league_info` WHERE ( uid=1 ) LIMIT 1   [ RunTime:0.000642s ]
SQL: SELECT `league_name` FROM `lg_league_info` WHERE ( uid=1 ) LIMIT 1   [ RunTime:0.000661s ]

[ 2013-10-19T16:09:20+08:00 ] 127.0.0.1 /herald_league/index.php/Index/leagueLogin.html
INFO: [ app_begin ] --START--
INFO: Run ReadHtmlCache Behavior [ RunTime:0.001967s ]
INFO: [ app_begin ] --END-- [ RunTime:0.002207s ]
NOTIC: 建议使用I方法替代_param
NOTIC: 建议使用I方法替代_param
SQL: SHOW COLUMNS FROM `lg_league_info` [ RunTime:0.008581s ]
SQL: SELECT * FROM `lg_league_info` WHERE ( email='zhangruiangela@163.com' AND password='6674666ebe1928b43423e1f7713f162a' ) LIMIT 1   [ RunTime:0.002746s ]
SQL: SHOW COLUMNS FROM `lg_league_session` [ RunTime:0.007347s ]
SQL: INSERT INTO `lg_league_session` (`email`,`ip`,`session_id`,`expaired_time`) VALUES ('zhangruiangela@163.com','127.0.0.1','f5ad134f6c84abe7b67cbe6dde404ce0',1382173760) [ RunTime:0.027749s ]

[ 2013-10-19T16:09:22+08:00 ] 127.0.0.1 /herald_league/index.php/Index/getMoreActivity.html
INFO: [ app_begin ] --START--
INFO: Run ReadHtmlCache Behavior [ RunTime:0.001801s ]
INFO: [ app_begin ] --END-- [ RunTime:0.002022s ]
NOTIC: 建议使用I方法替代_param
SQL: SHOW COLUMNS FROM `lg_activity_info` [ RunTime:0.008326s ]
NOTIC: 建议使用I方法替代_param
SQL: SELECT * FROM `lg_activity_info` WHERE ( id<41 ) ORDER BY id desc LIMIT 10   [ RunTime:0.002941s ]
SQL: SHOW COLUMNS FROM `lg_league_info` [ RunTime:0.008518s ]
SQL: SELECT `league_name` FROM `lg_league_info` WHERE ( uid=28 ) LIMIT 1   [ RunTime:0.002678s ]
SQL: SELECT `league_name` FROM `lg_league_info` WHERE ( uid=28 ) LIMIT 1   [ RunTime:0.000666s ]
SQL: SELECT `league_name` FROM `lg_league_info` WHERE ( uid=28 ) LIMIT 1   [ RunTime:0.000633s ]
SQL: SELECT `league_name` FROM `lg_league_info` WHERE ( uid=28 ) LIMIT 1   [ RunTime:0.000637s ]
SQL: SELECT `league_name` FROM `lg_league_info` WHERE ( uid=28 ) LIMIT 1   [ RunTime:0.000701s ]
SQL: SELECT `league_name` FROM `lg_league_info` WHERE ( uid=1 ) LIMIT 1   [ RunTime:0.000959s ]
SQL: SELECT `league_name` FROM `lg_league_info` WHERE ( uid=1 ) LIMIT 1   [ RunTime:0.000662s ]
SQL: SELECT `league_name` FROM `lg_league_info` WHERE ( uid=1 ) LIMIT 1   [ RunTime:0.000637s ]
SQL: SELECT `league_name` FROM `lg_league_info` WHERE ( uid=1 ) LIMIT 1   [ RunTime:0.000640s ]
SQL: SELECT `league_name` FROM `lg_league_info` WHERE ( uid=1 ) LIMIT 1   [ RunTime:0.000636s ]

[ 2013-10-19T16:09:25+08:00 ] 127.0.0.1 /herald_league/index.php/League/Admin/adminAlbumList/leagueid/29
NOTIC: 建议使用I方法替代_param

[ 2013-10-19T16:09:43+08:00 ] 127.0.0.1 /herald_league/index.php/League/Admin/adminAlbumList/leagueid/29
NOTIC: 建议使用I方法替代_param

[ 2013-10-19T16:11:52+08:00 ] 127.0.0.1 /herald_league/index.php/League/Admin/adminAlbumList/leagueid/29
NOTIC: 建议使用I方法替代_param

[ 2013-10-19T16:12:42+08:00 ] 127.0.0.1 /herald_league/index.php/League/Admin/adminAlbumList/leagueid/29
NOTIC: 建议使用I方法替代_param

[ 2013-10-19T16:14:02+08:00 ] 127.0.0.1 /herald_league/index.php/League/Admin/adminAlbumList/leagueid/29
NOTIC: 建议使用I方法替代_param

[ 2013-10-19T16:14:10+08:00 ] 127.0.0.1 /herald_league/index.php/League/Admin/adminAlbumList/leagueid/29
NOTIC: 建议使用I方法替代_param

[ 2013-10-19T16:15:40+08:00 ] 127.0.0.1 /herald_league/index.php/League/Admin/adminAlbumList/leagueid/29
NOTIC: 建议使用I方法替代_param

[ 2013-10-19T16:15:43+08:00 ] 127.0.0.1 /herald_league/index.php/League/Admin/adminAlbumList/leagueid/29
NOTIC: 建议使用I方法替代_param

[ 2013-10-19T16:16:06+08:00 ] 127.0.0.1 /herald_league/index.php/League/Admin/adminAlbumList/leagueid/29
NOTIC: 建议使用I方法替代_param

[ 2013-10-19T16:17:46+08:00 ] 127.0.0.1 /herald_league/index.php/League/Admin/adminAlbumList/leagueid/29
NOTIC: 建议使用I方法替代_param

[ 2013-10-19T16:18:27+08:00 ] 127.0.0.1 /herald_league/index.php/League/Admin/adminAlbumList/leagueid/29
NOTIC: 建议使用I方法替代_param

[ 2013-10-19T16:18:41+08:00 ] 127.0.0.1 /herald_league/index.php/League/Admin/adminAlbumList/leagueid/29
NOTIC: 建议使用I方法替代_param

[ 2013-10-19T16:20:41+08:00 ] 127.0.0.1 /herald_league/index.php/League/Admin/adminAlbumList/leagueid/29
NOTIC: 建议使用I方法替代_param

[ 2013-10-19T16:21:45+08:00 ] 127.0.0.1 /herald_league/index.php/League/Admin/adminAlbumList/leagueid/29
NOTIC: 建议使用I方法替代_param

[ 2013-10-19T16:22:56+08:00 ] 127.0.0.1 /herald_league/index.php/League/Admin/adminAlbumList/leagueid/29
NOTIC: 建议使用I方法替代_param

[ 2013-10-19T16:24:40+08:00 ] 127.0.0.1 /herald_league/index.php/League/Admin/adminAlbumList/leagueid/29
NOTIC: 建议使用I方法替代_param

[ 2013-10-19T16:25:42+08:00 ] 127.0.0.1 /herald_league/index.php/League/Admin/adminAlbumList/leagueid/29
NOTIC: 建议使用I方法替代_param

[ 2013-10-19T16:25:46+08:00 ] 127.0.0.1 /herald_league/index.php/League/Admin/addalbum/leagueid/29/albumid/1
NOTIC: 建议使用I方法替代_param
NOTIC: 建议使用I方法替代_param

[ 2013-10-19T16:27:29+08:00 ] 127.0.0.1 /herald_league/index.php/League/Admin/adminAlbumList/leagueid/29
NOTIC: 建议使用I方法替代_param

[ 2013-10-19T16:28:05+08:00 ] 127.0.0.1 /herald_league/index.php/League/Admin/adminAlbumList/leagueid/29
NOTIC: 建议使用I方法替代_param

[ 2013-10-19T16:28:17+08:00 ] 127.0.0.1 /herald_league/index.php/League/Admin/addalbum/leagueid/29/albumid/1
NOTIC: 建议使用I方法替代_param
NOTIC: 建议使用I方法替代_param

[ 2013-10-19T16:30:46+08:00 ] 127.0.0.1 /herald_league/index.php/League/Admin/setCover
INFO: [ app_begin ] --START--
INFO: Run ReadHtmlCache Behavior [ RunTime:0.002958s ]
INFO: [ app_begin ] --END-- [ RunTime:0.003187s ]
SQL: SHOW COLUMNS FROM `lg_league_album` [ RunTime:0.008127s ]
NOTIC: 建议使用I方法替代_param
NOTIC: 建议使用I方法替代_param
SQL: UPDATE `lg_league_album` SET `cover_address`='1.jpg' WHERE ( id=1 ) [ RunTime:0.002636s ]

[ 2013-10-19T16:30:49+08:00 ] 127.0.0.1 /herald_league/index.php/League/Admin/setCover
INFO: [ app_begin ] --START--
INFO: Run ReadHtmlCache Behavior [ RunTime:0.001766s ]
INFO: [ app_begin ] --END-- [ RunTime:0.001994s ]
SQL: SHOW COLUMNS FROM `lg_league_album` [ RunTime:0.007645s ]
NOTIC: 建议使用I方法替代_param
NOTIC: 建议使用I方法替代_param
SQL: UPDATE `lg_league_album` SET `cover_address`='2.jpg' WHERE ( id=1 ) [ RunTime:0.008211s ]

[ 2013-10-19T16:30:53+08:00 ] 127.0.0.1 /herald_league/index.php/League/Admin/adminAlbumList/leagueid/29
NOTIC: 建议使用I方法替代_param

[ 2013-10-19T16:30:56+08:00 ] 127.0.0.1 /herald_league/index.php/League/Admin/addalbum/leagueid/29/albumid/1
NOTIC: 建议使用I方法替代_param
NOTIC: 建议使用I方法替代_param

[ 2013-10-19T16:31:58+08:00 ] 127.0.0.1 /herald_league/index.php/League/Admin/addalbum/leagueid/29/albumid/1
NOTIC: 建议使用I方法替代_param
NOTIC: 建议使用I方法替代_param

[ 2013-10-19T16:36:07+08:00 ] 127.0.0.1 /herald_league/index.php/League/Admin/addalbum/leagueid/29/albumid/1
NOTIC: 建议使用I方法替代_param
NOTIC: 建议使用I方法替代_param

[ 2013-10-19T16:36:58+08:00 ] 127.0.0.1 /herald_league/index.php/League/Admin/addalbum/leagueid/29/albumid/1
NOTIC: 建议使用I方法替代_param
NOTIC: 建议使用I方法替代_param

[ 2013-10-19T16:37:12+08:00 ] 127.0.0.1 /herald_league/index.php/League/Admin/addalbum/leagueid/29/albumid/1
NOTIC: 建议使用I方法替代_param
NOTIC: 建议使用I方法替代_param

[ 2013-10-19T16:37:32+08:00 ] 127.0.0.1 /herald_league/index.php/League/Admin/addalbum/leagueid/29/albumid/1
NOTIC: 建议使用I方法替代_param
NOTIC: 建议使用I方法替代_param

[ 2013-10-19T16:40:05+08:00 ] 127.0.0.1 /herald_league/index.php/League/Admin/addalbum/leagueid/29/albumid/1
NOTIC: 建议使用I方法替代_param
NOTIC: 建议使用I方法替代_param

[ 2013-10-19T16:41:09+08:00 ] 127.0.0.1 /herald_league/index.php/League/Admin/addalbum/leagueid/29/albumid/1
NOTIC: 建议使用I方法替代_param
NOTIC: 建议使用I方法替代_param

[ 2013-10-19T16:43:35+08:00 ] 127.0.0.1 /herald_league/index.php/League/Admin/addalbum/leagueid/29/albumid/1
NOTIC: 建议使用I方法替代_param
NOTIC: 建议使用I方法替代_param

[ 2013-10-19T16:46:59+08:00 ] 127.0.0.1 /herald_league/index.php/League/Admin/addalbum/leagueid/29/albumid/1
NOTIC: 建议使用I方法替代_param
NOTIC: 建议使用I方法替代_param

[ 2013-10-19T16:53:16+08:00 ] 127.0.0.1 /herald_league/index.php/League/Admin/addalbum/leagueid/29/albumid/1
NOTIC: 建议使用I方法替代_param
NOTIC: 建议使用I方法替代_param

[ 2013-10-19T16:55:49+08:00 ] 127.0.0.1 /herald_league/index.php/League/Admin/addalbum/leagueid/29/albumid/1
NOTIC: 建议使用I方法替代_param
NOTIC: 建议使用I方法替代_param

[ 2013-10-19T16:59:40+08:00 ] 127.0.0.1 /herald_league/index.php/League/Admin/addalbum/leagueid/29/albumid/1
NOTIC: 建议使用I方法替代_param
NOTIC: 建议使用I方法替代_param

[ 2013-10-19T17:00:02+08:00 ] 127.0.0.1 /herald_league/index.php/League/Admin/addalbum/leagueid/29/albumid/1
NOTIC: 建议使用I方法替代_param
NOTIC: 建议使用I方法替代_param

[ 2013-10-19T17:05:46+08:00 ] 127.0.0.1 /herald_league/index.php/League/Admin/addalbum/leagueid/29/albumid/1
NOTIC: 建议使用I方法替代_param
NOTIC: 建议使用I方法替代_param

[ 2013-10-19T17:08:25+08:00 ] 127.0.0.1 /herald_league/index.php/League/Admin/addalbum/leagueid/29/albumid/1
NOTIC: 建议使用I方法替代_param
NOTIC: 建议使用I方法替代_param

[ 2013-10-19T17:08:58+08:00 ] 127.0.0.1 /herald_league/index.php/League/Admin/addalbum/leagueid/29/albumid/1
NOTIC: 建议使用I方法替代_param
NOTIC: 建议使用I方法替代_param

[ 2013-10-19T17:09:06+08:00 ] 127.0.0.1 /herald_league/index.php/League/Admin/addalbum/leagueid/29/albumid/1
NOTIC: 建议使用I方法替代_param
NOTIC: 建议使用I方法替代_param

[ 2013-10-19T17:09:28+08:00 ] 127.0.0.1 /herald_league/index.php/Index/leagueLogin.html
INFO: [ app_begin ] --START--
INFO: Run ReadHtmlCache Behavior [ RunTime:0.019441s ]
INFO: [ app_begin ] --END-- [ RunTime:0.019892s ]
NOTIC: 建议使用I方法替代_param
NOTIC: 建议使用I方法替代_param
SQL: SHOW COLUMNS FROM `lg_league_info` [ RunTime:0.042662s ]
SQL: SELECT * FROM `lg_league_info` WHERE ( email='zhangruiangela@163.com' AND password='6674666ebe1928b43423e1f7713f162a' ) LIMIT 1   [ RunTime:0.008903s ]
SQL: SHOW COLUMNS FROM `lg_league_session` [ RunTime:0.021212s ]
SQL: INSERT INTO `lg_league_session` (`email`,`ip`,`session_id`,`expaired_time`) VALUES ('zhangruiangela@163.com','127.0.0.1','e1f04e1eefdee50caa0c2d6e58064791',1382177368) [ RunTime:0.009134s ]

[ 2013-10-19T17:09:36+08:00 ] 127.0.0.1 /herald_league/index.php/Index/getMoreActivity.html
INFO: [ app_begin ] --START--
INFO: Run ReadHtmlCache Behavior [ RunTime:0.001978s ]
INFO: [ app_begin ] --END-- [ RunTime:0.002269s ]
NOTIC: 建议使用I方法替代_param
SQL: SHOW COLUMNS FROM `lg_activity_info` [ RunTime:0.008648s ]
NOTIC: 建议使用I方法替代_param
SQL: SELECT * FROM `lg_activity_info` WHERE ( id<41 ) ORDER BY id desc LIMIT 10   [ RunTime:0.003188s ]
SQL: SHOW COLUMNS FROM `lg_league_info` [ RunTime:0.009616s ]
SQL: SELECT `league_name` FROM `lg_league_info` WHERE ( uid=28 ) LIMIT 1   [ RunTime:0.002871s ]
SQL: SELECT `league_name` FROM `lg_league_info` WHERE ( uid=28 ) LIMIT 1   [ RunTime:0.000731s ]
SQL: SELECT `league_name` FROM `lg_league_info` WHERE ( uid=28 ) LIMIT 1   [ RunTime:0.000640s ]
SQL: SELECT `league_name` FROM `lg_league_info` WHERE ( uid=28 ) LIMIT 1   [ RunTime:0.000699s ]
SQL: SELECT `league_name` FROM `lg_league_info` WHERE ( uid=28 ) LIMIT 1   [ RunTime:0.000704s ]
SQL: SELECT `league_name` FROM `lg_league_info` WHERE ( uid=1 ) LIMIT 1   [ RunTime:0.000655s ]
SQL: SELECT `league_name` FROM `lg_league_info` WHERE ( uid=1 ) LIMIT 1   [ RunTime:0.000673s ]
SQL: SELECT `league_name` FROM `lg_league_info` WHERE ( uid=1 ) LIMIT 1   [ RunTime:0.000653s ]
SQL: SELECT `league_name` FROM `lg_league_info` WHERE ( uid=1 ) LIMIT 1   [ RunTime:0.000634s ]
SQL: SELECT `league_name` FROM `lg_league_info` WHERE ( uid=1 ) LIMIT 1   [ RunTime:0.000659s ]

[ 2013-10-19T17:09:38+08:00 ] 127.0.0.1 /herald_league/index.php/League/Admin/adminAlbumList/leagueid/29
NOTIC: 建议使用I方法替代_param

[ 2013-10-19T17:09:42+08:00 ] 127.0.0.1 /herald_league/index.php/League/Admin/addalbum/leagueid/29/albumid/1
NOTIC: 建议使用I方法替代_param
NOTIC: 建议使用I方法替代_param

[ 2013-10-19T17:10:25+08:00 ] 127.0.0.1 /herald_league/index.php/League/Admin/addalbum/leagueid/29/albumid/1
NOTIC: 建议使用I方法替代_param
NOTIC: 建议使用I方法替代_param

[ 2013-10-19T17:13:39+08:00 ] 127.0.0.1 /herald_league/index.php/League/Admin/addalbum/leagueid/29/albumid/1
NOTIC: 建议使用I方法替代_param
NOTIC: 建议使用I方法替代_param

[ 2013-10-19T17:20:34+08:00 ] 127.0.0.1 /herald_league/index.php/League/Admin/addalbum/leagueid/29/albumid/1
NOTIC: 建议使用I方法替代_param
NOTIC: 建议使用I方法替代_param

[ 2013-10-19T17:21:57+08:00 ] 127.0.0.1 /herald_league/index.php/League/Admin/addalbum/leagueid/29/albumid/1
NOTIC: 建议使用I方法替代_param
NOTIC: 建议使用I方法替代_param

[ 2013-10-19T17:22:52+08:00 ] 127.0.0.1 /herald_league/index.php/League/Admin/addalbum/leagueid/29/albumid/1
NOTIC: 建议使用I方法替代_param
NOTIC: 建议使用I方法替代_param

[ 2013-10-19T17:23:13+08:00 ] 127.0.0.1 /herald_league/index.php/League/Admin/adminAlbumList/leagueid/29
NOTIC: 建议使用I方法替代_param

[ 2013-10-19T17:24:13+08:00 ] 127.0.0.1 /herald_league/index.php/League/Admin/adminAlbumList/leagueid/29
NOTIC: 建议使用I方法替代_param

[ 2013-10-19T17:24:24+08:00 ] 127.0.0.1 /herald_league/index.php/League/Admin/addalbum/leagueid/29/albumid/1
NOTIC: 建议使用I方法替代_param
NOTIC: 建议使用I方法替代_param

[ 2013-10-19T17:24:33+08:00 ] 127.0.0.1 /herald_league/index.php/League/Admin/adminAlbumList/leagueid/29
NOTIC: 建议使用I方法替代_param

[ 2013-10-19T17:24:37+08:00 ] 127.0.0.1 /herald_league/index.php/League/Admin/addalbum/leagueid/29/albumid/1
NOTIC: 建议使用I方法替代_param
NOTIC: 建议使用I方法替代_param

[ 2013-10-19T17:26:02+08:00 ] 127.0.0.1 /herald_league/index.php/League/Admin/adminAlbumList/leagueid/29
NOTIC: 建议使用I方法替代_param

[ 2013-10-19T17:26:04+08:00 ] 127.0.0.1 /herald_league/index.php/League/Admin/addalbum/leagueid/29/albumid/1
NOTIC: 建议使用I方法替代_param
NOTIC: 建议使用I方法替代_param

[ 2013-10-19T17:26:08+08:00 ] 127.0.0.1 /herald_league/index.php/League/Admin/addalbum/leagueid/29/albumid/1
NOTIC: 建议使用I方法替代_param
NOTIC: 建议使用I方法替代_param

[ 2013-10-19T17:26:20+08:00 ] 127.0.0.1 /herald_league/index.php/League/Admin/addalbum/leagueid/29/albumid/1
NOTIC: 建议使用I方法替代_param
NOTIC: 建议使用I方法替代_param

[ 2013-10-19T17:26:29+08:00 ] 127.0.0.1 /herald_league/index.php/League/Admin/addalbum/leagueid/29/albumid/1
NOTIC: 建议使用I方法替代_param
NOTIC: 建议使用I方法替代_param

[ 2013-10-19T17:26:42+08:00 ] 127.0.0.1 /herald_league/index.php/Index/getMoreActivity.html
INFO: [ app_begin ] --START--
INFO: Run ReadHtmlCache Behavior [ RunTime:0.001834s ]
INFO: [ app_begin ] --END-- [ RunTime:0.002082s ]
NOTIC: 建议使用I方法替代_param
SQL: SHOW COLUMNS FROM `lg_activity_info` [ RunTime:0.020459s ]
NOTIC: 建议使用I方法替代_param
SQL: SELECT * FROM `lg_activity_info` WHERE ( id<41 ) ORDER BY id desc LIMIT 10   [ RunTime:0.004960s ]
SQL: SHOW COLUMNS FROM `lg_league_info` [ RunTime:0.010134s ]
SQL: SELECT `league_name` FROM `lg_league_info` WHERE ( uid=28 ) LIMIT 1   [ RunTime:0.004114s ]
SQL: SELECT `league_name` FROM `lg_league_info` WHERE ( uid=28 ) LIMIT 1   [ RunTime:0.000587s ]
SQL: SELECT `league_name` FROM `lg_league_info` WHERE ( uid=28 ) LIMIT 1   [ RunTime:0.000531s ]
SQL: SELECT `league_name` FROM `lg_league_info` WHERE ( uid=28 ) LIMIT 1   [ RunTime:0.000716s ]
SQL: SELECT `league_name` FROM `lg_league_info` WHERE ( uid=28 ) LIMIT 1   [ RunTime:0.000911s ]
SQL: SELECT `league_name` FROM `lg_league_info` WHERE ( uid=1 ) LIMIT 1   [ RunTime:0.000581s ]
SQL: SELECT `league_name` FROM `lg_league_info` WHERE ( uid=1 ) LIMIT 1   [ RunTime:0.000540s ]
SQL: SELECT `league_name` FROM `lg_league_info` WHERE ( uid=1 ) LIMIT 1   [ RunTime:0.000542s ]
SQL: SELECT `league_name` FROM `lg_league_info` WHERE ( uid=1 ) LIMIT 1   [ RunTime:0.000528s ]
SQL: SELECT `league_name` FROM `lg_league_info` WHERE ( uid=1 ) LIMIT 1   [ RunTime:0.000526s ]

[ 2013-10-19T17:26:52+08:00 ] 127.0.0.1 /herald_league/index.php/Index/leagueLogin.html
INFO: [ app_begin ] --START--
INFO: Run ReadHtmlCache Behavior [ RunTime:0.001816s ]
INFO: [ app_begin ] --END-- [ RunTime:0.002069s ]
NOTIC: 建议使用I方法替代_param
NOTIC: 建议使用I方法替代_param
SQL: SHOW COLUMNS FROM `lg_league_info` [ RunTime:0.009306s ]
SQL: SELECT * FROM `lg_league_info` WHERE ( email='213110339' AND password='6674666ebe1928b43423e1f7713f162a' ) LIMIT 1   [ RunTime:0.002645s ]

[ 2013-10-19T17:26:56+08:00 ] 127.0.0.1 /herald_league/index.php/Index/getMoreActivity.html
INFO: [ app_begin ] --START--
INFO: Run ReadHtmlCache Behavior [ RunTime:0.001770s ]
INFO: [ app_begin ] --END-- [ RunTime:0.001999s ]
NOTIC: 建议使用I方法替代_param
SQL: SHOW COLUMNS FROM `lg_activity_info` [ RunTime:0.010102s ]
NOTIC: 建议使用I方法替代_param
SQL: SELECT * FROM `lg_activity_info` WHERE ( id<41 ) ORDER BY id desc LIMIT 10   [ RunTime:0.003264s ]
SQL: SHOW COLUMNS FROM `lg_league_info` [ RunTime:0.009569s ]
SQL: SELECT `league_name` FROM `lg_league_info` WHERE ( uid=28 ) LIMIT 1   [ RunTime:0.003030s ]
SQL: SELECT `league_name` FROM `lg_league_info` WHERE ( uid=28 ) LIMIT 1   [ RunTime:0.000622s ]
SQL: SELECT `league_name` FROM `lg_league_info` WHERE ( uid=28 ) LIMIT 1   [ RunTime:0.000628s ]
SQL: SELECT `league_name` FROM `lg_league_info` WHERE ( uid=28 ) LIMIT 1   [ RunTime:0.000657s ]
SQL: SELECT `league_name` FROM `lg_league_info` WHERE ( uid=28 ) LIMIT 1   [ RunTime:0.000634s ]
SQL: SELECT `league_name` FROM `lg_league_info` WHERE ( uid=1 ) LIMIT 1   [ RunTime:0.000660s ]
SQL: SELECT `league_name` FROM `lg_league_info` WHERE ( uid=1 ) LIMIT 1   [ RunTime:0.000644s ]
SQL: SELECT `league_name` FROM `lg_league_info` WHERE ( uid=1 ) LIMIT 1   [ RunTime:0.000594s ]
SQL: SELECT `league_name` FROM `lg_league_info` WHERE ( uid=1 ) LIMIT 1   [ RunTime:0.000616s ]
SQL: SELECT `league_name` FROM `lg_league_info` WHERE ( uid=1 ) LIMIT 1   [ RunTime:0.000749s ]

[ 2013-10-19T17:27:12+08:00 ] 127.0.0.1 /herald_league/index.php/Index/leagueLogin.html
INFO: [ app_begin ] --START--
INFO: Run ReadHtmlCache Behavior [ RunTime:0.004242s ]
INFO: [ app_begin ] --END-- [ RunTime:0.004548s ]
NOTIC: 建议使用I方法替代_param
NOTIC: 建议使用I方法替代_param
SQL: SHOW COLUMNS FROM `lg_league_info` [ RunTime:0.011779s ]
SQL: SELECT * FROM `lg_league_info` WHERE ( email='zhangruiangela@163.com' AND password='6674666ebe1928b43423e1f7713f162a' ) LIMIT 1   [ RunTime:0.006210s ]
SQL: SHOW COLUMNS FROM `lg_league_session` [ RunTime:0.010993s ]
SQL: INSERT INTO `lg_league_session` (`email`,`ip`,`session_id`,`expaired_time`) VALUES ('zhangruiangela@163.com','127.0.0.1','ac40f906bfb533e2b30dd2bf0f2175a3',1382178432) [ RunTime:0.005855s ]

[ 2013-10-19T17:27:14+08:00 ] 127.0.0.1 /herald_league/index.php/Index/getMoreActivity.html
INFO: [ app_begin ] --START--
INFO: Run ReadHtmlCache Behavior [ RunTime:0.001839s ]
INFO: [ app_begin ] --END-- [ RunTime:0.002080s ]
NOTIC: 建议使用I方法替代_param
SQL: SHOW COLUMNS FROM `lg_activity_info` [ RunTime:0.008377s ]
NOTIC: 建议使用I方法替代_param
SQL: SELECT * FROM `lg_activity_info` WHERE ( id<41 ) ORDER BY id desc LIMIT 10   [ RunTime:0.002849s ]
SQL: SHOW COLUMNS FROM `lg_league_info` [ RunTime:0.010617s ]
SQL: SELECT `league_name` FROM `lg_league_info` WHERE ( uid=28 ) LIMIT 1   [ RunTime:0.002752s ]
SQL: SELECT `league_name` FROM `lg_league_info` WHERE ( uid=28 ) LIMIT 1   [ RunTime:0.000637s ]
SQL: SELECT `league_name` FROM `lg_league_info` WHERE ( uid=28 ) LIMIT 1   [ RunTime:0.000634s ]
SQL: SELECT `league_name` FROM `lg_league_info` WHERE ( uid=28 ) LIMIT 1   [ RunTime:0.000630s ]
SQL: SELECT `league_name` FROM `lg_league_info` WHERE ( uid=28 ) LIMIT 1   [ RunTime:0.000645s ]
SQL: SELECT `league_name` FROM `lg_league_info` WHERE ( uid=1 ) LIMIT 1   [ RunTime:0.000626s ]
SQL: SELECT `league_name` FROM `lg_league_info` WHERE ( uid=1 ) LIMIT 1   [ RunTime:0.000642s ]
SQL: SELECT `league_name` FROM `lg_league_info` WHERE ( uid=1 ) LIMIT 1   [ RunTime:0.000625s ]
SQL: SELECT `league_name` FROM `lg_league_info` WHERE ( uid=1 ) LIMIT 1   [ RunTime:0.000644s ]
SQL: SELECT `league_name` FROM `lg_league_info` WHERE ( uid=1 ) LIMIT 1   [ RunTime:0.000629s ]

[ 2013-10-19T17:27:20+08:00 ] 127.0.0.1 /herald_league/index.php/League/Admin/adminAlbumList/leagueid/29
NOTIC: 建议使用I方法替代_param

[ 2013-10-19T17:27:24+08:00 ] 127.0.0.1 /herald_league/index.php/League/Admin/addalbum/leagueid/29/albumid/1
NOTIC: 建议使用I方法替代_param
NOTIC: 建议使用I方法替代_param

[ 2013-10-19T17:28:34+08:00 ] 127.0.0.1 /herald_league/index.php/League/Admin/addalbum/leagueid/29/albumid/1
NOTIC: 建议使用I方法替代_param
NOTIC: 建议使用I方法替代_param

[ 2013-10-19T17:29:02+08:00 ] 127.0.0.1 /herald_league/index.php/League/Admin/addalbum/leagueid/29/albumid/1
NOTIC: 建议使用I方法替代_param
NOTIC: 建议使用I方法替代_param

[ 2013-10-19T17:29:27+08:00 ] 127.0.0.1 /herald_league/index.php/League/Admin/addalbum/leagueid/29/albumid/1
NOTIC: 建议使用I方法替代_param
NOTIC: 建议使用I方法替代_param

[ 2013-10-19T17:29:30+08:00 ] 127.0.0.1 /herald_league/index.php/League/Admin/addalbum/leagueid/29/albumid/1
NOTIC: 建议使用I方法替代_param
NOTIC: 建议使用I方法替代_param

[ 2013-10-19T17:29:55+08:00 ] 127.0.0.1 /herald_league/index.php/League/Admin/addalbum/leagueid/29/albumid/1
NOTIC: 建议使用I方法替代_param
NOTIC: 建议使用I方法替代_param

