[ 2013-10-14T20:31:17+08:00 ] 127.0.0.1 /herald_league/
ERR: Access denied for user 'root'@'localhost' (using password: YES)

[ 2013-10-14T20:31:36+08:00 ] 127.0.0.1 /herald_league/index.php/Index/getMoreActivity.html
INFO: [ app_begin ] --START--
INFO: Run ReadHtmlCache Behavior [ RunTime:0.003042s ]
INFO: [ app_begin ] --END-- [ RunTime:0.003305s ]
NOTIC: 建议使用I方法替代_param
SQL: SHOW COLUMNS FROM `lg_activity_info` [ RunTime:0.010408s ]
NOTIC: 建议使用I方法替代_param
SQL: SELECT * FROM `lg_activity_info` WHERE ( id<17 ) ORDER BY id desc LIMIT 10   [ RunTime:0.003695s ]
SQL: SHOW COLUMNS FROM `lg_league_info` [ RunTime:0.034971s ]
SQL: SELECT `league_name` FROM `lg_league_info` WHERE ( uid=1 ) LIMIT 1   [ RunTime:0.002094s ]
SQL: SELECT `league_name` FROM `lg_league_info` WHERE ( uid=1 ) LIMIT 1   [ RunTime:0.000705s ]
SQL: SELECT `league_name` FROM `lg_league_info` WHERE ( uid=1 ) LIMIT 1   [ RunTime:0.000638s ]
SQL: SELECT `league_name` FROM `lg_league_info` WHERE ( uid=1 ) LIMIT 1   [ RunTime:0.000690s ]
SQL: SELECT `league_name` FROM `lg_league_info` WHERE ( uid=1 ) LIMIT 1   [ RunTime:0.000578s ]
SQL: SELECT `league_name` FROM `lg_league_info` WHERE ( uid=1 ) LIMIT 1   [ RunTime:0.000607s ]
SQL: SELECT `league_name` FROM `lg_league_info` WHERE ( uid=1 ) LIMIT 1   [ RunTime:0.000600s ]
SQL: SELECT `league_name` FROM `lg_league_info` WHERE ( uid=1 ) LIMIT 1   [ RunTime:0.000590s ]
SQL: SELECT `league_name` FROM `lg_league_info` WHERE ( uid=1 ) LIMIT 1   [ RunTime:0.000737s ]
SQL: SELECT `league_name` FROM `lg_league_info` WHERE ( uid=1 ) LIMIT 1   [ RunTime:0.001230s ]

[ 2013-10-14T20:32:02+08:00 ] 127.0.0.1 /herald_league/index.php/Index/getMoreActivity.html
INFO: [ app_begin ] --START--
INFO: Run ReadHtmlCache Behavior [ RunTime:0.001992s ]
INFO: [ app_begin ] --END-- [ RunTime:0.002272s ]
NOTIC: 建议使用I方法替代_param
SQL: SHOW COLUMNS FROM `lg_activity_info` [ RunTime:0.009067s ]
NOTIC: 建议使用I方法替代_param
SQL: SELECT * FROM `lg_activity_info` WHERE ( id<17 ) ORDER BY id desc LIMIT 10   [ RunTime:0.001609s ]
SQL: SHOW COLUMNS FROM `lg_league_info` [ RunTime:0.008049s ]
SQL: SELECT `league_name` FROM `lg_league_info` WHERE ( uid=1 ) LIMIT 1   [ RunTime:0.002952s ]
SQL: SELECT `league_name` FROM `lg_league_info` WHERE ( uid=1 ) LIMIT 1   [ RunTime:0.000583s ]
SQL: SELECT `league_name` FROM `lg_league_info` WHERE ( uid=1 ) LIMIT 1   [ RunTime:0.000446s ]
SQL: SELECT `league_name` FROM `lg_league_info` WHERE ( uid=1 ) LIMIT 1   [ RunTime:0.000431s ]
SQL: SELECT `league_name` FROM `lg_league_info` WHERE ( uid=1 ) LIMIT 1   [ RunTime:0.000420s ]
SQL: SELECT `league_name` FROM `lg_league_info` WHERE ( uid=1 ) LIMIT 1   [ RunTime:0.000412s ]
SQL: SELECT `league_name` FROM `lg_league_info` WHERE ( uid=1 ) LIMIT 1   [ RunTime:0.000403s ]
SQL: SELECT `league_name` FROM `lg_league_info` WHERE ( uid=1 ) LIMIT 1   [ RunTime:0.000407s ]
SQL: SELECT `league_name` FROM `lg_league_info` WHERE ( uid=1 ) LIMIT 1   [ RunTime:0.000408s ]
SQL: SELECT `league_name` FROM `lg_league_info` WHERE ( uid=1 ) LIMIT 1   [ RunTime:0.000880s ]

[ 2013-10-14T20:32:27+08:00 ] 127.0.0.1 /herald_league/index.php/Index/getMoreActivity.html
INFO: [ app_begin ] --START--
INFO: Run ReadHtmlCache Behavior [ RunTime:0.002922s ]
INFO: [ app_begin ] --END-- [ RunTime:0.003158s ]
NOTIC: 建议使用I方法替代_param
SQL: SHOW COLUMNS FROM `lg_activity_info` [ RunTime:0.008951s ]
NOTIC: 建议使用I方法替代_param
SQL: SELECT * FROM `lg_activity_info` WHERE ( id<7 ) ORDER BY id desc LIMIT 10   [ RunTime:0.003285s ]
SQL: SHOW COLUMNS FROM `lg_league_info` [ RunTime:0.008554s ]
SQL: SELECT `league_name` FROM `lg_league_info` WHERE ( uid=3 ) LIMIT 1   [ RunTime:0.003014s ]
SQL: SELECT `league_name` FROM `lg_league_info` WHERE ( uid=1 ) LIMIT 1   [ RunTime:0.000660s ]
SQL: SELECT `league_name` FROM `lg_league_info` WHERE ( uid=2 ) LIMIT 1   [ RunTime:0.000652s ]
SQL: SELECT `league_name` FROM `lg_league_info` WHERE ( uid=1 ) LIMIT 1   [ RunTime:0.000645s ]
SQL: SELECT `league_name` FROM `lg_league_info` WHERE ( uid=1 ) LIMIT 1   [ RunTime:0.000640s ]
SQL: SELECT `league_name` FROM `lg_league_info` WHERE ( uid=1 ) LIMIT 1   [ RunTime:0.000639s ]

[ 2013-10-14T20:33:49+08:00 ] 127.0.0.1 /herald_league/index.php/Index/getMoreActivity.html
INFO: [ app_begin ] --START--
INFO: Run ReadHtmlCache Behavior [ RunTime:0.003118s ]
INFO: [ app_begin ] --END-- [ RunTime:0.003380s ]
NOTIC: 建议使用I方法替代_param
SQL: SHOW COLUMNS FROM `lg_activity_info` [ RunTime:0.012153s ]
NOTIC: 建议使用I方法替代_param
SQL: SELECT * FROM `lg_activity_info` WHERE ( id<17 ) ORDER BY id desc LIMIT 10   [ RunTime:0.001094s ]
SQL: SHOW COLUMNS FROM `lg_league_info` [ RunTime:0.013276s ]
SQL: SELECT `league_name` FROM `lg_league_info` WHERE ( uid=1 ) LIMIT 1   [ RunTime:0.000788s ]
SQL: SELECT `league_name` FROM `lg_league_info` WHERE ( uid=1 ) LIMIT 1   [ RunTime:0.000839s ]
SQL: SELECT `league_name` FROM `lg_league_info` WHERE ( uid=1 ) LIMIT 1   [ RunTime:0.000610s ]
SQL: SELECT `league_name` FROM `lg_league_info` WHERE ( uid=1 ) LIMIT 1   [ RunTime:0.000634s ]
SQL: SELECT `league_name` FROM `lg_league_info` WHERE ( uid=1 ) LIMIT 1   [ RunTime:0.000542s ]
SQL: SELECT `league_name` FROM `lg_league_info` WHERE ( uid=1 ) LIMIT 1   [ RunTime:0.000532s ]
SQL: SELECT `league_name` FROM `lg_league_info` WHERE ( uid=1 ) LIMIT 1   [ RunTime:0.000558s ]
SQL: SELECT `league_name` FROM `lg_league_info` WHERE ( uid=1 ) LIMIT 1   [ RunTime:0.000767s ]
SQL: SELECT `league_name` FROM `lg_league_info` WHERE ( uid=1 ) LIMIT 1   [ RunTime:0.000523s ]
SQL: SELECT `league_name` FROM `lg_league_info` WHERE ( uid=1 ) LIMIT 1   [ RunTime:0.000554s ]

[ 2013-10-14T20:33:56+08:00 ] 127.0.0.1 /herald_league/index.php/Index/getMoreActivity.html
INFO: [ app_begin ] --START--
INFO: Run ReadHtmlCache Behavior [ RunTime:0.001904s ]
INFO: [ app_begin ] --END-- [ RunTime:0.002220s ]
NOTIC: 建议使用I方法替代_param
SQL: SHOW COLUMNS FROM `lg_activity_info` [ RunTime:0.009227s ]
NOTIC: 建议使用I方法替代_param
SQL: SELECT * FROM `lg_activity_info` WHERE ( id<7 ) ORDER BY id desc LIMIT 10   [ RunTime:0.002465s ]
SQL: SHOW COLUMNS FROM `lg_league_info` [ RunTime:0.008666s ]
SQL: SELECT `league_name` FROM `lg_league_info` WHERE ( uid=3 ) LIMIT 1   [ RunTime:0.002707s ]
SQL: SELECT `league_name` FROM `lg_league_info` WHERE ( uid=1 ) LIMIT 1   [ RunTime:0.000651s ]
SQL: SELECT `league_name` FROM `lg_league_info` WHERE ( uid=2 ) LIMIT 1   [ RunTime:0.000642s ]
SQL: SELECT `league_name` FROM `lg_league_info` WHERE ( uid=1 ) LIMIT 1   [ RunTime:0.000648s ]
SQL: SELECT `league_name` FROM `lg_league_info` WHERE ( uid=1 ) LIMIT 1   [ RunTime:0.000649s ]
SQL: SELECT `league_name` FROM `lg_league_info` WHERE ( uid=1 ) LIMIT 1   [ RunTime:0.000646s ]

[ 2013-10-14T20:39:02+08:00 ] 127.0.0.1 /herald_league/index.php/Index/getMoreActivity.html
INFO: [ app_begin ] --START--
INFO: Run ReadHtmlCache Behavior [ RunTime:0.005000s ]
INFO: [ app_begin ] --END-- [ RunTime:0.005306s ]
NOTIC: 建议使用I方法替代_param
SQL: SHOW COLUMNS FROM `lg_activity_info` [ RunTime:0.009530s ]
NOTIC: 建议使用I方法替代_param
SQL: SELECT * FROM `lg_activity_info` WHERE ( id<17 ) ORDER BY id desc LIMIT 10   [ RunTime:0.002265s ]
SQL: SHOW COLUMNS FROM `lg_league_info` [ RunTime:0.008996s ]
SQL: SELECT `league_name` FROM `lg_league_info` WHERE ( uid=1 ) LIMIT 1   [ RunTime:0.003177s ]
SQL: SELECT `league_name` FROM `lg_league_info` WHERE ( uid=1 ) LIMIT 1   [ RunTime:0.002876s ]
SQL: SELECT `league_name` FROM `lg_league_info` WHERE ( uid=1 ) LIMIT 1   [ RunTime:0.000751s ]
SQL: SELECT `league_name` FROM `lg_league_info` WHERE ( uid=1 ) LIMIT 1   [ RunTime:0.000684s ]
SQL: SELECT `league_name` FROM `lg_league_info` WHERE ( uid=1 ) LIMIT 1   [ RunTime:0.001702s ]
SQL: SELECT `league_name` FROM `lg_league_info` WHERE ( uid=1 ) LIMIT 1   [ RunTime:0.000830s ]
SQL: SELECT `league_name` FROM `lg_league_info` WHERE ( uid=1 ) LIMIT 1   [ RunTime:0.000636s ]
SQL: SELECT `league_name` FROM `lg_league_info` WHERE ( uid=1 ) LIMIT 1   [ RunTime:0.000622s ]
SQL: SELECT `league_name` FROM `lg_league_info` WHERE ( uid=1 ) LIMIT 1   [ RunTime:0.000746s ]
SQL: SELECT `league_name` FROM `lg_league_info` WHERE ( uid=1 ) LIMIT 1   [ RunTime:0.000700s ]

[ 2013-10-14T20:40:18+08:00 ] 127.0.0.1 /herald_league/index.php/Index/getMoreActivity.html
INFO: [ app_begin ] --START--
INFO: Run ReadHtmlCache Behavior [ RunTime:0.004001s ]
INFO: [ app_begin ] --END-- [ RunTime:0.004282s ]
NOTIC: 建议使用I方法替代_param
SQL: SHOW COLUMNS FROM `lg_activity_info` [ RunTime:0.010699s ]
NOTIC: 建议使用I方法替代_param
SQL: SELECT * FROM `lg_activity_info` WHERE ( id<17 ) ORDER BY id desc LIMIT 10   [ RunTime:0.004667s ]
SQL: SHOW COLUMNS FROM `lg_league_info` [ RunTime:0.009276s ]
SQL: SELECT `league_name` FROM `lg_league_info` WHERE ( uid=1 ) LIMIT 1   [ RunTime:0.006423s ]
SQL: SELECT `league_name` FROM `lg_league_info` WHERE ( uid=1 ) LIMIT 1   [ RunTime:0.000586s ]
SQL: SELECT `league_name` FROM `lg_league_info` WHERE ( uid=1 ) LIMIT 1   [ RunTime:0.000555s ]
SQL: SELECT `league_name` FROM `lg_league_info` WHERE ( uid=1 ) LIMIT 1   [ RunTime:0.000546s ]
SQL: SELECT `league_name` FROM `lg_league_info` WHERE ( uid=1 ) LIMIT 1   [ RunTime:0.000535s ]
SQL: SELECT `league_name` FROM `lg_league_info` WHERE ( uid=1 ) LIMIT 1   [ RunTime:0.000518s ]
SQL: SELECT `league_name` FROM `lg_league_info` WHERE ( uid=1 ) LIMIT 1   [ RunTime:0.000521s ]
SQL: SELECT `league_name` FROM `lg_league_info` WHERE ( uid=1 ) LIMIT 1   [ RunTime:0.000742s ]
SQL: SELECT `league_name` FROM `lg_league_info` WHERE ( uid=1 ) LIMIT 1   [ RunTime:0.000527s ]
SQL: SELECT `league_name` FROM `lg_league_info` WHERE ( uid=1 ) LIMIT 1   [ RunTime:0.000513s ]

[ 2013-10-14T20:40:33+08:00 ] 127.0.0.1 /herald_league/index.php/Index/getMoreActivity.html
INFO: [ app_begin ] --START--
INFO: Run ReadHtmlCache Behavior [ RunTime:0.002094s ]
INFO: [ app_begin ] --END-- [ RunTime:0.002367s ]
NOTIC: 建议使用I方法替代_param
SQL: SHOW COLUMNS FROM `lg_activity_info` [ RunTime:0.009563s ]
NOTIC: 建议使用I方法替代_param
SQL: SELECT * FROM `lg_activity_info` WHERE ( id<17 ) ORDER BY id desc LIMIT 10   [ RunTime:0.005497s ]
SQL: SHOW COLUMNS FROM `lg_league_info` [ RunTime:0.008314s ]
SQL: SELECT `league_name` FROM `lg_league_info` WHERE ( uid=1 ) LIMIT 1   [ RunTime:0.003847s ]
SQL: SELECT `league_name` FROM `lg_league_info` WHERE ( uid=1 ) LIMIT 1   [ RunTime:0.000940s ]
SQL: SELECT `league_name` FROM `lg_league_info` WHERE ( uid=1 ) LIMIT 1   [ RunTime:0.000551s ]
SQL: SELECT `league_name` FROM `lg_league_info` WHERE ( uid=1 ) LIMIT 1   [ RunTime:0.000807s ]
SQL: SELECT `league_name` FROM `lg_league_info` WHERE ( uid=1 ) LIMIT 1   [ RunTime:0.000556s ]
SQL: SELECT `league_name` FROM `lg_league_info` WHERE ( uid=1 ) LIMIT 1   [ RunTime:0.000568s ]
SQL: SELECT `league_name` FROM `lg_league_info` WHERE ( uid=1 ) LIMIT 1   [ RunTime:0.000567s ]
SQL: SELECT `league_name` FROM `lg_league_info` WHERE ( uid=1 ) LIMIT 1   [ RunTime:0.000521s ]
SQL: SELECT `league_name` FROM `lg_league_info` WHERE ( uid=1 ) LIMIT 1   [ RunTime:0.000895s ]
SQL: SELECT `league_name` FROM `lg_league_info` WHERE ( uid=1 ) LIMIT 1   [ RunTime:0.000778s ]

[ 2013-10-14T20:40:43+08:00 ] 127.0.0.1 /herald_league/index.php/Index/getMoreActivity.html
INFO: [ app_begin ] --START--
INFO: Run ReadHtmlCache Behavior [ RunTime:0.002545s ]
INFO: [ app_begin ] --END-- [ RunTime:0.002896s ]
NOTIC: 建议使用I方法替代_param
SQL: SHOW COLUMNS FROM `lg_activity_info` [ RunTime:0.014558s ]
NOTIC: 建议使用I方法替代_param
SQL: SELECT * FROM `lg_activity_info` WHERE ( id<17 ) ORDER BY id desc LIMIT 10   [ RunTime:0.006891s ]
SQL: SHOW COLUMNS FROM `lg_league_info` [ RunTime:0.011809s ]
SQL: SELECT `league_name` FROM `lg_league_info` WHERE ( uid=1 ) LIMIT 1   [ RunTime:0.006120s ]
SQL: SELECT `league_name` FROM `lg_league_info` WHERE ( uid=1 ) LIMIT 1   [ RunTime:0.000700s ]
SQL: SELECT `league_name` FROM `lg_league_info` WHERE ( uid=1 ) LIMIT 1   [ RunTime:0.000719s ]
SQL: SELECT `league_name` FROM `lg_league_info` WHERE ( uid=1 ) LIMIT 1   [ RunTime:0.000617s ]
SQL: SELECT `league_name` FROM `lg_league_info` WHERE ( uid=1 ) LIMIT 1   [ RunTime:0.000562s ]
SQL: SELECT `league_name` FROM `lg_league_info` WHERE ( uid=1 ) LIMIT 1   [ RunTime:0.000647s ]
SQL: SELECT `league_name` FROM `lg_league_info` WHERE ( uid=1 ) LIMIT 1   [ RunTime:0.000588s ]
SQL: SELECT `league_name` FROM `lg_league_info` WHERE ( uid=1 ) LIMIT 1   [ RunTime:0.000545s ]
SQL: SELECT `league_name` FROM `lg_league_info` WHERE ( uid=1 ) LIMIT 1   [ RunTime:0.000536s ]
SQL: SELECT `league_name` FROM `lg_league_info` WHERE ( uid=1 ) LIMIT 1   [ RunTime:0.000600s ]

[ 2013-10-14T20:41:48+08:00 ] 127.0.0.1 /herald_league/index.php/Index/getMoreActivity.html
INFO: [ app_begin ] --START--
INFO: Run ReadHtmlCache Behavior [ RunTime:0.004854s ]
INFO: [ app_begin ] --END-- [ RunTime:0.005265s ]
NOTIC: 建议使用I方法替代_param
SQL: SHOW COLUMNS FROM `lg_activity_info` [ RunTime:0.008500s ]
NOTIC: 建议使用I方法替代_param
SQL: SELECT * FROM `lg_activity_info` WHERE ( id<17 ) ORDER BY id desc LIMIT 10   [ RunTime:0.002503s ]
SQL: SHOW COLUMNS FROM `lg_league_info` [ RunTime:0.009002s ]
SQL: SELECT `league_name` FROM `lg_league_info` WHERE ( uid=1 ) LIMIT 1   [ RunTime:0.003577s ]
SQL: SELECT `league_name` FROM `lg_league_info` WHERE ( uid=1 ) LIMIT 1   [ RunTime:0.000732s ]
SQL: SELECT `league_name` FROM `lg_league_info` WHERE ( uid=1 ) LIMIT 1   [ RunTime:0.000828s ]
SQL: SELECT `league_name` FROM `lg_league_info` WHERE ( uid=1 ) LIMIT 1   [ RunTime:0.000628s ]
SQL: SELECT `league_name` FROM `lg_league_info` WHERE ( uid=1 ) LIMIT 1   [ RunTime:0.000743s ]
SQL: SELECT `league_name` FROM `lg_league_info` WHERE ( uid=1 ) LIMIT 1   [ RunTime:0.000584s ]
SQL: SELECT `league_name` FROM `lg_league_info` WHERE ( uid=1 ) LIMIT 1   [ RunTime:0.000687s ]
SQL: SELECT `league_name` FROM `lg_league_info` WHERE ( uid=1 ) LIMIT 1   [ RunTime:0.000590s ]
SQL: SELECT `league_name` FROM `lg_league_info` WHERE ( uid=1 ) LIMIT 1   [ RunTime:0.000572s ]
SQL: SELECT `league_name` FROM `lg_league_info` WHERE ( uid=1 ) LIMIT 1   [ RunTime:0.000575s ]

[ 2013-10-14T20:48:39+08:00 ] 127.0.0.1 /herald_league/index.php/Index/getMoreActivity.html
INFO: [ app_begin ] --START--
INFO: Run ReadHtmlCache Behavior [ RunTime:0.002761s ]
INFO: [ app_begin ] --END-- [ RunTime:0.003200s ]
NOTIC: 建议使用I方法替代_param
SQL: SHOW COLUMNS FROM `lg_activity_info` [ RunTime:0.009865s ]
NOTIC: 建议使用I方法替代_param
SQL: SELECT * FROM `lg_activity_info` WHERE ( id<17 ) ORDER BY id desc LIMIT 10   [ RunTime:0.004210s ]
SQL: SHOW COLUMNS FROM `lg_league_info` [ RunTime:0.010375s ]
SQL: SELECT `league_name` FROM `lg_league_info` WHERE ( uid=1 ) LIMIT 1   [ RunTime:0.002569s ]
SQL: SELECT `league_name` FROM `lg_league_info` WHERE ( uid=1 ) LIMIT 1   [ RunTime:0.000741s ]
SQL: SELECT `league_name` FROM `lg_league_info` WHERE ( uid=1 ) LIMIT 1   [ RunTime:0.000679s ]
SQL: SELECT `league_name` FROM `lg_league_info` WHERE ( uid=1 ) LIMIT 1   [ RunTime:0.000681s ]
SQL: SELECT `league_name` FROM `lg_league_info` WHERE ( uid=1 ) LIMIT 1   [ RunTime:0.000619s ]
SQL: SELECT `league_name` FROM `lg_league_info` WHERE ( uid=1 ) LIMIT 1   [ RunTime:0.000542s ]
SQL: SELECT `league_name` FROM `lg_league_info` WHERE ( uid=1 ) LIMIT 1   [ RunTime:0.000526s ]
SQL: SELECT `league_name` FROM `lg_league_info` WHERE ( uid=1 ) LIMIT 1   [ RunTime:0.000519s ]
SQL: SELECT `league_name` FROM `lg_league_info` WHERE ( uid=1 ) LIMIT 1   [ RunTime:0.000913s ]
SQL: SELECT `league_name` FROM `lg_league_info` WHERE ( uid=1 ) LIMIT 1   [ RunTime:0.000605s ]

[ 2013-10-14T20:49:35+08:00 ] 127.0.0.1 /herald_league/index.php/Index/getMoreActivity.html
INFO: [ app_begin ] --START--
INFO: Run ReadHtmlCache Behavior [ RunTime:0.005157s ]
INFO: [ app_begin ] --END-- [ RunTime:0.005713s ]
NOTIC: 建议使用I方法替代_param
SQL: SHOW COLUMNS FROM `lg_activity_info` [ RunTime:0.011323s ]
NOTIC: 建议使用I方法替代_param
SQL: SELECT * FROM `lg_activity_info` WHERE ( id<17 ) ORDER BY id desc LIMIT 10   [ RunTime:0.002663s ]
SQL: SHOW COLUMNS FROM `lg_league_info` [ RunTime:0.017082s ]
SQL: SELECT `league_name` FROM `lg_league_info` WHERE ( uid=1 ) LIMIT 1   [ RunTime:0.001042s ]
SQL: SELECT `league_name` FROM `lg_league_info` WHERE ( uid=1 ) LIMIT 1   [ RunTime:0.001819s ]
SQL: SELECT `league_name` FROM `lg_league_info` WHERE ( uid=1 ) LIMIT 1   [ RunTime:0.001145s ]
SQL: SELECT `league_name` FROM `lg_league_info` WHERE ( uid=1 ) LIMIT 1   [ RunTime:0.000833s ]
SQL: SELECT `league_name` FROM `lg_league_info` WHERE ( uid=1 ) LIMIT 1   [ RunTime:0.000809s ]
SQL: SELECT `league_name` FROM `lg_league_info` WHERE ( uid=1 ) LIMIT 1   [ RunTime:0.000664s ]
SQL: SELECT `league_name` FROM `lg_league_info` WHERE ( uid=1 ) LIMIT 1   [ RunTime:0.001436s ]
SQL: SELECT `league_name` FROM `lg_league_info` WHERE ( uid=1 ) LIMIT 1   [ RunTime:0.001750s ]
SQL: SELECT `league_name` FROM `lg_league_info` WHERE ( uid=1 ) LIMIT 1   [ RunTime:0.000800s ]
SQL: SELECT `league_name` FROM `lg_league_info` WHERE ( uid=1 ) LIMIT 1   [ RunTime:0.000995s ]

[ 2013-10-14T20:50:26+08:00 ] 127.0.0.1 /herald_league/index.php/Index/getMoreActivity.html
INFO: [ app_begin ] --START--
INFO: Run ReadHtmlCache Behavior [ RunTime:0.003171s ]
INFO: [ app_begin ] --END-- [ RunTime:0.003462s ]
NOTIC: 建议使用I方法替代_param
SQL: SHOW COLUMNS FROM `lg_activity_info` [ RunTime:0.009975s ]
NOTIC: 建议使用I方法替代_param
SQL: SELECT * FROM `lg_activity_info` WHERE ( id<17 ) ORDER BY id desc LIMIT 10   [ RunTime:0.004956s ]
SQL: SHOW COLUMNS FROM `lg_league_info` [ RunTime:0.010992s ]
SQL: SELECT `league_name` FROM `lg_league_info` WHERE ( uid=1 ) LIMIT 1   [ RunTime:0.004519s ]
SQL: SELECT `league_name` FROM `lg_league_info` WHERE ( uid=1 ) LIMIT 1   [ RunTime:0.000826s ]
SQL: SELECT `league_name` FROM `lg_league_info` WHERE ( uid=1 ) LIMIT 1   [ RunTime:0.000788s ]
SQL: SELECT `league_name` FROM `lg_league_info` WHERE ( uid=1 ) LIMIT 1   [ RunTime:0.001596s ]
SQL: SELECT `league_name` FROM `lg_league_info` WHERE ( uid=1 ) LIMIT 1   [ RunTime:0.000859s ]
SQL: SELECT `league_name` FROM `lg_league_info` WHERE ( uid=1 ) LIMIT 1   [ RunTime:0.001396s ]
SQL: SELECT `league_name` FROM `lg_league_info` WHERE ( uid=1 ) LIMIT 1   [ RunTime:0.001541s ]
SQL: SELECT `league_name` FROM `lg_league_info` WHERE ( uid=1 ) LIMIT 1   [ RunTime:0.000935s ]
SQL: SELECT `league_name` FROM `lg_league_info` WHERE ( uid=1 ) LIMIT 1   [ RunTime:0.000704s ]
SQL: SELECT `league_name` FROM `lg_league_info` WHERE ( uid=1 ) LIMIT 1   [ RunTime:0.004636s ]

[ 2013-10-14T20:50:31+08:00 ] 127.0.0.1 /herald_league/index.php/Index/getMoreActivity.html
INFO: [ app_begin ] --START--
INFO: Run ReadHtmlCache Behavior [ RunTime:0.002022s ]
INFO: [ app_begin ] --END-- [ RunTime:0.002286s ]
NOTIC: 建议使用I方法替代_param
SQL: SHOW COLUMNS FROM `lg_activity_info` [ RunTime:0.008832s ]
NOTIC: 建议使用I方法替代_param
SQL: SELECT * FROM `lg_activity_info` WHERE ( id<7 ) ORDER BY id desc LIMIT 10   [ RunTime:0.002427s ]
SQL: SHOW COLUMNS FROM `lg_league_info` [ RunTime:0.008034s ]
SQL: SELECT `league_name` FROM `lg_league_info` WHERE ( uid=3 ) LIMIT 1   [ RunTime:0.002372s ]
SQL: SELECT `league_name` FROM `lg_league_info` WHERE ( uid=1 ) LIMIT 1   [ RunTime:0.000636s ]
SQL: SELECT `league_name` FROM `lg_league_info` WHERE ( uid=2 ) LIMIT 1   [ RunTime:0.000505s ]
SQL: SELECT `league_name` FROM `lg_league_info` WHERE ( uid=1 ) LIMIT 1   [ RunTime:0.000660s ]
SQL: SELECT `league_name` FROM `lg_league_info` WHERE ( uid=1 ) LIMIT 1   [ RunTime:0.000461s ]
SQL: SELECT `league_name` FROM `lg_league_info` WHERE ( uid=1 ) LIMIT 1   [ RunTime:0.000446s ]

[ 2013-10-14T20:51:26+08:00 ] 127.0.0.1 /herald_league/index.php/Index/getMoreActivity.html
INFO: [ app_begin ] --START--
INFO: Run ReadHtmlCache Behavior [ RunTime:0.003307s ]
INFO: [ app_begin ] --END-- [ RunTime:0.003576s ]
NOTIC: 建议使用I方法替代_param
SQL: SHOW COLUMNS FROM `lg_activity_info` [ RunTime:0.014349s ]
NOTIC: 建议使用I方法替代_param
SQL: SELECT * FROM `lg_activity_info` WHERE ( id<17 ) ORDER BY id desc LIMIT 10   [ RunTime:0.003772s ]
SQL: SHOW COLUMNS FROM `lg_league_info` [ RunTime:0.012558s ]
SQL: SELECT `league_name` FROM `lg_league_info` WHERE ( uid=1 ) LIMIT 1   [ RunTime:0.003374s ]
SQL: SELECT `league_name` FROM `lg_league_info` WHERE ( uid=1 ) LIMIT 1   [ RunTime:0.000960s ]
SQL: SELECT `league_name` FROM `lg_league_info` WHERE ( uid=1 ) LIMIT 1   [ RunTime:0.000600s ]
SQL: SELECT `league_name` FROM `lg_league_info` WHERE ( uid=1 ) LIMIT 1   [ RunTime:0.000507s ]
SQL: SELECT `league_name` FROM `lg_league_info` WHERE ( uid=1 ) LIMIT 1   [ RunTime:0.000514s ]
SQL: SELECT `league_name` FROM `lg_league_info` WHERE ( uid=1 ) LIMIT 1   [ RunTime:0.000501s ]
SQL: SELECT `league_name` FROM `lg_league_info` WHERE ( uid=1 ) LIMIT 1   [ RunTime:0.000513s ]
SQL: SELECT `league_name` FROM `lg_league_info` WHERE ( uid=1 ) LIMIT 1   [ RunTime:0.000481s ]
SQL: SELECT `league_name` FROM `lg_league_info` WHERE ( uid=1 ) LIMIT 1   [ RunTime:0.000806s ]
SQL: SELECT `league_name` FROM `lg_league_info` WHERE ( uid=1 ) LIMIT 1   [ RunTime:0.000832s ]

[ 2013-10-14T20:51:56+08:00 ] 127.0.0.1 /herald_league/index.php/Index/getMoreActivity.html
INFO: [ app_begin ] --START--
INFO: Run ReadHtmlCache Behavior [ RunTime:0.002761s ]
INFO: [ app_begin ] --END-- [ RunTime:0.003139s ]
NOTIC: 建议使用I方法替代_param
SQL: SHOW COLUMNS FROM `lg_activity_info` [ RunTime:0.011574s ]
NOTIC: 建议使用I方法替代_param
SQL: SELECT * FROM `lg_activity_info` WHERE ( id<17 ) ORDER BY id desc LIMIT 10   [ RunTime:0.003134s ]
SQL: SHOW COLUMNS FROM `lg_league_info` [ RunTime:0.010367s ]
SQL: SELECT `league_name` FROM `lg_league_info` WHERE ( uid=1 ) LIMIT 1   [ RunTime:0.003470s ]
SQL: SELECT `league_name` FROM `lg_league_info` WHERE ( uid=1 ) LIMIT 1   [ RunTime:0.000590s ]
SQL: SELECT `league_name` FROM `lg_league_info` WHERE ( uid=1 ) LIMIT 1   [ RunTime:0.000515s ]
SQL: SELECT `league_name` FROM `lg_league_info` WHERE ( uid=1 ) LIMIT 1   [ RunTime:0.000511s ]
SQL: SELECT `league_name` FROM `lg_league_info` WHERE ( uid=1 ) LIMIT 1   [ RunTime:0.000504s ]
SQL: SELECT `league_name` FROM `lg_league_info` WHERE ( uid=1 ) LIMIT 1   [ RunTime:0.000574s ]
SQL: SELECT `league_name` FROM `lg_league_info` WHERE ( uid=1 ) LIMIT 1   [ RunTime:0.000616s ]
SQL: SELECT `league_name` FROM `lg_league_info` WHERE ( uid=1 ) LIMIT 1   [ RunTime:0.000671s ]
SQL: SELECT `league_name` FROM `lg_league_info` WHERE ( uid=1 ) LIMIT 1   [ RunTime:0.000676s ]
SQL: SELECT `league_name` FROM `lg_league_info` WHERE ( uid=1 ) LIMIT 1   [ RunTime:0.000731s ]

[ 2013-10-14T21:02:27+08:00 ] 127.0.0.1 /herald_league/index.php/Index/getMoreActivity.html
INFO: [ app_begin ] --START--
INFO: Run ReadHtmlCache Behavior [ RunTime:0.005179s ]
INFO: [ app_begin ] --END-- [ RunTime:0.005715s ]
NOTIC: 建议使用I方法替代_param
SQL: SHOW COLUMNS FROM `lg_activity_info` [ RunTime:0.016102s ]
NOTIC: 建议使用I方法替代_param
SQL: SELECT * FROM `lg_activity_info` WHERE ( id<17 ) ORDER BY id desc LIMIT 10   [ RunTime:0.004606s ]
SQL: SHOW COLUMNS FROM `lg_league_info` [ RunTime:0.009205s ]
SQL: SELECT `league_name` FROM `lg_league_info` WHERE ( uid=1 ) LIMIT 1   [ RunTime:0.003485s ]
SQL: SELECT `league_name` FROM `lg_league_info` WHERE ( uid=1 ) LIMIT 1   [ RunTime:0.000675s ]
SQL: SELECT `league_name` FROM `lg_league_info` WHERE ( uid=1 ) LIMIT 1   [ RunTime:0.000616s ]
SQL: SELECT `league_name` FROM `lg_league_info` WHERE ( uid=1 ) LIMIT 1   [ RunTime:0.000614s ]
SQL: SELECT `league_name` FROM `lg_league_info` WHERE ( uid=1 ) LIMIT 1   [ RunTime:0.000640s ]
SQL: SELECT `league_name` FROM `lg_league_info` WHERE ( uid=1 ) LIMIT 1   [ RunTime:0.000522s ]
SQL: SELECT `league_name` FROM `lg_league_info` WHERE ( uid=1 ) LIMIT 1   [ RunTime:0.000486s ]
SQL: SELECT `league_name` FROM `lg_league_info` WHERE ( uid=1 ) LIMIT 1   [ RunTime:0.000486s ]
SQL: SELECT `league_name` FROM `lg_league_info` WHERE ( uid=1 ) LIMIT 1   [ RunTime:0.000627s ]
SQL: SELECT `league_name` FROM `lg_league_info` WHERE ( uid=1 ) LIMIT 1   [ RunTime:0.000535s ]

[ 2013-10-14T21:04:00+08:00 ] 127.0.0.1 /herald_league/index.php/Index/getMoreActivity.html
INFO: [ app_begin ] --START--
INFO: Run ReadHtmlCache Behavior [ RunTime:0.003712s ]
INFO: [ app_begin ] --END-- [ RunTime:0.004138s ]
NOTIC: 建议使用I方法替代_param
SQL: SHOW COLUMNS FROM `lg_activity_info` [ RunTime:0.008143s ]
NOTIC: 建议使用I方法替代_param
SQL: SELECT * FROM `lg_activity_info` WHERE ( id<17 ) ORDER BY id desc LIMIT 10   [ RunTime:0.003721s ]
SQL: SHOW COLUMNS FROM `lg_league_info` [ RunTime:0.007901s ]
SQL: SELECT `league_name` FROM `lg_league_info` WHERE ( uid=1 ) LIMIT 1   [ RunTime:0.002491s ]
SQL: SELECT `league_name` FROM `lg_league_info` WHERE ( uid=1 ) LIMIT 1   [ RunTime:0.000508s ]
SQL: SELECT `league_name` FROM `lg_league_info` WHERE ( uid=1 ) LIMIT 1   [ RunTime:0.000452s ]
SQL: SELECT `league_name` FROM `lg_league_info` WHERE ( uid=1 ) LIMIT 1   [ RunTime:0.000450s ]
SQL: SELECT `league_name` FROM `lg_league_info` WHERE ( uid=1 ) LIMIT 1   [ RunTime:0.000443s ]
SQL: SELECT `league_name` FROM `lg_league_info` WHERE ( uid=1 ) LIMIT 1   [ RunTime:0.000411s ]
SQL: SELECT `league_name` FROM `lg_league_info` WHERE ( uid=1 ) LIMIT 1   [ RunTime:0.000404s ]
SQL: SELECT `league_name` FROM `lg_league_info` WHERE ( uid=1 ) LIMIT 1   [ RunTime:0.000390s ]
SQL: SELECT `league_name` FROM `lg_league_info` WHERE ( uid=1 ) LIMIT 1   [ RunTime:0.000420s ]
SQL: SELECT `league_name` FROM `lg_league_info` WHERE ( uid=1 ) LIMIT 1   [ RunTime:0.000405s ]

[ 2013-10-14T21:05:13+08:00 ] 127.0.0.1 /herald_league/index.php/Index/getMoreActivity.html
INFO: [ app_begin ] --START--
INFO: Run ReadHtmlCache Behavior [ RunTime:0.005067s ]
INFO: [ app_begin ] --END-- [ RunTime:0.005481s ]
NOTIC: 建议使用I方法替代_param
SQL: SHOW COLUMNS FROM `lg_activity_info` [ RunTime:0.010041s ]
NOTIC: 建议使用I方法替代_param
SQL: SELECT * FROM `lg_activity_info` WHERE ( id<17 ) ORDER BY id desc LIMIT 10   [ RunTime:0.004914s ]
SQL: SHOW COLUMNS FROM `lg_league_info` [ RunTime:0.012307s ]
SQL: SELECT `league_name` FROM `lg_league_info` WHERE ( uid=1 ) LIMIT 1   [ RunTime:0.006146s ]
SQL: SELECT `league_name` FROM `lg_league_info` WHERE ( uid=1 ) LIMIT 1   [ RunTime:0.000800s ]
SQL: SELECT `league_name` FROM `lg_league_info` WHERE ( uid=1 ) LIMIT 1   [ RunTime:0.000750s ]
SQL: SELECT `league_name` FROM `lg_league_info` WHERE ( uid=1 ) LIMIT 1   [ RunTime:0.000744s ]
SQL: SELECT `league_name` FROM `lg_league_info` WHERE ( uid=1 ) LIMIT 1   [ RunTime:0.000662s ]
SQL: SELECT `league_name` FROM `lg_league_info` WHERE ( uid=1 ) LIMIT 1   [ RunTime:0.000748s ]
SQL: SELECT `league_name` FROM `lg_league_info` WHERE ( uid=1 ) LIMIT 1   [ RunTime:0.000710s ]
SQL: SELECT `league_name` FROM `lg_league_info` WHERE ( uid=1 ) LIMIT 1   [ RunTime:0.000612s ]
SQL: SELECT `league_name` FROM `lg_league_info` WHERE ( uid=1 ) LIMIT 1   [ RunTime:0.000574s ]
SQL: SELECT `league_name` FROM `lg_league_info` WHERE ( uid=1 ) LIMIT 1   [ RunTime:0.000689s ]

[ 2013-10-14T21:05:55+08:00 ] 127.0.0.1 /herald_league/index.php/Index/getMoreActivity.html
INFO: [ app_begin ] --START--
INFO: Run ReadHtmlCache Behavior [ RunTime:0.002608s ]
INFO: [ app_begin ] --END-- [ RunTime:0.003008s ]
NOTIC: 建议使用I方法替代_param
SQL: SHOW COLUMNS FROM `lg_activity_info` [ RunTime:0.008537s ]
NOTIC: 建议使用I方法替代_param
SQL: SELECT * FROM `lg_activity_info` WHERE ( id<17 ) ORDER BY id desc LIMIT 10   [ RunTime:0.003947s ]
SQL: SHOW COLUMNS FROM `lg_league_info` [ RunTime:0.009966s ]
SQL: SELECT `league_name` FROM `lg_league_info` WHERE ( uid=1 ) LIMIT 1   [ RunTime:0.003665s ]
SQL: SELECT `league_name` FROM `lg_league_info` WHERE ( uid=1 ) LIMIT 1   [ RunTime:0.000648s ]
SQL: SELECT `league_name` FROM `lg_league_info` WHERE ( uid=1 ) LIMIT 1   [ RunTime:0.000653s ]
SQL: SELECT `league_name` FROM `lg_league_info` WHERE ( uid=1 ) LIMIT 1   [ RunTime:0.000830s ]
SQL: SELECT `league_name` FROM `lg_league_info` WHERE ( uid=1 ) LIMIT 1   [ RunTime:0.000763s ]
SQL: SELECT `league_name` FROM `lg_league_info` WHERE ( uid=1 ) LIMIT 1   [ RunTime:0.000832s ]
SQL: SELECT `league_name` FROM `lg_league_info` WHERE ( uid=1 ) LIMIT 1   [ RunTime:0.000788s ]
SQL: SELECT `league_name` FROM `lg_league_info` WHERE ( uid=1 ) LIMIT 1   [ RunTime:0.000599s ]
SQL: SELECT `league_name` FROM `lg_league_info` WHERE ( uid=1 ) LIMIT 1   [ RunTime:0.000658s ]
SQL: SELECT `league_name` FROM `lg_league_info` WHERE ( uid=1 ) LIMIT 1   [ RunTime:0.000597s ]

[ 2013-10-14T21:09:46+08:00 ] 127.0.0.1 /herald_league/index.php/Index/getMoreActivity.html
INFO: [ app_begin ] --START--
INFO: Run ReadHtmlCache Behavior [ RunTime:0.003044s ]
INFO: [ app_begin ] --END-- [ RunTime:0.003303s ]
NOTIC: 建议使用I方法替代_param
SQL: SHOW COLUMNS FROM `lg_activity_info` [ RunTime:0.010637s ]
NOTIC: 建议使用I方法替代_param
SQL: SELECT * FROM `lg_activity_info` WHERE ( id<17 ) ORDER BY id desc LIMIT 10   [ RunTime:0.003191s ]
SQL: SHOW COLUMNS FROM `lg_league_info` [ RunTime:0.011264s ]
SQL: SELECT `league_name` FROM `lg_league_info` WHERE ( uid=1 ) LIMIT 1   [ RunTime:0.004751s ]
SQL: SELECT `league_name` FROM `lg_league_info` WHERE ( uid=1 ) LIMIT 1   [ RunTime:0.001220s ]
SQL: SELECT `league_name` FROM `lg_league_info` WHERE ( uid=1 ) LIMIT 1   [ RunTime:0.002364s ]
SQL: SELECT `league_name` FROM `lg_league_info` WHERE ( uid=1 ) LIMIT 1   [ RunTime:0.001136s ]
SQL: SELECT `league_name` FROM `lg_league_info` WHERE ( uid=1 ) LIMIT 1   [ RunTime:0.000560s ]
SQL: SELECT `league_name` FROM `lg_league_info` WHERE ( uid=1 ) LIMIT 1   [ RunTime:0.000650s ]
SQL: SELECT `league_name` FROM `lg_league_info` WHERE ( uid=1 ) LIMIT 1   [ RunTime:0.000681s ]
SQL: SELECT `league_name` FROM `lg_league_info` WHERE ( uid=1 ) LIMIT 1   [ RunTime:0.000556s ]
SQL: SELECT `league_name` FROM `lg_league_info` WHERE ( uid=1 ) LIMIT 1   [ RunTime:0.000606s ]
SQL: SELECT `league_name` FROM `lg_league_info` WHERE ( uid=1 ) LIMIT 1   [ RunTime:0.000514s ]

[ 2013-10-14T21:10:50+08:00 ] 127.0.0.1 /herald_league/index.php/Index/getMoreActivity.html
INFO: [ app_begin ] --START--
INFO: Run ReadHtmlCache Behavior [ RunTime:0.003190s ]
INFO: [ app_begin ] --END-- [ RunTime:0.003473s ]
NOTIC: 建议使用I方法替代_param
SQL: SHOW COLUMNS FROM `lg_activity_info` [ RunTime:0.011764s ]
NOTIC: 建议使用I方法替代_param
SQL: SELECT * FROM `lg_activity_info` WHERE ( id<17 ) ORDER BY id desc LIMIT 10   [ RunTime:0.005192s ]
SQL: SHOW COLUMNS FROM `lg_league_info` [ RunTime:0.018794s ]
SQL: SELECT `league_name` FROM `lg_league_info` WHERE ( uid=1 ) LIMIT 1   [ RunTime:0.001319s ]
SQL: SELECT `league_name` FROM `lg_league_info` WHERE ( uid=1 ) LIMIT 1   [ RunTime:0.000654s ]
SQL: SELECT `league_name` FROM `lg_league_info` WHERE ( uid=1 ) LIMIT 1   [ RunTime:0.000691s ]
SQL: SELECT `league_name` FROM `lg_league_info` WHERE ( uid=1 ) LIMIT 1   [ RunTime:0.000914s ]
SQL: SELECT `league_name` FROM `lg_league_info` WHERE ( uid=1 ) LIMIT 1   [ RunTime:0.002250s ]
SQL: SELECT `league_name` FROM `lg_league_info` WHERE ( uid=1 ) LIMIT 1   [ RunTime:0.001168s ]
SQL: SELECT `league_name` FROM `lg_league_info` WHERE ( uid=1 ) LIMIT 1   [ RunTime:0.000876s ]
SQL: SELECT `league_name` FROM `lg_league_info` WHERE ( uid=1 ) LIMIT 1   [ RunTime:0.000570s ]
SQL: SELECT `league_name` FROM `lg_league_info` WHERE ( uid=1 ) LIMIT 1   [ RunTime:0.000661s ]
SQL: SELECT `league_name` FROM `lg_league_info` WHERE ( uid=1 ) LIMIT 1   [ RunTime:0.000665s ]

[ 2013-10-14T21:11:37+08:00 ] 127.0.0.1 /herald_league/index.php/Index/getMoreActivity.html
INFO: [ app_begin ] --START--
INFO: Run ReadHtmlCache Behavior [ RunTime:0.002401s ]
INFO: [ app_begin ] --END-- [ RunTime:0.002714s ]
NOTIC: 建议使用I方法替代_param
SQL: SHOW COLUMNS FROM `lg_activity_info` [ RunTime:0.011327s ]
NOTIC: 建议使用I方法替代_param
SQL: SELECT * FROM `lg_activity_info` WHERE ( id<17 ) ORDER BY id desc LIMIT 10   [ RunTime:0.002971s ]
SQL: SHOW COLUMNS FROM `lg_league_info` [ RunTime:0.010796s ]
SQL: SELECT `league_name` FROM `lg_league_info` WHERE ( uid=1 ) LIMIT 1   [ RunTime:0.004524s ]
SQL: SELECT `league_name` FROM `lg_league_info` WHERE ( uid=1 ) LIMIT 1   [ RunTime:0.002228s ]
SQL: SELECT `league_name` FROM `lg_league_info` WHERE ( uid=1 ) LIMIT 1   [ RunTime:0.000599s ]
SQL: SELECT `league_name` FROM `lg_league_info` WHERE ( uid=1 ) LIMIT 1   [ RunTime:0.000540s ]
SQL: SELECT `league_name` FROM `lg_league_info` WHERE ( uid=1 ) LIMIT 1   [ RunTime:0.000583s ]
SQL: SELECT `league_name` FROM `lg_league_info` WHERE ( uid=1 ) LIMIT 1   [ RunTime:0.000566s ]
SQL: SELECT `league_name` FROM `lg_league_info` WHERE ( uid=1 ) LIMIT 1   [ RunTime:0.000775s ]
SQL: SELECT `league_name` FROM `lg_league_info` WHERE ( uid=1 ) LIMIT 1   [ RunTime:0.000602s ]
SQL: SELECT `league_name` FROM `lg_league_info` WHERE ( uid=1 ) LIMIT 1   [ RunTime:0.000730s ]
SQL: SELECT `league_name` FROM `lg_league_info` WHERE ( uid=1 ) LIMIT 1   [ RunTime:0.000632s ]

[ 2013-10-14T21:15:57+08:00 ] 127.0.0.1 /herald_league/index.php/Index/getMoreActivity.html
INFO: [ app_begin ] --START--
INFO: Run ReadHtmlCache Behavior [ RunTime:0.003089s ]
INFO: [ app_begin ] --END-- [ RunTime:0.003364s ]
NOTIC: 建议使用I方法替代_param
SQL: SHOW COLUMNS FROM `lg_activity_info` [ RunTime:0.014459s ]
NOTIC: 建议使用I方法替代_param
SQL: SELECT * FROM `lg_activity_info` WHERE ( id<17 ) ORDER BY id desc LIMIT 10   [ RunTime:0.000964s ]
SQL: SHOW COLUMNS FROM `lg_league_info` [ RunTime:0.009039s ]
SQL: SELECT `league_name` FROM `lg_league_info` WHERE ( uid=1 ) LIMIT 1   [ RunTime:0.002255s ]
SQL: SELECT `league_name` FROM `lg_league_info` WHERE ( uid=1 ) LIMIT 1   [ RunTime:0.000755s ]
SQL: SELECT `league_name` FROM `lg_league_info` WHERE ( uid=1 ) LIMIT 1   [ RunTime:0.001073s ]
SQL: SELECT `league_name` FROM `lg_league_info` WHERE ( uid=1 ) LIMIT 1   [ RunTime:0.003593s ]
SQL: SELECT `league_name` FROM `lg_league_info` WHERE ( uid=1 ) LIMIT 1   [ RunTime:0.001554s ]
SQL: SELECT `league_name` FROM `lg_league_info` WHERE ( uid=1 ) LIMIT 1   [ RunTime:0.000567s ]
SQL: SELECT `league_name` FROM `lg_league_info` WHERE ( uid=1 ) LIMIT 1   [ RunTime:0.001045s ]
SQL: SELECT `league_name` FROM `lg_league_info` WHERE ( uid=1 ) LIMIT 1   [ RunTime:0.001506s ]
SQL: SELECT `league_name` FROM `lg_league_info` WHERE ( uid=1 ) LIMIT 1   [ RunTime:0.001057s ]
SQL: SELECT `league_name` FROM `lg_league_info` WHERE ( uid=1 ) LIMIT 1   [ RunTime:0.000853s ]

[ 2013-10-14T21:17:00+08:00 ] 127.0.0.1 /herald_league/index.php/Index/getMoreActivity.html
INFO: [ app_begin ] --START--
INFO: Run ReadHtmlCache Behavior [ RunTime:0.003206s ]
INFO: [ app_begin ] --END-- [ RunTime:0.003515s ]
NOTIC: 建议使用I方法替代_param
SQL: SHOW COLUMNS FROM `lg_activity_info` [ RunTime:0.009431s ]
NOTIC: 建议使用I方法替代_param
SQL: SELECT * FROM `lg_activity_info` WHERE ( id<17 ) ORDER BY id desc LIMIT 10   [ RunTime:0.002847s ]
SQL: SHOW COLUMNS FROM `lg_league_info` [ RunTime:0.009664s ]
SQL: SELECT `league_name` FROM `lg_league_info` WHERE ( uid=1 ) LIMIT 1   [ RunTime:0.003541s ]
SQL: SELECT `league_name` FROM `lg_league_info` WHERE ( uid=1 ) LIMIT 1   [ RunTime:0.000721s ]
SQL: SELECT `league_name` FROM `lg_league_info` WHERE ( uid=1 ) LIMIT 1   [ RunTime:0.000460s ]
SQL: SELECT `league_name` FROM `lg_league_info` WHERE ( uid=1 ) LIMIT 1   [ RunTime:0.000418s ]
SQL: SELECT `league_name` FROM `lg_league_info` WHERE ( uid=1 ) LIMIT 1   [ RunTime:0.000410s ]
SQL: SELECT `league_name` FROM `lg_league_info` WHERE ( uid=1 ) LIMIT 1   [ RunTime:0.002172s ]
SQL: SELECT `league_name` FROM `lg_league_info` WHERE ( uid=1 ) LIMIT 1   [ RunTime:0.001072s ]
SQL: SELECT `league_name` FROM `lg_league_info` WHERE ( uid=1 ) LIMIT 1   [ RunTime:0.001120s ]
SQL: SELECT `league_name` FROM `lg_league_info` WHERE ( uid=1 ) LIMIT 1   [ RunTime:0.000920s ]
SQL: SELECT `league_name` FROM `lg_league_info` WHERE ( uid=1 ) LIMIT 1   [ RunTime:0.000794s ]

[ 2013-10-14T21:21:48+08:00 ] 127.0.0.1 /herald_league/index.php/Index/getMoreActivity.html
INFO: [ app_begin ] --START--
INFO: Run ReadHtmlCache Behavior [ RunTime:0.003127s ]
INFO: [ app_begin ] --END-- [ RunTime:0.003413s ]
NOTIC: 建议使用I方法替代_param
SQL: SHOW COLUMNS FROM `lg_activity_info` [ RunTime:0.011293s ]
NOTIC: 建议使用I方法替代_param
SQL: SELECT * FROM `lg_activity_info` WHERE ( id<17 ) ORDER BY id desc LIMIT 10   [ RunTime:0.003631s ]
SQL: SHOW COLUMNS FROM `lg_league_info` [ RunTime:0.020274s ]
SQL: SELECT `league_name` FROM `lg_league_info` WHERE ( uid=1 ) LIMIT 1   [ RunTime:0.001234s ]
SQL: SELECT `league_name` FROM `lg_league_info` WHERE ( uid=1 ) LIMIT 1   [ RunTime:0.001158s ]
SQL: SELECT `league_name` FROM `lg_league_info` WHERE ( uid=1 ) LIMIT 1   [ RunTime:0.001101s ]
SQL: SELECT `league_name` FROM `lg_league_info` WHERE ( uid=1 ) LIMIT 1   [ RunTime:0.001067s ]
SQL: SELECT `league_name` FROM `lg_league_info` WHERE ( uid=1 ) LIMIT 1   [ RunTime:0.001241s ]
SQL: SELECT `league_name` FROM `lg_league_info` WHERE ( uid=1 ) LIMIT 1   [ RunTime:0.001012s ]
SQL: SELECT `league_name` FROM `lg_league_info` WHERE ( uid=1 ) LIMIT 1   [ RunTime:0.001004s ]
SQL: SELECT `league_name` FROM `lg_league_info` WHERE ( uid=1 ) LIMIT 1   [ RunTime:0.001005s ]
SQL: SELECT `league_name` FROM `lg_league_info` WHERE ( uid=1 ) LIMIT 1   [ RunTime:0.000938s ]
SQL: SELECT `league_name` FROM `lg_league_info` WHERE ( uid=1 ) LIMIT 1   [ RunTime:0.000885s ]

[ 2013-10-14T21:22:09+08:00 ] 127.0.0.1 /herald_league/index.php/Index/getMoreActivity.html
INFO: [ app_begin ] --START--
INFO: Run ReadHtmlCache Behavior [ RunTime:0.003079s ]
INFO: [ app_begin ] --END-- [ RunTime:0.003382s ]
NOTIC: 建议使用I方法替代_param
SQL: SHOW COLUMNS FROM `lg_activity_info` [ RunTime:0.013185s ]
NOTIC: 建议使用I方法替代_param
SQL: SELECT * FROM `lg_activity_info` WHERE ( id<17 ) ORDER BY id desc LIMIT 10   [ RunTime:0.001792s ]
SQL: SHOW COLUMNS FROM `lg_league_info` [ RunTime:0.015158s ]
SQL: SELECT `league_name` FROM `lg_league_info` WHERE ( uid=1 ) LIMIT 1   [ RunTime:0.006956s ]
SQL: SELECT `league_name` FROM `lg_league_info` WHERE ( uid=1 ) LIMIT 1   [ RunTime:0.010134s ]
SQL: SELECT `league_name` FROM `lg_league_info` WHERE ( uid=1 ) LIMIT 1   [ RunTime:0.003247s ]
SQL: SELECT `league_name` FROM `lg_league_info` WHERE ( uid=1 ) LIMIT 1   [ RunTime:0.000828s ]
SQL: SELECT `league_name` FROM `lg_league_info` WHERE ( uid=1 ) LIMIT 1   [ RunTime:0.000793s ]
SQL: SELECT `league_name` FROM `lg_league_info` WHERE ( uid=1 ) LIMIT 1   [ RunTime:0.006318s ]
SQL: SELECT `league_name` FROM `lg_league_info` WHERE ( uid=1 ) LIMIT 1   [ RunTime:0.001201s ]
SQL: SELECT `league_name` FROM `lg_league_info` WHERE ( uid=1 ) LIMIT 1   [ RunTime:0.000767s ]
SQL: SELECT `league_name` FROM `lg_league_info` WHERE ( uid=1 ) LIMIT 1   [ RunTime:0.000668s ]
SQL: SELECT `league_name` FROM `lg_league_info` WHERE ( uid=1 ) LIMIT 1   [ RunTime:0.000645s ]

[ 2013-10-14T21:22:31+08:00 ] 127.0.0.1 /herald_league/index.php/Index/getMoreActivity.html
INFO: [ app_begin ] --START--
INFO: Run ReadHtmlCache Behavior [ RunTime:0.001813s ]
INFO: [ app_begin ] --END-- [ RunTime:0.002111s ]
NOTIC: 建议使用I方法替代_param
SQL: SHOW COLUMNS FROM `lg_activity_info` [ RunTime:0.011824s ]
NOTIC: 建议使用I方法替代_param
SQL: SELECT * FROM `lg_activity_info` WHERE ( id<17 ) ORDER BY id desc LIMIT 10   [ RunTime:0.003768s ]
SQL: SHOW COLUMNS FROM `lg_league_info` [ RunTime:0.010628s ]
SQL: SELECT `league_name` FROM `lg_league_info` WHERE ( uid=1 ) LIMIT 1   [ RunTime:0.003365s ]
SQL: SELECT `league_name` FROM `lg_league_info` WHERE ( uid=1 ) LIMIT 1   [ RunTime:0.000567s ]
SQL: SELECT `league_name` FROM `lg_league_info` WHERE ( uid=1 ) LIMIT 1   [ RunTime:0.000514s ]
SQL: SELECT `league_name` FROM `lg_league_info` WHERE ( uid=1 ) LIMIT 1   [ RunTime:0.000488s ]
SQL: SELECT `league_name` FROM `lg_league_info` WHERE ( uid=1 ) LIMIT 1   [ RunTime:0.000490s ]
SQL: SELECT `league_name` FROM `lg_league_info` WHERE ( uid=1 ) LIMIT 1   [ RunTime:0.000491s ]
SQL: SELECT `league_name` FROM `lg_league_info` WHERE ( uid=1 ) LIMIT 1   [ RunTime:0.001275s ]
SQL: SELECT `league_name` FROM `lg_league_info` WHERE ( uid=1 ) LIMIT 1   [ RunTime:0.000862s ]
SQL: SELECT `league_name` FROM `lg_league_info` WHERE ( uid=1 ) LIMIT 1   [ RunTime:0.000794s ]
SQL: SELECT `league_name` FROM `lg_league_info` WHERE ( uid=1 ) LIMIT 1   [ RunTime:0.000701s ]

[ 2013-10-14T21:23:34+08:00 ] 127.0.0.1 /herald_league/index.php/Index/getMoreActivity.html
INFO: [ app_begin ] --START--
INFO: Run ReadHtmlCache Behavior [ RunTime:0.001808s ]
INFO: [ app_begin ] --END-- [ RunTime:0.002060s ]
NOTIC: 建议使用I方法替代_param
SQL: SHOW COLUMNS FROM `lg_activity_info` [ RunTime:0.012603s ]
NOTIC: 建议使用I方法替代_param
SQL: SELECT * FROM `lg_activity_info` WHERE ( id<17 ) ORDER BY id desc LIMIT 10   [ RunTime:0.006182s ]
SQL: SHOW COLUMNS FROM `lg_league_info` [ RunTime:0.015457s ]
SQL: SELECT `league_name` FROM `lg_league_info` WHERE ( uid=1 ) LIMIT 1   [ RunTime:0.000743s ]
SQL: SELECT `league_name` FROM `lg_league_info` WHERE ( uid=1 ) LIMIT 1   [ RunTime:0.000521s ]
SQL: SELECT `league_name` FROM `lg_league_info` WHERE ( uid=1 ) LIMIT 1   [ RunTime:0.000495s ]
SQL: SELECT `league_name` FROM `lg_league_info` WHERE ( uid=1 ) LIMIT 1   [ RunTime:0.000472s ]
SQL: SELECT `league_name` FROM `lg_league_info` WHERE ( uid=1 ) LIMIT 1   [ RunTime:0.000470s ]
SQL: SELECT `league_name` FROM `lg_league_info` WHERE ( uid=1 ) LIMIT 1   [ RunTime:0.000593s ]
SQL: SELECT `league_name` FROM `lg_league_info` WHERE ( uid=1 ) LIMIT 1   [ RunTime:0.000526s ]
SQL: SELECT `league_name` FROM `lg_league_info` WHERE ( uid=1 ) LIMIT 1   [ RunTime:0.000494s ]
SQL: SELECT `league_name` FROM `lg_league_info` WHERE ( uid=1 ) LIMIT 1   [ RunTime:0.000538s ]
SQL: SELECT `league_name` FROM `lg_league_info` WHERE ( uid=1 ) LIMIT 1   [ RunTime:0.000539s ]

[ 2013-10-14T21:24:33+08:00 ] 127.0.0.1 /herald_league/index.php/Index/getMoreActivity.html
INFO: [ app_begin ] --START--
INFO: Run ReadHtmlCache Behavior [ RunTime:0.002135s ]
INFO: [ app_begin ] --END-- [ RunTime:0.002480s ]
NOTIC: 建议使用I方法替代_param
SQL: SHOW COLUMNS FROM `lg_activity_info` [ RunTime:0.022059s ]
NOTIC: 建议使用I方法替代_param
SQL: SELECT * FROM `lg_activity_info` WHERE ( id<17 ) ORDER BY id desc LIMIT 10   [ RunTime:0.001584s ]
SQL: SHOW COLUMNS FROM `lg_league_info` [ RunTime:0.018057s ]
SQL: SELECT `league_name` FROM `lg_league_info` WHERE ( uid=1 ) LIMIT 1   [ RunTime:0.000721s ]
SQL: SELECT `league_name` FROM `lg_league_info` WHERE ( uid=1 ) LIMIT 1   [ RunTime:0.000510s ]
SQL: SELECT `league_name` FROM `lg_league_info` WHERE ( uid=1 ) LIMIT 1   [ RunTime:0.000468s ]
SQL: SELECT `league_name` FROM `lg_league_info` WHERE ( uid=1 ) LIMIT 1   [ RunTime:0.000462s ]
SQL: SELECT `league_name` FROM `lg_league_info` WHERE ( uid=1 ) LIMIT 1   [ RunTime:0.000469s ]
SQL: SELECT `league_name` FROM `lg_league_info` WHERE ( uid=1 ) LIMIT 1   [ RunTime:0.000593s ]
SQL: SELECT `league_name` FROM `lg_league_info` WHERE ( uid=1 ) LIMIT 1   [ RunTime:0.000571s ]
SQL: SELECT `league_name` FROM `lg_league_info` WHERE ( uid=1 ) LIMIT 1   [ RunTime:0.000533s ]
SQL: SELECT `league_name` FROM `lg_league_info` WHERE ( uid=1 ) LIMIT 1   [ RunTime:0.000488s ]
SQL: SELECT `league_name` FROM `lg_league_info` WHERE ( uid=1 ) LIMIT 1   [ RunTime:0.000466s ]

[ 2013-10-14T21:24:55+08:00 ] 127.0.0.1 /herald_league/index.php/Index/getMoreActivity.html
INFO: [ app_begin ] --START--
INFO: Run ReadHtmlCache Behavior [ RunTime:0.002714s ]
INFO: [ app_begin ] --END-- [ RunTime:0.003111s ]
NOTIC: 建议使用I方法替代_param
SQL: SHOW COLUMNS FROM `lg_activity_info` [ RunTime:0.013626s ]
NOTIC: 建议使用I方法替代_param
SQL: SELECT * FROM `lg_activity_info` WHERE ( id<17 ) ORDER BY id desc LIMIT 10   [ RunTime:0.003027s ]
SQL: SHOW COLUMNS FROM `lg_league_info` [ RunTime:0.011628s ]
SQL: SELECT `league_name` FROM `lg_league_info` WHERE ( uid=1 ) LIMIT 1   [ RunTime:0.002929s ]
SQL: SELECT `league_name` FROM `lg_league_info` WHERE ( uid=1 ) LIMIT 1   [ RunTime:0.000612s ]
SQL: SELECT `league_name` FROM `lg_league_info` WHERE ( uid=1 ) LIMIT 1   [ RunTime:0.000497s ]
SQL: SELECT `league_name` FROM `lg_league_info` WHERE ( uid=1 ) LIMIT 1   [ RunTime:0.000481s ]
SQL: SELECT `league_name` FROM `lg_league_info` WHERE ( uid=1 ) LIMIT 1   [ RunTime:0.000462s ]
SQL: SELECT `league_name` FROM `lg_league_info` WHERE ( uid=1 ) LIMIT 1   [ RunTime:0.000466s ]
SQL: SELECT `league_name` FROM `lg_league_info` WHERE ( uid=1 ) LIMIT 1   [ RunTime:0.000452s ]
SQL: SELECT `league_name` FROM `lg_league_info` WHERE ( uid=1 ) LIMIT 1   [ RunTime:0.000451s ]
SQL: SELECT `league_name` FROM `lg_league_info` WHERE ( uid=1 ) LIMIT 1   [ RunTime:0.000528s ]
SQL: SELECT `league_name` FROM `lg_league_info` WHERE ( uid=1 ) LIMIT 1   [ RunTime:0.000481s ]

[ 2013-10-14T21:25:48+08:00 ] 127.0.0.1 /herald_league/index.php/Index/getMoreActivity.html
INFO: [ app_begin ] --START--
INFO: Run ReadHtmlCache Behavior [ RunTime:0.003735s ]
INFO: [ app_begin ] --END-- [ RunTime:0.004099s ]
NOTIC: 建议使用I方法替代_param
SQL: SHOW COLUMNS FROM `lg_activity_info` [ RunTime:0.011325s ]
NOTIC: 建议使用I方法替代_param
SQL: SELECT * FROM `lg_activity_info` WHERE ( id<17 ) ORDER BY id desc LIMIT 10   [ RunTime:0.003549s ]
SQL: SHOW COLUMNS FROM `lg_league_info` [ RunTime:0.012834s ]
SQL: SELECT `league_name` FROM `lg_league_info` WHERE ( uid=1 ) LIMIT 1   [ RunTime:0.004535s ]
SQL: SELECT `league_name` FROM `lg_league_info` WHERE ( uid=1 ) LIMIT 1   [ RunTime:0.000850s ]
SQL: SELECT `league_name` FROM `lg_league_info` WHERE ( uid=1 ) LIMIT 1   [ RunTime:0.000777s ]
SQL: SELECT `league_name` FROM `lg_league_info` WHERE ( uid=1 ) LIMIT 1   [ RunTime:0.000829s ]
SQL: SELECT `league_name` FROM `lg_league_info` WHERE ( uid=1 ) LIMIT 1   [ RunTime:0.000917s ]
SQL: SELECT `league_name` FROM `lg_league_info` WHERE ( uid=1 ) LIMIT 1   [ RunTime:0.000886s ]
SQL: SELECT `league_name` FROM `lg_league_info` WHERE ( uid=1 ) LIMIT 1   [ RunTime:0.000994s ]
SQL: SELECT `league_name` FROM `lg_league_info` WHERE ( uid=1 ) LIMIT 1   [ RunTime:0.001044s ]
SQL: SELECT `league_name` FROM `lg_league_info` WHERE ( uid=1 ) LIMIT 1   [ RunTime:0.000984s ]
SQL: SELECT `league_name` FROM `lg_league_info` WHERE ( uid=1 ) LIMIT 1   [ RunTime:0.001812s ]

[ 2013-10-14T21:26:09+08:00 ] 127.0.0.1 /herald_league/index.php/Index/getMoreActivity.html
INFO: [ app_begin ] --START--
INFO: Run ReadHtmlCache Behavior [ RunTime:0.003447s ]
INFO: [ app_begin ] --END-- [ RunTime:0.003743s ]
NOTIC: 建议使用I方法替代_param
SQL: SHOW COLUMNS FROM `lg_activity_info` [ RunTime:0.011328s ]
NOTIC: 建议使用I方法替代_param
SQL: SELECT * FROM `lg_activity_info` WHERE ( id<17 ) ORDER BY id desc LIMIT 10   [ RunTime:0.002382s ]
SQL: SHOW COLUMNS FROM `lg_league_info` [ RunTime:0.010887s ]
SQL: SELECT `league_name` FROM `lg_league_info` WHERE ( uid=1 ) LIMIT 1   [ RunTime:0.003938s ]
SQL: SELECT `league_name` FROM `lg_league_info` WHERE ( uid=1 ) LIMIT 1   [ RunTime:0.000699s ]
SQL: SELECT `league_name` FROM `lg_league_info` WHERE ( uid=1 ) LIMIT 1   [ RunTime:0.000874s ]
SQL: SELECT `league_name` FROM `lg_league_info` WHERE ( uid=1 ) LIMIT 1   [ RunTime:0.000906s ]
SQL: SELECT `league_name` FROM `lg_league_info` WHERE ( uid=1 ) LIMIT 1   [ RunTime:0.000857s ]
SQL: SELECT `league_name` FROM `lg_league_info` WHERE ( uid=1 ) LIMIT 1   [ RunTime:0.000640s ]
SQL: SELECT `league_name` FROM `lg_league_info` WHERE ( uid=1 ) LIMIT 1   [ RunTime:0.000775s ]
SQL: SELECT `league_name` FROM `lg_league_info` WHERE ( uid=1 ) LIMIT 1   [ RunTime:0.000698s ]
SQL: SELECT `league_name` FROM `lg_league_info` WHERE ( uid=1 ) LIMIT 1   [ RunTime:0.000630s ]
SQL: SELECT `league_name` FROM `lg_league_info` WHERE ( uid=1 ) LIMIT 1   [ RunTime:0.000742s ]

[ 2013-10-14T21:28:50+08:00 ] 127.0.0.1 /herald_league/index.php/Index/getMoreActivity.html
INFO: [ app_begin ] --START--
INFO: Run ReadHtmlCache Behavior [ RunTime:0.004653s ]
INFO: [ app_begin ] --END-- [ RunTime:0.005037s ]
NOTIC: 建议使用I方法替代_param
SQL: SHOW COLUMNS FROM `lg_activity_info` [ RunTime:0.013368s ]
NOTIC: 建议使用I方法替代_param
SQL: SELECT * FROM `lg_activity_info` WHERE ( id<17 ) ORDER BY id desc LIMIT 10   [ RunTime:0.004594s ]
SQL: SHOW COLUMNS FROM `lg_league_info` [ RunTime:0.013673s ]
SQL: SELECT `league_name` FROM `lg_league_info` WHERE ( uid=1 ) LIMIT 1   [ RunTime:0.003417s ]
SQL: SELECT `league_name` FROM `lg_league_info` WHERE ( uid=1 ) LIMIT 1   [ RunTime:0.000834s ]
SQL: SELECT `league_name` FROM `lg_league_info` WHERE ( uid=1 ) LIMIT 1   [ RunTime:0.000693s ]
SQL: SELECT `league_name` FROM `lg_league_info` WHERE ( uid=1 ) LIMIT 1   [ RunTime:0.000678s ]
SQL: SELECT `league_name` FROM `lg_league_info` WHERE ( uid=1 ) LIMIT 1   [ RunTime:0.000677s ]
SQL: SELECT `league_name` FROM `lg_league_info` WHERE ( uid=1 ) LIMIT 1   [ RunTime:0.001082s ]
SQL: SELECT `league_name` FROM `lg_league_info` WHERE ( uid=1 ) LIMIT 1   [ RunTime:0.000804s ]
SQL: SELECT `league_name` FROM `lg_league_info` WHERE ( uid=1 ) LIMIT 1   [ RunTime:0.000753s ]
SQL: SELECT `league_name` FROM `lg_league_info` WHERE ( uid=1 ) LIMIT 1   [ RunTime:0.000624s ]
SQL: SELECT `league_name` FROM `lg_league_info` WHERE ( uid=1 ) LIMIT 1   [ RunTime:0.000624s ]

[ 2013-10-14T21:29:12+08:00 ] 127.0.0.1 /herald_league/index.php/Index/getMoreActivity.html
INFO: [ app_begin ] --START--
INFO: Run ReadHtmlCache Behavior [ RunTime:0.003492s ]
INFO: [ app_begin ] --END-- [ RunTime:0.003783s ]
NOTIC: 建议使用I方法替代_param
SQL: SHOW COLUMNS FROM `lg_activity_info` [ RunTime:0.008965s ]
NOTIC: 建议使用I方法替代_param
SQL: SELECT * FROM `lg_activity_info` WHERE ( id<17 ) ORDER BY id desc LIMIT 10   [ RunTime:0.003322s ]
SQL: SHOW COLUMNS FROM `lg_league_info` [ RunTime:0.008692s ]
SQL: SELECT `league_name` FROM `lg_league_info` WHERE ( uid=1 ) LIMIT 1   [ RunTime:0.004414s ]
SQL: SELECT `league_name` FROM `lg_league_info` WHERE ( uid=1 ) LIMIT 1   [ RunTime:0.000731s ]
SQL: SELECT `league_name` FROM `lg_league_info` WHERE ( uid=1 ) LIMIT 1   [ RunTime:0.000725s ]
SQL: SELECT `league_name` FROM `lg_league_info` WHERE ( uid=1 ) LIMIT 1   [ RunTime:0.000727s ]
SQL: SELECT `league_name` FROM `lg_league_info` WHERE ( uid=1 ) LIMIT 1   [ RunTime:0.000620s ]
SQL: SELECT `league_name` FROM `lg_league_info` WHERE ( uid=1 ) LIMIT 1   [ RunTime:0.000677s ]
SQL: SELECT `league_name` FROM `lg_league_info` WHERE ( uid=1 ) LIMIT 1   [ RunTime:0.000508s ]
SQL: SELECT `league_name` FROM `lg_league_info` WHERE ( uid=1 ) LIMIT 1   [ RunTime:0.000490s ]
SQL: SELECT `league_name` FROM `lg_league_info` WHERE ( uid=1 ) LIMIT 1   [ RunTime:0.000492s ]
SQL: SELECT `league_name` FROM `lg_league_info` WHERE ( uid=1 ) LIMIT 1   [ RunTime:0.000909s ]

[ 2013-10-14T21:30:58+08:00 ] 127.0.0.1 /herald_league/index.php/Index/getMoreActivity.html
INFO: [ app_begin ] --START--
INFO: Run ReadHtmlCache Behavior [ RunTime:0.005134s ]
INFO: [ app_begin ] --END-- [ RunTime:0.005518s ]
NOTIC: 建议使用I方法替代_param
SQL: SHOW COLUMNS FROM `lg_activity_info` [ RunTime:0.011275s ]
NOTIC: 建议使用I方法替代_param
SQL: SELECT * FROM `lg_activity_info` WHERE ( id<17 ) ORDER BY id desc LIMIT 10   [ RunTime:0.003469s ]
SQL: SHOW COLUMNS FROM `lg_league_info` [ RunTime:0.020976s ]
SQL: SELECT `league_name` FROM `lg_league_info` WHERE ( uid=1 ) LIMIT 1   [ RunTime:0.005121s ]
SQL: SELECT `league_name` FROM `lg_league_info` WHERE ( uid=1 ) LIMIT 1   [ RunTime:0.000817s ]
SQL: SELECT `league_name` FROM `lg_league_info` WHERE ( uid=1 ) LIMIT 1   [ RunTime:0.000971s ]
SQL: SELECT `league_name` FROM `lg_league_info` WHERE ( uid=1 ) LIMIT 1   [ RunTime:0.001131s ]
SQL: SELECT `league_name` FROM `lg_league_info` WHERE ( uid=1 ) LIMIT 1   [ RunTime:0.002097s ]
SQL: SELECT `league_name` FROM `lg_league_info` WHERE ( uid=1 ) LIMIT 1   [ RunTime:0.001172s ]
SQL: SELECT `league_name` FROM `lg_league_info` WHERE ( uid=1 ) LIMIT 1   [ RunTime:0.000867s ]
SQL: SELECT `league_name` FROM `lg_league_info` WHERE ( uid=1 ) LIMIT 1   [ RunTime:0.000871s ]
SQL: SELECT `league_name` FROM `lg_league_info` WHERE ( uid=1 ) LIMIT 1   [ RunTime:0.000977s ]
SQL: SELECT `league_name` FROM `lg_league_info` WHERE ( uid=1 ) LIMIT 1   [ RunTime:0.001604s ]

[ 2013-10-14T21:35:01+08:00 ] 127.0.0.1 /herald_league/index.php/Index/getMoreActivity.html
INFO: [ app_begin ] --START--
INFO: Run ReadHtmlCache Behavior [ RunTime:0.002388s ]
INFO: [ app_begin ] --END-- [ RunTime:0.002693s ]
NOTIC: 建议使用I方法替代_param
SQL: SHOW COLUMNS FROM `lg_activity_info` [ RunTime:0.012105s ]
NOTIC: 建议使用I方法替代_param
SQL: SELECT * FROM `lg_activity_info` WHERE ( id<17 ) ORDER BY id desc LIMIT 10   [ RunTime:0.004860s ]
SQL: SHOW COLUMNS FROM `lg_league_info` [ RunTime:0.008933s ]
SQL: SELECT `league_name` FROM `lg_league_info` WHERE ( uid=1 ) LIMIT 1   [ RunTime:0.003060s ]
SQL: SELECT `league_name` FROM `lg_league_info` WHERE ( uid=1 ) LIMIT 1   [ RunTime:0.000557s ]
SQL: SELECT `league_name` FROM `lg_league_info` WHERE ( uid=1 ) LIMIT 1   [ RunTime:0.000504s ]
SQL: SELECT `league_name` FROM `lg_league_info` WHERE ( uid=1 ) LIMIT 1   [ RunTime:0.000571s ]
SQL: SELECT `league_name` FROM `lg_league_info` WHERE ( uid=1 ) LIMIT 1   [ RunTime:0.000624s ]
SQL: SELECT `league_name` FROM `lg_league_info` WHERE ( uid=1 ) LIMIT 1   [ RunTime:0.000632s ]
SQL: SELECT `league_name` FROM `lg_league_info` WHERE ( uid=1 ) LIMIT 1   [ RunTime:0.000618s ]
SQL: SELECT `league_name` FROM `lg_league_info` WHERE ( uid=1 ) LIMIT 1   [ RunTime:0.000605s ]
SQL: SELECT `league_name` FROM `lg_league_info` WHERE ( uid=1 ) LIMIT 1   [ RunTime:0.000615s ]
SQL: SELECT `league_name` FROM `lg_league_info` WHERE ( uid=1 ) LIMIT 1   [ RunTime:0.000607s ]

[ 2013-10-14T21:35:04+08:00 ] 127.0.0.1 /herald_league/index.php/Index/getMoreActivity.html
INFO: [ app_begin ] --START--
INFO: Run ReadHtmlCache Behavior [ RunTime:0.001758s ]
INFO: [ app_begin ] --END-- [ RunTime:0.001983s ]
NOTIC: 建议使用I方法替代_param
SQL: SHOW COLUMNS FROM `lg_activity_info` [ RunTime:0.008053s ]
NOTIC: 建议使用I方法替代_param
SQL: SELECT * FROM `lg_activity_info` WHERE ( id<7 ) ORDER BY id desc LIMIT 10   [ RunTime:0.002424s ]
SQL: SHOW COLUMNS FROM `lg_league_info` [ RunTime:0.007887s ]
SQL: SELECT `league_name` FROM `lg_league_info` WHERE ( uid=3 ) LIMIT 1   [ RunTime:0.002309s ]
SQL: SELECT `league_name` FROM `lg_league_info` WHERE ( uid=1 ) LIMIT 1   [ RunTime:0.000669s ]
SQL: SELECT `league_name` FROM `lg_league_info` WHERE ( uid=2 ) LIMIT 1   [ RunTime:0.000654s ]
SQL: SELECT `league_name` FROM `lg_league_info` WHERE ( uid=1 ) LIMIT 1   [ RunTime:0.000655s ]
SQL: SELECT `league_name` FROM `lg_league_info` WHERE ( uid=1 ) LIMIT 1   [ RunTime:0.000639s ]
SQL: SELECT `league_name` FROM `lg_league_info` WHERE ( uid=1 ) LIMIT 1   [ RunTime:0.000672s ]

[ 2013-10-14T21:59:35+08:00 ] 127.0.0.1 /herald_league/index.php/Index/getMoreActivity.html
INFO: [ app_begin ] --START--
INFO: Run ReadHtmlCache Behavior [ RunTime:0.003008s ]
INFO: [ app_begin ] --END-- [ RunTime:0.003271s ]
NOTIC: 建议使用I方法替代_param
SQL: SHOW COLUMNS FROM `lg_activity_info` [ RunTime:0.012931s ]
NOTIC: 建议使用I方法替代_param
SQL: SELECT * FROM `lg_activity_info` WHERE ( id<17 ) ORDER BY id desc LIMIT 10   [ RunTime:0.002989s ]
SQL: SHOW COLUMNS FROM `lg_league_info` [ RunTime:0.009784s ]
SQL: SELECT `league_name` FROM `lg_league_info` WHERE ( uid=1 ) LIMIT 1   [ RunTime:0.002737s ]
SQL: SELECT `league_name` FROM `lg_league_info` WHERE ( uid=1 ) LIMIT 1   [ RunTime:0.000693s ]
SQL: SELECT `league_name` FROM `lg_league_info` WHERE ( uid=1 ) LIMIT 1   [ RunTime:0.000583s ]
SQL: SELECT `league_name` FROM `lg_league_info` WHERE ( uid=1 ) LIMIT 1   [ RunTime:0.000646s ]
SQL: SELECT `league_name` FROM `lg_league_info` WHERE ( uid=1 ) LIMIT 1   [ RunTime:0.000650s ]
SQL: SELECT `league_name` FROM `lg_league_info` WHERE ( uid=1 ) LIMIT 1   [ RunTime:0.000657s ]
SQL: SELECT `league_name` FROM `lg_league_info` WHERE ( uid=1 ) LIMIT 1   [ RunTime:0.000619s ]
SQL: SELECT `league_name` FROM `lg_league_info` WHERE ( uid=1 ) LIMIT 1   [ RunTime:0.000711s ]
SQL: SELECT `league_name` FROM `lg_league_info` WHERE ( uid=1 ) LIMIT 1   [ RunTime:0.000650s ]
SQL: SELECT `league_name` FROM `lg_league_info` WHERE ( uid=1 ) LIMIT 1   [ RunTime:0.000646s ]

[ 2013-10-14T21:59:41+08:00 ] 127.0.0.1 /herald_league/index.php/Index/getMoreActivity.html
INFO: [ app_begin ] --START--
INFO: Run ReadHtmlCache Behavior [ RunTime:0.001732s ]
INFO: [ app_begin ] --END-- [ RunTime:0.001962s ]
NOTIC: 建议使用I方法替代_param
SQL: SHOW COLUMNS FROM `lg_activity_info` [ RunTime:0.008015s ]
NOTIC: 建议使用I方法替代_param
SQL: SELECT * FROM `lg_activity_info` WHERE ( id<7 ) ORDER BY id desc LIMIT 10   [ RunTime:0.002553s ]
SQL: SHOW COLUMNS FROM `lg_league_info` [ RunTime:0.008007s ]
SQL: SELECT `league_name` FROM `lg_league_info` WHERE ( uid=3 ) LIMIT 1   [ RunTime:0.002219s ]
SQL: SELECT `league_name` FROM `lg_league_info` WHERE ( uid=1 ) LIMIT 1   [ RunTime:0.000659s ]
SQL: SELECT `league_name` FROM `lg_league_info` WHERE ( uid=2 ) LIMIT 1   [ RunTime:0.000643s ]
SQL: SELECT `league_name` FROM `lg_league_info` WHERE ( uid=1 ) LIMIT 1   [ RunTime:0.000648s ]
SQL: SELECT `league_name` FROM `lg_league_info` WHERE ( uid=1 ) LIMIT 1   [ RunTime:0.000616s ]
SQL: SELECT `league_name` FROM `lg_league_info` WHERE ( uid=1 ) LIMIT 1   [ RunTime:0.000664s ]

[ 2013-10-14T22:00:02+08:00 ] 127.0.0.1 /herald_league/index.php/Index/getMoreActivity.html
INFO: [ app_begin ] --START--
INFO: Run ReadHtmlCache Behavior [ RunTime:0.002002s ]
INFO: [ app_begin ] --END-- [ RunTime:0.002263s ]
NOTIC: 建议使用I方法替代_param
SQL: SHOW COLUMNS FROM `lg_activity_info` [ RunTime:0.010292s ]
NOTIC: 建议使用I方法替代_param
SQL: SELECT * FROM `lg_activity_info` WHERE ( id<17 ) ORDER BY id desc LIMIT 10   [ RunTime:0.009549s ]
SQL: SHOW COLUMNS FROM `lg_league_info` [ RunTime:0.010194s ]
SQL: SELECT `league_name` FROM `lg_league_info` WHERE ( uid=1 ) LIMIT 1   [ RunTime:0.005129s ]
SQL: SELECT `league_name` FROM `lg_league_info` WHERE ( uid=1 ) LIMIT 1   [ RunTime:0.000761s ]
SQL: SELECT `league_name` FROM `lg_league_info` WHERE ( uid=1 ) LIMIT 1   [ RunTime:0.000644s ]
SQL: SELECT `league_name` FROM `lg_league_info` WHERE ( uid=1 ) LIMIT 1   [ RunTime:0.000767s ]
SQL: SELECT `league_name` FROM `lg_league_info` WHERE ( uid=1 ) LIMIT 1   [ RunTime:0.005587s ]
SQL: SELECT `league_name` FROM `lg_league_info` WHERE ( uid=1 ) LIMIT 1   [ RunTime:0.001462s ]
SQL: SELECT `league_name` FROM `lg_league_info` WHERE ( uid=1 ) LIMIT 1   [ RunTime:0.000608s ]
SQL: SELECT `league_name` FROM `lg_league_info` WHERE ( uid=1 ) LIMIT 1   [ RunTime:0.000510s ]
SQL: SELECT `league_name` FROM `lg_league_info` WHERE ( uid=1 ) LIMIT 1   [ RunTime:0.000429s ]
SQL: SELECT `league_name` FROM `lg_league_info` WHERE ( uid=1 ) LIMIT 1   [ RunTime:0.000453s ]

[ 2013-10-14T22:01:13+08:00 ] 127.0.0.1 /herald_league/index.php/Index/getMoreActivity.html
INFO: [ app_begin ] --START--
INFO: Run ReadHtmlCache Behavior [ RunTime:0.004483s ]
INFO: [ app_begin ] --END-- [ RunTime:0.004949s ]
NOTIC: 建议使用I方法替代_param
SQL: SHOW COLUMNS FROM `lg_activity_info` [ RunTime:0.009848s ]
NOTIC: 建议使用I方法替代_param
SQL: SELECT * FROM `lg_activity_info` WHERE ( id<17 ) ORDER BY id desc LIMIT 10   [ RunTime:0.003412s ]
SQL: SHOW COLUMNS FROM `lg_league_info` [ RunTime:0.010312s ]
SQL: SELECT `league_name` FROM `lg_league_info` WHERE ( uid=1 ) LIMIT 1   [ RunTime:0.002333s ]
SQL: SELECT `league_name` FROM `lg_league_info` WHERE ( uid=1 ) LIMIT 1   [ RunTime:0.000679s ]
SQL: SELECT `league_name` FROM `lg_league_info` WHERE ( uid=1 ) LIMIT 1   [ RunTime:0.000661s ]
SQL: SELECT `league_name` FROM `lg_league_info` WHERE ( uid=1 ) LIMIT 1   [ RunTime:0.000642s ]
SQL: SELECT `league_name` FROM `lg_league_info` WHERE ( uid=1 ) LIMIT 1   [ RunTime:0.000722s ]
SQL: SELECT `league_name` FROM `lg_league_info` WHERE ( uid=1 ) LIMIT 1   [ RunTime:0.000694s ]
SQL: SELECT `league_name` FROM `lg_league_info` WHERE ( uid=1 ) LIMIT 1   [ RunTime:0.000566s ]
SQL: SELECT `league_name` FROM `lg_league_info` WHERE ( uid=1 ) LIMIT 1   [ RunTime:0.000549s ]
SQL: SELECT `league_name` FROM `lg_league_info` WHERE ( uid=1 ) LIMIT 1   [ RunTime:0.000494s ]
SQL: SELECT `league_name` FROM `lg_league_info` WHERE ( uid=1 ) LIMIT 1   [ RunTime:0.000665s ]

[ 2013-10-14T22:01:16+08:00 ] 127.0.0.1 /herald_league/index.php/Index/getMoreActivity.html
INFO: [ app_begin ] --START--
INFO: Run ReadHtmlCache Behavior [ RunTime:0.002018s ]
INFO: [ app_begin ] --END-- [ RunTime:0.002328s ]
NOTIC: 建议使用I方法替代_param
SQL: SHOW COLUMNS FROM `lg_activity_info` [ RunTime:0.008415s ]
NOTIC: 建议使用I方法替代_param
SQL: SELECT * FROM `lg_activity_info` WHERE ( id<7 ) ORDER BY id desc LIMIT 10   [ RunTime:0.002533s ]
SQL: SHOW COLUMNS FROM `lg_league_info` [ RunTime:0.008354s ]
SQL: SELECT `league_name` FROM `lg_league_info` WHERE ( uid=3 ) LIMIT 1   [ RunTime:0.002352s ]
SQL: SELECT `league_name` FROM `lg_league_info` WHERE ( uid=1 ) LIMIT 1   [ RunTime:0.000658s ]
SQL: SELECT `league_name` FROM `lg_league_info` WHERE ( uid=2 ) LIMIT 1   [ RunTime:0.000669s ]
SQL: SELECT `league_name` FROM `lg_league_info` WHERE ( uid=1 ) LIMIT 1   [ RunTime:0.000645s ]
SQL: SELECT `league_name` FROM `lg_league_info` WHERE ( uid=1 ) LIMIT 1   [ RunTime:0.000646s ]
SQL: SELECT `league_name` FROM `lg_league_info` WHERE ( uid=1 ) LIMIT 1   [ RunTime:0.000662s ]

[ 2013-10-14T22:01:19+08:00 ] 127.0.0.1 /herald_league/index.php/Index/getMoreActivity.html
INFO: [ app_begin ] --START--
INFO: Run ReadHtmlCache Behavior [ RunTime:0.001753s ]
INFO: [ app_begin ] --END-- [ RunTime:0.001977s ]
NOTIC: 建议使用I方法替代_param
SQL: SHOW COLUMNS FROM `lg_activity_info` [ RunTime:0.008650s ]
NOTIC: 建议使用I方法替代_param
SQL: SELECT * FROM `lg_activity_info` WHERE ( id<1 ) ORDER BY id desc LIMIT 10   [ RunTime:0.002317s ]
SQL: SHOW COLUMNS FROM `lg_league_info` [ RunTime:0.008445s ]
NOTIC: [2] Invalid argument supplied for foreach() D:\wamp\www\herald_league\herald_league\Lib\Model\ActivityInfoModel.class.php 第 34 行.

[ 2013-10-14T22:01:21+08:00 ] 127.0.0.1 /herald_league/index.php/Index/getClassActivity.html
INFO: [ app_begin ] --START--
INFO: Run ReadHtmlCache Behavior [ RunTime:0.001743s ]
INFO: [ app_begin ] --END-- [ RunTime:0.001976s ]
SQL: SHOW COLUMNS FROM `lg_activity_info` [ RunTime:0.008851s ]
NOTIC: 建议使用I方法替代_param
SQL: SELECT * FROM `lg_activity_info` WHERE ( class=1 )  [ RunTime:0.059188s ]

[ 2013-10-14T22:01:22+08:00 ] 127.0.0.1 /herald_league/index.php/Index/getMoreActivity.html
INFO: [ app_begin ] --START--
INFO: Run ReadHtmlCache Behavior [ RunTime:0.002977s ]
INFO: [ app_begin ] --END-- [ RunTime:0.003244s ]
NOTIC: 建议使用I方法替代_param
SQL: SHOW COLUMNS FROM `lg_activity_info` [ RunTime:0.008207s ]
NOTIC: 建议使用I方法替代_param
SQL: SELECT * FROM `lg_activity_info` WHERE ( id<17 AND class=1 ) ORDER BY id desc LIMIT 10   [ RunTime:0.002696s ]
SQL: SHOW COLUMNS FROM `lg_league_info` [ RunTime:0.008015s ]
SQL: SELECT `league_name` FROM `lg_league_info` WHERE ( uid=1 ) LIMIT 1   [ RunTime:0.002369s ]
SQL: SELECT `league_name` FROM `lg_league_info` WHERE ( uid=1 ) LIMIT 1   [ RunTime:0.000665s ]
SQL: SELECT `league_name` FROM `lg_league_info` WHERE ( uid=1 ) LIMIT 1   [ RunTime:0.000670s ]
SQL: SELECT `league_name` FROM `lg_league_info` WHERE ( uid=1 ) LIMIT 1   [ RunTime:0.000589s ]
SQL: SELECT `league_name` FROM `lg_league_info` WHERE ( uid=1 ) LIMIT 1   [ RunTime:0.000608s ]
SQL: SELECT `league_name` FROM `lg_league_info` WHERE ( uid=1 ) LIMIT 1   [ RunTime:0.000599s ]
SQL: SELECT `league_name` FROM `lg_league_info` WHERE ( uid=1 ) LIMIT 1   [ RunTime:0.000642s ]
SQL: SELECT `league_name` FROM `lg_league_info` WHERE ( uid=1 ) LIMIT 1   [ RunTime:0.000703s ]
SQL: SELECT `league_name` FROM `lg_league_info` WHERE ( uid=1 ) LIMIT 1   [ RunTime:0.000652s ]
SQL: SELECT `league_name` FROM `lg_league_info` WHERE ( uid=1 ) LIMIT 1   [ RunTime:0.000639s ]

[ 2013-10-14T22:01:26+08:00 ] 127.0.0.1 /herald_league/index.php/Index/getMoreActivity.html
INFO: [ app_begin ] --START--
INFO: Run ReadHtmlCache Behavior [ RunTime:0.001751s ]
INFO: [ app_begin ] --END-- [ RunTime:0.001982s ]
NOTIC: 建议使用I方法替代_param
SQL: SHOW COLUMNS FROM `lg_activity_info` [ RunTime:0.008278s ]
NOTIC: 建议使用I方法替代_param
SQL: SELECT * FROM `lg_activity_info` WHERE ( id<17 AND class=2 ) ORDER BY id desc LIMIT 10   [ RunTime:0.002478s ]
SQL: SHOW COLUMNS FROM `lg_league_info` [ RunTime:0.007961s ]
SQL: SELECT `league_name` FROM `lg_league_info` WHERE ( uid=1 ) LIMIT 1   [ RunTime:0.002441s ]

[ 2013-10-14T22:01:26+08:00 ] 127.0.0.1 /herald_league/index.php/Index/getClassActivity.html
INFO: [ app_begin ] --START--
INFO: Run ReadHtmlCache Behavior [ RunTime:0.001765s ]
INFO: [ app_begin ] --END-- [ RunTime:0.001994s ]
SQL: SHOW COLUMNS FROM `lg_activity_info` [ RunTime:0.008923s ]
NOTIC: 建议使用I方法替代_param
SQL: SELECT * FROM `lg_activity_info` WHERE ( class=2 )  [ RunTime:0.004202s ]

[ 2013-10-14T22:01:27+08:00 ] 127.0.0.1 /herald_league/index.php/Index/getClassActivity.html
INFO: [ app_begin ] --START--
INFO: Run ReadHtmlCache Behavior [ RunTime:0.001716s ]
INFO: [ app_begin ] --END-- [ RunTime:0.001951s ]
SQL: SHOW COLUMNS FROM `lg_activity_info` [ RunTime:0.008031s ]
NOTIC: 建议使用I方法替代_param
SQL: SELECT * FROM `lg_activity_info` WHERE ( class=3 )  [ RunTime:0.002964s ]

[ 2013-10-14T22:01:27+08:00 ] 127.0.0.1 /herald_league/index.php/Index/getMoreActivity.html
INFO: [ app_begin ] --START--
INFO: Run ReadHtmlCache Behavior [ RunTime:0.001764s ]
INFO: [ app_begin ] --END-- [ RunTime:0.001992s ]
NOTIC: 建议使用I方法替代_param
SQL: SHOW COLUMNS FROM `lg_activity_info` [ RunTime:0.007890s ]
NOTIC: 建议使用I方法替代_param
SQL: SELECT * FROM `lg_activity_info` WHERE ( id<17 AND class=3 ) ORDER BY id desc LIMIT 10   [ RunTime:0.002548s ]
SQL: SHOW COLUMNS FROM `lg_league_info` [ RunTime:0.007872s ]
SQL: SELECT `league_name` FROM `lg_league_info` WHERE ( uid=1 ) LIMIT 1   [ RunTime:0.002291s ]

[ 2013-10-14T22:01:29+08:00 ] 127.0.0.1 /herald_league/index.php/Index/getClassActivity.html
INFO: [ app_begin ] --START--
INFO: Run ReadHtmlCache Behavior [ RunTime:0.001747s ]
INFO: [ app_begin ] --END-- [ RunTime:0.001971s ]
SQL: SHOW COLUMNS FROM `lg_activity_info` [ RunTime:0.008066s ]
NOTIC: 建议使用I方法替代_param
SQL: SELECT * FROM `lg_activity_info` WHERE ( class=4 )  [ RunTime:0.002383s ]

[ 2013-10-14T22:01:29+08:00 ] 127.0.0.1 /herald_league/index.php/Index/getMoreActivity.html
INFO: [ app_begin ] --START--
INFO: Run ReadHtmlCache Behavior [ RunTime:0.001748s ]
INFO: [ app_begin ] --END-- [ RunTime:0.002182s ]
NOTIC: 建议使用I方法替代_param
SQL: SHOW COLUMNS FROM `lg_activity_info` [ RunTime:0.007935s ]
NOTIC: 建议使用I方法替代_param
SQL: SELECT * FROM `lg_activity_info` WHERE ( id<17 AND class=4 ) ORDER BY id desc LIMIT 10   [ RunTime:0.002968s ]
SQL: SHOW COLUMNS FROM `lg_league_info` [ RunTime:0.008279s ]
NOTIC: [2] Invalid argument supplied for foreach() D:\wamp\www\herald_league\herald_league\Lib\Model\ActivityInfoModel.class.php 第 34 行.

[ 2013-10-14T22:01:32+08:00 ] 127.0.0.1 /herald_league/index.php/Index/getClassActivity.html
INFO: [ app_begin ] --START--
INFO: Run ReadHtmlCache Behavior [ RunTime:0.001744s ]
INFO: [ app_begin ] --END-- [ RunTime:0.001971s ]
SQL: SHOW COLUMNS FROM `lg_activity_info` [ RunTime:0.011346s ]
NOTIC: 建议使用I方法替代_param
SQL: SELECT * FROM `lg_activity_info` WHERE ( class=5 )  [ RunTime:0.000848s ]

[ 2013-10-14T22:01:32+08:00 ] 127.0.0.1 /herald_league/index.php/Index/getMoreActivity.html
INFO: [ app_begin ] --START--
INFO: Run ReadHtmlCache Behavior [ RunTime:0.001736s ]
INFO: [ app_begin ] --END-- [ RunTime:0.001965s ]
NOTIC: 建议使用I方法替代_param
SQL: SHOW COLUMNS FROM `lg_activity_info` [ RunTime:0.008265s ]
NOTIC: 建议使用I方法替代_param
SQL: SELECT * FROM `lg_activity_info` WHERE ( id<17 AND class=5 ) ORDER BY id desc LIMIT 10   [ RunTime:0.002531s ]
SQL: SHOW COLUMNS FROM `lg_league_info` [ RunTime:0.008008s ]
NOTIC: [2] Invalid argument supplied for foreach() D:\wamp\www\herald_league\herald_league\Lib\Model\ActivityInfoModel.class.php 第 34 行.

[ 2013-10-14T22:01:35+08:00 ] 127.0.0.1 /herald_league/index.php/Index/getClassActivity.html
INFO: [ app_begin ] --START--
INFO: Run ReadHtmlCache Behavior [ RunTime:0.001767s ]
INFO: [ app_begin ] --END-- [ RunTime:0.002008s ]
SQL: SHOW COLUMNS FROM `lg_activity_info` [ RunTime:0.007871s ]
NOTIC: 建议使用I方法替代_param
SQL: SELECT * FROM `lg_activity_info` WHERE ( class=6 )  [ RunTime:0.002638s ]

[ 2013-10-14T22:01:35+08:00 ] 127.0.0.1 /herald_league/index.php/Index/getMoreActivity.html
INFO: [ app_begin ] --START--
INFO: Run ReadHtmlCache Behavior [ RunTime:0.001713s ]
INFO: [ app_begin ] --END-- [ RunTime:0.001943s ]
NOTIC: 建议使用I方法替代_param
SQL: SHOW COLUMNS FROM `lg_activity_info` [ RunTime:0.008312s ]
NOTIC: 建议使用I方法替代_param
SQL: SELECT * FROM `lg_activity_info` WHERE ( id<17 AND class=6 ) ORDER BY id desc LIMIT 10   [ RunTime:0.002457s ]
SQL: SHOW COLUMNS FROM `lg_league_info` [ RunTime:0.008119s ]
NOTIC: [2] Invalid argument supplied for foreach() D:\wamp\www\herald_league\herald_league\Lib\Model\ActivityInfoModel.class.php 第 34 行.

[ 2013-10-14T22:01:36+08:00 ] 127.0.0.1 /herald_league/index.php/Index/getClassActivity.html
INFO: [ app_begin ] --START--
INFO: Run ReadHtmlCache Behavior [ RunTime:0.001773s ]
INFO: [ app_begin ] --END-- [ RunTime:0.002008s ]
SQL: SHOW COLUMNS FROM `lg_activity_info` [ RunTime:0.009278s ]
NOTIC: 建议使用I方法替代_param
SQL: SELECT * FROM `lg_activity_info` WHERE ( class=5 )  [ RunTime:0.005022s ]

[ 2013-10-14T22:01:36+08:00 ] 127.0.0.1 /herald_league/index.php/Index/getMoreActivity.html
INFO: [ app_begin ] --START--
INFO: Run ReadHtmlCache Behavior [ RunTime:0.001780s ]
INFO: [ app_begin ] --END-- [ RunTime:0.002025s ]
NOTIC: 建议使用I方法替代_param
SQL: SHOW COLUMNS FROM `lg_activity_info` [ RunTime:0.008442s ]
NOTIC: 建议使用I方法替代_param
SQL: SELECT * FROM `lg_activity_info` WHERE ( id<17 AND class=5 ) ORDER BY id desc LIMIT 10   [ RunTime:0.003622s ]
SQL: SHOW COLUMNS FROM `lg_league_info` [ RunTime:0.008368s ]
NOTIC: [2] Invalid argument supplied for foreach() D:\wamp\www\herald_league\herald_league\Lib\Model\ActivityInfoModel.class.php 第 34 行.

[ 2013-10-14T22:01:37+08:00 ] 127.0.0.1 /herald_league/index.php/Index/getClassActivity.html
INFO: [ app_begin ] --START--
INFO: Run ReadHtmlCache Behavior [ RunTime:0.001747s ]
INFO: [ app_begin ] --END-- [ RunTime:0.001985s ]
SQL: SHOW COLUMNS FROM `lg_activity_info` [ RunTime:0.008167s ]
NOTIC: 建议使用I方法替代_param
SQL: SELECT * FROM `lg_activity_info` WHERE ( class=4 )  [ RunTime:0.002222s ]

[ 2013-10-14T22:01:37+08:00 ] 127.0.0.1 /herald_league/index.php/Index/getMoreActivity.html
INFO: [ app_begin ] --START--
INFO: Run ReadHtmlCache Behavior [ RunTime:0.001946s ]
INFO: [ app_begin ] --END-- [ RunTime:0.002180s ]
NOTIC: 建议使用I方法替代_param
SQL: SHOW COLUMNS FROM `lg_activity_info` [ RunTime:0.007954s ]
NOTIC: 建议使用I方法替代_param
SQL: SELECT * FROM `lg_activity_info` WHERE ( id<17 AND class=4 ) ORDER BY id desc LIMIT 10   [ RunTime:0.002406s ]
SQL: SHOW COLUMNS FROM `lg_league_info` [ RunTime:0.008009s ]
NOTIC: [2] Invalid argument supplied for foreach() D:\wamp\www\herald_league\herald_league\Lib\Model\ActivityInfoModel.class.php 第 34 行.

[ 2013-10-14T22:01:39+08:00 ] 127.0.0.1 /herald_league/index.php/Index/getClassActivity.html
INFO: [ app_begin ] --START--
INFO: Run ReadHtmlCache Behavior [ RunTime:0.002395s ]
INFO: [ app_begin ] --END-- [ RunTime:0.003627s ]
SQL: SHOW COLUMNS FROM `lg_activity_info` [ RunTime:0.008601s ]
NOTIC: 建议使用I方法替代_param
SQL: SELECT * FROM `lg_activity_info` WHERE ( class=9 )  [ RunTime:0.002472s ]

[ 2013-10-14T22:01:39+08:00 ] 127.0.0.1 /herald_league/index.php/Index/getMoreActivity.html
INFO: [ app_begin ] --START--
INFO: Run ReadHtmlCache Behavior [ RunTime:0.001788s ]
INFO: [ app_begin ] --END-- [ RunTime:0.002037s ]
NOTIC: 建议使用I方法替代_param
SQL: SHOW COLUMNS FROM `lg_activity_info` [ RunTime:0.007807s ]
NOTIC: 建议使用I方法替代_param
SQL: SELECT * FROM `lg_activity_info` WHERE ( id<17 AND class=9 ) ORDER BY id desc LIMIT 10   [ RunTime:0.002247s ]
SQL: SHOW COLUMNS FROM `lg_league_info` [ RunTime:0.008021s ]
NOTIC: [2] Invalid argument supplied for foreach() D:\wamp\www\herald_league\herald_league\Lib\Model\ActivityInfoModel.class.php 第 34 行.

[ 2013-10-14T22:01:40+08:00 ] 127.0.0.1 /herald_league/index.php/Index/getClassActivity.html
INFO: [ app_begin ] --START--
INFO: Run ReadHtmlCache Behavior [ RunTime:0.001793s ]
INFO: [ app_begin ] --END-- [ RunTime:0.002053s ]
SQL: SHOW COLUMNS FROM `lg_activity_info` [ RunTime:0.007978s ]
NOTIC: 建议使用I方法替代_param
SQL: SELECT * FROM `lg_activity_info` WHERE ( class=2 )  [ RunTime:0.002542s ]

[ 2013-10-14T22:01:40+08:00 ] 127.0.0.1 /herald_league/index.php/Index/getMoreActivity.html
INFO: [ app_begin ] --START--
INFO: Run ReadHtmlCache Behavior [ RunTime:0.002382s ]
INFO: [ app_begin ] --END-- [ RunTime:0.002639s ]
NOTIC: 建议使用I方法替代_param
SQL: SHOW COLUMNS FROM `lg_activity_info` [ RunTime:0.008190s ]
NOTIC: 建议使用I方法替代_param
SQL: SELECT * FROM `lg_activity_info` WHERE ( id<17 AND class=2 ) ORDER BY id desc LIMIT 10   [ RunTime:0.002551s ]
SQL: SHOW COLUMNS FROM `lg_league_info` [ RunTime:0.008032s ]
SQL: SELECT `league_name` FROM `lg_league_info` WHERE ( uid=1 ) LIMIT 1   [ RunTime:0.002322s ]

[ 2013-10-14T22:01:41+08:00 ] 127.0.0.1 /herald_league/index.php/Index/getClassActivity.html
INFO: [ app_begin ] --START--
INFO: Run ReadHtmlCache Behavior [ RunTime:0.001743s ]
INFO: [ app_begin ] --END-- [ RunTime:0.001976s ]
SQL: SHOW COLUMNS FROM `lg_activity_info` [ RunTime:0.008090s ]
NOTIC: 建议使用I方法替代_param
SQL: SELECT * FROM `lg_activity_info` WHERE ( class=1 )  [ RunTime:0.002646s ]

[ 2013-10-14T22:01:41+08:00 ] 127.0.0.1 /herald_league/index.php/Index/getMoreActivity.html
INFO: [ app_begin ] --START--
INFO: Run ReadHtmlCache Behavior [ RunTime:0.001943s ]
INFO: [ app_begin ] --END-- [ RunTime:0.002182s ]
NOTIC: 建议使用I方法替代_param
SQL: SHOW COLUMNS FROM `lg_activity_info` [ RunTime:0.008298s ]
NOTIC: 建议使用I方法替代_param
SQL: SELECT * FROM `lg_activity_info` WHERE ( id<17 AND class=1 ) ORDER BY id desc LIMIT 10   [ RunTime:0.002443s ]
SQL: SHOW COLUMNS FROM `lg_league_info` [ RunTime:0.008349s ]
SQL: SELECT `league_name` FROM `lg_league_info` WHERE ( uid=1 ) LIMIT 1   [ RunTime:0.002456s ]
SQL: SELECT `league_name` FROM `lg_league_info` WHERE ( uid=1 ) LIMIT 1   [ RunTime:0.000671s ]
SQL: SELECT `league_name` FROM `lg_league_info` WHERE ( uid=1 ) LIMIT 1   [ RunTime:0.000637s ]
SQL: SELECT `league_name` FROM `lg_league_info` WHERE ( uid=1 ) LIMIT 1   [ RunTime:0.000651s ]
SQL: SELECT `league_name` FROM `lg_league_info` WHERE ( uid=1 ) LIMIT 1   [ RunTime:0.000647s ]
SQL: SELECT `league_name` FROM `lg_league_info` WHERE ( uid=1 ) LIMIT 1   [ RunTime:0.000645s ]
SQL: SELECT `league_name` FROM `lg_league_info` WHERE ( uid=1 ) LIMIT 1   [ RunTime:0.000651s ]
SQL: SELECT `league_name` FROM `lg_league_info` WHERE ( uid=1 ) LIMIT 1   [ RunTime:0.000766s ]
SQL: SELECT `league_name` FROM `lg_league_info` WHERE ( uid=1 ) LIMIT 1   [ RunTime:0.000621s ]
SQL: SELECT `league_name` FROM `lg_league_info` WHERE ( uid=1 ) LIMIT 1   [ RunTime:0.000617s ]

[ 2013-10-14T22:01:44+08:00 ] 127.0.0.1 /herald_league/index.php/Index/getClassActivity.html
INFO: [ app_begin ] --START--
INFO: Run ReadHtmlCache Behavior [ RunTime:0.001771s ]
INFO: [ app_begin ] --END-- [ RunTime:0.002004s ]
SQL: SHOW COLUMNS FROM `lg_activity_info` [ RunTime:0.008128s ]
NOTIC: 建议使用I方法替代_param
SQL: SELECT * FROM `lg_activity_info` WHERE ( class=2 )  [ RunTime:0.002438s ]

[ 2013-10-14T22:01:44+08:00 ] 127.0.0.1 /herald_league/index.php/Index/getMoreActivity.html
INFO: [ app_begin ] --START--
INFO: Run ReadHtmlCache Behavior [ RunTime:0.001876s ]
INFO: [ app_begin ] --END-- [ RunTime:0.002106s ]
NOTIC: 建议使用I方法替代_param
SQL: SHOW COLUMNS FROM `lg_activity_info` [ RunTime:0.007886s ]
NOTIC: 建议使用I方法替代_param
SQL: SELECT * FROM `lg_activity_info` WHERE ( id<17 AND class=2 ) ORDER BY id desc LIMIT 10   [ RunTime:0.002601s ]
SQL: SHOW COLUMNS FROM `lg_league_info` [ RunTime:0.008565s ]
SQL: SELECT `league_name` FROM `lg_league_info` WHERE ( uid=1 ) LIMIT 1   [ RunTime:0.002914s ]

[ 2013-10-14T22:01:45+08:00 ] 127.0.0.1 /herald_league/index.php/Index/getMoreActivity.html
INFO: [ app_begin ] --START--
INFO: Run ReadHtmlCache Behavior [ RunTime:0.002036s ]
INFO: [ app_begin ] --END-- [ RunTime:0.002365s ]
NOTIC: 建议使用I方法替代_param
SQL: SHOW COLUMNS FROM `lg_activity_info` [ RunTime:0.011747s ]
NOTIC: 建议使用I方法替代_param
SQL: SELECT * FROM `lg_activity_info` WHERE ( id<17 ) ORDER BY id desc LIMIT 10   [ RunTime:0.001114s ]
SQL: SHOW COLUMNS FROM `lg_league_info` [ RunTime:0.008511s ]
SQL: SELECT `league_name` FROM `lg_league_info` WHERE ( uid=1 ) LIMIT 1   [ RunTime:0.002319s ]
SQL: SELECT `league_name` FROM `lg_league_info` WHERE ( uid=1 ) LIMIT 1   [ RunTime:0.000667s ]
SQL: SELECT `league_name` FROM `lg_league_info` WHERE ( uid=1 ) LIMIT 1   [ RunTime:0.000648s ]
SQL: SELECT `league_name` FROM `lg_league_info` WHERE ( uid=1 ) LIMIT 1   [ RunTime:0.000642s ]
SQL: SELECT `league_name` FROM `lg_league_info` WHERE ( uid=1 ) LIMIT 1   [ RunTime:0.000661s ]
SQL: SELECT `league_name` FROM `lg_league_info` WHERE ( uid=1 ) LIMIT 1   [ RunTime:0.000650s ]
SQL: SELECT `league_name` FROM `lg_league_info` WHERE ( uid=1 ) LIMIT 1   [ RunTime:0.000654s ]
SQL: SELECT `league_name` FROM `lg_league_info` WHERE ( uid=1 ) LIMIT 1   [ RunTime:0.000647s ]
SQL: SELECT `league_name` FROM `lg_league_info` WHERE ( uid=1 ) LIMIT 1   [ RunTime:0.000650s ]
SQL: SELECT `league_name` FROM `lg_league_info` WHERE ( uid=1 ) LIMIT 1   [ RunTime:0.000608s ]

[ 2013-10-14T22:13:59+08:00 ] 127.0.0.1 /herald_league/index.php/Index/getMoreActivity.html
INFO: [ app_begin ] --START--
INFO: Run ReadHtmlCache Behavior [ RunTime:0.003123s ]
INFO: [ app_begin ] --END-- [ RunTime:0.003379s ]
NOTIC: 建议使用I方法替代_param
SQL: SHOW COLUMNS FROM `lg_activity_info` [ RunTime:0.010006s ]
NOTIC: 建议使用I方法替代_param
SQL: SELECT * FROM `lg_activity_info` WHERE ( id<17 ) ORDER BY id desc LIMIT 10   [ RunTime:0.002812s ]
SQL: SHOW COLUMNS FROM `lg_league_info` [ RunTime:0.008730s ]
SQL: SELECT `league_name` FROM `lg_league_info` WHERE ( uid=1 ) LIMIT 1   [ RunTime:0.002704s ]
SQL: SELECT `league_name` FROM `lg_league_info` WHERE ( uid=1 ) LIMIT 1   [ RunTime:0.000654s ]
SQL: SELECT `league_name` FROM `lg_league_info` WHERE ( uid=1 ) LIMIT 1   [ RunTime:0.000633s ]
SQL: SELECT `league_name` FROM `lg_league_info` WHERE ( uid=1 ) LIMIT 1   [ RunTime:0.000564s ]
SQL: SELECT `league_name` FROM `lg_league_info` WHERE ( uid=1 ) LIMIT 1   [ RunTime:0.000688s ]
SQL: SELECT `league_name` FROM `lg_league_info` WHERE ( uid=1 ) LIMIT 1   [ RunTime:0.000662s ]
SQL: SELECT `league_name` FROM `lg_league_info` WHERE ( uid=1 ) LIMIT 1   [ RunTime:0.000636s ]
SQL: SELECT `league_name` FROM `lg_league_info` WHERE ( uid=1 ) LIMIT 1   [ RunTime:0.000659s ]
SQL: SELECT `league_name` FROM `lg_league_info` WHERE ( uid=1 ) LIMIT 1   [ RunTime:0.000701s ]
SQL: SELECT `league_name` FROM `lg_league_info` WHERE ( uid=1 ) LIMIT 1   [ RunTime:0.000688s ]

[ 2013-10-14T22:19:12+08:00 ] 127.0.0.1 /herald_league/index.php/Index/getMoreActivity.html
INFO: [ app_begin ] --START--
INFO: Run ReadHtmlCache Behavior [ RunTime:0.003006s ]
INFO: [ app_begin ] --END-- [ RunTime:0.003252s ]
NOTIC: 建议使用I方法替代_param
SQL: SHOW COLUMNS FROM `lg_activity_info` [ RunTime:0.009040s ]
NOTIC: 建议使用I方法替代_param
SQL: SELECT * FROM `lg_activity_info` WHERE ( id<17 ) ORDER BY id desc LIMIT 10   [ RunTime:0.002577s ]
SQL: SHOW COLUMNS FROM `lg_league_info` [ RunTime:0.009426s ]
SQL: SELECT `league_name` FROM `lg_league_info` WHERE ( uid=1 ) LIMIT 1   [ RunTime:0.005816s ]
SQL: SELECT `league_name` FROM `lg_league_info` WHERE ( uid=1 ) LIMIT 1   [ RunTime:0.000692s ]
SQL: SELECT `league_name` FROM `lg_league_info` WHERE ( uid=1 ) LIMIT 1   [ RunTime:0.000648s ]
SQL: SELECT `league_name` FROM `lg_league_info` WHERE ( uid=1 ) LIMIT 1   [ RunTime:0.000645s ]
SQL: SELECT `league_name` FROM `lg_league_info` WHERE ( uid=1 ) LIMIT 1   [ RunTime:0.000655s ]
SQL: SELECT `league_name` FROM `lg_league_info` WHERE ( uid=1 ) LIMIT 1   [ RunTime:0.000658s ]
SQL: SELECT `league_name` FROM `lg_league_info` WHERE ( uid=1 ) LIMIT 1   [ RunTime:0.000646s ]
SQL: SELECT `league_name` FROM `lg_league_info` WHERE ( uid=1 ) LIMIT 1   [ RunTime:0.000648s ]
SQL: SELECT `league_name` FROM `lg_league_info` WHERE ( uid=1 ) LIMIT 1   [ RunTime:0.000659s ]
SQL: SELECT `league_name` FROM `lg_league_info` WHERE ( uid=1 ) LIMIT 1   [ RunTime:0.000610s ]

[ 2013-10-14T22:19:16+08:00 ] 127.0.0.1 /herald_league/index.php/Index/getMoreActivity.html
INFO: [ app_begin ] --START--
INFO: Run ReadHtmlCache Behavior [ RunTime:0.001731s ]
INFO: [ app_begin ] --END-- [ RunTime:0.001956s ]
NOTIC: 建议使用I方法替代_param
SQL: SHOW COLUMNS FROM `lg_activity_info` [ RunTime:0.008247s ]
NOTIC: 建议使用I方法替代_param
SQL: SELECT * FROM `lg_activity_info` WHERE ( id<7 ) ORDER BY id desc LIMIT 10   [ RunTime:0.002300s ]
SQL: SHOW COLUMNS FROM `lg_league_info` [ RunTime:0.008856s ]
SQL: SELECT `league_name` FROM `lg_league_info` WHERE ( uid=3 ) LIMIT 1   [ RunTime:0.003963s ]
SQL: SELECT `league_name` FROM `lg_league_info` WHERE ( uid=1 ) LIMIT 1   [ RunTime:0.000526s ]
SQL: SELECT `league_name` FROM `lg_league_info` WHERE ( uid=2 ) LIMIT 1   [ RunTime:0.000572s ]
SQL: SELECT `league_name` FROM `lg_league_info` WHERE ( uid=1 ) LIMIT 1   [ RunTime:0.000540s ]
SQL: SELECT `league_name` FROM `lg_league_info` WHERE ( uid=1 ) LIMIT 1   [ RunTime:0.000738s ]
SQL: SELECT `league_name` FROM `lg_league_info` WHERE ( uid=1 ) LIMIT 1   [ RunTime:0.000539s ]

[ 2013-10-14T22:19:18+08:00 ] 127.0.0.1 /herald_league/index.php/Index/getMoreActivity.html
INFO: [ app_begin ] --START--
INFO: Run ReadHtmlCache Behavior [ RunTime:0.001774s ]
INFO: [ app_begin ] --END-- [ RunTime:0.002007s ]
NOTIC: 建议使用I方法替代_param
SQL: SHOW COLUMNS FROM `lg_activity_info` [ RunTime:0.008103s ]
NOTIC: 建议使用I方法替代_param
SQL: SELECT * FROM `lg_activity_info` WHERE ( id<1 ) ORDER BY id desc LIMIT 10   [ RunTime:0.002383s ]
SQL: SHOW COLUMNS FROM `lg_league_info` [ RunTime:0.008018s ]
NOTIC: [2] Invalid argument supplied for foreach() D:\wamp\www\herald_league\herald_league\Lib\Model\ActivityInfoModel.class.php 第 34 行.

[ 2013-10-14T22:20:05+08:00 ] 127.0.0.1 /herald_league/index.php/Index/getMoreActivity.html
INFO: [ app_begin ] --START--
INFO: Run ReadHtmlCache Behavior [ RunTime:0.001775s ]
INFO: [ app_begin ] --END-- [ RunTime:0.002021s ]
NOTIC: 建议使用I方法替代_param
SQL: SHOW COLUMNS FROM `lg_activity_info` [ RunTime:0.008164s ]
NOTIC: 建议使用I方法替代_param
SQL: SELECT * FROM `lg_activity_info` WHERE ( id<17 AND class=1 ) ORDER BY id desc LIMIT 10   [ RunTime:0.002488s ]
SQL: SHOW COLUMNS FROM `lg_league_info` [ RunTime:0.008474s ]
SQL: SELECT `league_name` FROM `lg_league_info` WHERE ( uid=1 ) LIMIT 1   [ RunTime:0.003006s ]
SQL: SELECT `league_name` FROM `lg_league_info` WHERE ( uid=1 ) LIMIT 1   [ RunTime:0.000708s ]
SQL: SELECT `league_name` FROM `lg_league_info` WHERE ( uid=1 ) LIMIT 1   [ RunTime:0.000623s ]
SQL: SELECT `league_name` FROM `lg_league_info` WHERE ( uid=1 ) LIMIT 1   [ RunTime:0.000652s ]
SQL: SELECT `league_name` FROM `lg_league_info` WHERE ( uid=1 ) LIMIT 1   [ RunTime:0.000640s ]
SQL: SELECT `league_name` FROM `lg_league_info` WHERE ( uid=1 ) LIMIT 1   [ RunTime:0.000641s ]
SQL: SELECT `league_name` FROM `lg_league_info` WHERE ( uid=1 ) LIMIT 1   [ RunTime:0.000649s ]
SQL: SELECT `league_name` FROM `lg_league_info` WHERE ( uid=1 ) LIMIT 1   [ RunTime:0.000624s ]
SQL: SELECT `league_name` FROM `lg_league_info` WHERE ( uid=1 ) LIMIT 1   [ RunTime:0.000648s ]
SQL: SELECT `league_name` FROM `lg_league_info` WHERE ( uid=1 ) LIMIT 1   [ RunTime:0.000633s ]

[ 2013-10-14T22:20:05+08:00 ] 127.0.0.1 /herald_league/index.php/Index/getClassActivity.html
INFO: [ app_begin ] --START--
INFO: Run ReadHtmlCache Behavior [ RunTime:0.006813s ]
INFO: [ app_begin ] --END-- [ RunTime:0.007128s ]
SQL: SHOW COLUMNS FROM `lg_activity_info` [ RunTime:0.008894s ]
NOTIC: 建议使用I方法替代_param
SQL: SELECT * FROM `lg_activity_info` WHERE ( class=1 )  [ RunTime:0.005007s ]

[ 2013-10-14T22:20:08+08:00 ] 127.0.0.1 /herald_league/index.php/Index/getMoreActivity.html
INFO: [ app_begin ] --START--
INFO: Run ReadHtmlCache Behavior [ RunTime:0.001886s ]
INFO: [ app_begin ] --END-- [ RunTime:0.002139s ]
NOTIC: 建议使用I方法替代_param
SQL: SHOW COLUMNS FROM `lg_activity_info` [ RunTime:0.008357s ]
NOTIC: 建议使用I方法替代_param
SQL: SELECT * FROM `lg_activity_info` WHERE ( id<7 AND class=1 ) ORDER BY id desc LIMIT 10   [ RunTime:0.002463s ]
SQL: SHOW COLUMNS FROM `lg_league_info` [ RunTime:0.008165s ]
SQL: SELECT `league_name` FROM `lg_league_info` WHERE ( uid=3 ) LIMIT 1   [ RunTime:0.002305s ]
SQL: SELECT `league_name` FROM `lg_league_info` WHERE ( uid=1 ) LIMIT 1   [ RunTime:0.000631s ]
SQL: SELECT `league_name` FROM `lg_league_info` WHERE ( uid=2 ) LIMIT 1   [ RunTime:0.000612s ]
SQL: SELECT `league_name` FROM `lg_league_info` WHERE ( uid=1 ) LIMIT 1   [ RunTime:0.000643s ]

[ 2013-10-14T22:20:14+08:00 ] 127.0.0.1 /herald_league/index.php/Index/getMoreActivity.html
INFO: [ app_begin ] --START--
INFO: Run ReadHtmlCache Behavior [ RunTime:0.002927s ]
INFO: [ app_begin ] --END-- [ RunTime:0.003156s ]
NOTIC: 建议使用I方法替代_param
SQL: SHOW COLUMNS FROM `lg_activity_info` [ RunTime:0.008003s ]
NOTIC: 建议使用I方法替代_param
SQL: SELECT * FROM `lg_activity_info` WHERE ( id<1 AND class=1 ) ORDER BY id desc LIMIT 10   [ RunTime:0.002260s ]
SQL: SHOW COLUMNS FROM `lg_league_info` [ RunTime:0.008417s ]
NOTIC: [2] Invalid argument supplied for foreach() D:\wamp\www\herald_league\herald_league\Lib\Model\ActivityInfoModel.class.php 第 34 行.

[ 2013-10-14T22:20:21+08:00 ] 127.0.0.1 /herald_league/index.php/Index/getMoreActivity.html
INFO: [ app_begin ] --START--
INFO: Run ReadHtmlCache Behavior [ RunTime:0.001758s ]
INFO: [ app_begin ] --END-- [ RunTime:0.001984s ]
NOTIC: 建议使用I方法替代_param
SQL: SHOW COLUMNS FROM `lg_activity_info` [ RunTime:0.007971s ]
NOTIC: 建议使用I方法替代_param
SQL: SELECT * FROM `lg_activity_info` WHERE ( id<17 AND class=2 ) ORDER BY id desc LIMIT 10   [ RunTime:0.002444s ]
SQL: SHOW COLUMNS FROM `lg_league_info` [ RunTime:0.008001s ]
SQL: SELECT `league_name` FROM `lg_league_info` WHERE ( uid=1 ) LIMIT 1   [ RunTime:0.002220s ]

[ 2013-10-14T22:20:21+08:00 ] 127.0.0.1 /herald_league/index.php/Index/getClassActivity.html
INFO: [ app_begin ] --START--
INFO: Run ReadHtmlCache Behavior [ RunTime:0.001809s ]
INFO: [ app_begin ] --END-- [ RunTime:0.002036s ]
SQL: SHOW COLUMNS FROM `lg_activity_info` [ RunTime:0.008560s ]
NOTIC: 建议使用I方法替代_param
SQL: SELECT * FROM `lg_activity_info` WHERE ( class=2 )  [ RunTime:0.004607s ]

[ 2013-10-14T22:20:23+08:00 ] 127.0.0.1 /herald_league/index.php/Index/getClassActivity.html
INFO: [ app_begin ] --START--
INFO: Run ReadHtmlCache Behavior [ RunTime:0.002381s ]
INFO: [ app_begin ] --END-- [ RunTime:0.002798s ]
SQL: SHOW COLUMNS FROM `lg_activity_info` [ RunTime:0.008167s ]
NOTIC: 建议使用I方法替代_param
SQL: SELECT * FROM `lg_activity_info` WHERE ( class=3 )  [ RunTime:0.003147s ]

[ 2013-10-14T22:20:24+08:00 ] 127.0.0.1 /herald_league/index.php/Index/getMoreActivity.html
INFO: [ app_begin ] --START--
INFO: Run ReadHtmlCache Behavior [ RunTime:0.001734s ]
INFO: [ app_begin ] --END-- [ RunTime:0.001964s ]
NOTIC: 建议使用I方法替代_param
SQL: SHOW COLUMNS FROM `lg_activity_info` [ RunTime:0.008367s ]
NOTIC: 建议使用I方法替代_param
SQL: SELECT * FROM `lg_activity_info` WHERE ( id<17 AND class=3 ) ORDER BY id desc LIMIT 10   [ RunTime:0.072377s ]
SQL: SHOW COLUMNS FROM `lg_league_info` [ RunTime:0.008615s ]
SQL: SELECT `league_name` FROM `lg_league_info` WHERE ( uid=1 ) LIMIT 1   [ RunTime:0.002427s ]

[ 2013-10-14T22:20:26+08:00 ] 127.0.0.1 /herald_league/index.php/Index/getMoreActivity.html
INFO: [ app_begin ] --START--
INFO: Run ReadHtmlCache Behavior [ RunTime:0.001757s ]
INFO: [ app_begin ] --END-- [ RunTime:0.001981s ]
NOTIC: 建议使用I方法替代_param
SQL: SHOW COLUMNS FROM `lg_activity_info` [ RunTime:0.009049s ]
NOTIC: 建议使用I方法替代_param
SQL: SELECT * FROM `lg_activity_info` WHERE ( id<3 AND class=3 ) ORDER BY id desc LIMIT 10   [ RunTime:0.002727s ]
SQL: SHOW COLUMNS FROM `lg_league_info` [ RunTime:0.008430s ]
NOTIC: [2] Invalid argument supplied for foreach() D:\wamp\www\herald_league\herald_league\Lib\Model\ActivityInfoModel.class.php 第 34 行.

[ 2013-10-14T22:20:27+08:00 ] 127.0.0.1 /herald_league/index.php/Index/getClassActivity.html
INFO: [ app_begin ] --START--
INFO: Run ReadHtmlCache Behavior [ RunTime:0.001725s ]
INFO: [ app_begin ] --END-- [ RunTime:0.001949s ]
SQL: SHOW COLUMNS FROM `lg_activity_info` [ RunTime:0.008125s ]
NOTIC: 建议使用I方法替代_param
SQL: SELECT * FROM `lg_activity_info` WHERE ( class=6 )  [ RunTime:0.002340s ]

[ 2013-10-14T22:20:27+08:00 ] 127.0.0.1 /herald_league/index.php/Index/getMoreActivity.html
INFO: [ app_begin ] --START--
INFO: Run ReadHtmlCache Behavior [ RunTime:0.001793s ]
INFO: [ app_begin ] --END-- [ RunTime:0.002030s ]
NOTIC: 建议使用I方法替代_param
SQL: SHOW COLUMNS FROM `lg_activity_info` [ RunTime:0.008306s ]
NOTIC: 建议使用I方法替代_param
SQL: SELECT * FROM `lg_activity_info` WHERE ( id<17 AND class=6 ) ORDER BY id desc LIMIT 10   [ RunTime:0.002500s ]
SQL: SHOW COLUMNS FROM `lg_league_info` [ RunTime:0.008034s ]
NOTIC: [2] Invalid argument supplied for foreach() D:\wamp\www\herald_league\herald_league\Lib\Model\ActivityInfoModel.class.php 第 34 行.

[ 2013-10-14T22:20:40+08:00 ] 127.0.0.1 /herald_league/index.php/Index/getMoreActivity.html
INFO: [ app_begin ] --START--
INFO: Run ReadHtmlCache Behavior [ RunTime:0.001732s ]
INFO: [ app_begin ] --END-- [ RunTime:0.001959s ]
NOTIC: 建议使用I方法替代_param
SQL: SHOW COLUMNS FROM `lg_activity_info` [ RunTime:0.009246s ]
NOTIC: 建议使用I方法替代_param
SQL: SELECT * FROM `lg_activity_info` WHERE ( id<17 ) ORDER BY id desc LIMIT 10   [ RunTime:0.003094s ]
SQL: SHOW COLUMNS FROM `lg_league_info` [ RunTime:0.008037s ]
SQL: SELECT `league_name` FROM `lg_league_info` WHERE ( uid=1 ) LIMIT 1   [ RunTime:0.002344s ]
SQL: SELECT `league_name` FROM `lg_league_info` WHERE ( uid=1 ) LIMIT 1   [ RunTime:0.000722s ]
SQL: SELECT `league_name` FROM `lg_league_info` WHERE ( uid=1 ) LIMIT 1   [ RunTime:0.000623s ]
SQL: SELECT `league_name` FROM `lg_league_info` WHERE ( uid=1 ) LIMIT 1   [ RunTime:0.000646s ]
SQL: SELECT `league_name` FROM `lg_league_info` WHERE ( uid=1 ) LIMIT 1   [ RunTime:0.000702s ]
SQL: SELECT `league_name` FROM `lg_league_info` WHERE ( uid=1 ) LIMIT 1   [ RunTime:0.000640s ]
SQL: SELECT `league_name` FROM `lg_league_info` WHERE ( uid=1 ) LIMIT 1   [ RunTime:0.000643s ]
SQL: SELECT `league_name` FROM `lg_league_info` WHERE ( uid=1 ) LIMIT 1   [ RunTime:0.000660s ]
SQL: SELECT `league_name` FROM `lg_league_info` WHERE ( uid=1 ) LIMIT 1   [ RunTime:0.000647s ]
SQL: SELECT `league_name` FROM `lg_league_info` WHERE ( uid=1 ) LIMIT 1   [ RunTime:0.000643s ]

