[ 2013-10-15T20:55:34+08:00 ] 127.0.0.1 /herald_league/index.php/Index/getMoreActivity.html
INFO: [ app_begin ] --START--
INFO: Run ReadHtmlCache Behavior [ RunTime:0.002081s ]
INFO: [ app_begin ] --END-- [ RunTime:0.002324s ]
NOTIC: 建议使用I方法替代_param
SQL: SHOW COLUMNS FROM `lg_activity_info` [ RunTime:0.006823s ]
NOTIC: 建议使用I方法替代_param
SQL: SELECT * FROM `lg_activity_info` WHERE ( id<17 ) ORDER BY id desc LIMIT 10   [ RunTime:0.003029s ]
SQL: SHOW COLUMNS FROM `lg_league_info` [ RunTime:0.009370s ]
SQL: SELECT `league_name` FROM `lg_league_info` WHERE ( uid=1 ) LIMIT 1   [ RunTime:0.002807s ]
SQL: SELECT `league_name` FROM `lg_league_info` WHERE ( uid=1 ) LIMIT 1   [ RunTime:0.000962s ]
SQL: SELECT `league_name` FROM `lg_league_info` WHERE ( uid=1 ) LIMIT 1   [ RunTime:0.000654s ]
SQL: SELECT `league_name` FROM `lg_league_info` WHERE ( uid=1 ) LIMIT 1   [ RunTime:0.000550s ]
SQL: SELECT `league_name` FROM `lg_league_info` WHERE ( uid=1 ) LIMIT 1   [ RunTime:0.000487s ]
SQL: SELECT `league_name` FROM `lg_league_info` WHERE ( uid=1 ) LIMIT 1   [ RunTime:0.000537s ]
SQL: SELECT `league_name` FROM `lg_league_info` WHERE ( uid=1 ) LIMIT 1   [ RunTime:0.000483s ]
SQL: SELECT `league_name` FROM `lg_league_info` WHERE ( uid=1 ) LIMIT 1   [ RunTime:0.000524s ]
SQL: SELECT `league_name` FROM `lg_league_info` WHERE ( uid=1 ) LIMIT 1   [ RunTime:0.000756s ]
SQL: SELECT `league_name` FROM `lg_league_info` WHERE ( uid=1 ) LIMIT 1   [ RunTime:0.000637s ]

[ 2013-10-15T20:56:26+08:00 ] 127.0.0.1 /herald_league/index.php/Index/getMoreActivity.html
INFO: [ app_begin ] --START--
INFO: Run ReadHtmlCache Behavior [ RunTime:0.003079s ]
INFO: [ app_begin ] --END-- [ RunTime:0.003339s ]
NOTIC: 建议使用I方法替代_param
SQL: SHOW COLUMNS FROM `lg_activity_info` [ RunTime:0.007842s ]
NOTIC: 建议使用I方法替代_param
SQL: SELECT * FROM `lg_activity_info` WHERE ( id<17 ) ORDER BY id desc LIMIT 10   [ RunTime:0.003821s ]
SQL: SHOW COLUMNS FROM `lg_league_info` [ RunTime:0.008761s ]
SQL: SELECT `league_name` FROM `lg_league_info` WHERE ( uid=1 ) LIMIT 1   [ RunTime:0.004616s ]
SQL: SELECT `league_name` FROM `lg_league_info` WHERE ( uid=1 ) LIMIT 1   [ RunTime:0.002988s ]
SQL: SELECT `league_name` FROM `lg_league_info` WHERE ( uid=1 ) LIMIT 1   [ RunTime:0.000670s ]
SQL: SELECT `league_name` FROM `lg_league_info` WHERE ( uid=1 ) LIMIT 1   [ RunTime:0.000580s ]
SQL: SELECT `league_name` FROM `lg_league_info` WHERE ( uid=1 ) LIMIT 1   [ RunTime:0.000501s ]
SQL: SELECT `league_name` FROM `lg_league_info` WHERE ( uid=1 ) LIMIT 1   [ RunTime:0.000523s ]
SQL: SELECT `league_name` FROM `lg_league_info` WHERE ( uid=1 ) LIMIT 1   [ RunTime:0.000488s ]
SQL: SELECT `league_name` FROM `lg_league_info` WHERE ( uid=1 ) LIMIT 1   [ RunTime:0.000486s ]
SQL: SELECT `league_name` FROM `lg_league_info` WHERE ( uid=1 ) LIMIT 1   [ RunTime:0.000486s ]
SQL: SELECT `league_name` FROM `lg_league_info` WHERE ( uid=1 ) LIMIT 1   [ RunTime:0.000507s ]

[ 2013-10-15T20:56:27+08:00 ] 127.0.0.1 /herald_league/index.php/Index/getMoreActivity.html
INFO: [ app_begin ] --START--
INFO: Run ReadHtmlCache Behavior [ RunTime:0.002974s ]
INFO: [ app_begin ] --END-- [ RunTime:0.003482s ]
NOTIC: 建议使用I方法替代_param
SQL: SHOW COLUMNS FROM `lg_activity_info` [ RunTime:0.012360s ]
NOTIC: 建议使用I方法替代_param
SQL: SELECT * FROM `lg_activity_info` WHERE ( id<17 ) ORDER BY id desc LIMIT 10   [ RunTime:0.012505s ]
SQL: SHOW COLUMNS FROM `lg_league_info` [ RunTime:0.013020s ]
SQL: SELECT `league_name` FROM `lg_league_info` WHERE ( uid=1 ) LIMIT 1   [ RunTime:0.007942s ]
SQL: SELECT `league_name` FROM `lg_league_info` WHERE ( uid=1 ) LIMIT 1   [ RunTime:0.000757s ]
SQL: SELECT `league_name` FROM `lg_league_info` WHERE ( uid=1 ) LIMIT 1   [ RunTime:0.000840s ]
SQL: SELECT `league_name` FROM `lg_league_info` WHERE ( uid=1 ) LIMIT 1   [ RunTime:0.001882s ]
SQL: SELECT `league_name` FROM `lg_league_info` WHERE ( uid=1 ) LIMIT 1   [ RunTime:0.001425s ]
SQL: SELECT `league_name` FROM `lg_league_info` WHERE ( uid=1 ) LIMIT 1   [ RunTime:0.001480s ]
SQL: SELECT `league_name` FROM `lg_league_info` WHERE ( uid=1 ) LIMIT 1   [ RunTime:0.000696s ]
SQL: SELECT `league_name` FROM `lg_league_info` WHERE ( uid=1 ) LIMIT 1   [ RunTime:0.000774s ]
SQL: SELECT `league_name` FROM `lg_league_info` WHERE ( uid=1 ) LIMIT 1   [ RunTime:0.001820s ]
SQL: SELECT `league_name` FROM `lg_league_info` WHERE ( uid=1 ) LIMIT 1   [ RunTime:0.001264s ]

[ 2013-10-15T20:56:34+08:00 ] 127.0.0.1 /herald_league/index.php/Index/getMoreActivity.html
INFO: [ app_begin ] --START--
INFO: Run ReadHtmlCache Behavior [ RunTime:0.004452s ]
INFO: [ app_begin ] --END-- [ RunTime:0.004731s ]
NOTIC: 建议使用I方法替代_param
SQL: SHOW COLUMNS FROM `lg_activity_info` [ RunTime:0.007293s ]
NOTIC: 建议使用I方法替代_param
SQL: SELECT * FROM `lg_activity_info` WHERE ( id<7 ) ORDER BY id desc LIMIT 10   [ RunTime:0.001825s ]
SQL: SHOW COLUMNS FROM `lg_league_info` [ RunTime:0.008123s ]
SQL: SELECT `league_name` FROM `lg_league_info` WHERE ( uid=3 ) LIMIT 1   [ RunTime:0.002378s ]
SQL: SELECT `league_name` FROM `lg_league_info` WHERE ( uid=1 ) LIMIT 1   [ RunTime:0.000663s ]
SQL: SELECT `league_name` FROM `lg_league_info` WHERE ( uid=2 ) LIMIT 1   [ RunTime:0.000564s ]
SQL: SELECT `league_name` FROM `lg_league_info` WHERE ( uid=1 ) LIMIT 1   [ RunTime:0.000536s ]
SQL: SELECT `league_name` FROM `lg_league_info` WHERE ( uid=1 ) LIMIT 1   [ RunTime:0.000604s ]
SQL: SELECT `league_name` FROM `lg_league_info` WHERE ( uid=1 ) LIMIT 1   [ RunTime:0.000621s ]

[ 2013-10-15T21:36:09+08:00 ] 127.0.0.1 /herald_league/index.php/Index/getMoreActivity.html
INFO: [ app_begin ] --START--
INFO: Run ReadHtmlCache Behavior [ RunTime:0.003291s ]
INFO: [ app_begin ] --END-- [ RunTime:0.003538s ]
NOTIC: 建议使用I方法替代_param
SQL: SHOW COLUMNS FROM `lg_activity_info` [ RunTime:0.009577s ]
NOTIC: 建议使用I方法替代_param
SQL: SELECT * FROM `lg_activity_info` WHERE ( id<17 ) ORDER BY id desc LIMIT 10   [ RunTime:0.003591s ]
SQL: SHOW COLUMNS FROM `lg_league_info` [ RunTime:0.008713s ]
SQL: SELECT `league_name` FROM `lg_league_info` WHERE ( uid=1 ) LIMIT 1   [ RunTime:0.001213s ]
SQL: SELECT `league_name` FROM `lg_league_info` WHERE ( uid=1 ) LIMIT 1   [ RunTime:0.000657s ]
SQL: SELECT `league_name` FROM `lg_league_info` WHERE ( uid=1 ) LIMIT 1   [ RunTime:0.000654s ]
SQL: SELECT `league_name` FROM `lg_league_info` WHERE ( uid=1 ) LIMIT 1   [ RunTime:0.000729s ]
SQL: SELECT `league_name` FROM `lg_league_info` WHERE ( uid=1 ) LIMIT 1   [ RunTime:0.000652s ]
SQL: SELECT `league_name` FROM `lg_league_info` WHERE ( uid=1 ) LIMIT 1   [ RunTime:0.000585s ]
SQL: SELECT `league_name` FROM `lg_league_info` WHERE ( uid=1 ) LIMIT 1   [ RunTime:0.000886s ]
SQL: SELECT `league_name` FROM `lg_league_info` WHERE ( uid=1 ) LIMIT 1   [ RunTime:0.000653s ]
SQL: SELECT `league_name` FROM `lg_league_info` WHERE ( uid=1 ) LIMIT 1   [ RunTime:0.000624s ]
SQL: SELECT `league_name` FROM `lg_league_info` WHERE ( uid=1 ) LIMIT 1   [ RunTime:0.000641s ]

[ 2013-10-15T21:36:17+08:00 ] 127.0.0.1 /herald_league/index.php/Index/getMoreActivity.html
INFO: [ app_begin ] --START--
INFO: Run ReadHtmlCache Behavior [ RunTime:0.003249s ]
INFO: [ app_begin ] --END-- [ RunTime:0.003569s ]
NOTIC: 建议使用I方法替代_param
SQL: SHOW COLUMNS FROM `lg_activity_info` [ RunTime:0.006815s ]
NOTIC: 建议使用I方法替代_param
SQL: SELECT * FROM `lg_activity_info` WHERE ( id<7 ) ORDER BY id desc LIMIT 10   [ RunTime:0.001693s ]
SQL: SHOW COLUMNS FROM `lg_league_info` [ RunTime:0.007733s ]
SQL: SELECT `league_name` FROM `lg_league_info` WHERE ( uid=3 ) LIMIT 1   [ RunTime:0.001542s ]
SQL: SELECT `league_name` FROM `lg_league_info` WHERE ( uid=1 ) LIMIT 1   [ RunTime:0.000658s ]
SQL: SELECT `league_name` FROM `lg_league_info` WHERE ( uid=2 ) LIMIT 1   [ RunTime:0.000763s ]
SQL: SELECT `league_name` FROM `lg_league_info` WHERE ( uid=1 ) LIMIT 1   [ RunTime:0.000616s ]
SQL: SELECT `league_name` FROM `lg_league_info` WHERE ( uid=1 ) LIMIT 1   [ RunTime:0.000643s ]
SQL: SELECT `league_name` FROM `lg_league_info` WHERE ( uid=1 ) LIMIT 1   [ RunTime:0.000601s ]

[ 2013-10-15T21:37:11+08:00 ] 127.0.0.1 /herald_league/index.php/Index/getMoreActivity.html
INFO: [ app_begin ] --START--
INFO: Run ReadHtmlCache Behavior [ RunTime:0.001890s ]
INFO: [ app_begin ] --END-- [ RunTime:0.002152s ]
NOTIC: 建议使用I方法替代_param
SQL: SHOW COLUMNS FROM `lg_activity_info` [ RunTime:0.007944s ]
NOTIC: 建议使用I方法替代_param
SQL: SELECT * FROM `lg_activity_info` WHERE ( id<17 ) ORDER BY id desc LIMIT 10   [ RunTime:0.002519s ]
SQL: SHOW COLUMNS FROM `lg_league_info` [ RunTime:0.007595s ]
SQL: SELECT `league_name` FROM `lg_league_info` WHERE ( uid=1 ) LIMIT 1   [ RunTime:0.002794s ]
SQL: SELECT `league_name` FROM `lg_league_info` WHERE ( uid=1 ) LIMIT 1   [ RunTime:0.000848s ]
SQL: SELECT `league_name` FROM `lg_league_info` WHERE ( uid=1 ) LIMIT 1   [ RunTime:0.000703s ]
SQL: SELECT `league_name` FROM `lg_league_info` WHERE ( uid=1 ) LIMIT 1   [ RunTime:0.000646s ]
SQL: SELECT `league_name` FROM `lg_league_info` WHERE ( uid=1 ) LIMIT 1   [ RunTime:0.000661s ]
SQL: SELECT `league_name` FROM `lg_league_info` WHERE ( uid=1 ) LIMIT 1   [ RunTime:0.000657s ]
SQL: SELECT `league_name` FROM `lg_league_info` WHERE ( uid=1 ) LIMIT 1   [ RunTime:0.000637s ]
SQL: SELECT `league_name` FROM `lg_league_info` WHERE ( uid=1 ) LIMIT 1   [ RunTime:0.000680s ]
SQL: SELECT `league_name` FROM `lg_league_info` WHERE ( uid=1 ) LIMIT 1   [ RunTime:0.000653s ]
SQL: SELECT `league_name` FROM `lg_league_info` WHERE ( uid=1 ) LIMIT 1   [ RunTime:0.000638s ]

[ 2013-10-15T21:37:17+08:00 ] 127.0.0.1 /herald_league/index.php/Index/getMoreActivity.html
INFO: [ app_begin ] --START--
INFO: Run ReadHtmlCache Behavior [ RunTime:0.001896s ]
INFO: [ app_begin ] --END-- [ RunTime:0.002135s ]
NOTIC: 建议使用I方法替代_param
SQL: SHOW COLUMNS FROM `lg_activity_info` [ RunTime:0.007216s ]
NOTIC: 建议使用I方法替代_param
SQL: SELECT * FROM `lg_activity_info` WHERE ( id<7 ) ORDER BY id desc LIMIT 10   [ RunTime:0.003828s ]
SQL: SHOW COLUMNS FROM `lg_league_info` [ RunTime:0.006835s ]
SQL: SELECT `league_name` FROM `lg_league_info` WHERE ( uid=3 ) LIMIT 1   [ RunTime:0.003024s ]
SQL: SELECT `league_name` FROM `lg_league_info` WHERE ( uid=1 ) LIMIT 1   [ RunTime:0.000692s ]
SQL: SELECT `league_name` FROM `lg_league_info` WHERE ( uid=2 ) LIMIT 1   [ RunTime:0.000561s ]
SQL: SELECT `league_name` FROM `lg_league_info` WHERE ( uid=1 ) LIMIT 1   [ RunTime:0.000573s ]
SQL: SELECT `league_name` FROM `lg_league_info` WHERE ( uid=1 ) LIMIT 1   [ RunTime:0.000774s ]
SQL: SELECT `league_name` FROM `lg_league_info` WHERE ( uid=1 ) LIMIT 1   [ RunTime:0.000640s ]

[ 2013-10-15T21:38:23+08:00 ] 127.0.0.1 /herald_league/index.php/Index/getMoreActivity.html
INFO: [ app_begin ] --START--
INFO: Run ReadHtmlCache Behavior [ RunTime:0.004594s ]
INFO: [ app_begin ] --END-- [ RunTime:0.004997s ]
NOTIC: 建议使用I方法替代_param
SQL: SHOW COLUMNS FROM `lg_activity_info` [ RunTime:0.006842s ]
NOTIC: 建议使用I方法替代_param
SQL: SELECT * FROM `lg_activity_info` WHERE ( id<17 ) ORDER BY id desc LIMIT 10   [ RunTime:0.002734s ]
SQL: SHOW COLUMNS FROM `lg_league_info` [ RunTime:0.007467s ]
SQL: SELECT `league_name` FROM `lg_league_info` WHERE ( uid=1 ) LIMIT 1   [ RunTime:0.001864s ]
SQL: SELECT `league_name` FROM `lg_league_info` WHERE ( uid=1 ) LIMIT 1   [ RunTime:0.000654s ]
SQL: SELECT `league_name` FROM `lg_league_info` WHERE ( uid=1 ) LIMIT 1   [ RunTime:0.000811s ]
SQL: SELECT `league_name` FROM `lg_league_info` WHERE ( uid=1 ) LIMIT 1   [ RunTime:0.000718s ]
SQL: SELECT `league_name` FROM `lg_league_info` WHERE ( uid=1 ) LIMIT 1   [ RunTime:0.000689s ]
SQL: SELECT `league_name` FROM `lg_league_info` WHERE ( uid=1 ) LIMIT 1   [ RunTime:0.000653s ]
SQL: SELECT `league_name` FROM `lg_league_info` WHERE ( uid=1 ) LIMIT 1   [ RunTime:0.000652s ]
SQL: SELECT `league_name` FROM `lg_league_info` WHERE ( uid=1 ) LIMIT 1   [ RunTime:0.000637s ]
SQL: SELECT `league_name` FROM `lg_league_info` WHERE ( uid=1 ) LIMIT 1   [ RunTime:0.000733s ]
SQL: SELECT `league_name` FROM `lg_league_info` WHERE ( uid=1 ) LIMIT 1   [ RunTime:0.000652s ]

[ 2013-10-15T21:38:51+08:00 ] 127.0.0.1 /herald_league/index.php/Index/getMoreActivity.html
INFO: [ app_begin ] --START--
INFO: Run ReadHtmlCache Behavior [ RunTime:0.004770s ]
INFO: [ app_begin ] --END-- [ RunTime:0.005232s ]
NOTIC: 建议使用I方法替代_param
SQL: SHOW COLUMNS FROM `lg_activity_info` [ RunTime:0.007892s ]
NOTIC: 建议使用I方法替代_param
SQL: SELECT * FROM `lg_activity_info` WHERE ( id<17 ) ORDER BY id desc LIMIT 10   [ RunTime:0.002406s ]
SQL: SHOW COLUMNS FROM `lg_league_info` [ RunTime:0.010434s ]
SQL: SELECT `league_name` FROM `lg_league_info` WHERE ( uid=1 ) LIMIT 1   [ RunTime:0.007781s ]
SQL: SELECT `league_name` FROM `lg_league_info` WHERE ( uid=1 ) LIMIT 1   [ RunTime:0.000607s ]
SQL: SELECT `league_name` FROM `lg_league_info` WHERE ( uid=1 ) LIMIT 1   [ RunTime:0.000583s ]
SQL: SELECT `league_name` FROM `lg_league_info` WHERE ( uid=1 ) LIMIT 1   [ RunTime:0.000670s ]
SQL: SELECT `league_name` FROM `lg_league_info` WHERE ( uid=1 ) LIMIT 1   [ RunTime:0.000843s ]
SQL: SELECT `league_name` FROM `lg_league_info` WHERE ( uid=1 ) LIMIT 1   [ RunTime:0.000518s ]
SQL: SELECT `league_name` FROM `lg_league_info` WHERE ( uid=1 ) LIMIT 1   [ RunTime:0.000487s ]
SQL: SELECT `league_name` FROM `lg_league_info` WHERE ( uid=1 ) LIMIT 1   [ RunTime:0.000565s ]
SQL: SELECT `league_name` FROM `lg_league_info` WHERE ( uid=1 ) LIMIT 1   [ RunTime:0.000804s ]
SQL: SELECT `league_name` FROM `lg_league_info` WHERE ( uid=1 ) LIMIT 1   [ RunTime:0.004169s ]

[ 2013-10-15T21:39:32+08:00 ] 127.0.0.1 /herald_league/index.php/Index/getMoreActivity.html
INFO: [ app_begin ] --START--
INFO: Run ReadHtmlCache Behavior [ RunTime:0.001882s ]
INFO: [ app_begin ] --END-- [ RunTime:0.002120s ]
NOTIC: 建议使用I方法替代_param
SQL: SHOW COLUMNS FROM `lg_activity_info` [ RunTime:0.007905s ]
NOTIC: 建议使用I方法替代_param
SQL: SELECT * FROM `lg_activity_info` WHERE ( id<17 ) ORDER BY id desc LIMIT 10   [ RunTime:0.001582s ]
SQL: SHOW COLUMNS FROM `lg_league_info` [ RunTime:0.007066s ]
SQL: SELECT `league_name` FROM `lg_league_info` WHERE ( uid=1 ) LIMIT 1   [ RunTime:0.002434s ]
SQL: SELECT `league_name` FROM `lg_league_info` WHERE ( uid=1 ) LIMIT 1   [ RunTime:0.000711s ]
SQL: SELECT `league_name` FROM `lg_league_info` WHERE ( uid=1 ) LIMIT 1   [ RunTime:0.000680s ]
SQL: SELECT `league_name` FROM `lg_league_info` WHERE ( uid=1 ) LIMIT 1   [ RunTime:0.000646s ]
SQL: SELECT `league_name` FROM `lg_league_info` WHERE ( uid=1 ) LIMIT 1   [ RunTime:0.000733s ]
SQL: SELECT `league_name` FROM `lg_league_info` WHERE ( uid=1 ) LIMIT 1   [ RunTime:0.000944s ]
SQL: SELECT `league_name` FROM `lg_league_info` WHERE ( uid=1 ) LIMIT 1   [ RunTime:0.000693s ]
SQL: SELECT `league_name` FROM `lg_league_info` WHERE ( uid=1 ) LIMIT 1   [ RunTime:0.000708s ]
SQL: SELECT `league_name` FROM `lg_league_info` WHERE ( uid=1 ) LIMIT 1   [ RunTime:0.000736s ]
SQL: SELECT `league_name` FROM `lg_league_info` WHERE ( uid=1 ) LIMIT 1   [ RunTime:0.001275s ]

[ 2013-10-15T21:39:38+08:00 ] 127.0.0.1 /herald_league/index.php/Index/getMoreActivity.html
INFO: [ app_begin ] --START--
INFO: Run ReadHtmlCache Behavior [ RunTime:0.003149s ]
INFO: [ app_begin ] --END-- [ RunTime:0.003424s ]
NOTIC: 建议使用I方法替代_param
SQL: SHOW COLUMNS FROM `lg_activity_info` [ RunTime:0.007162s ]
NOTIC: 建议使用I方法替代_param
SQL: SELECT * FROM `lg_activity_info` WHERE ( id<7 ) ORDER BY id desc LIMIT 10   [ RunTime:0.003329s ]
SQL: SHOW COLUMNS FROM `lg_league_info` [ RunTime:0.007360s ]
SQL: SELECT `league_name` FROM `lg_league_info` WHERE ( uid=3 ) LIMIT 1   [ RunTime:0.001439s ]
SQL: SELECT `league_name` FROM `lg_league_info` WHERE ( uid=1 ) LIMIT 1   [ RunTime:0.000662s ]
SQL: SELECT `league_name` FROM `lg_league_info` WHERE ( uid=2 ) LIMIT 1   [ RunTime:0.000649s ]
SQL: SELECT `league_name` FROM `lg_league_info` WHERE ( uid=1 ) LIMIT 1   [ RunTime:0.000662s ]
SQL: SELECT `league_name` FROM `lg_league_info` WHERE ( uid=1 ) LIMIT 1   [ RunTime:0.000644s ]
SQL: SELECT `league_name` FROM `lg_league_info` WHERE ( uid=1 ) LIMIT 1   [ RunTime:0.000742s ]

[ 2013-10-15T21:40:16+08:00 ] 127.0.0.1 /herald_league/index.php/Index/getMoreActivity.html
INFO: [ app_begin ] --START--
INFO: Run ReadHtmlCache Behavior [ RunTime:0.001905s ]
INFO: [ app_begin ] --END-- [ RunTime:0.002224s ]
NOTIC: 建议使用I方法替代_param
SQL: SHOW COLUMNS FROM `lg_activity_info` [ RunTime:0.009129s ]
NOTIC: 建议使用I方法替代_param
SQL: SELECT * FROM `lg_activity_info` WHERE ( id<17 ) ORDER BY id desc LIMIT 10   [ RunTime:0.002337s ]
SQL: SHOW COLUMNS FROM `lg_league_info` [ RunTime:0.007428s ]
SQL: SELECT `league_name` FROM `lg_league_info` WHERE ( uid=1 ) LIMIT 1   [ RunTime:0.002070s ]
SQL: SELECT `league_name` FROM `lg_league_info` WHERE ( uid=1 ) LIMIT 1   [ RunTime:0.000658s ]
SQL: SELECT `league_name` FROM `lg_league_info` WHERE ( uid=1 ) LIMIT 1   [ RunTime:0.000659s ]
SQL: SELECT `league_name` FROM `lg_league_info` WHERE ( uid=1 ) LIMIT 1   [ RunTime:0.000685s ]
SQL: SELECT `league_name` FROM `lg_league_info` WHERE ( uid=1 ) LIMIT 1   [ RunTime:0.000649s ]
SQL: SELECT `league_name` FROM `lg_league_info` WHERE ( uid=1 ) LIMIT 1   [ RunTime:0.000658s ]
SQL: SELECT `league_name` FROM `lg_league_info` WHERE ( uid=1 ) LIMIT 1   [ RunTime:0.000644s ]
SQL: SELECT `league_name` FROM `lg_league_info` WHERE ( uid=1 ) LIMIT 1   [ RunTime:0.000690s ]
SQL: SELECT `league_name` FROM `lg_league_info` WHERE ( uid=1 ) LIMIT 1   [ RunTime:0.000887s ]
SQL: SELECT `league_name` FROM `lg_league_info` WHERE ( uid=1 ) LIMIT 1   [ RunTime:0.000746s ]

[ 2013-10-15T21:40:19+08:00 ] 127.0.0.1 /herald_league/index.php/Index/getMoreActivity.html
INFO: [ app_begin ] --START--
INFO: Run ReadHtmlCache Behavior [ RunTime:0.001900s ]
INFO: [ app_begin ] --END-- [ RunTime:0.002189s ]
NOTIC: 建议使用I方法替代_param
SQL: SHOW COLUMNS FROM `lg_activity_info` [ RunTime:0.006793s ]
NOTIC: 建议使用I方法替代_param
SQL: SELECT * FROM `lg_activity_info` WHERE ( id<7 ) ORDER BY id desc LIMIT 10   [ RunTime:0.003171s ]
SQL: SHOW COLUMNS FROM `lg_league_info` [ RunTime:0.006461s ]
SQL: SELECT `league_name` FROM `lg_league_info` WHERE ( uid=3 ) LIMIT 1   [ RunTime:0.001800s ]
SQL: SELECT `league_name` FROM `lg_league_info` WHERE ( uid=1 ) LIMIT 1   [ RunTime:0.000669s ]
SQL: SELECT `league_name` FROM `lg_league_info` WHERE ( uid=2 ) LIMIT 1   [ RunTime:0.000726s ]
SQL: SELECT `league_name` FROM `lg_league_info` WHERE ( uid=1 ) LIMIT 1   [ RunTime:0.001075s ]
SQL: SELECT `league_name` FROM `lg_league_info` WHERE ( uid=1 ) LIMIT 1   [ RunTime:0.000660s ]
SQL: SELECT `league_name` FROM `lg_league_info` WHERE ( uid=1 ) LIMIT 1   [ RunTime:0.000639s ]

[ 2013-10-15T21:40:21+08:00 ] 127.0.0.1 /herald_league/index.php/Index/getMoreActivity.html
INFO: [ app_begin ] --START--
INFO: Run ReadHtmlCache Behavior [ RunTime:0.001982s ]
INFO: [ app_begin ] --END-- [ RunTime:0.003127s ]
NOTIC: 建议使用I方法替代_param
SQL: SHOW COLUMNS FROM `lg_activity_info` [ RunTime:0.007020s ]
NOTIC: 建议使用I方法替代_param
SQL: SELECT * FROM `lg_activity_info` WHERE ( id<1 ) ORDER BY id desc LIMIT 10   [ RunTime:0.002082s ]
SQL: SHOW COLUMNS FROM `lg_league_info` [ RunTime:0.007229s ]
NOTIC: [2] Invalid argument supplied for foreach() D:\wamp\www\herald_league\herald_league\Lib\Model\ActivityInfoModel.class.php 第 34 行.

[ 2013-10-15T21:40:42+08:00 ] 127.0.0.1 /herald_league/index.php/Index/getMoreActivity.html
INFO: [ app_begin ] --START--
INFO: Run ReadHtmlCache Behavior [ RunTime:0.004678s ]
INFO: [ app_begin ] --END-- [ RunTime:0.005415s ]
NOTIC: 建议使用I方法替代_param
SQL: SHOW COLUMNS FROM `lg_activity_info` [ RunTime:0.009398s ]
NOTIC: 建议使用I方法替代_param
SQL: SELECT * FROM `lg_activity_info` WHERE ( id<17 ) ORDER BY id desc LIMIT 10   [ RunTime:0.002999s ]
SQL: SHOW COLUMNS FROM `lg_league_info` [ RunTime:0.008757s ]
SQL: SELECT `league_name` FROM `lg_league_info` WHERE ( uid=1 ) LIMIT 1   [ RunTime:0.001773s ]
SQL: SELECT `league_name` FROM `lg_league_info` WHERE ( uid=1 ) LIMIT 1   [ RunTime:0.000714s ]
SQL: SELECT `league_name` FROM `lg_league_info` WHERE ( uid=1 ) LIMIT 1   [ RunTime:0.000650s ]
SQL: SELECT `league_name` FROM `lg_league_info` WHERE ( uid=1 ) LIMIT 1   [ RunTime:0.000701s ]
SQL: SELECT `league_name` FROM `lg_league_info` WHERE ( uid=1 ) LIMIT 1   [ RunTime:0.000680s ]
SQL: SELECT `league_name` FROM `lg_league_info` WHERE ( uid=1 ) LIMIT 1   [ RunTime:0.001037s ]
SQL: SELECT `league_name` FROM `lg_league_info` WHERE ( uid=1 ) LIMIT 1   [ RunTime:0.000776s ]
SQL: SELECT `league_name` FROM `lg_league_info` WHERE ( uid=1 ) LIMIT 1   [ RunTime:0.000717s ]
SQL: SELECT `league_name` FROM `lg_league_info` WHERE ( uid=1 ) LIMIT 1   [ RunTime:0.000724s ]
SQL: SELECT `league_name` FROM `lg_league_info` WHERE ( uid=1 ) LIMIT 1   [ RunTime:0.000702s ]

[ 2013-10-15T21:40:45+08:00 ] 127.0.0.1 /herald_league/index.php/Index/getMoreActivity.html
INFO: [ app_begin ] --START--
INFO: Run ReadHtmlCache Behavior [ RunTime:0.001883s ]
INFO: [ app_begin ] --END-- [ RunTime:0.002147s ]
NOTIC: 建议使用I方法替代_param
SQL: SHOW COLUMNS FROM `lg_activity_info` [ RunTime:0.007617s ]
NOTIC: 建议使用I方法替代_param
SQL: SELECT * FROM `lg_activity_info` WHERE ( id<7 ) ORDER BY id desc LIMIT 10   [ RunTime:0.002835s ]
SQL: SHOW COLUMNS FROM `lg_league_info` [ RunTime:0.006689s ]
SQL: SELECT `league_name` FROM `lg_league_info` WHERE ( uid=3 ) LIMIT 1   [ RunTime:0.001285s ]
SQL: SELECT `league_name` FROM `lg_league_info` WHERE ( uid=1 ) LIMIT 1   [ RunTime:0.000633s ]
SQL: SELECT `league_name` FROM `lg_league_info` WHERE ( uid=2 ) LIMIT 1   [ RunTime:0.000717s ]
SQL: SELECT `league_name` FROM `lg_league_info` WHERE ( uid=1 ) LIMIT 1   [ RunTime:0.000707s ]
SQL: SELECT `league_name` FROM `lg_league_info` WHERE ( uid=1 ) LIMIT 1   [ RunTime:0.000661s ]
SQL: SELECT `league_name` FROM `lg_league_info` WHERE ( uid=1 ) LIMIT 1   [ RunTime:0.000710s ]

[ 2013-10-15T21:41:52+08:00 ] 127.0.0.1 /herald_league/index.php/Index/getMoreActivity.html
INFO: [ app_begin ] --START--
INFO: Run ReadHtmlCache Behavior [ RunTime:0.001816s ]
INFO: [ app_begin ] --END-- [ RunTime:0.002052s ]
NOTIC: 建议使用I方法替代_param
SQL: SHOW COLUMNS FROM `lg_activity_info` [ RunTime:0.007604s ]
NOTIC: 建议使用I方法替代_param
SQL: SELECT * FROM `lg_activity_info` WHERE ( id<17 ) ORDER BY id desc LIMIT 10   [ RunTime:0.002186s ]
SQL: SHOW COLUMNS FROM `lg_league_info` [ RunTime:0.007400s ]
SQL: SELECT `league_name` FROM `lg_league_info` WHERE ( uid=1 ) LIMIT 1   [ RunTime:0.001506s ]
SQL: SELECT `league_name` FROM `lg_league_info` WHERE ( uid=1 ) LIMIT 1   [ RunTime:0.000734s ]
SQL: SELECT `league_name` FROM `lg_league_info` WHERE ( uid=1 ) LIMIT 1   [ RunTime:0.000651s ]
SQL: SELECT `league_name` FROM `lg_league_info` WHERE ( uid=1 ) LIMIT 1   [ RunTime:0.000627s ]
SQL: SELECT `league_name` FROM `lg_league_info` WHERE ( uid=1 ) LIMIT 1   [ RunTime:0.000825s ]
SQL: SELECT `league_name` FROM `lg_league_info` WHERE ( uid=1 ) LIMIT 1   [ RunTime:0.000628s ]
SQL: SELECT `league_name` FROM `lg_league_info` WHERE ( uid=1 ) LIMIT 1   [ RunTime:0.000671s ]
SQL: SELECT `league_name` FROM `lg_league_info` WHERE ( uid=1 ) LIMIT 1   [ RunTime:0.000664s ]
SQL: SELECT `league_name` FROM `lg_league_info` WHERE ( uid=1 ) LIMIT 1   [ RunTime:0.000657s ]
SQL: SELECT `league_name` FROM `lg_league_info` WHERE ( uid=1 ) LIMIT 1   [ RunTime:0.000662s ]

[ 2013-10-15T21:41:56+08:00 ] 127.0.0.1 /herald_league/index.php/Index/getMoreActivity.html
INFO: [ app_begin ] --START--
INFO: Run ReadHtmlCache Behavior [ RunTime:0.003091s ]
INFO: [ app_begin ] --END-- [ RunTime:0.003352s ]
NOTIC: 建议使用I方法替代_param
SQL: SHOW COLUMNS FROM `lg_activity_info` [ RunTime:0.006691s ]
NOTIC: 建议使用I方法替代_param
SQL: SELECT * FROM `lg_activity_info` WHERE ( id<7 ) ORDER BY id desc LIMIT 10   [ RunTime:0.001970s ]
SQL: SHOW COLUMNS FROM `lg_league_info` [ RunTime:0.007173s ]
SQL: SELECT `league_name` FROM `lg_league_info` WHERE ( uid=3 ) LIMIT 1   [ RunTime:0.001643s ]
SQL: SELECT `league_name` FROM `lg_league_info` WHERE ( uid=1 ) LIMIT 1   [ RunTime:0.000666s ]
SQL: SELECT `league_name` FROM `lg_league_info` WHERE ( uid=2 ) LIMIT 1   [ RunTime:0.000704s ]
SQL: SELECT `league_name` FROM `lg_league_info` WHERE ( uid=1 ) LIMIT 1   [ RunTime:0.000622s ]
SQL: SELECT `league_name` FROM `lg_league_info` WHERE ( uid=1 ) LIMIT 1   [ RunTime:0.001001s ]
SQL: SELECT `league_name` FROM `lg_league_info` WHERE ( uid=1 ) LIMIT 1   [ RunTime:0.000973s ]

[ 2013-10-15T21:44:48+08:00 ] 127.0.0.1 /herald_league/index.php/Index/getMoreActivity.html
INFO: [ app_begin ] --START--
INFO: Run ReadHtmlCache Behavior [ RunTime:0.003339s ]
INFO: [ app_begin ] --END-- [ RunTime:0.003704s ]
NOTIC: 建议使用I方法替代_param
SQL: SHOW COLUMNS FROM `lg_activity_info` [ RunTime:0.006982s ]
NOTIC: 建议使用I方法替代_param
SQL: SELECT * FROM `lg_activity_info` WHERE ( id<17 ) ORDER BY id desc LIMIT 10   [ RunTime:0.002140s ]
SQL: SHOW COLUMNS FROM `lg_league_info` [ RunTime:0.008485s ]
SQL: SELECT `league_name` FROM `lg_league_info` WHERE ( uid=1 ) LIMIT 1   [ RunTime:0.002027s ]
SQL: SELECT `league_name` FROM `lg_league_info` WHERE ( uid=1 ) LIMIT 1   [ RunTime:0.000722s ]
SQL: SELECT `league_name` FROM `lg_league_info` WHERE ( uid=1 ) LIMIT 1   [ RunTime:0.000744s ]
SQL: SELECT `league_name` FROM `lg_league_info` WHERE ( uid=1 ) LIMIT 1   [ RunTime:0.000712s ]
SQL: SELECT `league_name` FROM `lg_league_info` WHERE ( uid=1 ) LIMIT 1   [ RunTime:0.000628s ]
SQL: SELECT `league_name` FROM `lg_league_info` WHERE ( uid=1 ) LIMIT 1   [ RunTime:0.000623s ]
SQL: SELECT `league_name` FROM `lg_league_info` WHERE ( uid=1 ) LIMIT 1   [ RunTime:0.000635s ]
SQL: SELECT `league_name` FROM `lg_league_info` WHERE ( uid=1 ) LIMIT 1   [ RunTime:0.000610s ]
SQL: SELECT `league_name` FROM `lg_league_info` WHERE ( uid=1 ) LIMIT 1   [ RunTime:0.000621s ]
SQL: SELECT `league_name` FROM `lg_league_info` WHERE ( uid=1 ) LIMIT 1   [ RunTime:0.000600s ]

[ 2013-10-15T21:56:14+08:00 ] 127.0.0.1 /herald_league/index.php/Index/getMoreActivity.html
INFO: [ app_begin ] --START--
INFO: Run ReadHtmlCache Behavior [ RunTime:0.002839s ]
INFO: [ app_begin ] --END-- [ RunTime:0.003272s ]
NOTIC: 建议使用I方法替代_param
SQL: SHOW COLUMNS FROM `lg_activity_info` [ RunTime:0.008426s ]
NOTIC: 建议使用I方法替代_param
SQL: SELECT * FROM `lg_activity_info` WHERE ( id<17 ) ORDER BY id desc LIMIT 10   [ RunTime:0.001687s ]
SQL: SHOW COLUMNS FROM `lg_league_info` [ RunTime:0.008307s ]
SQL: SELECT `league_name` FROM `lg_league_info` WHERE ( uid=1 ) LIMIT 1   [ RunTime:0.001915s ]
SQL: SELECT `league_name` FROM `lg_league_info` WHERE ( uid=1 ) LIMIT 1   [ RunTime:0.000575s ]
SQL: SELECT `league_name` FROM `lg_league_info` WHERE ( uid=1 ) LIMIT 1   [ RunTime:0.000500s ]
SQL: SELECT `league_name` FROM `lg_league_info` WHERE ( uid=1 ) LIMIT 1   [ RunTime:0.000566s ]
SQL: SELECT `league_name` FROM `lg_league_info` WHERE ( uid=1 ) LIMIT 1   [ RunTime:0.000650s ]
SQL: SELECT `league_name` FROM `lg_league_info` WHERE ( uid=1 ) LIMIT 1   [ RunTime:0.000663s ]
SQL: SELECT `league_name` FROM `lg_league_info` WHERE ( uid=1 ) LIMIT 1   [ RunTime:0.000686s ]
SQL: SELECT `league_name` FROM `lg_league_info` WHERE ( uid=1 ) LIMIT 1   [ RunTime:0.001909s ]
SQL: SELECT `league_name` FROM `lg_league_info` WHERE ( uid=1 ) LIMIT 1   [ RunTime:0.000983s ]
SQL: SELECT `league_name` FROM `lg_league_info` WHERE ( uid=1 ) LIMIT 1   [ RunTime:0.001174s ]

[ 2013-10-15T22:00:14+08:00 ] 127.0.0.1 /herald_league/index.php/Index/getMoreActivity.html
INFO: [ app_begin ] --START--
INFO: Run ReadHtmlCache Behavior [ RunTime:0.004579s ]
INFO: [ app_begin ] --END-- [ RunTime:0.004945s ]
NOTIC: 建议使用I方法替代_param
SQL: SHOW COLUMNS FROM `lg_activity_info` [ RunTime:0.007085s ]
NOTIC: 建议使用I方法替代_param
SQL: SELECT * FROM `lg_activity_info` WHERE ( id<17 ) ORDER BY id desc LIMIT 10   [ RunTime:0.001920s ]
SQL: SHOW COLUMNS FROM `lg_league_info` [ RunTime:0.007129s ]
SQL: SELECT `league_name` FROM `lg_league_info` WHERE ( uid=1 ) LIMIT 1   [ RunTime:0.001392s ]
SQL: SELECT `league_name` FROM `lg_league_info` WHERE ( uid=1 ) LIMIT 1   [ RunTime:0.000849s ]
SQL: SELECT `league_name` FROM `lg_league_info` WHERE ( uid=1 ) LIMIT 1   [ RunTime:0.000641s ]
SQL: SELECT `league_name` FROM `lg_league_info` WHERE ( uid=1 ) LIMIT 1   [ RunTime:0.000588s ]
SQL: SELECT `league_name` FROM `lg_league_info` WHERE ( uid=1 ) LIMIT 1   [ RunTime:0.000553s ]
SQL: SELECT `league_name` FROM `lg_league_info` WHERE ( uid=1 ) LIMIT 1   [ RunTime:0.000503s ]
SQL: SELECT `league_name` FROM `lg_league_info` WHERE ( uid=1 ) LIMIT 1   [ RunTime:0.000507s ]
SQL: SELECT `league_name` FROM `lg_league_info` WHERE ( uid=1 ) LIMIT 1   [ RunTime:0.000526s ]
SQL: SELECT `league_name` FROM `lg_league_info` WHERE ( uid=1 ) LIMIT 1   [ RunTime:0.000567s ]
SQL: SELECT `league_name` FROM `lg_league_info` WHERE ( uid=1 ) LIMIT 1   [ RunTime:0.000718s ]

[ 2013-10-15T22:01:21+08:00 ] 127.0.0.1 /herald_league/index.php/Index/getMoreActivity.html
INFO: [ app_begin ] --START--
INFO: Run ReadHtmlCache Behavior [ RunTime:0.004639s ]
INFO: [ app_begin ] --END-- [ RunTime:0.004927s ]
NOTIC: 建议使用I方法替代_param
SQL: SHOW COLUMNS FROM `lg_activity_info` [ RunTime:0.007693s ]
NOTIC: 建议使用I方法替代_param
SQL: SELECT * FROM `lg_activity_info` WHERE ( id<7 ) ORDER BY id desc LIMIT 10   [ RunTime:0.001782s ]
SQL: SHOW COLUMNS FROM `lg_league_info` [ RunTime:0.007241s ]
SQL: SELECT `league_name` FROM `lg_league_info` WHERE ( uid=3 ) LIMIT 1   [ RunTime:0.000846s ]
SQL: SELECT `league_name` FROM `lg_league_info` WHERE ( uid=1 ) LIMIT 1   [ RunTime:0.000641s ]
SQL: SELECT `league_name` FROM `lg_league_info` WHERE ( uid=2 ) LIMIT 1   [ RunTime:0.000684s ]
SQL: SELECT `league_name` FROM `lg_league_info` WHERE ( uid=1 ) LIMIT 1   [ RunTime:0.000582s ]
SQL: SELECT `league_name` FROM `lg_league_info` WHERE ( uid=1 ) LIMIT 1   [ RunTime:0.000617s ]
SQL: SELECT `league_name` FROM `lg_league_info` WHERE ( uid=1 ) LIMIT 1   [ RunTime:0.000650s ]

[ 2013-10-15T22:02:10+08:00 ] 127.0.0.1 /herald_league/index.php/Index/getClassActivity.html
INFO: [ app_begin ] --START--
INFO: Run ReadHtmlCache Behavior [ RunTime:0.001906s ]
INFO: [ app_begin ] --END-- [ RunTime:0.002216s ]
SQL: SHOW COLUMNS FROM `lg_activity_info` [ RunTime:0.006754s ]
NOTIC: 建议使用I方法替代_param
SQL: SELECT * FROM `lg_activity_info` WHERE ( class=3 )  [ RunTime:0.046220s ]

[ 2013-10-15T22:02:10+08:00 ] 127.0.0.1 /herald_league/index.php/Index/getMoreActivity.html
INFO: [ app_begin ] --START--
INFO: Run ReadHtmlCache Behavior [ RunTime:0.003076s ]
INFO: [ app_begin ] --END-- [ RunTime:0.003320s ]
NOTIC: 建议使用I方法替代_param
SQL: SHOW COLUMNS FROM `lg_activity_info` [ RunTime:0.009602s ]
NOTIC: 建议使用I方法替代_param
SQL: SELECT * FROM `lg_activity_info` WHERE ( id<17 AND class=3 ) ORDER BY id desc LIMIT 10   [ RunTime:0.001812s ]
SQL: SHOW COLUMNS FROM `lg_league_info` [ RunTime:0.008305s ]
SQL: SELECT `league_name` FROM `lg_league_info` WHERE ( uid=1 ) LIMIT 1   [ RunTime:0.002150s ]

[ 2013-10-15T22:02:12+08:00 ] 127.0.0.1 /herald_league/index.php/Index/getMoreActivity.html
INFO: [ app_begin ] --START--
INFO: Run ReadHtmlCache Behavior [ RunTime:0.001748s ]
INFO: [ app_begin ] --END-- [ RunTime:0.001977s ]
NOTIC: 建议使用I方法替代_param
SQL: SHOW COLUMNS FROM `lg_activity_info` [ RunTime:0.007341s ]
NOTIC: 建议使用I方法替代_param
SQL: SELECT * FROM `lg_activity_info` WHERE ( id<3 AND class=3 ) ORDER BY id desc LIMIT 10   [ RunTime:0.001534s ]
SQL: SHOW COLUMNS FROM `lg_league_info` [ RunTime:0.007633s ]
NOTIC: [2] Invalid argument supplied for foreach() D:\wamp\www\herald_league\herald_league\Lib\Model\ActivityInfoModel.class.php 第 34 行.

[ 2013-10-15T22:02:16+08:00 ] 127.0.0.1 /herald_league/index.php/Index/getMoreActivity.html
INFO: [ app_begin ] --START--
INFO: Run ReadHtmlCache Behavior [ RunTime:0.001904s ]
INFO: [ app_begin ] --END-- [ RunTime:0.002162s ]
NOTIC: 建议使用I方法替代_param
SQL: SHOW COLUMNS FROM `lg_activity_info` [ RunTime:0.010763s ]
NOTIC: 建议使用I方法替代_param
SQL: SELECT * FROM `lg_activity_info` WHERE ( id<17 ) ORDER BY id desc LIMIT 10   [ RunTime:0.003206s ]
SQL: SHOW COLUMNS FROM `lg_league_info` [ RunTime:0.009520s ]
SQL: SELECT `league_name` FROM `lg_league_info` WHERE ( uid=1 ) LIMIT 1   [ RunTime:0.002262s ]
SQL: SELECT `league_name` FROM `lg_league_info` WHERE ( uid=1 ) LIMIT 1   [ RunTime:0.000813s ]
SQL: SELECT `league_name` FROM `lg_league_info` WHERE ( uid=1 ) LIMIT 1   [ RunTime:0.000889s ]
SQL: SELECT `league_name` FROM `lg_league_info` WHERE ( uid=1 ) LIMIT 1   [ RunTime:0.000772s ]
SQL: SELECT `league_name` FROM `lg_league_info` WHERE ( uid=1 ) LIMIT 1   [ RunTime:0.000822s ]
SQL: SELECT `league_name` FROM `lg_league_info` WHERE ( uid=1 ) LIMIT 1   [ RunTime:0.000712s ]
SQL: SELECT `league_name` FROM `lg_league_info` WHERE ( uid=1 ) LIMIT 1   [ RunTime:0.000602s ]
SQL: SELECT `league_name` FROM `lg_league_info` WHERE ( uid=1 ) LIMIT 1   [ RunTime:0.000585s ]
SQL: SELECT `league_name` FROM `lg_league_info` WHERE ( uid=1 ) LIMIT 1   [ RunTime:0.000604s ]
SQL: SELECT `league_name` FROM `lg_league_info` WHERE ( uid=1 ) LIMIT 1   [ RunTime:0.000677s ]

[ 2013-10-15T22:03:19+08:00 ] 127.0.0.1 /herald_league/index.php/Index/getMoreActivity.html
INFO: [ app_begin ] --START--
INFO: Run ReadHtmlCache Behavior [ RunTime:0.003588s ]
INFO: [ app_begin ] --END-- [ RunTime:0.003860s ]
NOTIC: 建议使用I方法替代_param
SQL: SHOW COLUMNS FROM `lg_activity_info` [ RunTime:0.007777s ]
NOTIC: 建议使用I方法替代_param
SQL: SELECT * FROM `lg_activity_info` WHERE ( id<17 ) ORDER BY id desc LIMIT 10   [ RunTime:0.002479s ]
SQL: SHOW COLUMNS FROM `lg_league_info` [ RunTime:0.008225s ]
SQL: SELECT `league_name` FROM `lg_league_info` WHERE ( uid=1 ) LIMIT 1   [ RunTime:0.001755s ]
SQL: SELECT `league_name` FROM `lg_league_info` WHERE ( uid=1 ) LIMIT 1   [ RunTime:0.000717s ]
SQL: SELECT `league_name` FROM `lg_league_info` WHERE ( uid=1 ) LIMIT 1   [ RunTime:0.000857s ]
SQL: SELECT `league_name` FROM `lg_league_info` WHERE ( uid=1 ) LIMIT 1   [ RunTime:0.000666s ]
SQL: SELECT `league_name` FROM `lg_league_info` WHERE ( uid=1 ) LIMIT 1   [ RunTime:0.000602s ]
SQL: SELECT `league_name` FROM `lg_league_info` WHERE ( uid=1 ) LIMIT 1   [ RunTime:0.000692s ]
SQL: SELECT `league_name` FROM `lg_league_info` WHERE ( uid=1 ) LIMIT 1   [ RunTime:0.000669s ]
SQL: SELECT `league_name` FROM `lg_league_info` WHERE ( uid=1 ) LIMIT 1   [ RunTime:0.000692s ]
SQL: SELECT `league_name` FROM `lg_league_info` WHERE ( uid=1 ) LIMIT 1   [ RunTime:0.000660s ]
SQL: SELECT `league_name` FROM `lg_league_info` WHERE ( uid=1 ) LIMIT 1   [ RunTime:0.000657s ]

[ 2013-10-15T22:04:00+08:00 ] 127.0.0.1 /herald_league/index.php/Index/getMoreActivity.html
INFO: [ app_begin ] --START--
INFO: Run ReadHtmlCache Behavior [ RunTime:0.001926s ]
INFO: [ app_begin ] --END-- [ RunTime:0.002175s ]
NOTIC: 建议使用I方法替代_param
SQL: SHOW COLUMNS FROM `lg_activity_info` [ RunTime:0.007398s ]
NOTIC: 建议使用I方法替代_param
SQL: SELECT * FROM `lg_activity_info` WHERE ( id<17 ) ORDER BY id desc LIMIT 10   [ RunTime:0.002634s ]
SQL: SHOW COLUMNS FROM `lg_league_info` [ RunTime:0.007263s ]
SQL: SELECT `league_name` FROM `lg_league_info` WHERE ( uid=1 ) LIMIT 1   [ RunTime:0.002617s ]
SQL: SELECT `league_name` FROM `lg_league_info` WHERE ( uid=1 ) LIMIT 1   [ RunTime:0.000679s ]
SQL: SELECT `league_name` FROM `lg_league_info` WHERE ( uid=1 ) LIMIT 1   [ RunTime:0.000765s ]
SQL: SELECT `league_name` FROM `lg_league_info` WHERE ( uid=1 ) LIMIT 1   [ RunTime:0.000579s ]
SQL: SELECT `league_name` FROM `lg_league_info` WHERE ( uid=1 ) LIMIT 1   [ RunTime:0.000490s ]
SQL: SELECT `league_name` FROM `lg_league_info` WHERE ( uid=1 ) LIMIT 1   [ RunTime:0.000555s ]
SQL: SELECT `league_name` FROM `lg_league_info` WHERE ( uid=1 ) LIMIT 1   [ RunTime:0.000693s ]
SQL: SELECT `league_name` FROM `lg_league_info` WHERE ( uid=1 ) LIMIT 1   [ RunTime:0.000630s ]
SQL: SELECT `league_name` FROM `lg_league_info` WHERE ( uid=1 ) LIMIT 1   [ RunTime:0.000652s ]
SQL: SELECT `league_name` FROM `lg_league_info` WHERE ( uid=1 ) LIMIT 1   [ RunTime:0.000660s ]

[ 2013-10-15T22:04:07+08:00 ] 127.0.0.1 /herald_league/index.php/Index/getMoreActivity.html
INFO: [ app_begin ] --START--
INFO: Run ReadHtmlCache Behavior [ RunTime:0.001790s ]
INFO: [ app_begin ] --END-- [ RunTime:0.002026s ]
NOTIC: 建议使用I方法替代_param
SQL: SHOW COLUMNS FROM `lg_activity_info` [ RunTime:0.007298s ]
NOTIC: 建议使用I方法替代_param
SQL: SELECT * FROM `lg_activity_info` WHERE ( id<7 ) ORDER BY id desc LIMIT 10   [ RunTime:0.003145s ]
SQL: SHOW COLUMNS FROM `lg_league_info` [ RunTime:0.007709s ]
SQL: SELECT `league_name` FROM `lg_league_info` WHERE ( uid=3 ) LIMIT 1   [ RunTime:0.003338s ]
SQL: SELECT `league_name` FROM `lg_league_info` WHERE ( uid=1 ) LIMIT 1   [ RunTime:0.000655s ]
SQL: SELECT `league_name` FROM `lg_league_info` WHERE ( uid=2 ) LIMIT 1   [ RunTime:0.000641s ]
SQL: SELECT `league_name` FROM `lg_league_info` WHERE ( uid=1 ) LIMIT 1   [ RunTime:0.000619s ]
SQL: SELECT `league_name` FROM `lg_league_info` WHERE ( uid=1 ) LIMIT 1   [ RunTime:0.000644s ]
SQL: SELECT `league_name` FROM `lg_league_info` WHERE ( uid=1 ) LIMIT 1   [ RunTime:0.000740s ]

[ 2013-10-15T22:04:14+08:00 ] 127.0.0.1 /herald_league/index.php/Index/getMoreActivity.html
INFO: [ app_begin ] --START--
INFO: Run ReadHtmlCache Behavior [ RunTime:0.002633s ]
INFO: [ app_begin ] --END-- [ RunTime:0.003005s ]
NOTIC: 建议使用I方法替代_param
SQL: SHOW COLUMNS FROM `lg_activity_info` [ RunTime:0.008218s ]
NOTIC: 建议使用I方法替代_param
SQL: SELECT * FROM `lg_activity_info` WHERE ( id<17 ) ORDER BY id desc LIMIT 10   [ RunTime:0.001772s ]
SQL: SHOW COLUMNS FROM `lg_league_info` [ RunTime:0.009306s ]
SQL: SELECT `league_name` FROM `lg_league_info` WHERE ( uid=1 ) LIMIT 1   [ RunTime:0.002614s ]
SQL: SELECT `league_name` FROM `lg_league_info` WHERE ( uid=1 ) LIMIT 1   [ RunTime:0.000719s ]
SQL: SELECT `league_name` FROM `lg_league_info` WHERE ( uid=1 ) LIMIT 1   [ RunTime:0.000733s ]
SQL: SELECT `league_name` FROM `lg_league_info` WHERE ( uid=1 ) LIMIT 1   [ RunTime:0.000663s ]
SQL: SELECT `league_name` FROM `lg_league_info` WHERE ( uid=1 ) LIMIT 1   [ RunTime:0.000779s ]
SQL: SELECT `league_name` FROM `lg_league_info` WHERE ( uid=1 ) LIMIT 1   [ RunTime:0.000724s ]
SQL: SELECT `league_name` FROM `lg_league_info` WHERE ( uid=1 ) LIMIT 1   [ RunTime:0.000671s ]
SQL: SELECT `league_name` FROM `lg_league_info` WHERE ( uid=1 ) LIMIT 1   [ RunTime:0.000707s ]
SQL: SELECT `league_name` FROM `lg_league_info` WHERE ( uid=1 ) LIMIT 1   [ RunTime:0.001328s ]
SQL: SELECT `league_name` FROM `lg_league_info` WHERE ( uid=1 ) LIMIT 1   [ RunTime:0.000774s ]

[ 2013-10-15T22:05:34+08:00 ] 127.0.0.1 /herald_league/index.php/Index/getMoreActivity.html
INFO: [ app_begin ] --START--
INFO: Run ReadHtmlCache Behavior [ RunTime:0.003674s ]
INFO: [ app_begin ] --END-- [ RunTime:0.004089s ]
NOTIC: 建议使用I方法替代_param
SQL: SHOW COLUMNS FROM `lg_activity_info` [ RunTime:0.009613s ]
NOTIC: 建议使用I方法替代_param
SQL: SELECT * FROM `lg_activity_info` WHERE ( id<17 ) ORDER BY id desc LIMIT 10   [ RunTime:0.002380s ]
SQL: SHOW COLUMNS FROM `lg_league_info` [ RunTime:0.007463s ]
SQL: SELECT `league_name` FROM `lg_league_info` WHERE ( uid=1 ) LIMIT 1   [ RunTime:0.002961s ]
SQL: SELECT `league_name` FROM `lg_league_info` WHERE ( uid=1 ) LIMIT 1   [ RunTime:0.000734s ]
SQL: SELECT `league_name` FROM `lg_league_info` WHERE ( uid=1 ) LIMIT 1   [ RunTime:0.000687s ]
SQL: SELECT `league_name` FROM `lg_league_info` WHERE ( uid=1 ) LIMIT 1   [ RunTime:0.000675s ]
SQL: SELECT `league_name` FROM `lg_league_info` WHERE ( uid=1 ) LIMIT 1   [ RunTime:0.000699s ]
SQL: SELECT `league_name` FROM `lg_league_info` WHERE ( uid=1 ) LIMIT 1   [ RunTime:0.000661s ]
SQL: SELECT `league_name` FROM `lg_league_info` WHERE ( uid=1 ) LIMIT 1   [ RunTime:0.000759s ]
SQL: SELECT `league_name` FROM `lg_league_info` WHERE ( uid=1 ) LIMIT 1   [ RunTime:0.000649s ]
SQL: SELECT `league_name` FROM `lg_league_info` WHERE ( uid=1 ) LIMIT 1   [ RunTime:0.000659s ]
SQL: SELECT `league_name` FROM `lg_league_info` WHERE ( uid=1 ) LIMIT 1   [ RunTime:0.000706s ]

[ 2013-10-15T22:11:33+08:00 ] 127.0.0.1 /herald_league/index.php/Index/getMoreActivity.html
INFO: [ app_begin ] --START--
INFO: Run ReadHtmlCache Behavior [ RunTime:0.003312s ]
INFO: [ app_begin ] --END-- [ RunTime:0.003568s ]
NOTIC: 建议使用I方法替代_param
SQL: SHOW COLUMNS FROM `lg_activity_info` [ RunTime:0.008288s ]
NOTIC: 建议使用I方法替代_param
SQL: SELECT * FROM `lg_activity_info` WHERE ( id<7 ) ORDER BY id desc LIMIT 10   [ RunTime:0.001989s ]
SQL: SHOW COLUMNS FROM `lg_league_info` [ RunTime:0.007957s ]
SQL: SELECT `league_name` FROM `lg_league_info` WHERE ( uid=3 ) LIMIT 1   [ RunTime:0.001832s ]
SQL: SELECT `league_name` FROM `lg_league_info` WHERE ( uid=1 ) LIMIT 1   [ RunTime:0.000669s ]
SQL: SELECT `league_name` FROM `lg_league_info` WHERE ( uid=2 ) LIMIT 1   [ RunTime:0.000652s ]
SQL: SELECT `league_name` FROM `lg_league_info` WHERE ( uid=1 ) LIMIT 1   [ RunTime:0.000644s ]
SQL: SELECT `league_name` FROM `lg_league_info` WHERE ( uid=1 ) LIMIT 1   [ RunTime:0.000646s ]
SQL: SELECT `league_name` FROM `lg_league_info` WHERE ( uid=1 ) LIMIT 1   [ RunTime:0.000637s ]

[ 2013-10-15T22:13:37+08:00 ] 127.0.0.1 /herald_league/index.php/Index/getMoreActivity.html
INFO: [ app_begin ] --START--
INFO: Run ReadHtmlCache Behavior [ RunTime:0.003032s ]
INFO: [ app_begin ] --END-- [ RunTime:0.003301s ]
NOTIC: 建议使用I方法替代_param
SQL: SHOW COLUMNS FROM `lg_activity_info` [ RunTime:0.008966s ]
NOTIC: 建议使用I方法替代_param
SQL: SELECT * FROM `lg_activity_info` WHERE ( id<17 ) ORDER BY id desc LIMIT 10   [ RunTime:0.001872s ]
SQL: SHOW COLUMNS FROM `lg_league_info` [ RunTime:0.007690s ]
SQL: SELECT `league_name` FROM `lg_league_info` WHERE ( uid=1 ) LIMIT 1   [ RunTime:0.001969s ]
SQL: SELECT `league_name` FROM `lg_league_info` WHERE ( uid=1 ) LIMIT 1   [ RunTime:0.000692s ]
SQL: SELECT `league_name` FROM `lg_league_info` WHERE ( uid=1 ) LIMIT 1   [ RunTime:0.000677s ]
SQL: SELECT `league_name` FROM `lg_league_info` WHERE ( uid=1 ) LIMIT 1   [ RunTime:0.000653s ]
SQL: SELECT `league_name` FROM `lg_league_info` WHERE ( uid=1 ) LIMIT 1   [ RunTime:0.000657s ]
SQL: SELECT `league_name` FROM `lg_league_info` WHERE ( uid=1 ) LIMIT 1   [ RunTime:0.000611s ]
SQL: SELECT `league_name` FROM `lg_league_info` WHERE ( uid=1 ) LIMIT 1   [ RunTime:0.000647s ]
SQL: SELECT `league_name` FROM `lg_league_info` WHERE ( uid=1 ) LIMIT 1   [ RunTime:0.000638s ]
SQL: SELECT `league_name` FROM `lg_league_info` WHERE ( uid=1 ) LIMIT 1   [ RunTime:0.000648s ]
SQL: SELECT `league_name` FROM `lg_league_info` WHERE ( uid=1 ) LIMIT 1   [ RunTime:0.000644s ]

[ 2013-10-15T22:14:23+08:00 ] 127.0.0.1 /herald_league/index.php/Index/getMoreActivity.html
INFO: [ app_begin ] --START--
INFO: Run ReadHtmlCache Behavior [ RunTime:0.003076s ]
INFO: [ app_begin ] --END-- [ RunTime:0.003326s ]
NOTIC: 建议使用I方法替代_param
SQL: SHOW COLUMNS FROM `lg_activity_info` [ RunTime:0.006435s ]
NOTIC: 建议使用I方法替代_param
SQL: SELECT * FROM `lg_activity_info` WHERE ( id<17 ) ORDER BY id desc LIMIT 10   [ RunTime:0.002062s ]
SQL: SHOW COLUMNS FROM `lg_league_info` [ RunTime:0.006928s ]
SQL: SELECT `league_name` FROM `lg_league_info` WHERE ( uid=1 ) LIMIT 1   [ RunTime:0.001305s ]
SQL: SELECT `league_name` FROM `lg_league_info` WHERE ( uid=1 ) LIMIT 1   [ RunTime:0.000569s ]
SQL: SELECT `league_name` FROM `lg_league_info` WHERE ( uid=1 ) LIMIT 1   [ RunTime:0.000767s ]
SQL: SELECT `league_name` FROM `lg_league_info` WHERE ( uid=1 ) LIMIT 1   [ RunTime:0.000761s ]
SQL: SELECT `league_name` FROM `lg_league_info` WHERE ( uid=1 ) LIMIT 1   [ RunTime:0.000602s ]
SQL: SELECT `league_name` FROM `lg_league_info` WHERE ( uid=1 ) LIMIT 1   [ RunTime:0.000541s ]
SQL: SELECT `league_name` FROM `lg_league_info` WHERE ( uid=1 ) LIMIT 1   [ RunTime:0.000493s ]
SQL: SELECT `league_name` FROM `lg_league_info` WHERE ( uid=1 ) LIMIT 1   [ RunTime:0.000543s ]
SQL: SELECT `league_name` FROM `lg_league_info` WHERE ( uid=1 ) LIMIT 1   [ RunTime:0.000743s ]
SQL: SELECT `league_name` FROM `lg_league_info` WHERE ( uid=1 ) LIMIT 1   [ RunTime:0.000649s ]

[ 2013-10-15T22:16:48+08:00 ] 127.0.0.1 /herald_league/index.php/Index/getMoreActivity.html
INFO: [ app_begin ] --START--
INFO: Run ReadHtmlCache Behavior [ RunTime:0.003116s ]
INFO: [ app_begin ] --END-- [ RunTime:0.003372s ]
NOTIC: 建议使用I方法替代_param
SQL: SHOW COLUMNS FROM `lg_activity_info` [ RunTime:0.007567s ]
NOTIC: 建议使用I方法替代_param
SQL: SELECT * FROM `lg_activity_info` WHERE ( id<17 ) ORDER BY id desc LIMIT 10   [ RunTime:0.001861s ]
SQL: SHOW COLUMNS FROM `lg_league_info` [ RunTime:0.009116s ]
SQL: SELECT `league_name` FROM `lg_league_info` WHERE ( uid=1 ) LIMIT 1   [ RunTime:0.002875s ]
SQL: SELECT `league_name` FROM `lg_league_info` WHERE ( uid=1 ) LIMIT 1   [ RunTime:0.000677s ]
SQL: SELECT `league_name` FROM `lg_league_info` WHERE ( uid=1 ) LIMIT 1   [ RunTime:0.000678s ]
SQL: SELECT `league_name` FROM `lg_league_info` WHERE ( uid=1 ) LIMIT 1   [ RunTime:0.000889s ]
SQL: SELECT `league_name` FROM `lg_league_info` WHERE ( uid=1 ) LIMIT 1   [ RunTime:0.000788s ]
SQL: SELECT `league_name` FROM `lg_league_info` WHERE ( uid=1 ) LIMIT 1   [ RunTime:0.000679s ]
SQL: SELECT `league_name` FROM `lg_league_info` WHERE ( uid=1 ) LIMIT 1   [ RunTime:0.000653s ]
SQL: SELECT `league_name` FROM `lg_league_info` WHERE ( uid=1 ) LIMIT 1   [ RunTime:0.000650s ]
SQL: SELECT `league_name` FROM `lg_league_info` WHERE ( uid=1 ) LIMIT 1   [ RunTime:0.000658s ]
SQL: SELECT `league_name` FROM `lg_league_info` WHERE ( uid=1 ) LIMIT 1   [ RunTime:0.000643s ]

[ 2013-10-15T22:17:44+08:00 ] 127.0.0.1 /herald_league/index.php/Index/getMoreActivity.html
INFO: [ app_begin ] --START--
INFO: Run ReadHtmlCache Behavior [ RunTime:0.002181s ]
INFO: [ app_begin ] --END-- [ RunTime:0.002501s ]
NOTIC: 建议使用I方法替代_param
SQL: SHOW COLUMNS FROM `lg_activity_info` [ RunTime:0.009775s ]
NOTIC: 建议使用I方法替代_param
SQL: SELECT * FROM `lg_activity_info` WHERE ( id<17 ) ORDER BY id desc LIMIT 10   [ RunTime:0.002844s ]
SQL: SHOW COLUMNS FROM `lg_league_info` [ RunTime:0.007631s ]
SQL: SELECT `league_name` FROM `lg_league_info` WHERE ( uid=1 ) LIMIT 1   [ RunTime:0.001892s ]
SQL: SELECT `league_name` FROM `lg_league_info` WHERE ( uid=1 ) LIMIT 1   [ RunTime:0.000597s ]
SQL: SELECT `league_name` FROM `lg_league_info` WHERE ( uid=1 ) LIMIT 1   [ RunTime:0.000512s ]
SQL: SELECT `league_name` FROM `lg_league_info` WHERE ( uid=1 ) LIMIT 1   [ RunTime:0.000574s ]
SQL: SELECT `league_name` FROM `lg_league_info` WHERE ( uid=1 ) LIMIT 1   [ RunTime:0.000527s ]
SQL: SELECT `league_name` FROM `lg_league_info` WHERE ( uid=1 ) LIMIT 1   [ RunTime:0.000486s ]
SQL: SELECT `league_name` FROM `lg_league_info` WHERE ( uid=1 ) LIMIT 1   [ RunTime:0.000830s ]
SQL: SELECT `league_name` FROM `lg_league_info` WHERE ( uid=1 ) LIMIT 1   [ RunTime:0.000836s ]
SQL: SELECT `league_name` FROM `lg_league_info` WHERE ( uid=1 ) LIMIT 1   [ RunTime:0.000680s ]
SQL: SELECT `league_name` FROM `lg_league_info` WHERE ( uid=1 ) LIMIT 1   [ RunTime:0.000721s ]

[ 2013-10-15T22:21:53+08:00 ] 127.0.0.1 /herald_league/index.php/Index/getMoreActivity.html
INFO: [ app_begin ] --START--
INFO: Run ReadHtmlCache Behavior [ RunTime:0.002788s ]
INFO: [ app_begin ] --END-- [ RunTime:0.003224s ]
NOTIC: 建议使用I方法替代_param
SQL: SHOW COLUMNS FROM `lg_activity_info` [ RunTime:0.008378s ]
NOTIC: 建议使用I方法替代_param
SQL: SELECT * FROM `lg_activity_info` WHERE ( id<17 ) ORDER BY id desc LIMIT 10   [ RunTime:0.002980s ]
SQL: SHOW COLUMNS FROM `lg_league_info` [ RunTime:0.008798s ]
SQL: SELECT `league_name` FROM `lg_league_info` WHERE ( uid=1 ) LIMIT 1   [ RunTime:0.001783s ]
SQL: SELECT `league_name` FROM `lg_league_info` WHERE ( uid=1 ) LIMIT 1   [ RunTime:0.000765s ]
SQL: SELECT `league_name` FROM `lg_league_info` WHERE ( uid=1 ) LIMIT 1   [ RunTime:0.000665s ]
SQL: SELECT `league_name` FROM `lg_league_info` WHERE ( uid=1 ) LIMIT 1   [ RunTime:0.000708s ]
SQL: SELECT `league_name` FROM `lg_league_info` WHERE ( uid=1 ) LIMIT 1   [ RunTime:0.000676s ]
SQL: SELECT `league_name` FROM `lg_league_info` WHERE ( uid=1 ) LIMIT 1   [ RunTime:0.000650s ]
SQL: SELECT `league_name` FROM `lg_league_info` WHERE ( uid=1 ) LIMIT 1   [ RunTime:0.000664s ]
SQL: SELECT `league_name` FROM `lg_league_info` WHERE ( uid=1 ) LIMIT 1   [ RunTime:0.000540s ]
SQL: SELECT `league_name` FROM `lg_league_info` WHERE ( uid=1 ) LIMIT 1   [ RunTime:0.000527s ]
SQL: SELECT `league_name` FROM `lg_league_info` WHERE ( uid=1 ) LIMIT 1   [ RunTime:0.000517s ]

[ 2013-10-15T22:22:11+08:00 ] 127.0.0.1 /herald_league/index.php/Index/getMoreActivity.html
INFO: [ app_begin ] --START--
INFO: Run ReadHtmlCache Behavior [ RunTime:0.003646s ]
INFO: [ app_begin ] --END-- [ RunTime:0.003919s ]
NOTIC: 建议使用I方法替代_param
SQL: SHOW COLUMNS FROM `lg_activity_info` [ RunTime:0.006986s ]
NOTIC: 建议使用I方法替代_param
SQL: SELECT * FROM `lg_activity_info` WHERE ( id<7 ) ORDER BY id desc LIMIT 10   [ RunTime:0.008511s ]
SQL: SHOW COLUMNS FROM `lg_league_info` [ RunTime:0.007160s ]
SQL: SELECT `league_name` FROM `lg_league_info` WHERE ( uid=3 ) LIMIT 1   [ RunTime:0.001235s ]
SQL: SELECT `league_name` FROM `lg_league_info` WHERE ( uid=1 ) LIMIT 1   [ RunTime:0.000770s ]
SQL: SELECT `league_name` FROM `lg_league_info` WHERE ( uid=2 ) LIMIT 1   [ RunTime:0.000653s ]
SQL: SELECT `league_name` FROM `lg_league_info` WHERE ( uid=1 ) LIMIT 1   [ RunTime:0.000611s ]
SQL: SELECT `league_name` FROM `lg_league_info` WHERE ( uid=1 ) LIMIT 1   [ RunTime:0.000648s ]
SQL: SELECT `league_name` FROM `lg_league_info` WHERE ( uid=1 ) LIMIT 1   [ RunTime:0.000793s ]

[ 2013-10-15T22:22:24+08:00 ] 127.0.0.1 /herald_league/index.php/Index/getMoreActivity.html
INFO: [ app_begin ] --START--
INFO: Run ReadHtmlCache Behavior [ RunTime:0.001777s ]
INFO: [ app_begin ] --END-- [ RunTime:0.002002s ]
NOTIC: 建议使用I方法替代_param
SQL: SHOW COLUMNS FROM `lg_activity_info` [ RunTime:0.009577s ]
NOTIC: 建议使用I方法替代_param
SQL: SELECT * FROM `lg_activity_info` WHERE ( id<17 AND class=1 ) ORDER BY id desc LIMIT 10   [ RunTime:0.001880s ]
SQL: SHOW COLUMNS FROM `lg_league_info` [ RunTime:0.007185s ]
SQL: SELECT `league_name` FROM `lg_league_info` WHERE ( uid=1 ) LIMIT 1   [ RunTime:0.001824s ]
SQL: SELECT `league_name` FROM `lg_league_info` WHERE ( uid=1 ) LIMIT 1   [ RunTime:0.000720s ]
SQL: SELECT `league_name` FROM `lg_league_info` WHERE ( uid=1 ) LIMIT 1   [ RunTime:0.000633s ]
SQL: SELECT `league_name` FROM `lg_league_info` WHERE ( uid=1 ) LIMIT 1   [ RunTime:0.000596s ]
SQL: SELECT `league_name` FROM `lg_league_info` WHERE ( uid=1 ) LIMIT 1   [ RunTime:0.000661s ]
SQL: SELECT `league_name` FROM `lg_league_info` WHERE ( uid=1 ) LIMIT 1   [ RunTime:0.000573s ]
SQL: SELECT `league_name` FROM `lg_league_info` WHERE ( uid=1 ) LIMIT 1   [ RunTime:0.000527s ]
SQL: SELECT `league_name` FROM `lg_league_info` WHERE ( uid=1 ) LIMIT 1   [ RunTime:0.000570s ]
SQL: SELECT `league_name` FROM `lg_league_info` WHERE ( uid=1 ) LIMIT 1   [ RunTime:0.000539s ]
SQL: SELECT `league_name` FROM `lg_league_info` WHERE ( uid=1 ) LIMIT 1   [ RunTime:0.000506s ]

[ 2013-10-15T22:22:24+08:00 ] 127.0.0.1 /herald_league/index.php/Index/getClassActivity.html
INFO: [ app_begin ] --START--
INFO: Run ReadHtmlCache Behavior [ RunTime:0.005822s ]
INFO: [ app_begin ] --END-- [ RunTime:0.006166s ]
SQL: SHOW COLUMNS FROM `lg_activity_info` [ RunTime:0.007874s ]
NOTIC: 建议使用I方法替代_param
SQL: SELECT * FROM `lg_activity_info` WHERE ( class=1 )  [ RunTime:0.004417s ]

[ 2013-10-15T22:22:56+08:00 ] 127.0.0.1 /herald_league/index.php/Index/getMoreActivity.html
INFO: [ app_begin ] --START--
INFO: Run ReadHtmlCache Behavior [ RunTime:0.001944s ]
INFO: [ app_begin ] --END-- [ RunTime:0.002226s ]
NOTIC: 建议使用I方法替代_param
SQL: SHOW COLUMNS FROM `lg_activity_info` [ RunTime:0.006805s ]
NOTIC: 建议使用I方法替代_param
SQL: SELECT * FROM `lg_activity_info` WHERE ( id<17 ) ORDER BY id desc LIMIT 10   [ RunTime:0.001922s ]
SQL: SHOW COLUMNS FROM `lg_league_info` [ RunTime:0.007127s ]
SQL: SELECT `league_name` FROM `lg_league_info` WHERE ( uid=1 ) LIMIT 1   [ RunTime:0.002590s ]
SQL: SELECT `league_name` FROM `lg_league_info` WHERE ( uid=1 ) LIMIT 1   [ RunTime:0.000566s ]
SQL: SELECT `league_name` FROM `lg_league_info` WHERE ( uid=1 ) LIMIT 1   [ RunTime:0.000629s ]
SQL: SELECT `league_name` FROM `lg_league_info` WHERE ( uid=1 ) LIMIT 1   [ RunTime:0.000656s ]
SQL: SELECT `league_name` FROM `lg_league_info` WHERE ( uid=1 ) LIMIT 1   [ RunTime:0.000620s ]
SQL: SELECT `league_name` FROM `lg_league_info` WHERE ( uid=1 ) LIMIT 1   [ RunTime:0.000641s ]
SQL: SELECT `league_name` FROM `lg_league_info` WHERE ( uid=1 ) LIMIT 1   [ RunTime:0.000653s ]
SQL: SELECT `league_name` FROM `lg_league_info` WHERE ( uid=1 ) LIMIT 1   [ RunTime:0.000689s ]
SQL: SELECT `league_name` FROM `lg_league_info` WHERE ( uid=1 ) LIMIT 1   [ RunTime:0.000663s ]
SQL: SELECT `league_name` FROM `lg_league_info` WHERE ( uid=1 ) LIMIT 1   [ RunTime:0.001050s ]

[ 2013-10-15T22:23:04+08:00 ] 127.0.0.1 /herald_league/index.php/Index/getMoreActivity.html
INFO: [ app_begin ] --START--
INFO: Run ReadHtmlCache Behavior [ RunTime:0.002167s ]
INFO: [ app_begin ] --END-- [ RunTime:0.002433s ]
NOTIC: 建议使用I方法替代_param
SQL: SHOW COLUMNS FROM `lg_activity_info` [ RunTime:0.006903s ]
NOTIC: 建议使用I方法替代_param
SQL: SELECT * FROM `lg_activity_info` WHERE ( id<7 ) ORDER BY id desc LIMIT 10   [ RunTime:0.003712s ]
SQL: SHOW COLUMNS FROM `lg_league_info` [ RunTime:0.008127s ]
SQL: SELECT `league_name` FROM `lg_league_info` WHERE ( uid=3 ) LIMIT 1   [ RunTime:0.001686s ]
SQL: SELECT `league_name` FROM `lg_league_info` WHERE ( uid=1 ) LIMIT 1   [ RunTime:0.000646s ]
SQL: SELECT `league_name` FROM `lg_league_info` WHERE ( uid=2 ) LIMIT 1   [ RunTime:0.000707s ]
SQL: SELECT `league_name` FROM `lg_league_info` WHERE ( uid=1 ) LIMIT 1   [ RunTime:0.000665s ]
SQL: SELECT `league_name` FROM `lg_league_info` WHERE ( uid=1 ) LIMIT 1   [ RunTime:0.000650s ]
SQL: SELECT `league_name` FROM `lg_league_info` WHERE ( uid=1 ) LIMIT 1   [ RunTime:0.000901s ]

[ 2013-10-15T22:25:03+08:00 ] 127.0.0.1 /herald_league/index.php/Index/getMoreActivity.html
INFO: [ app_begin ] --START--
INFO: Run ReadHtmlCache Behavior [ RunTime:0.003049s ]
INFO: [ app_begin ] --END-- [ RunTime:0.003295s ]
NOTIC: 建议使用I方法替代_param
SQL: SHOW COLUMNS FROM `lg_activity_info` [ RunTime:0.007090s ]
NOTIC: 建议使用I方法替代_param
SQL: SELECT * FROM `lg_activity_info` WHERE ( id<17 ) ORDER BY id desc LIMIT 10   [ RunTime:0.002529s ]
SQL: SHOW COLUMNS FROM `lg_league_info` [ RunTime:0.006825s ]
SQL: SELECT `league_name` FROM `lg_league_info` WHERE ( uid=1 ) LIMIT 1   [ RunTime:0.001509s ]
SQL: SELECT `league_name` FROM `lg_league_info` WHERE ( uid=1 ) LIMIT 1   [ RunTime:0.000666s ]
SQL: SELECT `league_name` FROM `lg_league_info` WHERE ( uid=1 ) LIMIT 1   [ RunTime:0.000647s ]
SQL: SELECT `league_name` FROM `lg_league_info` WHERE ( uid=1 ) LIMIT 1   [ RunTime:0.000685s ]
SQL: SELECT `league_name` FROM `lg_league_info` WHERE ( uid=1 ) LIMIT 1   [ RunTime:0.000664s ]
SQL: SELECT `league_name` FROM `lg_league_info` WHERE ( uid=1 ) LIMIT 1   [ RunTime:0.000819s ]
SQL: SELECT `league_name` FROM `lg_league_info` WHERE ( uid=1 ) LIMIT 1   [ RunTime:0.000651s ]
SQL: SELECT `league_name` FROM `lg_league_info` WHERE ( uid=1 ) LIMIT 1   [ RunTime:0.000640s ]
SQL: SELECT `league_name` FROM `lg_league_info` WHERE ( uid=1 ) LIMIT 1   [ RunTime:0.000674s ]
SQL: SELECT `league_name` FROM `lg_league_info` WHERE ( uid=1 ) LIMIT 1   [ RunTime:0.000652s ]

[ 2013-10-15T22:26:00+08:00 ] 127.0.0.1 /herald_league/index.php/Index/getMoreActivity.html
INFO: [ app_begin ] --START--
INFO: Run ReadHtmlCache Behavior [ RunTime:0.003770s ]
INFO: [ app_begin ] --END-- [ RunTime:0.004096s ]
NOTIC: 建议使用I方法替代_param
SQL: SHOW COLUMNS FROM `lg_activity_info` [ RunTime:0.006957s ]
NOTIC: 建议使用I方法替代_param
SQL: SELECT * FROM `lg_activity_info` WHERE ( id<7 ) ORDER BY id desc LIMIT 10   [ RunTime:0.001871s ]
SQL: SHOW COLUMNS FROM `lg_league_info` [ RunTime:0.006701s ]
SQL: SELECT `league_name` FROM `lg_league_info` WHERE ( uid=3 ) LIMIT 1   [ RunTime:0.001859s ]
SQL: SELECT `league_name` FROM `lg_league_info` WHERE ( uid=1 ) LIMIT 1   [ RunTime:0.000659s ]
SQL: SELECT `league_name` FROM `lg_league_info` WHERE ( uid=2 ) LIMIT 1   [ RunTime:0.000657s ]
SQL: SELECT `league_name` FROM `lg_league_info` WHERE ( uid=1 ) LIMIT 1   [ RunTime:0.000680s ]
SQL: SELECT `league_name` FROM `lg_league_info` WHERE ( uid=1 ) LIMIT 1   [ RunTime:0.000737s ]
SQL: SELECT `league_name` FROM `lg_league_info` WHERE ( uid=1 ) LIMIT 1   [ RunTime:0.000650s ]

[ 2013-10-15T22:26:30+08:00 ] 127.0.0.1 /herald_league/index.php/Index/getMoreActivity.html
INFO: [ app_begin ] --START--
INFO: Run ReadHtmlCache Behavior [ RunTime:0.001794s ]
INFO: [ app_begin ] --END-- [ RunTime:0.002072s ]
NOTIC: 建议使用I方法替代_param
SQL: SHOW COLUMNS FROM `lg_activity_info` [ RunTime:0.008336s ]
NOTIC: 建议使用I方法替代_param
SQL: SELECT * FROM `lg_activity_info` WHERE ( id<17 ) ORDER BY id desc LIMIT 10   [ RunTime:0.001630s ]
SQL: SHOW COLUMNS FROM `lg_league_info` [ RunTime:0.009316s ]
SQL: SELECT `league_name` FROM `lg_league_info` WHERE ( uid=1 ) LIMIT 1   [ RunTime:0.002373s ]
SQL: SELECT `league_name` FROM `lg_league_info` WHERE ( uid=1 ) LIMIT 1   [ RunTime:0.000817s ]
SQL: SELECT `league_name` FROM `lg_league_info` WHERE ( uid=1 ) LIMIT 1   [ RunTime:0.000668s ]
SQL: SELECT `league_name` FROM `lg_league_info` WHERE ( uid=1 ) LIMIT 1   [ RunTime:0.000708s ]
SQL: SELECT `league_name` FROM `lg_league_info` WHERE ( uid=1 ) LIMIT 1   [ RunTime:0.000688s ]
SQL: SELECT `league_name` FROM `lg_league_info` WHERE ( uid=1 ) LIMIT 1   [ RunTime:0.000599s ]
SQL: SELECT `league_name` FROM `lg_league_info` WHERE ( uid=1 ) LIMIT 1   [ RunTime:0.000653s ]
SQL: SELECT `league_name` FROM `lg_league_info` WHERE ( uid=1 ) LIMIT 1   [ RunTime:0.000616s ]
SQL: SELECT `league_name` FROM `lg_league_info` WHERE ( uid=1 ) LIMIT 1   [ RunTime:0.000660s ]
SQL: SELECT `league_name` FROM `lg_league_info` WHERE ( uid=1 ) LIMIT 1   [ RunTime:0.000653s ]

[ 2013-10-15T22:27:08+08:00 ] 127.0.0.1 /herald_league/index.php/Index/getMoreActivity.html
INFO: [ app_begin ] --START--
INFO: Run ReadHtmlCache Behavior [ RunTime:0.003122s ]
INFO: [ app_begin ] --END-- [ RunTime:0.003371s ]
NOTIC: 建议使用I方法替代_param
SQL: SHOW COLUMNS FROM `lg_activity_info` [ RunTime:0.009590s ]
NOTIC: 建议使用I方法替代_param
SQL: SELECT * FROM `lg_activity_info` WHERE ( id<7 ) ORDER BY id desc LIMIT 10   [ RunTime:0.000956s ]
SQL: SHOW COLUMNS FROM `lg_league_info` [ RunTime:0.007098s ]
SQL: SELECT `league_name` FROM `lg_league_info` WHERE ( uid=3 ) LIMIT 1   [ RunTime:0.002252s ]
SQL: SELECT `league_name` FROM `lg_league_info` WHERE ( uid=1 ) LIMIT 1   [ RunTime:0.000824s ]
SQL: SELECT `league_name` FROM `lg_league_info` WHERE ( uid=2 ) LIMIT 1   [ RunTime:0.000558s ]
SQL: SELECT `league_name` FROM `lg_league_info` WHERE ( uid=1 ) LIMIT 1   [ RunTime:0.000653s ]
SQL: SELECT `league_name` FROM `lg_league_info` WHERE ( uid=1 ) LIMIT 1   [ RunTime:0.000672s ]
SQL: SELECT `league_name` FROM `lg_league_info` WHERE ( uid=1 ) LIMIT 1   [ RunTime:0.000652s ]

[ 2013-10-15T22:28:13+08:00 ] 127.0.0.1 /herald_league/index.php/Index/getMoreActivity.html
INFO: [ app_begin ] --START--
INFO: Run ReadHtmlCache Behavior [ RunTime:0.001916s ]
INFO: [ app_begin ] --END-- [ RunTime:0.002162s ]
NOTIC: 建议使用I方法替代_param
SQL: SHOW COLUMNS FROM `lg_activity_info` [ RunTime:0.008013s ]
NOTIC: 建议使用I方法替代_param
SQL: SELECT * FROM `lg_activity_info` WHERE ( id<17 ) ORDER BY id desc LIMIT 10   [ RunTime:0.002479s ]
SQL: SHOW COLUMNS FROM `lg_league_info` [ RunTime:0.008079s ]
SQL: SELECT `league_name` FROM `lg_league_info` WHERE ( uid=1 ) LIMIT 1   [ RunTime:0.001742s ]
SQL: SELECT `league_name` FROM `lg_league_info` WHERE ( uid=1 ) LIMIT 1   [ RunTime:0.000663s ]
SQL: SELECT `league_name` FROM `lg_league_info` WHERE ( uid=1 ) LIMIT 1   [ RunTime:0.000639s ]
SQL: SELECT `league_name` FROM `lg_league_info` WHERE ( uid=1 ) LIMIT 1   [ RunTime:0.000633s ]
SQL: SELECT `league_name` FROM `lg_league_info` WHERE ( uid=1 ) LIMIT 1   [ RunTime:0.000726s ]
SQL: SELECT `league_name` FROM `lg_league_info` WHERE ( uid=1 ) LIMIT 1   [ RunTime:0.000692s ]
SQL: SELECT `league_name` FROM `lg_league_info` WHERE ( uid=1 ) LIMIT 1   [ RunTime:0.000591s ]
SQL: SELECT `league_name` FROM `lg_league_info` WHERE ( uid=1 ) LIMIT 1   [ RunTime:0.000601s ]
SQL: SELECT `league_name` FROM `lg_league_info` WHERE ( uid=1 ) LIMIT 1   [ RunTime:0.000648s ]
SQL: SELECT `league_name` FROM `lg_league_info` WHERE ( uid=1 ) LIMIT 1   [ RunTime:0.000661s ]

[ 2013-10-15T22:28:18+08:00 ] 127.0.0.1 /herald_league/index.php/Index/getMoreActivity.html
INFO: [ app_begin ] --START--
INFO: Run ReadHtmlCache Behavior [ RunTime:0.001794s ]
INFO: [ app_begin ] --END-- [ RunTime:0.002030s ]
NOTIC: 建议使用I方法替代_param
SQL: SHOW COLUMNS FROM `lg_activity_info` [ RunTime:0.007014s ]
NOTIC: 建议使用I方法替代_param
SQL: SELECT * FROM `lg_activity_info` WHERE ( id<7 ) ORDER BY id desc LIMIT 10   [ RunTime:0.001695s ]
SQL: SHOW COLUMNS FROM `lg_league_info` [ RunTime:0.007330s ]
SQL: SELECT `league_name` FROM `lg_league_info` WHERE ( uid=3 ) LIMIT 1   [ RunTime:0.003670s ]
SQL: SELECT `league_name` FROM `lg_league_info` WHERE ( uid=1 ) LIMIT 1   [ RunTime:0.000621s ]
SQL: SELECT `league_name` FROM `lg_league_info` WHERE ( uid=2 ) LIMIT 1   [ RunTime:0.000601s ]
SQL: SELECT `league_name` FROM `lg_league_info` WHERE ( uid=1 ) LIMIT 1   [ RunTime:0.000543s ]
SQL: SELECT `league_name` FROM `lg_league_info` WHERE ( uid=1 ) LIMIT 1   [ RunTime:0.000590s ]
SQL: SELECT `league_name` FROM `lg_league_info` WHERE ( uid=1 ) LIMIT 1   [ RunTime:0.000554s ]

[ 2013-10-15T22:28:31+08:00 ] 127.0.0.1 /herald_league/index.php/Index/getMoreActivity.html
INFO: [ app_begin ] --START--
INFO: Run ReadHtmlCache Behavior [ RunTime:0.001824s ]
INFO: [ app_begin ] --END-- [ RunTime:0.002061s ]
NOTIC: 建议使用I方法替代_param
SQL: SHOW COLUMNS FROM `lg_activity_info` [ RunTime:0.007701s ]
NOTIC: 建议使用I方法替代_param
SQL: SELECT * FROM `lg_activity_info` WHERE ( id<17 ) ORDER BY id desc LIMIT 10   [ RunTime:0.001480s ]
SQL: SHOW COLUMNS FROM `lg_league_info` [ RunTime:0.008001s ]
SQL: SELECT `league_name` FROM `lg_league_info` WHERE ( uid=1 ) LIMIT 1   [ RunTime:0.002071s ]
SQL: SELECT `league_name` FROM `lg_league_info` WHERE ( uid=1 ) LIMIT 1   [ RunTime:0.000571s ]
SQL: SELECT `league_name` FROM `lg_league_info` WHERE ( uid=1 ) LIMIT 1   [ RunTime:0.000521s ]
SQL: SELECT `league_name` FROM `lg_league_info` WHERE ( uid=1 ) LIMIT 1   [ RunTime:0.000695s ]
SQL: SELECT `league_name` FROM `lg_league_info` WHERE ( uid=1 ) LIMIT 1   [ RunTime:0.000605s ]
SQL: SELECT `league_name` FROM `lg_league_info` WHERE ( uid=1 ) LIMIT 1   [ RunTime:0.000733s ]
SQL: SELECT `league_name` FROM `lg_league_info` WHERE ( uid=1 ) LIMIT 1   [ RunTime:0.000613s ]
SQL: SELECT `league_name` FROM `lg_league_info` WHERE ( uid=1 ) LIMIT 1   [ RunTime:0.000514s ]
SQL: SELECT `league_name` FROM `lg_league_info` WHERE ( uid=1 ) LIMIT 1   [ RunTime:0.000624s ]
SQL: SELECT `league_name` FROM `lg_league_info` WHERE ( uid=1 ) LIMIT 1   [ RunTime:0.000619s ]

[ 2013-10-15T22:28:34+08:00 ] 127.0.0.1 /herald_league/index.php/Index/getMoreActivity.html
INFO: [ app_begin ] --START--
INFO: Run ReadHtmlCache Behavior [ RunTime:0.003163s ]
INFO: [ app_begin ] --END-- [ RunTime:0.003491s ]
NOTIC: 建议使用I方法替代_param
SQL: SHOW COLUMNS FROM `lg_activity_info` [ RunTime:0.007989s ]
NOTIC: 建议使用I方法替代_param
SQL: SELECT * FROM `lg_activity_info` WHERE ( id<7 ) ORDER BY id desc LIMIT 10   [ RunTime:0.005021s ]
SQL: SHOW COLUMNS FROM `lg_league_info` [ RunTime:0.008359s ]
SQL: SELECT `league_name` FROM `lg_league_info` WHERE ( uid=3 ) LIMIT 1   [ RunTime:0.008408s ]
SQL: SELECT `league_name` FROM `lg_league_info` WHERE ( uid=1 ) LIMIT 1   [ RunTime:0.000615s ]
SQL: SELECT `league_name` FROM `lg_league_info` WHERE ( uid=2 ) LIMIT 1   [ RunTime:0.000590s ]
SQL: SELECT `league_name` FROM `lg_league_info` WHERE ( uid=1 ) LIMIT 1   [ RunTime:0.000574s ]
SQL: SELECT `league_name` FROM `lg_league_info` WHERE ( uid=1 ) LIMIT 1   [ RunTime:0.000546s ]
SQL: SELECT `league_name` FROM `lg_league_info` WHERE ( uid=1 ) LIMIT 1   [ RunTime:0.000540s ]

[ 2013-10-15T22:29:19+08:00 ] 127.0.0.1 /herald_league/index.php/Index/getMoreActivity.html
INFO: [ app_begin ] --START--
INFO: Run ReadHtmlCache Behavior [ RunTime:0.003170s ]
INFO: [ app_begin ] --END-- [ RunTime:0.003479s ]
NOTIC: 建议使用I方法替代_param
SQL: SHOW COLUMNS FROM `lg_activity_info` [ RunTime:0.007503s ]
NOTIC: 建议使用I方法替代_param
SQL: SELECT * FROM `lg_activity_info` WHERE ( id<17 ) ORDER BY id desc LIMIT 10   [ RunTime:0.002207s ]
SQL: SHOW COLUMNS FROM `lg_league_info` [ RunTime:0.008795s ]
SQL: SELECT `league_name` FROM `lg_league_info` WHERE ( uid=1 ) LIMIT 1   [ RunTime:0.002963s ]
SQL: SELECT `league_name` FROM `lg_league_info` WHERE ( uid=1 ) LIMIT 1   [ RunTime:0.000858s ]
SQL: SELECT `league_name` FROM `lg_league_info` WHERE ( uid=1 ) LIMIT 1   [ RunTime:0.000697s ]
SQL: SELECT `league_name` FROM `lg_league_info` WHERE ( uid=1 ) LIMIT 1   [ RunTime:0.000660s ]
SQL: SELECT `league_name` FROM `lg_league_info` WHERE ( uid=1 ) LIMIT 1   [ RunTime:0.000697s ]
SQL: SELECT `league_name` FROM `lg_league_info` WHERE ( uid=1 ) LIMIT 1   [ RunTime:0.000626s ]
SQL: SELECT `league_name` FROM `lg_league_info` WHERE ( uid=1 ) LIMIT 1   [ RunTime:0.000637s ]
SQL: SELECT `league_name` FROM `lg_league_info` WHERE ( uid=1 ) LIMIT 1   [ RunTime:0.000641s ]
SQL: SELECT `league_name` FROM `lg_league_info` WHERE ( uid=1 ) LIMIT 1   [ RunTime:0.000637s ]
SQL: SELECT `league_name` FROM `lg_league_info` WHERE ( uid=1 ) LIMIT 1   [ RunTime:0.000689s ]

[ 2013-10-15T22:30:05+08:00 ] 127.0.0.1 /herald_league/index.php/Index/getMoreActivity.html
INFO: [ app_begin ] --START--
INFO: Run ReadHtmlCache Behavior [ RunTime:0.001854s ]
INFO: [ app_begin ] --END-- [ RunTime:0.002090s ]
NOTIC: 建议使用I方法替代_param
SQL: SHOW COLUMNS FROM `lg_activity_info` [ RunTime:0.007637s ]
NOTIC: 建议使用I方法替代_param
SQL: SELECT * FROM `lg_activity_info` WHERE ( id<17 ) ORDER BY id desc LIMIT 10   [ RunTime:0.002136s ]
SQL: SHOW COLUMNS FROM `lg_league_info` [ RunTime:0.009343s ]
SQL: SELECT `league_name` FROM `lg_league_info` WHERE ( uid=1 ) LIMIT 1   [ RunTime:0.001415s ]
SQL: SELECT `league_name` FROM `lg_league_info` WHERE ( uid=1 ) LIMIT 1   [ RunTime:0.000665s ]
SQL: SELECT `league_name` FROM `lg_league_info` WHERE ( uid=1 ) LIMIT 1   [ RunTime:0.000710s ]
SQL: SELECT `league_name` FROM `lg_league_info` WHERE ( uid=1 ) LIMIT 1   [ RunTime:0.000641s ]
SQL: SELECT `league_name` FROM `lg_league_info` WHERE ( uid=1 ) LIMIT 1   [ RunTime:0.000810s ]
SQL: SELECT `league_name` FROM `lg_league_info` WHERE ( uid=1 ) LIMIT 1   [ RunTime:0.000631s ]
SQL: SELECT `league_name` FROM `lg_league_info` WHERE ( uid=1 ) LIMIT 1   [ RunTime:0.000652s ]
SQL: SELECT `league_name` FROM `lg_league_info` WHERE ( uid=1 ) LIMIT 1   [ RunTime:0.000651s ]
SQL: SELECT `league_name` FROM `lg_league_info` WHERE ( uid=1 ) LIMIT 1   [ RunTime:0.000697s ]
SQL: SELECT `league_name` FROM `lg_league_info` WHERE ( uid=1 ) LIMIT 1   [ RunTime:0.000691s ]

[ 2013-10-15T22:30:20+08:00 ] 127.0.0.1 /herald_league/index.php/Index/getMoreActivity.html
INFO: [ app_begin ] --START--
INFO: Run ReadHtmlCache Behavior [ RunTime:0.003101s ]
INFO: [ app_begin ] --END-- [ RunTime:0.003355s ]
NOTIC: 建议使用I方法替代_param
SQL: SHOW COLUMNS FROM `lg_activity_info` [ RunTime:0.006867s ]
NOTIC: 建议使用I方法替代_param
SQL: SELECT * FROM `lg_activity_info` WHERE ( id<17 ) ORDER BY id desc LIMIT 10   [ RunTime:0.002433s ]
SQL: SHOW COLUMNS FROM `lg_league_info` [ RunTime:0.007528s ]
SQL: SELECT `league_name` FROM `lg_league_info` WHERE ( uid=1 ) LIMIT 1   [ RunTime:0.005379s ]
SQL: SELECT `league_name` FROM `lg_league_info` WHERE ( uid=1 ) LIMIT 1   [ RunTime:0.000812s ]
SQL: SELECT `league_name` FROM `lg_league_info` WHERE ( uid=1 ) LIMIT 1   [ RunTime:0.000656s ]
SQL: SELECT `league_name` FROM `lg_league_info` WHERE ( uid=1 ) LIMIT 1   [ RunTime:0.000551s ]
SQL: SELECT `league_name` FROM `lg_league_info` WHERE ( uid=1 ) LIMIT 1   [ RunTime:0.000579s ]
SQL: SELECT `league_name` FROM `lg_league_info` WHERE ( uid=1 ) LIMIT 1   [ RunTime:0.000680s ]
SQL: SELECT `league_name` FROM `lg_league_info` WHERE ( uid=1 ) LIMIT 1   [ RunTime:0.000552s ]
SQL: SELECT `league_name` FROM `lg_league_info` WHERE ( uid=1 ) LIMIT 1   [ RunTime:0.000531s ]
SQL: SELECT `league_name` FROM `lg_league_info` WHERE ( uid=1 ) LIMIT 1   [ RunTime:0.000551s ]
SQL: SELECT `league_name` FROM `lg_league_info` WHERE ( uid=1 ) LIMIT 1   [ RunTime:0.000664s ]

[ 2013-10-15T22:30:27+08:00 ] 127.0.0.1 /herald_league/index.php/Index/getMoreActivity.html
INFO: [ app_begin ] --START--
INFO: Run ReadHtmlCache Behavior [ RunTime:0.002079s ]
INFO: [ app_begin ] --END-- [ RunTime:0.002329s ]
NOTIC: 建议使用I方法替代_param
SQL: SHOW COLUMNS FROM `lg_activity_info` [ RunTime:0.007083s ]
NOTIC: 建议使用I方法替代_param
SQL: SELECT * FROM `lg_activity_info` WHERE ( id<7 ) ORDER BY id desc LIMIT 10   [ RunTime:0.002772s ]
SQL: SHOW COLUMNS FROM `lg_league_info` [ RunTime:0.007191s ]
SQL: SELECT `league_name` FROM `lg_league_info` WHERE ( uid=3 ) LIMIT 1   [ RunTime:0.001425s ]
SQL: SELECT `league_name` FROM `lg_league_info` WHERE ( uid=1 ) LIMIT 1   [ RunTime:0.000639s ]
SQL: SELECT `league_name` FROM `lg_league_info` WHERE ( uid=2 ) LIMIT 1   [ RunTime:0.000696s ]
SQL: SELECT `league_name` FROM `lg_league_info` WHERE ( uid=1 ) LIMIT 1   [ RunTime:0.000688s ]
SQL: SELECT `league_name` FROM `lg_league_info` WHERE ( uid=1 ) LIMIT 1   [ RunTime:0.000616s ]
SQL: SELECT `league_name` FROM `lg_league_info` WHERE ( uid=1 ) LIMIT 1   [ RunTime:0.000680s ]

[ 2013-10-15T22:33:58+08:00 ] 127.0.0.1 /herald_league/index.php/Index/getMoreActivity.html
INFO: [ app_begin ] --START--
INFO: Run ReadHtmlCache Behavior [ RunTime:0.003868s ]
INFO: [ app_begin ] --END-- [ RunTime:0.004138s ]
NOTIC: 建议使用I方法替代_param
SQL: SHOW COLUMNS FROM `lg_activity_info` [ RunTime:0.008988s ]
NOTIC: 建议使用I方法替代_param
SQL: SELECT * FROM `lg_activity_info` WHERE ( id<17 ) ORDER BY id desc LIMIT 10   [ RunTime:0.002185s ]
SQL: SHOW COLUMNS FROM `lg_league_info` [ RunTime:0.009506s ]
SQL: SELECT `league_name` FROM `lg_league_info` WHERE ( uid=1 ) LIMIT 1   [ RunTime:0.002133s ]
SQL: SELECT `league_name` FROM `lg_league_info` WHERE ( uid=1 ) LIMIT 1   [ RunTime:0.000686s ]
SQL: SELECT `league_name` FROM `lg_league_info` WHERE ( uid=1 ) LIMIT 1   [ RunTime:0.000647s ]
SQL: SELECT `league_name` FROM `lg_league_info` WHERE ( uid=1 ) LIMIT 1   [ RunTime:0.000640s ]
SQL: SELECT `league_name` FROM `lg_league_info` WHERE ( uid=1 ) LIMIT 1   [ RunTime:0.000718s ]
SQL: SELECT `league_name` FROM `lg_league_info` WHERE ( uid=1 ) LIMIT 1   [ RunTime:0.000707s ]
SQL: SELECT `league_name` FROM `lg_league_info` WHERE ( uid=1 ) LIMIT 1   [ RunTime:0.000710s ]
SQL: SELECT `league_name` FROM `lg_league_info` WHERE ( uid=1 ) LIMIT 1   [ RunTime:0.000789s ]
SQL: SELECT `league_name` FROM `lg_league_info` WHERE ( uid=1 ) LIMIT 1   [ RunTime:0.001035s ]
SQL: SELECT `league_name` FROM `lg_league_info` WHERE ( uid=1 ) LIMIT 1   [ RunTime:0.000830s ]

[ 2013-10-15T22:34:00+08:00 ] 127.0.0.1 /herald_league/index.php/Index/getMoreActivity.html
INFO: [ app_begin ] --START--
INFO: Run ReadHtmlCache Behavior [ RunTime:0.001845s ]
INFO: [ app_begin ] --END-- [ RunTime:0.002093s ]
NOTIC: 建议使用I方法替代_param
SQL: SHOW COLUMNS FROM `lg_activity_info` [ RunTime:0.008097s ]
NOTIC: 建议使用I方法替代_param
SQL: SELECT * FROM `lg_activity_info` WHERE ( id<7 ) ORDER BY id desc LIMIT 10   [ RunTime:0.004168s ]
SQL: SHOW COLUMNS FROM `lg_league_info` [ RunTime:0.009841s ]
SQL: SELECT `league_name` FROM `lg_league_info` WHERE ( uid=3 ) LIMIT 1   [ RunTime:0.003234s ]
SQL: SELECT `league_name` FROM `lg_league_info` WHERE ( uid=1 ) LIMIT 1   [ RunTime:0.000743s ]
SQL: SELECT `league_name` FROM `lg_league_info` WHERE ( uid=2 ) LIMIT 1   [ RunTime:0.000687s ]
SQL: SELECT `league_name` FROM `lg_league_info` WHERE ( uid=1 ) LIMIT 1   [ RunTime:0.000567s ]
SQL: SELECT `league_name` FROM `lg_league_info` WHERE ( uid=1 ) LIMIT 1   [ RunTime:0.000621s ]
SQL: SELECT `league_name` FROM `lg_league_info` WHERE ( uid=1 ) LIMIT 1   [ RunTime:0.000557s ]

[ 2013-10-15T22:35:20+08:00 ] 127.0.0.1 /herald_league/index.php/Index/getMoreActivity.html
INFO: [ app_begin ] --START--
INFO: Run ReadHtmlCache Behavior [ RunTime:0.001963s ]
INFO: [ app_begin ] --END-- [ RunTime:0.002255s ]
NOTIC: 建议使用I方法替代_param
SQL: SHOW COLUMNS FROM `lg_activity_info` [ RunTime:0.008259s ]
NOTIC: 建议使用I方法替代_param
SQL: SELECT * FROM `lg_activity_info` WHERE ( id<17 ) ORDER BY id desc LIMIT 10   [ RunTime:0.001640s ]
SQL: SHOW COLUMNS FROM `lg_league_info` [ RunTime:0.009386s ]
SQL: SELECT `league_name` FROM `lg_league_info` WHERE ( uid=1 ) LIMIT 1   [ RunTime:0.001512s ]
SQL: SELECT `league_name` FROM `lg_league_info` WHERE ( uid=1 ) LIMIT 1   [ RunTime:0.000880s ]
SQL: SELECT `league_name` FROM `lg_league_info` WHERE ( uid=1 ) LIMIT 1   [ RunTime:0.000668s ]
SQL: SELECT `league_name` FROM `lg_league_info` WHERE ( uid=1 ) LIMIT 1   [ RunTime:0.000855s ]
SQL: SELECT `league_name` FROM `lg_league_info` WHERE ( uid=1 ) LIMIT 1   [ RunTime:0.000694s ]
SQL: SELECT `league_name` FROM `lg_league_info` WHERE ( uid=1 ) LIMIT 1   [ RunTime:0.000626s ]
SQL: SELECT `league_name` FROM `lg_league_info` WHERE ( uid=1 ) LIMIT 1   [ RunTime:0.000956s ]
SQL: SELECT `league_name` FROM `lg_league_info` WHERE ( uid=1 ) LIMIT 1   [ RunTime:0.000559s ]
SQL: SELECT `league_name` FROM `lg_league_info` WHERE ( uid=1 ) LIMIT 1   [ RunTime:0.000654s ]
SQL: SELECT `league_name` FROM `lg_league_info` WHERE ( uid=1 ) LIMIT 1   [ RunTime:0.000651s ]

[ 2013-10-15T22:39:11+08:00 ] 127.0.0.1 /herald_league/index.php/Index/getMoreActivity.html
INFO: [ app_begin ] --START--
INFO: Run ReadHtmlCache Behavior [ RunTime:0.004931s ]
INFO: [ app_begin ] --END-- [ RunTime:0.005315s ]
NOTIC: 建议使用I方法替代_param
SQL: SHOW COLUMNS FROM `lg_activity_info` [ RunTime:0.017487s ]
NOTIC: 建议使用I方法替代_param
SQL: SELECT * FROM `lg_activity_info` WHERE ( id<17 ) ORDER BY id desc LIMIT 10   [ RunTime:0.001951s ]
SQL: SHOW COLUMNS FROM `lg_league_info` [ RunTime:0.008064s ]
SQL: SELECT `league_name` FROM `lg_league_info` WHERE ( uid=1 ) LIMIT 1   [ RunTime:0.002898s ]
SQL: SELECT `league_name` FROM `lg_league_info` WHERE ( uid=1 ) LIMIT 1   [ RunTime:0.000936s ]
SQL: SELECT `league_name` FROM `lg_league_info` WHERE ( uid=1 ) LIMIT 1   [ RunTime:0.000694s ]
SQL: SELECT `league_name` FROM `lg_league_info` WHERE ( uid=1 ) LIMIT 1   [ RunTime:0.000686s ]
SQL: SELECT `league_name` FROM `lg_league_info` WHERE ( uid=1 ) LIMIT 1   [ RunTime:0.000653s ]
SQL: SELECT `league_name` FROM `lg_league_info` WHERE ( uid=1 ) LIMIT 1   [ RunTime:0.000661s ]
SQL: SELECT `league_name` FROM `lg_league_info` WHERE ( uid=1 ) LIMIT 1   [ RunTime:0.000622s ]
SQL: SELECT `league_name` FROM `lg_league_info` WHERE ( uid=1 ) LIMIT 1   [ RunTime:0.000672s ]
SQL: SELECT `league_name` FROM `lg_league_info` WHERE ( uid=1 ) LIMIT 1   [ RunTime:0.000684s ]
SQL: SELECT `league_name` FROM `lg_league_info` WHERE ( uid=1 ) LIMIT 1   [ RunTime:0.000731s ]

[ 2013-10-15T22:40:36+08:00 ] 127.0.0.1 /herald_league/index.php/Index/getMoreActivity.html
INFO: [ app_begin ] --START--
INFO: Run ReadHtmlCache Behavior [ RunTime:0.002747s ]
INFO: [ app_begin ] --END-- [ RunTime:0.003136s ]
NOTIC: 建议使用I方法替代_param
SQL: SHOW COLUMNS FROM `lg_activity_info` [ RunTime:0.009756s ]
NOTIC: 建议使用I方法替代_param
SQL: SELECT * FROM `lg_activity_info` WHERE ( id<17 ) ORDER BY id desc LIMIT 10   [ RunTime:0.002320s ]
SQL: SHOW COLUMNS FROM `lg_league_info` [ RunTime:0.007746s ]
SQL: SELECT `league_name` FROM `lg_league_info` WHERE ( uid=1 ) LIMIT 1   [ RunTime:0.001859s ]
SQL: SELECT `league_name` FROM `lg_league_info` WHERE ( uid=1 ) LIMIT 1   [ RunTime:0.000661s ]
SQL: SELECT `league_name` FROM `lg_league_info` WHERE ( uid=1 ) LIMIT 1   [ RunTime:0.000639s ]
SQL: SELECT `league_name` FROM `lg_league_info` WHERE ( uid=1 ) LIMIT 1   [ RunTime:0.000627s ]
SQL: SELECT `league_name` FROM `lg_league_info` WHERE ( uid=1 ) LIMIT 1   [ RunTime:0.000682s ]
SQL: SELECT `league_name` FROM `lg_league_info` WHERE ( uid=1 ) LIMIT 1   [ RunTime:0.000661s ]
SQL: SELECT `league_name` FROM `lg_league_info` WHERE ( uid=1 ) LIMIT 1   [ RunTime:0.000690s ]
SQL: SELECT `league_name` FROM `lg_league_info` WHERE ( uid=1 ) LIMIT 1   [ RunTime:0.000729s ]
SQL: SELECT `league_name` FROM `lg_league_info` WHERE ( uid=1 ) LIMIT 1   [ RunTime:0.000615s ]
SQL: SELECT `league_name` FROM `lg_league_info` WHERE ( uid=1 ) LIMIT 1   [ RunTime:0.000808s ]

[ 2013-10-15T22:44:19+08:00 ] 127.0.0.1 /herald_league/index.php/Index/getMoreActivity.html
INFO: [ app_begin ] --START--
INFO: Run ReadHtmlCache Behavior [ RunTime:0.003510s ]
INFO: [ app_begin ] --END-- [ RunTime:0.003832s ]
NOTIC: 建议使用I方法替代_param
SQL: SHOW COLUMNS FROM `lg_activity_info` [ RunTime:0.008409s ]
NOTIC: 建议使用I方法替代_param
SQL: SELECT * FROM `lg_activity_info` WHERE ( id<17 ) ORDER BY id desc LIMIT 10   [ RunTime:0.002323s ]
SQL: SHOW COLUMNS FROM `lg_league_info` [ RunTime:0.008114s ]
SQL: SELECT `league_name` FROM `lg_league_info` WHERE ( uid=1 ) LIMIT 1   [ RunTime:0.002142s ]
SQL: SELECT `league_name` FROM `lg_league_info` WHERE ( uid=1 ) LIMIT 1   [ RunTime:0.000662s ]
SQL: SELECT `league_name` FROM `lg_league_info` WHERE ( uid=1 ) LIMIT 1   [ RunTime:0.000659s ]
SQL: SELECT `league_name` FROM `lg_league_info` WHERE ( uid=1 ) LIMIT 1   [ RunTime:0.000661s ]
SQL: SELECT `league_name` FROM `lg_league_info` WHERE ( uid=1 ) LIMIT 1   [ RunTime:0.000656s ]
SQL: SELECT `league_name` FROM `lg_league_info` WHERE ( uid=1 ) LIMIT 1   [ RunTime:0.000667s ]
SQL: SELECT `league_name` FROM `lg_league_info` WHERE ( uid=1 ) LIMIT 1   [ RunTime:0.000591s ]
SQL: SELECT `league_name` FROM `lg_league_info` WHERE ( uid=1 ) LIMIT 1   [ RunTime:0.000580s ]
SQL: SELECT `league_name` FROM `lg_league_info` WHERE ( uid=1 ) LIMIT 1   [ RunTime:0.000673s ]
SQL: SELECT `league_name` FROM `lg_league_info` WHERE ( uid=1 ) LIMIT 1   [ RunTime:0.000769s ]

[ 2013-10-15T22:44:43+08:00 ] 127.0.0.1 /herald_league/index.php/Index/getMoreActivity.html
INFO: [ app_begin ] --START--
INFO: Run ReadHtmlCache Behavior [ RunTime:0.002146s ]
INFO: [ app_begin ] --END-- [ RunTime:0.002453s ]
NOTIC: 建议使用I方法替代_param
SQL: SHOW COLUMNS FROM `lg_activity_info` [ RunTime:0.008682s ]
NOTIC: 建议使用I方法替代_param
SQL: SELECT * FROM `lg_activity_info` WHERE ( id<17 ) ORDER BY id desc LIMIT 10   [ RunTime:0.002444s ]
SQL: SHOW COLUMNS FROM `lg_league_info` [ RunTime:0.007868s ]
SQL: SELECT `league_name` FROM `lg_league_info` WHERE ( uid=1 ) LIMIT 1   [ RunTime:0.001898s ]
SQL: SELECT `league_name` FROM `lg_league_info` WHERE ( uid=1 ) LIMIT 1   [ RunTime:0.000670s ]
SQL: SELECT `league_name` FROM `lg_league_info` WHERE ( uid=1 ) LIMIT 1   [ RunTime:0.000800s ]
SQL: SELECT `league_name` FROM `lg_league_info` WHERE ( uid=1 ) LIMIT 1   [ RunTime:0.000774s ]
SQL: SELECT `league_name` FROM `lg_league_info` WHERE ( uid=1 ) LIMIT 1   [ RunTime:0.000664s ]
SQL: SELECT `league_name` FROM `lg_league_info` WHERE ( uid=1 ) LIMIT 1   [ RunTime:0.000706s ]
SQL: SELECT `league_name` FROM `lg_league_info` WHERE ( uid=1 ) LIMIT 1   [ RunTime:0.000707s ]
SQL: SELECT `league_name` FROM `lg_league_info` WHERE ( uid=1 ) LIMIT 1   [ RunTime:0.000721s ]
SQL: SELECT `league_name` FROM `lg_league_info` WHERE ( uid=1 ) LIMIT 1   [ RunTime:0.000676s ]
SQL: SELECT `league_name` FROM `lg_league_info` WHERE ( uid=1 ) LIMIT 1   [ RunTime:0.000635s ]

