[ 2013-10-20T19:03:46+08:00 ] 127.0.0.1 /herald_league/
ERR: Access denied for user 'root'@'localhost' (using password: YES)

[ 2013-10-20T19:04:07+08:00 ] 127.0.0.1 /herald_league/index.php/Index/getMoreActivity.html
INFO: [ app_begin ] --START--
INFO: Run ReadHtmlCache Behavior [ RunTime:0.003094s ]
INFO: [ app_begin ] --END-- [ RunTime:0.003333s ]
NOTIC: 建议使用I方法替代_param
SQL: SHOW COLUMNS FROM `lg_activity_info` [ RunTime:0.009126s ]
NOTIC: 建议使用I方法替代_param
SQL: SELECT * FROM `lg_activity_info` WHERE ( id<41 ) ORDER BY id desc LIMIT 10   [ RunTime:0.002438s ]
SQL: SHOW COLUMNS FROM `lg_league_info` [ RunTime:0.039369s ]
SQL: SELECT `league_name` FROM `lg_league_info` WHERE ( uid=28 ) LIMIT 1   [ RunTime:0.002648s ]
SQL: SELECT `league_name` FROM `lg_league_info` WHERE ( uid=28 ) LIMIT 1   [ RunTime:0.000661s ]
SQL: SELECT `league_name` FROM `lg_league_info` WHERE ( uid=28 ) LIMIT 1   [ RunTime:0.000663s ]
SQL: SELECT `league_name` FROM `lg_league_info` WHERE ( uid=28 ) LIMIT 1   [ RunTime:0.000634s ]
SQL: SELECT `league_name` FROM `lg_league_info` WHERE ( uid=28 ) LIMIT 1   [ RunTime:0.000647s ]
SQL: SELECT `league_name` FROM `lg_league_info` WHERE ( uid=1 ) LIMIT 1   [ RunTime:0.000643s ]
SQL: SELECT `league_name` FROM `lg_league_info` WHERE ( uid=1 ) LIMIT 1   [ RunTime:0.000558s ]
SQL: SELECT `league_name` FROM `lg_league_info` WHERE ( uid=1 ) LIMIT 1   [ RunTime:0.003096s ]
SQL: SELECT `league_name` FROM `lg_league_info` WHERE ( uid=1 ) LIMIT 1   [ RunTime:0.000669s ]
SQL: SELECT `league_name` FROM `lg_league_info` WHERE ( uid=1 ) LIMIT 1   [ RunTime:0.000644s ]

[ 2013-10-20T19:04:28+08:00 ] 127.0.0.1 /herald_league/index.php/Index/getMoreActivity.html
INFO: [ app_begin ] --START--
INFO: Run ReadHtmlCache Behavior [ RunTime:0.001774s ]
INFO: [ app_begin ] --END-- [ RunTime:0.002012s ]
NOTIC: 建议使用I方法替代_param
SQL: SHOW COLUMNS FROM `lg_activity_info` [ RunTime:0.009098s ]
NOTIC: 建议使用I方法替代_param
SQL: SELECT * FROM `lg_activity_info` WHERE ( id<41 ) ORDER BY id desc LIMIT 10   [ RunTime:0.002352s ]
SQL: SHOW COLUMNS FROM `lg_league_info` [ RunTime:0.008861s ]
SQL: SELECT `league_name` FROM `lg_league_info` WHERE ( uid=28 ) LIMIT 1   [ RunTime:0.002674s ]
SQL: SELECT `league_name` FROM `lg_league_info` WHERE ( uid=28 ) LIMIT 1   [ RunTime:0.000673s ]
SQL: SELECT `league_name` FROM `lg_league_info` WHERE ( uid=28 ) LIMIT 1   [ RunTime:0.000643s ]
SQL: SELECT `league_name` FROM `lg_league_info` WHERE ( uid=28 ) LIMIT 1   [ RunTime:0.000645s ]
SQL: SELECT `league_name` FROM `lg_league_info` WHERE ( uid=28 ) LIMIT 1   [ RunTime:0.000701s ]
SQL: SELECT `league_name` FROM `lg_league_info` WHERE ( uid=1 ) LIMIT 1   [ RunTime:0.000720s ]
SQL: SELECT `league_name` FROM `lg_league_info` WHERE ( uid=1 ) LIMIT 1   [ RunTime:0.000667s ]
SQL: SELECT `league_name` FROM `lg_league_info` WHERE ( uid=1 ) LIMIT 1   [ RunTime:0.000677s ]
SQL: SELECT `league_name` FROM `lg_league_info` WHERE ( uid=1 ) LIMIT 1   [ RunTime:0.000705s ]
SQL: SELECT `league_name` FROM `lg_league_info` WHERE ( uid=1 ) LIMIT 1   [ RunTime:0.000648s ]

[ 2013-10-20T19:04:40+08:00 ] 127.0.0.1 /herald_league/index.php/Index/getMoreActivity.html
INFO: [ app_begin ] --START--
INFO: Run ReadHtmlCache Behavior [ RunTime:0.001752s ]
INFO: [ app_begin ] --END-- [ RunTime:0.001986s ]
NOTIC: 建议使用I方法替代_param
SQL: SHOW COLUMNS FROM `lg_activity_info` [ RunTime:0.009295s ]
NOTIC: 建议使用I方法替代_param
SQL: SELECT * FROM `lg_activity_info` WHERE ( id<41 ) ORDER BY id desc LIMIT 10   [ RunTime:0.003163s ]
SQL: SHOW COLUMNS FROM `lg_league_info` [ RunTime:0.010104s ]
SQL: SELECT `league_name` FROM `lg_league_info` WHERE ( uid=28 ) LIMIT 1   [ RunTime:0.002961s ]
SQL: SELECT `league_name` FROM `lg_league_info` WHERE ( uid=28 ) LIMIT 1   [ RunTime:0.000727s ]
SQL: SELECT `league_name` FROM `lg_league_info` WHERE ( uid=28 ) LIMIT 1   [ RunTime:0.000645s ]
SQL: SELECT `league_name` FROM `lg_league_info` WHERE ( uid=28 ) LIMIT 1   [ RunTime:0.000634s ]
SQL: SELECT `league_name` FROM `lg_league_info` WHERE ( uid=28 ) LIMIT 1   [ RunTime:0.000730s ]
SQL: SELECT `league_name` FROM `lg_league_info` WHERE ( uid=1 ) LIMIT 1   [ RunTime:0.000692s ]
SQL: SELECT `league_name` FROM `lg_league_info` WHERE ( uid=1 ) LIMIT 1   [ RunTime:0.000649s ]
SQL: SELECT `league_name` FROM `lg_league_info` WHERE ( uid=1 ) LIMIT 1   [ RunTime:0.000710s ]
SQL: SELECT `league_name` FROM `lg_league_info` WHERE ( uid=1 ) LIMIT 1   [ RunTime:0.000720s ]
SQL: SELECT `league_name` FROM `lg_league_info` WHERE ( uid=1 ) LIMIT 1   [ RunTime:0.000650s ]

[ 2013-10-20T19:04:40+08:00 ] 127.0.0.1 /herald_league/index.php/Activity/Index/__Public__/Images/attention.png
ERR: 非法操作:__Public__

[ 2013-10-20T19:04:40+08:00 ] 127.0.0.1 /herald_league/index.php/Activity/Index/__Public__/Images/attention-small.png
ERR: 非法操作:__Public__

[ 2013-10-20T19:04:40+08:00 ] 127.0.0.1 /herald_league/index.php/Activity/Index/__Uploads__/ActivityPost/m_525d571a44a35.jpg
ERR: 非法操作:__Uploads__

[ 2013-10-20T19:04:40+08:00 ] 127.0.0.1 /herald_league/index.php/Activity/Index/__Uploads__/ActivityPost/m_525fb94c774a0.jpg
ERR: 非法操作:__Uploads__

[ 2013-10-20T19:04:40+08:00 ] 127.0.0.1 /herald_league/index.php/Activity/Index/__Uploads__/ActivityPost/m_525d56e59dbed.jpg
ERR: 非法操作:__Uploads__

[ 2013-10-20T19:08:04+08:00 ] 127.0.0.1 /herald_league/index.php/Index/getMoreActivity.html
INFO: [ app_begin ] --START--
INFO: Run ReadHtmlCache Behavior [ RunTime:0.003185s ]
INFO: [ app_begin ] --END-- [ RunTime:0.003445s ]
NOTIC: 建议使用I方法替代_param
SQL: SHOW COLUMNS FROM `lg_activity_info` [ RunTime:0.008311s ]
NOTIC: 建议使用I方法替代_param
SQL: SELECT * FROM `lg_activity_info` WHERE ( id<31 ) ORDER BY id desc LIMIT 10   [ RunTime:0.003029s ]
SQL: SHOW COLUMNS FROM `lg_league_info` [ RunTime:0.008150s ]
SQL: SELECT `league_name` FROM `lg_league_info` WHERE ( uid=1 ) LIMIT 1   [ RunTime:0.002956s ]
SQL: SELECT `league_name` FROM `lg_league_info` WHERE ( uid=1 ) LIMIT 1   [ RunTime:0.000669s ]
SQL: SELECT `league_name` FROM `lg_league_info` WHERE ( uid=1 ) LIMIT 1   [ RunTime:0.000661s ]
SQL: SELECT `league_name` FROM `lg_league_info` WHERE ( uid=1 ) LIMIT 1   [ RunTime:0.000677s ]
SQL: SELECT `league_name` FROM `lg_league_info` WHERE ( uid=1 ) LIMIT 1   [ RunTime:0.000642s ]
SQL: SELECT `league_name` FROM `lg_league_info` WHERE ( uid=1 ) LIMIT 1   [ RunTime:0.000647s ]
SQL: SELECT `league_name` FROM `lg_league_info` WHERE ( uid=1 ) LIMIT 1   [ RunTime:0.000618s ]
SQL: SELECT `league_name` FROM `lg_league_info` WHERE ( uid=1 ) LIMIT 1   [ RunTime:0.000640s ]
SQL: SELECT `league_name` FROM `lg_league_info` WHERE ( uid=1 ) LIMIT 1   [ RunTime:0.000642s ]
SQL: SELECT `league_name` FROM `lg_league_info` WHERE ( uid=1 ) LIMIT 1   [ RunTime:0.000646s ]

[ 2013-10-20T19:08:04+08:00 ] 127.0.0.1 /herald_league/index.php/Activity/Index/__Public__/Images/attention.png
ERR: 非法操作:__Public__

[ 2013-10-20T19:08:04+08:00 ] 127.0.0.1 /herald_league/index.php/Activity/Index/__Public__/Images/attention-small.png
ERR: 非法操作:__Public__

[ 2013-10-20T19:08:12+08:00 ] 127.0.0.1 /herald_league/index.php/Index/getMoreActivity.html
INFO: [ app_begin ] --START--
INFO: Run ReadHtmlCache Behavior [ RunTime:0.002922s ]
INFO: [ app_begin ] --END-- [ RunTime:0.003151s ]
NOTIC: 建议使用I方法替代_param
SQL: SHOW COLUMNS FROM `lg_activity_info` [ RunTime:0.008104s ]
NOTIC: 建议使用I方法替代_param
SQL: SELECT * FROM `lg_activity_info` WHERE ( id<21 ) ORDER BY id desc LIMIT 10   [ RunTime:0.002638s ]
SQL: SHOW COLUMNS FROM `lg_league_info` [ RunTime:0.008305s ]
SQL: SELECT `league_name` FROM `lg_league_info` WHERE ( uid=1 ) LIMIT 1   [ RunTime:0.002314s ]
SQL: SELECT `league_name` FROM `lg_league_info` WHERE ( uid=1 ) LIMIT 1   [ RunTime:0.000662s ]
SQL: SELECT `league_name` FROM `lg_league_info` WHERE ( uid=1 ) LIMIT 1   [ RunTime:0.000673s ]
SQL: SELECT `league_name` FROM `lg_league_info` WHERE ( uid=1 ) LIMIT 1   [ RunTime:0.000692s ]
SQL: SELECT `league_name` FROM `lg_league_info` WHERE ( uid=1 ) LIMIT 1   [ RunTime:0.000647s ]
SQL: SELECT `league_name` FROM `lg_league_info` WHERE ( uid= ) LIMIT 1   [ RunTime:0.000507s ]
ERR: 1064:You have an error in your SQL syntax; check the manual that corresponds to your MySQL server version for the right syntax to use near ') LIMIT 1' at line 1
 [ SQL语句 ] : SELECT `league_name` FROM `lg_league_info` WHERE ( uid= ) LIMIT 1  
SQL: SELECT `league_name` FROM `lg_league_info` WHERE ( uid= ) LIMIT 1   [ RunTime:0.000446s ]
ERR: 1064:You have an error in your SQL syntax; check the manual that corresponds to your MySQL server version for the right syntax to use near ') LIMIT 1' at line 1
 [ SQL语句 ] : SELECT `league_name` FROM `lg_league_info` WHERE ( uid= ) LIMIT 1  
SQL: SELECT `league_name` FROM `lg_league_info` WHERE ( uid= ) LIMIT 1   [ RunTime:0.000511s ]
ERR: 1064:You have an error in your SQL syntax; check the manual that corresponds to your MySQL server version for the right syntax to use near ') LIMIT 1' at line 1
 [ SQL语句 ] : SELECT `league_name` FROM `lg_league_info` WHERE ( uid= ) LIMIT 1  
SQL: SELECT `league_name` FROM `lg_league_info` WHERE ( uid=1 ) LIMIT 1   [ RunTime:0.000649s ]
SQL: SELECT `league_name` FROM `lg_league_info` WHERE ( uid=1 ) LIMIT 1   [ RunTime:0.000621s ]

[ 2013-10-20T19:08:12+08:00 ] 127.0.0.1 /herald_league/index.php/Activity/Index/__Public__/Images/attention.png
ERR: 非法操作:__Public__

[ 2013-10-20T19:08:13+08:00 ] 127.0.0.1 /herald_league/index.php/Activity/Index/__Public__/Images/attention-small.png
ERR: 非法操作:__Public__

[ 2013-10-20T19:08:13+08:00 ] 127.0.0.1 /herald_league/index.php/Activity/Index/__Uploads__/ActivityPost/m_defaultpost.jpg
ERR: 非法操作:__Uploads__

[ 2013-10-20T19:08:15+08:00 ] 127.0.0.1 /herald_league/index.php/Index/getMoreActivity.html
INFO: [ app_begin ] --START--
INFO: Run ReadHtmlCache Behavior [ RunTime:0.001795s ]
INFO: [ app_begin ] --END-- [ RunTime:0.002024s ]
NOTIC: 建议使用I方法替代_param
SQL: SHOW COLUMNS FROM `lg_activity_info` [ RunTime:0.008129s ]
NOTIC: 建议使用I方法替代_param
SQL: SELECT * FROM `lg_activity_info` WHERE ( id<11 ) ORDER BY id desc LIMIT 10   [ RunTime:0.002441s ]
SQL: SHOW COLUMNS FROM `lg_league_info` [ RunTime:0.008077s ]
SQL: SELECT `league_name` FROM `lg_league_info` WHERE ( uid=1 ) LIMIT 1   [ RunTime:0.002295s ]
SQL: SELECT `league_name` FROM `lg_league_info` WHERE ( uid=1 ) LIMIT 1   [ RunTime:0.000836s ]
SQL: SELECT `league_name` FROM `lg_league_info` WHERE ( uid=1 ) LIMIT 1   [ RunTime:0.000649s ]
SQL: SELECT `league_name` FROM `lg_league_info` WHERE ( uid=1 ) LIMIT 1   [ RunTime:0.000647s ]
SQL: SELECT `league_name` FROM `lg_league_info` WHERE ( uid=1 ) LIMIT 1   [ RunTime:0.000664s ]
SQL: SELECT `league_name` FROM `lg_league_info` WHERE ( uid=1 ) LIMIT 1   [ RunTime:0.000647s ]
SQL: SELECT `league_name` FROM `lg_league_info` WHERE ( uid=1 ) LIMIT 1   [ RunTime:0.000642s ]
SQL: SELECT `league_name` FROM `lg_league_info` WHERE ( uid=1 ) LIMIT 1   [ RunTime:0.001061s ]
SQL: SELECT `league_name` FROM `lg_league_info` WHERE ( uid=1 ) LIMIT 1   [ RunTime:0.000692s ]
SQL: SELECT `league_name` FROM `lg_league_info` WHERE ( uid=1 ) LIMIT 1   [ RunTime:0.000649s ]

[ 2013-10-20T19:08:15+08:00 ] 127.0.0.1 /herald_league/index.php/Activity/Index/__Uploads__/ActivityPost/m_defaultpost.jpg
ERR: 非法操作:__Uploads__

[ 2013-10-20T19:08:15+08:00 ] 127.0.0.1 /herald_league/index.php/Activity/Index/__Public__/Images/attention-small.png
ERR: 非法操作:__Public__

[ 2013-10-20T19:08:15+08:00 ] 127.0.0.1 /herald_league/index.php/Activity/Index/__Public__/Images/attention.png
ERR: 非法操作:__Public__

[ 2013-10-20T19:08:17+08:00 ] 127.0.0.1 /herald_league/index.php/Index/getMoreActivity.html
INFO: [ app_begin ] --START--
INFO: Run ReadHtmlCache Behavior [ RunTime:0.001719s ]
INFO: [ app_begin ] --END-- [ RunTime:0.001943s ]
NOTIC: 建议使用I方法替代_param
SQL: SHOW COLUMNS FROM `lg_activity_info` [ RunTime:0.007928s ]
NOTIC: 建议使用I方法替代_param
SQL: SELECT * FROM `lg_activity_info` WHERE ( id<1 ) ORDER BY id desc LIMIT 10   [ RunTime:0.002257s ]
SQL: SHOW COLUMNS FROM `lg_league_info` [ RunTime:0.008227s ]
NOTIC: [2] Invalid argument supplied for foreach() D:\wamp\www\herald_league\herald_league\Lib\Model\ActivityInfoModel.class.php 第 38 行.

[ 2013-10-20T19:09:29+08:00 ] 127.0.0.1 /herald_league/index.php/Activity/Index/index.html
ERR: Access denied for user 'root'@'localhost' (using password: YES)

[ 2013-10-20T19:09:43+08:00 ] 127.0.0.1 /herald_league/index.php/Index/getMoreActivity.html
INFO: [ app_begin ] --START--
INFO: Run ReadHtmlCache Behavior [ RunTime:0.001806s ]
INFO: [ app_begin ] --END-- [ RunTime:0.002034s ]
NOTIC: 建议使用I方法替代_param
SQL: SHOW COLUMNS FROM `lg_activity_info` [ RunTime:0.008972s ]
NOTIC: 建议使用I方法替代_param
SQL: SELECT * FROM `lg_activity_info` WHERE ( id<41 ) ORDER BY id desc LIMIT 10   [ RunTime:0.003051s ]
SQL: SHOW COLUMNS FROM `lg_league_info` [ RunTime:0.008778s ]
SQL: SELECT `league_name` FROM `lg_league_info` WHERE ( uid=28 ) LIMIT 1   [ RunTime:0.002069s ]
SQL: SELECT `league_name` FROM `lg_league_info` WHERE ( uid=28 ) LIMIT 1   [ RunTime:0.000659s ]
SQL: SELECT `league_name` FROM `lg_league_info` WHERE ( uid=28 ) LIMIT 1   [ RunTime:0.000723s ]
SQL: SELECT `league_name` FROM `lg_league_info` WHERE ( uid=28 ) LIMIT 1   [ RunTime:0.000649s ]
SQL: SELECT `league_name` FROM `lg_league_info` WHERE ( uid=28 ) LIMIT 1   [ RunTime:0.000688s ]
SQL: SELECT `league_name` FROM `lg_league_info` WHERE ( uid=1 ) LIMIT 1   [ RunTime:0.000675s ]
SQL: SELECT `league_name` FROM `lg_league_info` WHERE ( uid=1 ) LIMIT 1   [ RunTime:0.000644s ]
SQL: SELECT `league_name` FROM `lg_league_info` WHERE ( uid=1 ) LIMIT 1   [ RunTime:0.000639s ]
SQL: SELECT `league_name` FROM `lg_league_info` WHERE ( uid=1 ) LIMIT 1   [ RunTime:0.000659s ]
SQL: SELECT `league_name` FROM `lg_league_info` WHERE ( uid=1 ) LIMIT 1   [ RunTime:0.000607s ]

[ 2013-10-20T19:09:43+08:00 ] 127.0.0.1 /herald_league/index.php/Activity/Index/Uploads/ActivityPost/m_525fb94c774a0.jpg
ERR: 非法操作:Uploads

[ 2013-10-20T19:09:43+08:00 ] 127.0.0.1 /herald_league/index.php/Activity/Index/Uploads/ActivityPost/m_525d571a44a35.jpg
ERR: 非法操作:Uploads

[ 2013-10-20T19:09:43+08:00 ] 127.0.0.1 /herald_league/index.php/Activity/Index/Uploads/ActivityPost/m_525d56e59dbed.jpg
ERR: 非法操作:Uploads

[ 2013-10-20T19:09:52+08:00 ] 127.0.0.1 /herald_league/index.php/Index/getMoreActivity.html
INFO: [ app_begin ] --START--
INFO: Run ReadHtmlCache Behavior [ RunTime:0.002305s ]
INFO: [ app_begin ] --END-- [ RunTime:0.002646s ]
NOTIC: 建议使用I方法替代_param
SQL: SHOW COLUMNS FROM `lg_activity_info` [ RunTime:0.010111s ]
NOTIC: 建议使用I方法替代_param
SQL: SELECT * FROM `lg_activity_info` WHERE ( id<41 AND league_class=1 ) ORDER BY id desc LIMIT 10   [ RunTime:0.001750s ]
SQL: SHOW COLUMNS FROM `lg_league_info` [ RunTime:0.010003s ]
SQL: SELECT `league_name` FROM `lg_league_info` WHERE ( uid=1 ) LIMIT 1   [ RunTime:0.005271s ]
SQL: SELECT `league_name` FROM `lg_league_info` WHERE ( uid=1 ) LIMIT 1   [ RunTime:0.000691s ]
SQL: SELECT `league_name` FROM `lg_league_info` WHERE ( uid=1 ) LIMIT 1   [ RunTime:0.000738s ]
SQL: SELECT `league_name` FROM `lg_league_info` WHERE ( uid=1 ) LIMIT 1   [ RunTime:0.000603s ]

[ 2013-10-20T19:09:52+08:00 ] 127.0.0.1 /herald_league/index.php/Activity/Index/Uploads/ActivityPost/m_defaultpost.jpg
ERR: 非法操作:Uploads

[ 2013-10-20T19:09:54+08:00 ] 127.0.0.1 /herald_league/index.php/Index/getMoreActivity.html
INFO: [ app_begin ] --START--
INFO: Run ReadHtmlCache Behavior [ RunTime:0.001817s ]
INFO: [ app_begin ] --END-- [ RunTime:0.002063s ]
NOTIC: 建议使用I方法替代_param
SQL: SHOW COLUMNS FROM `lg_activity_info` [ RunTime:0.011265s ]
NOTIC: 建议使用I方法替代_param
SQL: SELECT * FROM `lg_activity_info` WHERE ( id<41 AND league_class=2 ) ORDER BY id desc LIMIT 10   [ RunTime:0.005413s ]
SQL: SHOW COLUMNS FROM `lg_league_info` [ RunTime:0.009258s ]
SQL: SELECT `league_name` FROM `lg_league_info` WHERE ( uid=1 ) LIMIT 1   [ RunTime:0.002616s ]
SQL: SELECT `league_name` FROM `lg_league_info` WHERE ( uid=1 ) LIMIT 1   [ RunTime:0.000664s ]
SQL: SELECT `league_name` FROM `lg_league_info` WHERE ( uid=1 ) LIMIT 1   [ RunTime:0.000655s ]
SQL: SELECT `league_name` FROM `lg_league_info` WHERE ( uid=1 ) LIMIT 1   [ RunTime:0.000645s ]

[ 2013-10-20T19:09:54+08:00 ] 127.0.0.1 /herald_league/index.php/Activity/Index/Uploads/ActivityPost/m_defaultpost.jpg
ERR: 非法操作:Uploads

[ 2013-10-20T19:09:56+08:00 ] 127.0.0.1 /herald_league/index.php/Index/getMoreActivity.html
INFO: [ app_begin ] --START--
INFO: Run ReadHtmlCache Behavior [ RunTime:0.002239s ]
INFO: [ app_begin ] --END-- [ RunTime:0.002579s ]
NOTIC: 建议使用I方法替代_param
SQL: SHOW COLUMNS FROM `lg_activity_info` [ RunTime:0.008369s ]
NOTIC: 建议使用I方法替代_param
SQL: SELECT * FROM `lg_activity_info` WHERE ( id<41 AND league_class=3 ) ORDER BY id desc LIMIT 10   [ RunTime:0.002663s ]
SQL: SHOW COLUMNS FROM `lg_league_info` [ RunTime:0.008428s ]
SQL: SELECT `league_name` FROM `lg_league_info` WHERE ( uid=1 ) LIMIT 1   [ RunTime:0.002428s ]
SQL: SELECT `league_name` FROM `lg_league_info` WHERE ( uid=1 ) LIMIT 1   [ RunTime:0.000666s ]
SQL: SELECT `league_name` FROM `lg_league_info` WHERE ( uid=1 ) LIMIT 1   [ RunTime:0.000650s ]
SQL: SELECT `league_name` FROM `lg_league_info` WHERE ( uid=1 ) LIMIT 1   [ RunTime:0.000619s ]

[ 2013-10-20T19:09:56+08:00 ] 127.0.0.1 /herald_league/index.php/Activity/Index/Uploads/ActivityPost/m_defaultpost.jpg
ERR: 非法操作:Uploads

[ 2013-10-20T19:09:57+08:00 ] 127.0.0.1 /herald_league/index.php/Index/getMoreActivity.html
INFO: [ app_begin ] --START--
INFO: Run ReadHtmlCache Behavior [ RunTime:0.001804s ]
INFO: [ app_begin ] --END-- [ RunTime:0.002048s ]
NOTIC: 建议使用I方法替代_param
SQL: SHOW COLUMNS FROM `lg_activity_info` [ RunTime:0.012449s ]
NOTIC: 建议使用I方法替代_param
SQL: SELECT * FROM `lg_activity_info` WHERE ( id<41 AND league_class=4 ) ORDER BY id desc LIMIT 10   [ RunTime:0.002845s ]
SQL: SHOW COLUMNS FROM `lg_league_info` [ RunTime:0.009460s ]
NOTIC: [2] Invalid argument supplied for foreach() D:\wamp\www\herald_league\herald_league\Lib\Model\ActivityInfoModel.class.php 第 38 行.

[ 2013-10-20T19:09:59+08:00 ] 127.0.0.1 /herald_league/index.php/Index/getMoreActivity.html
INFO: [ app_begin ] --START--
INFO: Run ReadHtmlCache Behavior [ RunTime:0.001707s ]
INFO: [ app_begin ] --END-- [ RunTime:0.001931s ]
NOTIC: 建议使用I方法替代_param
SQL: SHOW COLUMNS FROM `lg_activity_info` [ RunTime:0.008485s ]
NOTIC: 建议使用I方法替代_param
SQL: SELECT * FROM `lg_activity_info` WHERE ( id<41 ) ORDER BY id desc LIMIT 10   [ RunTime:0.002649s ]
SQL: SHOW COLUMNS FROM `lg_league_info` [ RunTime:0.008159s ]
SQL: SELECT `league_name` FROM `lg_league_info` WHERE ( uid=28 ) LIMIT 1   [ RunTime:0.002433s ]
SQL: SELECT `league_name` FROM `lg_league_info` WHERE ( uid=28 ) LIMIT 1   [ RunTime:0.000631s ]
SQL: SELECT `league_name` FROM `lg_league_info` WHERE ( uid=28 ) LIMIT 1   [ RunTime:0.000646s ]
SQL: SELECT `league_name` FROM `lg_league_info` WHERE ( uid=28 ) LIMIT 1   [ RunTime:0.000611s ]
SQL: SELECT `league_name` FROM `lg_league_info` WHERE ( uid=28 ) LIMIT 1   [ RunTime:0.000667s ]
SQL: SELECT `league_name` FROM `lg_league_info` WHERE ( uid=1 ) LIMIT 1   [ RunTime:0.000644s ]
SQL: SELECT `league_name` FROM `lg_league_info` WHERE ( uid=1 ) LIMIT 1   [ RunTime:0.000650s ]
SQL: SELECT `league_name` FROM `lg_league_info` WHERE ( uid=1 ) LIMIT 1   [ RunTime:0.000746s ]
SQL: SELECT `league_name` FROM `lg_league_info` WHERE ( uid=1 ) LIMIT 1   [ RunTime:0.000705s ]
SQL: SELECT `league_name` FROM `lg_league_info` WHERE ( uid=1 ) LIMIT 1   [ RunTime:0.000691s ]

[ 2013-10-20T19:09:59+08:00 ] 127.0.0.1 /herald_league/index.php/Activity/Index/Uploads/ActivityPost/m_525fb94c774a0.jpg
ERR: 非法操作:Uploads

[ 2013-10-20T19:09:59+08:00 ] 127.0.0.1 /herald_league/index.php/Activity/Index/Uploads/ActivityPost/m_525d571a44a35.jpg
ERR: 非法操作:Uploads

[ 2013-10-20T19:09:59+08:00 ] 127.0.0.1 /herald_league/index.php/Activity/Index/Uploads/ActivityPost/m_525d56e59dbed.jpg
ERR: 非法操作:Uploads

[ 2013-10-20T19:11:51+08:00 ] 127.0.0.1 /herald_league/index.php/League/Index/leagueregester.html
NOTIC: 建议使用I方法替代_post
NOTIC: 建议使用I方法替代_post

[ 2013-10-20T19:12:14+08:00 ] 127.0.0.1 /herald_league/index.php/Index/leagueLogin.html
INFO: [ app_begin ] --START--
INFO: Run ReadHtmlCache Behavior [ RunTime:0.003702s ]
INFO: [ app_begin ] --END-- [ RunTime:0.004076s ]
NOTIC: 建议使用I方法替代_param
NOTIC: 建议使用I方法替代_param
SQL: SHOW COLUMNS FROM `lg_league_info` [ RunTime:0.009261s ]
SQL: SELECT * FROM `lg_league_info` WHERE ( email='zhangruiangela@163.com' AND password='e17a7ade02e83d2b432d8d89ef467609' ) LIMIT 1   [ RunTime:0.009080s ]

[ 2013-10-20T19:12:15+08:00 ] 127.0.0.1 /herald_league/index.php/League/Index/leagueregester.html
NOTIC: 建议使用I方法替代_post
NOTIC: 建议使用I方法替代_post

[ 2013-10-20T19:12:26+08:00 ] 127.0.0.1 /herald_league/index.php/Index/leagueLogin.html
INFO: [ app_begin ] --START--
INFO: Run ReadHtmlCache Behavior [ RunTime:0.003435s ]
INFO: [ app_begin ] --END-- [ RunTime:0.003760s ]
NOTIC: 建议使用I方法替代_param
NOTIC: 建议使用I方法替代_param
SQL: SHOW COLUMNS FROM `lg_league_info` [ RunTime:0.008285s ]
SQL: SELECT * FROM `lg_league_info` WHERE ( email='zhangruiangela@163.com' AND password='6674666ebe1928b43423e1f7713f162a' ) LIMIT 1   [ RunTime:0.011138s ]
SQL: SHOW COLUMNS FROM `lg_league_session` [ RunTime:0.012972s ]
SQL: INSERT INTO `lg_league_session` (`email`,`ip`,`session_id`,`expaired_time`) VALUES ('zhangruiangela@163.com','127.0.0.1','fec3b591aaa899b9df4be9fb82113fc9',1382271146) [ RunTime:0.004448s ]

[ 2013-10-20T19:12:27+08:00 ] 127.0.0.1 /herald_league/index.php/League/Index/leagueregester.html
NOTIC: 建议使用I方法替代_post
NOTIC: 建议使用I方法替代_post

[ 2013-10-20T19:12:45+08:00 ] 127.0.0.1 /herald_league/index.php/League/Admin/addactivity/leagueid/29
NOTIC: 建议使用I方法替代_param

[ 2013-10-20T19:13:00+08:00 ] 127.0.0.1 /herald_league/index.php/League/Index/index/leagueid/1
NOTIC: 建议使用I方法替代_param

[ 2013-10-20T19:16:34+08:00 ] 127.0.0.1 /herald_league/index.php/League/Index/index/leagueid/1
NOTIC: 建议使用I方法替代_param

[ 2013-10-20T19:16:45+08:00 ] 127.0.0.1 /herald_league/index.php/League/Admin/addactivity/leagueid/29
NOTIC: 建议使用I方法替代_param

[ 2013-10-20T19:20:23+08:00 ] 127.0.0.1 /herald_league/index.php/League/Admin/managealbum/leagueid/29
NOTIC: 建议使用I方法替代_param

[ 2013-10-20T19:20:31+08:00 ] 127.0.0.1 /herald_league/index.php/League/Index/index/leagueid/29
NOTIC: 建议使用I方法替代_param

[ 2013-10-20T19:20:47+08:00 ] 127.0.0.1 /herald_league/index.php/League/Index/index/leagueid/1
NOTIC: 建议使用I方法替代_param

[ 2013-10-20T19:20:53+08:00 ] 127.0.0.1 /herald_league/index.php/League/Admin/changeinfo/leagueid/29
NOTIC: 建议使用I方法替代_param

[ 2013-10-20T19:21:10+08:00 ] 127.0.0.1 /herald_league/index.php/League/Index/index/leagueid/29
NOTIC: 建议使用I方法替代_param

[ 2013-10-20T19:21:40+08:00 ] 127.0.0.1 /herald_league/index.php/League/Admin/managealbum/leagueid/29
NOTIC: 建议使用I方法替代_param

[ 2013-10-20T19:21:43+08:00 ] 127.0.0.1 /herald_league/index.php/League/Admin/addalbum/leagueid/29/albumid/1
NOTIC: 建议使用I方法替代_param
NOTIC: 建议使用I方法替代_param

[ 2013-10-20T19:22:19+08:00 ] 127.0.0.1 /herald_league/index.php/League/Admin/addalbum/leagueid/29/albumid/1
NOTIC: 建议使用I方法替代_param
NOTIC: 建议使用I方法替代_param

[ 2013-10-20T19:22:29+08:00 ] 127.0.0.1 /herald_league/index.php/League/Admin/managealbum/leagueid/29
NOTIC: 建议使用I方法替代_param

[ 2013-10-20T19:22:31+08:00 ] 127.0.0.1 /herald_league/index.php/League/Admin/addalbum/leagueid/29/albumid/1
NOTIC: 建议使用I方法替代_param
NOTIC: 建议使用I方法替代_param

[ 2013-10-20T19:23:18+08:00 ] 127.0.0.1 /herald_league/index.php/League/Admin/managealbum/leagueid/29
NOTIC: 建议使用I方法替代_param

[ 2013-10-20T19:24:39+08:00 ] 127.0.0.1 /herald_league/index.php/League/Admin/managealbum/leagueid/29
NOTIC: 建议使用I方法替代_param

[ 2013-10-20T19:25:24+08:00 ] 127.0.0.1 /herald_league/index.php/League/Admin/managealbum/leagueid/29
NOTIC: 建议使用I方法替代_param

[ 2013-10-20T19:25:40+08:00 ] 127.0.0.1 /herald_league/index.php/League/Admin/managealbum/leagueid/29
NOTIC: 建议使用I方法替代_param

[ 2013-10-20T19:25:52+08:00 ] 127.0.0.1 /herald_league/index.php/League/Admin/managealbum/leagueid/29
NOTIC: 建议使用I方法替代_param

[ 2013-10-20T19:26:21+08:00 ] 127.0.0.1 /herald_league/index.php/League/Admin/managealbum/leagueid/29
NOTIC: 建议使用I方法替代_param

[ 2013-10-20T19:27:36+08:00 ] 127.0.0.1 /herald_league/index.php/League/Admin/managealbum/leagueid/29
NOTIC: 建议使用I方法替代_param

[ 2013-10-20T19:27:50+08:00 ] 127.0.0.1 /herald_league/index.php/League/Admin/managealbum/leagueid/29
NOTIC: 建议使用I方法替代_param

[ 2013-10-20T19:28:22+08:00 ] 127.0.0.1 /herald_league/index.php/League/Admin/managealbum/leagueid/29
NOTIC: 建议使用I方法替代_param

[ 2013-10-20T19:33:25+08:00 ] 127.0.0.1 /herald_league/index.php/League/Admin/managealbum/leagueid/29
NOTIC: 建议使用I方法替代_param

[ 2013-10-20T19:33:45+08:00 ] 127.0.0.1 /herald_league/index.php/League/Admin/managealbum/leagueid/29
NOTIC: 建议使用I方法替代_param

[ 2013-10-20T19:34:21+08:00 ] 127.0.0.1 /herald_league/index.php/League/Admin/managealbum/leagueid/29
NOTIC: 建议使用I方法替代_param

[ 2013-10-20T19:35:16+08:00 ] 127.0.0.1 /herald_league/index.php/League/Admin/managealbum/leagueid/29
NOTIC: 建议使用I方法替代_param

[ 2013-10-20T19:37:10+08:00 ] 127.0.0.1 /herald_league/index.php/League/Admin/managealbum/leagueid/29
NOTIC: 建议使用I方法替代_param

[ 2013-10-20T19:37:35+08:00 ] 127.0.0.1 /herald_league/index.php/League/Admin/managealbum/leagueid/29
NOTIC: 建议使用I方法替代_param

[ 2013-10-20T19:38:59+08:00 ] 127.0.0.1 /herald_league/index.php/League/Admin/managealbum/leagueid/29
NOTIC: 建议使用I方法替代_param

[ 2013-10-20T19:39:37+08:00 ] 127.0.0.1 /herald_league/index.php/League/Admin/managealbum/leagueid/29
NOTIC: 建议使用I方法替代_param

[ 2013-10-20T19:39:53+08:00 ] 127.0.0.1 /herald_league/index.php/League/Admin/managealbum/leagueid/29
NOTIC: 建议使用I方法替代_param

[ 2013-10-20T19:40:34+08:00 ] 127.0.0.1 /herald_league/index.php/League/Admin/managealbum/leagueid/29
NOTIC: 建议使用I方法替代_param

[ 2013-10-20T19:41:11+08:00 ] 127.0.0.1 /herald_league/index.php/League/Admin/managealbum/leagueid/29
NOTIC: 建议使用I方法替代_param

[ 2013-10-20T19:42:04+08:00 ] 127.0.0.1 /herald_league/index.php/League/Admin/managealbum/leagueid/29
NOTIC: 建议使用I方法替代_param

[ 2013-10-20T19:43:04+08:00 ] 127.0.0.1 /herald_league/index.php/League/Admin/managealbum/leagueid/29
NOTIC: 建议使用I方法替代_param

[ 2013-10-20T19:43:45+08:00 ] 127.0.0.1 /herald_league/index.php/League/Admin/managealbum/leagueid/29
NOTIC: 建议使用I方法替代_param

[ 2013-10-20T19:45:01+08:00 ] 127.0.0.1 /herald_league/index.php/League/Admin/managealbum/leagueid/29
NOTIC: 建议使用I方法替代_param

[ 2013-10-20T19:45:51+08:00 ] 127.0.0.1 /herald_league/index.php/League/Admin/addalbum/leagueid/29/albumid/1
NOTIC: 建议使用I方法替代_param
NOTIC: 建议使用I方法替代_param

[ 2013-10-20T19:49:38+08:00 ] 127.0.0.1 /herald_league/index.php/League/Admin/addalbum/leagueid/29/albumid/1
NOTIC: 建议使用I方法替代_param
NOTIC: 建议使用I方法替代_param

[ 2013-10-20T20:03:10+08:00 ] 127.0.0.1 /herald_league/index.php/League/Admin/addalbum/leagueid/29/albumid/1
NOTIC: 建议使用I方法替代_param
NOTIC: 建议使用I方法替代_param

[ 2013-10-20T20:04:10+08:00 ] 127.0.0.1 /herald_league/index.php/League/Admin/addalbum/leagueid/29/albumid/1
NOTIC: 建议使用I方法替代_param
NOTIC: 建议使用I方法替代_param

[ 2013-10-20T20:20:28+08:00 ] 127.0.0.1 /herald_league/index.php/League/Index/index/leagueid/29
NOTIC: 建议使用I方法替代_param
ERR: Access denied for user 'root'@'localhost' (using password: YES)

[ 2013-10-20T20:20:42+08:00 ] 127.0.0.1 /herald_league/index.php/League/Index/index/leagueid/29
NOTIC: 建议使用I方法替代_param

[ 2013-10-20T20:20:47+08:00 ] 127.0.0.1 /herald_league/index.php/League/Index/index/leagueid/29
NOTIC: 建议使用I方法替代_param

[ 2013-10-20T20:20:48+08:00 ] 127.0.0.1 /herald_league/index.php/League/Index/index/leagueid/29
NOTIC: 建议使用I方法替代_param

[ 2013-10-20T20:20:48+08:00 ] 127.0.0.1 /herald_league/index.php/League/Index/index/leagueid/29
NOTIC: 建议使用I方法替代_param

[ 2013-10-20T20:20:48+08:00 ] 127.0.0.1 /herald_league/index.php/League/Index/index/leagueid/29
NOTIC: 建议使用I方法替代_param

[ 2013-10-20T20:20:49+08:00 ] 127.0.0.1 /herald_league/index.php/League/Index/index/leagueid/29
NOTIC: 建议使用I方法替代_param

[ 2013-10-20T20:20:49+08:00 ] 127.0.0.1 /herald_league/index.php/League/Index/index/leagueid/29
NOTIC: 建议使用I方法替代_param

[ 2013-10-20T20:21:08+08:00 ] 127.0.0.1 /herald_league/index.php/Index/getMoreActivity.html
INFO: [ app_begin ] --START--
INFO: Run ReadHtmlCache Behavior [ RunTime:0.001831s ]
INFO: [ app_begin ] --END-- [ RunTime:0.002105s ]
NOTIC: 建议使用I方法替代_param
SQL: SHOW COLUMNS FROM `lg_activity_info` [ RunTime:0.010859s ]
NOTIC: 建议使用I方法替代_param
SQL: SELECT * FROM `lg_activity_info` WHERE ( id<41 ) ORDER BY id desc LIMIT 10   [ RunTime:0.002818s ]
SQL: SHOW COLUMNS FROM `lg_league_info` [ RunTime:0.008766s ]
SQL: SELECT `league_name` FROM `lg_league_info` WHERE ( uid=28 ) LIMIT 1   [ RunTime:0.003009s ]
SQL: SELECT `league_name` FROM `lg_league_info` WHERE ( uid=28 ) LIMIT 1   [ RunTime:0.000886s ]
SQL: SELECT `league_name` FROM `lg_league_info` WHERE ( uid=28 ) LIMIT 1   [ RunTime:0.000866s ]
SQL: SELECT `league_name` FROM `lg_league_info` WHERE ( uid=28 ) LIMIT 1   [ RunTime:0.000839s ]
SQL: SELECT `league_name` FROM `lg_league_info` WHERE ( uid=28 ) LIMIT 1   [ RunTime:0.000695s ]
SQL: SELECT `league_name` FROM `lg_league_info` WHERE ( uid=1 ) LIMIT 1   [ RunTime:0.000743s ]
SQL: SELECT `league_name` FROM `lg_league_info` WHERE ( uid=1 ) LIMIT 1   [ RunTime:0.000650s ]
SQL: SELECT `league_name` FROM `lg_league_info` WHERE ( uid=1 ) LIMIT 1   [ RunTime:0.000648s ]
SQL: SELECT `league_name` FROM `lg_league_info` WHERE ( uid=1 ) LIMIT 1   [ RunTime:0.000620s ]
SQL: SELECT `league_name` FROM `lg_league_info` WHERE ( uid=1 ) LIMIT 1   [ RunTime:0.000716s ]

[ 2013-10-20T20:21:24+08:00 ] 127.0.0.1 /herald_league/index.php/Index/getMoreActivity.html
INFO: [ app_begin ] --START--
INFO: Run ReadHtmlCache Behavior [ RunTime:0.002413s ]
INFO: [ app_begin ] --END-- [ RunTime:0.002737s ]
NOTIC: 建议使用I方法替代_param
SQL: SHOW COLUMNS FROM `lg_activity_info` [ RunTime:0.008921s ]
NOTIC: 建议使用I方法替代_param
SQL: SELECT * FROM `lg_activity_info` WHERE ( id<41 ) ORDER BY id desc LIMIT 10   [ RunTime:0.003317s ]
SQL: SHOW COLUMNS FROM `lg_league_info` [ RunTime:0.010235s ]
SQL: SELECT `league_name` FROM `lg_league_info` WHERE ( uid=28 ) LIMIT 1   [ RunTime:0.004960s ]
SQL: SELECT `league_name` FROM `lg_league_info` WHERE ( uid=28 ) LIMIT 1   [ RunTime:0.000671s ]
SQL: SELECT `league_name` FROM `lg_league_info` WHERE ( uid=28 ) LIMIT 1   [ RunTime:0.000582s ]
SQL: SELECT `league_name` FROM `lg_league_info` WHERE ( uid=28 ) LIMIT 1   [ RunTime:0.000615s ]
SQL: SELECT `league_name` FROM `lg_league_info` WHERE ( uid=28 ) LIMIT 1   [ RunTime:0.000723s ]
SQL: SELECT `league_name` FROM `lg_league_info` WHERE ( uid=1 ) LIMIT 1   [ RunTime:0.000589s ]
SQL: SELECT `league_name` FROM `lg_league_info` WHERE ( uid=1 ) LIMIT 1   [ RunTime:0.000519s ]
SQL: SELECT `league_name` FROM `lg_league_info` WHERE ( uid=1 ) LIMIT 1   [ RunTime:0.000579s ]
SQL: SELECT `league_name` FROM `lg_league_info` WHERE ( uid=1 ) LIMIT 1   [ RunTime:0.000603s ]
SQL: SELECT `league_name` FROM `lg_league_info` WHERE ( uid=1 ) LIMIT 1   [ RunTime:0.000571s ]

[ 2013-10-20T20:21:44+08:00 ] 127.0.0.1 /herald_league/index.php/Index/getMoreActivity.html
INFO: [ app_begin ] --START--
INFO: Run ReadHtmlCache Behavior [ RunTime:0.001911s ]
INFO: [ app_begin ] --END-- [ RunTime:0.002151s ]
NOTIC: 建议使用I方法替代_param
SQL: SHOW COLUMNS FROM `lg_activity_info` [ RunTime:0.008962s ]
NOTIC: 建议使用I方法替代_param
SQL: SELECT * FROM `lg_activity_info` WHERE ( id<41 ) ORDER BY id desc LIMIT 10   [ RunTime:0.002375s ]
SQL: SHOW COLUMNS FROM `lg_league_info` [ RunTime:0.009527s ]
SQL: SELECT `league_name` FROM `lg_league_info` WHERE ( uid=28 ) LIMIT 1   [ RunTime:0.002815s ]
SQL: SELECT `league_name` FROM `lg_league_info` WHERE ( uid=28 ) LIMIT 1   [ RunTime:0.000668s ]
SQL: SELECT `league_name` FROM `lg_league_info` WHERE ( uid=28 ) LIMIT 1   [ RunTime:0.000643s ]
SQL: SELECT `league_name` FROM `lg_league_info` WHERE ( uid=28 ) LIMIT 1   [ RunTime:0.000679s ]
SQL: SELECT `league_name` FROM `lg_league_info` WHERE ( uid=28 ) LIMIT 1   [ RunTime:0.000665s ]
SQL: SELECT `league_name` FROM `lg_league_info` WHERE ( uid=1 ) LIMIT 1   [ RunTime:0.000686s ]
SQL: SELECT `league_name` FROM `lg_league_info` WHERE ( uid=1 ) LIMIT 1   [ RunTime:0.000654s ]
SQL: SELECT `league_name` FROM `lg_league_info` WHERE ( uid=1 ) LIMIT 1   [ RunTime:0.000651s ]
SQL: SELECT `league_name` FROM `lg_league_info` WHERE ( uid=1 ) LIMIT 1   [ RunTime:0.000642s ]
SQL: SELECT `league_name` FROM `lg_league_info` WHERE ( uid=1 ) LIMIT 1   [ RunTime:0.000681s ]

[ 2013-10-20T20:23:43+08:00 ] 127.0.0.1 /herald_league/index.php/Index/getMoreActivity.html
INFO: [ app_begin ] --START--
INFO: Run ReadHtmlCache Behavior [ RunTime:0.003011s ]
INFO: [ app_begin ] --END-- [ RunTime:0.003249s ]
NOTIC: 建议使用I方法替代_param
SQL: SHOW COLUMNS FROM `lg_activity_info` [ RunTime:0.009810s ]
NOTIC: 建议使用I方法替代_param
SQL: SELECT * FROM `lg_activity_info` WHERE ( id<41 ) ORDER BY id desc LIMIT 10   [ RunTime:0.002791s ]
SQL: SHOW COLUMNS FROM `lg_league_info` [ RunTime:0.008415s ]
SQL: SELECT `league_name` FROM `lg_league_info` WHERE ( uid=28 ) LIMIT 1   [ RunTime:0.002323s ]
SQL: SELECT `league_name` FROM `lg_league_info` WHERE ( uid=28 ) LIMIT 1   [ RunTime:0.000710s ]
SQL: SELECT `league_name` FROM `lg_league_info` WHERE ( uid=28 ) LIMIT 1   [ RunTime:0.000653s ]
SQL: SELECT `league_name` FROM `lg_league_info` WHERE ( uid=28 ) LIMIT 1   [ RunTime:0.000655s ]
SQL: SELECT `league_name` FROM `lg_league_info` WHERE ( uid=28 ) LIMIT 1   [ RunTime:0.000647s ]
SQL: SELECT `league_name` FROM `lg_league_info` WHERE ( uid=1 ) LIMIT 1   [ RunTime:0.000640s ]
SQL: SELECT `league_name` FROM `lg_league_info` WHERE ( uid=1 ) LIMIT 1   [ RunTime:0.000650s ]
SQL: SELECT `league_name` FROM `lg_league_info` WHERE ( uid=1 ) LIMIT 1   [ RunTime:0.000620s ]
SQL: SELECT `league_name` FROM `lg_league_info` WHERE ( uid=1 ) LIMIT 1   [ RunTime:0.000740s ]
SQL: SELECT `league_name` FROM `lg_league_info` WHERE ( uid=1 ) LIMIT 1   [ RunTime:0.000701s ]

[ 2013-10-20T20:24:01+08:00 ] 127.0.0.1 /herald_league/index.php/Index/getMoreActivity.html
INFO: [ app_begin ] --START--
INFO: Run ReadHtmlCache Behavior [ RunTime:0.003146s ]
INFO: [ app_begin ] --END-- [ RunTime:0.003397s ]
NOTIC: 建议使用I方法替代_param
SQL: SHOW COLUMNS FROM `lg_activity_info` [ RunTime:0.009634s ]
NOTIC: 建议使用I方法替代_param
SQL: SELECT * FROM `lg_activity_info` WHERE ( id<41 ) ORDER BY id desc LIMIT 10   [ RunTime:0.003108s ]
SQL: SHOW COLUMNS FROM `lg_league_info` [ RunTime:0.008923s ]
SQL: SELECT `league_name` FROM `lg_league_info` WHERE ( uid=28 ) LIMIT 1   [ RunTime:0.002761s ]
SQL: SELECT `league_name` FROM `lg_league_info` WHERE ( uid=28 ) LIMIT 1   [ RunTime:0.000607s ]
SQL: SELECT `league_name` FROM `lg_league_info` WHERE ( uid=28 ) LIMIT 1   [ RunTime:0.000571s ]
SQL: SELECT `league_name` FROM `lg_league_info` WHERE ( uid=28 ) LIMIT 1   [ RunTime:0.000676s ]
SQL: SELECT `league_name` FROM `lg_league_info` WHERE ( uid=28 ) LIMIT 1   [ RunTime:0.000650s ]
SQL: SELECT `league_name` FROM `lg_league_info` WHERE ( uid=1 ) LIMIT 1   [ RunTime:0.000640s ]
SQL: SELECT `league_name` FROM `lg_league_info` WHERE ( uid=1 ) LIMIT 1   [ RunTime:0.000652s ]
SQL: SELECT `league_name` FROM `lg_league_info` WHERE ( uid=1 ) LIMIT 1   [ RunTime:0.000660s ]
SQL: SELECT `league_name` FROM `lg_league_info` WHERE ( uid=1 ) LIMIT 1   [ RunTime:0.000674s ]
SQL: SELECT `league_name` FROM `lg_league_info` WHERE ( uid=1 ) LIMIT 1   [ RunTime:0.000684s ]

[ 2013-10-20T20:31:19+08:00 ] 127.0.0.1 /herald_league/index.php/Index/getMoreActivity.html
INFO: [ app_begin ] --START--
INFO: Run ReadHtmlCache Behavior [ RunTime:0.001905s ]
INFO: [ app_begin ] --END-- [ RunTime:0.002175s ]
NOTIC: 建议使用I方法替代_param
SQL: SHOW COLUMNS FROM `lg_activity_info` [ RunTime:0.009168s ]
NOTIC: 建议使用I方法替代_param
SQL: SELECT * FROM `lg_activity_info` WHERE ( id<41 ) ORDER BY id desc LIMIT 10   [ RunTime:0.002679s ]
SQL: SHOW COLUMNS FROM `lg_league_info` [ RunTime:0.008434s ]
SQL: SELECT `league_name` FROM `lg_league_info` WHERE ( uid=28 ) LIMIT 1   [ RunTime:0.002348s ]
SQL: SELECT `league_name` FROM `lg_league_info` WHERE ( uid=28 ) LIMIT 1   [ RunTime:0.000667s ]
SQL: SELECT `league_name` FROM `lg_league_info` WHERE ( uid=28 ) LIMIT 1   [ RunTime:0.000623s ]
SQL: SELECT `league_name` FROM `lg_league_info` WHERE ( uid=28 ) LIMIT 1   [ RunTime:0.000669s ]
SQL: SELECT `league_name` FROM `lg_league_info` WHERE ( uid=28 ) LIMIT 1   [ RunTime:0.000647s ]
SQL: SELECT `league_name` FROM `lg_league_info` WHERE ( uid=1 ) LIMIT 1   [ RunTime:0.000661s ]
SQL: SELECT `league_name` FROM `lg_league_info` WHERE ( uid=1 ) LIMIT 1   [ RunTime:0.000625s ]
SQL: SELECT `league_name` FROM `lg_league_info` WHERE ( uid=1 ) LIMIT 1   [ RunTime:0.000665s ]
SQL: SELECT `league_name` FROM `lg_league_info` WHERE ( uid=1 ) LIMIT 1   [ RunTime:0.000876s ]
SQL: SELECT `league_name` FROM `lg_league_info` WHERE ( uid=1 ) LIMIT 1   [ RunTime:0.000690s ]

[ 2013-10-20T20:31:46+08:00 ] 127.0.0.1 /herald_league/index.php/Index/getMoreActivity.html
INFO: [ app_begin ] --START--
INFO: Run ReadHtmlCache Behavior [ RunTime:0.003070s ]
INFO: [ app_begin ] --END-- [ RunTime:0.003321s ]
NOTIC: 建议使用I方法替代_param
SQL: SHOW COLUMNS FROM `lg_activity_info` [ RunTime:0.009344s ]
NOTIC: 建议使用I方法替代_param
SQL: SELECT * FROM `lg_activity_info` WHERE ( id<41 ) ORDER BY id desc LIMIT 10   [ RunTime:0.001879s ]
SQL: SHOW COLUMNS FROM `lg_league_info` [ RunTime:0.009948s ]
SQL: SELECT `league_name` FROM `lg_league_info` WHERE ( uid=28 ) LIMIT 1   [ RunTime:0.003074s ]
SQL: SELECT `league_name` FROM `lg_league_info` WHERE ( uid=28 ) LIMIT 1   [ RunTime:0.000679s ]
SQL: SELECT `league_name` FROM `lg_league_info` WHERE ( uid=28 ) LIMIT 1   [ RunTime:0.000727s ]
SQL: SELECT `league_name` FROM `lg_league_info` WHERE ( uid=28 ) LIMIT 1   [ RunTime:0.000716s ]
SQL: SELECT `league_name` FROM `lg_league_info` WHERE ( uid=28 ) LIMIT 1   [ RunTime:0.000704s ]
SQL: SELECT `league_name` FROM `lg_league_info` WHERE ( uid=1 ) LIMIT 1   [ RunTime:0.000657s ]
SQL: SELECT `league_name` FROM `lg_league_info` WHERE ( uid=1 ) LIMIT 1   [ RunTime:0.000641s ]
SQL: SELECT `league_name` FROM `lg_league_info` WHERE ( uid=1 ) LIMIT 1   [ RunTime:0.000637s ]
SQL: SELECT `league_name` FROM `lg_league_info` WHERE ( uid=1 ) LIMIT 1   [ RunTime:0.000542s ]
SQL: SELECT `league_name` FROM `lg_league_info` WHERE ( uid=1 ) LIMIT 1   [ RunTime:0.000657s ]

[ 2013-10-20T20:37:08+08:00 ] 127.0.0.1 /herald_league/index.php/Index/getMoreActivity.html
INFO: [ app_begin ] --START--
INFO: Run ReadHtmlCache Behavior [ RunTime:0.003803s ]
INFO: [ app_begin ] --END-- [ RunTime:0.004165s ]
NOTIC: 建议使用I方法替代_param
SQL: SHOW COLUMNS FROM `lg_activity_info` [ RunTime:0.008252s ]
NOTIC: 建议使用I方法替代_param
SQL: SELECT * FROM `lg_activity_info` WHERE ( id<41 ) ORDER BY id desc LIMIT 10   [ RunTime:0.003063s ]
SQL: SHOW COLUMNS FROM `lg_league_info` [ RunTime:0.008341s ]
SQL: SELECT `league_name` FROM `lg_league_info` WHERE ( uid=28 ) LIMIT 1   [ RunTime:0.002756s ]
SQL: SELECT `league_name` FROM `lg_league_info` WHERE ( uid=28 ) LIMIT 1   [ RunTime:0.000683s ]
SQL: SELECT `league_name` FROM `lg_league_info` WHERE ( uid=28 ) LIMIT 1   [ RunTime:0.000641s ]
SQL: SELECT `league_name` FROM `lg_league_info` WHERE ( uid=28 ) LIMIT 1   [ RunTime:0.000625s ]
SQL: SELECT `league_name` FROM `lg_league_info` WHERE ( uid=28 ) LIMIT 1   [ RunTime:0.000654s ]
SQL: SELECT `league_name` FROM `lg_league_info` WHERE ( uid=1 ) LIMIT 1   [ RunTime:0.000643s ]
SQL: SELECT `league_name` FROM `lg_league_info` WHERE ( uid=1 ) LIMIT 1   [ RunTime:0.000626s ]
SQL: SELECT `league_name` FROM `lg_league_info` WHERE ( uid=1 ) LIMIT 1   [ RunTime:0.000666s ]
SQL: SELECT `league_name` FROM `lg_league_info` WHERE ( uid=1 ) LIMIT 1   [ RunTime:0.000643s ]
SQL: SELECT `league_name` FROM `lg_league_info` WHERE ( uid=1 ) LIMIT 1   [ RunTime:0.000639s ]

[ 2013-10-20T20:39:41+08:00 ] 127.0.0.1 /herald_league/index.php/Index/getMoreActivity.html
INFO: [ app_begin ] --START--
INFO: Run ReadHtmlCache Behavior [ RunTime:0.001719s ]
INFO: [ app_begin ] --END-- [ RunTime:0.001948s ]
NOTIC: 建议使用I方法替代_param
SQL: SHOW COLUMNS FROM `lg_activity_info` [ RunTime:0.008532s ]
NOTIC: 建议使用I方法替代_param
SQL: SELECT * FROM `lg_activity_info` WHERE ( id<41 ) ORDER BY id desc LIMIT 10   [ RunTime:0.003321s ]
SQL: SHOW COLUMNS FROM `lg_league_info` [ RunTime:0.008938s ]
SQL: SELECT `league_name` FROM `lg_league_info` WHERE ( uid=28 ) LIMIT 1   [ RunTime:0.002844s ]
SQL: SELECT `league_name` FROM `lg_league_info` WHERE ( uid=28 ) LIMIT 1   [ RunTime:0.000800s ]
SQL: SELECT `league_name` FROM `lg_league_info` WHERE ( uid=28 ) LIMIT 1   [ RunTime:0.000690s ]
SQL: SELECT `league_name` FROM `lg_league_info` WHERE ( uid=28 ) LIMIT 1   [ RunTime:0.000754s ]
SQL: SELECT `league_name` FROM `lg_league_info` WHERE ( uid=28 ) LIMIT 1   [ RunTime:0.000642s ]
SQL: SELECT `league_name` FROM `lg_league_info` WHERE ( uid=1 ) LIMIT 1   [ RunTime:0.000587s ]
SQL: SELECT `league_name` FROM `lg_league_info` WHERE ( uid=1 ) LIMIT 1   [ RunTime:0.000675s ]
SQL: SELECT `league_name` FROM `lg_league_info` WHERE ( uid=1 ) LIMIT 1   [ RunTime:0.000627s ]
SQL: SELECT `league_name` FROM `lg_league_info` WHERE ( uid=1 ) LIMIT 1   [ RunTime:0.000685s ]
SQL: SELECT `league_name` FROM `lg_league_info` WHERE ( uid=1 ) LIMIT 1   [ RunTime:0.000676s ]

[ 2013-10-20T20:40:04+08:00 ] 127.0.0.1 /herald_league/index.php/Index/getMoreActivity.html
INFO: [ app_begin ] --START--
INFO: Run ReadHtmlCache Behavior [ RunTime:0.001761s ]
INFO: [ app_begin ] --END-- [ RunTime:0.001987s ]
NOTIC: 建议使用I方法替代_param
SQL: SHOW COLUMNS FROM `lg_activity_info` [ RunTime:0.008380s ]
NOTIC: 建议使用I方法替代_param
SQL: SELECT * FROM `lg_activity_info` WHERE ( id<41 ) ORDER BY id desc LIMIT 10   [ RunTime:0.003791s ]
SQL: SHOW COLUMNS FROM `lg_league_info` [ RunTime:0.008563s ]
SQL: SELECT `league_name` FROM `lg_league_info` WHERE ( uid=28 ) LIMIT 1   [ RunTime:0.002144s ]
SQL: SELECT `league_name` FROM `lg_league_info` WHERE ( uid=28 ) LIMIT 1   [ RunTime:0.000736s ]
SQL: SELECT `league_name` FROM `lg_league_info` WHERE ( uid=28 ) LIMIT 1   [ RunTime:0.000623s ]
SQL: SELECT `league_name` FROM `lg_league_info` WHERE ( uid=28 ) LIMIT 1   [ RunTime:0.000652s ]
SQL: SELECT `league_name` FROM `lg_league_info` WHERE ( uid=28 ) LIMIT 1   [ RunTime:0.000642s ]
SQL: SELECT `league_name` FROM `lg_league_info` WHERE ( uid=1 ) LIMIT 1   [ RunTime:0.000646s ]
SQL: SELECT `league_name` FROM `lg_league_info` WHERE ( uid=1 ) LIMIT 1   [ RunTime:0.000649s ]
SQL: SELECT `league_name` FROM `lg_league_info` WHERE ( uid=1 ) LIMIT 1   [ RunTime:0.000676s ]
SQL: SELECT `league_name` FROM `lg_league_info` WHERE ( uid=1 ) LIMIT 1   [ RunTime:0.000644s ]
SQL: SELECT `league_name` FROM `lg_league_info` WHERE ( uid=1 ) LIMIT 1   [ RunTime:0.000697s ]

[ 2013-10-20T20:42:48+08:00 ] 127.0.0.1 /herald_league/index.php/Index/getMoreActivity.html
INFO: [ app_begin ] --START--
INFO: Run ReadHtmlCache Behavior [ RunTime:0.003177s ]
INFO: [ app_begin ] --END-- [ RunTime:0.003439s ]
NOTIC: 建议使用I方法替代_param
SQL: SHOW COLUMNS FROM `lg_activity_info` [ RunTime:0.009110s ]
NOTIC: 建议使用I方法替代_param
SQL: SELECT * FROM `lg_activity_info` WHERE ( id<41 ) ORDER BY id desc LIMIT 10   [ RunTime:0.003217s ]
SQL: SHOW COLUMNS FROM `lg_league_info` [ RunTime:0.010145s ]
SQL: SELECT `league_name` FROM `lg_league_info` WHERE ( uid=28 ) LIMIT 1   [ RunTime:0.004315s ]
SQL: SELECT `league_name` FROM `lg_league_info` WHERE ( uid=28 ) LIMIT 1   [ RunTime:0.000690s ]
SQL: SELECT `league_name` FROM `lg_league_info` WHERE ( uid=28 ) LIMIT 1   [ RunTime:0.000656s ]
SQL: SELECT `league_name` FROM `lg_league_info` WHERE ( uid=28 ) LIMIT 1   [ RunTime:0.000675s ]
SQL: SELECT `league_name` FROM `lg_league_info` WHERE ( uid=28 ) LIMIT 1   [ RunTime:0.000666s ]
SQL: SELECT `league_name` FROM `lg_league_info` WHERE ( uid=1 ) LIMIT 1   [ RunTime:0.001001s ]
SQL: SELECT `league_name` FROM `lg_league_info` WHERE ( uid=1 ) LIMIT 1   [ RunTime:0.000673s ]
SQL: SELECT `league_name` FROM `lg_league_info` WHERE ( uid=1 ) LIMIT 1   [ RunTime:0.000668s ]
SQL: SELECT `league_name` FROM `lg_league_info` WHERE ( uid=1 ) LIMIT 1   [ RunTime:0.000651s ]
SQL: SELECT `league_name` FROM `lg_league_info` WHERE ( uid=1 ) LIMIT 1   [ RunTime:0.000642s ]

[ 2013-10-20T20:43:54+08:00 ] 127.0.0.1 /herald_league/index.php/Index/getMoreActivity.html
INFO: [ app_begin ] --START--
INFO: Run ReadHtmlCache Behavior [ RunTime:0.003025s ]
INFO: [ app_begin ] --END-- [ RunTime:0.003291s ]
NOTIC: 建议使用I方法替代_param
SQL: SHOW COLUMNS FROM `lg_activity_info` [ RunTime:0.008913s ]
NOTIC: 建议使用I方法替代_param
SQL: SELECT * FROM `lg_activity_info` WHERE ( id<41 ) ORDER BY id desc LIMIT 10   [ RunTime:0.002784s ]
SQL: SHOW COLUMNS FROM `lg_league_info` [ RunTime:0.009979s ]
SQL: SELECT `league_name` FROM `lg_league_info` WHERE ( uid=28 ) LIMIT 1   [ RunTime:0.002514s ]
SQL: SELECT `league_name` FROM `lg_league_info` WHERE ( uid=28 ) LIMIT 1   [ RunTime:0.000694s ]
SQL: SELECT `league_name` FROM `lg_league_info` WHERE ( uid=28 ) LIMIT 1   [ RunTime:0.000662s ]
SQL: SELECT `league_name` FROM `lg_league_info` WHERE ( uid=28 ) LIMIT 1   [ RunTime:0.000849s ]
SQL: SELECT `league_name` FROM `lg_league_info` WHERE ( uid=28 ) LIMIT 1   [ RunTime:0.000670s ]
SQL: SELECT `league_name` FROM `lg_league_info` WHERE ( uid=1 ) LIMIT 1   [ RunTime:0.000616s ]
SQL: SELECT `league_name` FROM `lg_league_info` WHERE ( uid=1 ) LIMIT 1   [ RunTime:0.000640s ]
SQL: SELECT `league_name` FROM `lg_league_info` WHERE ( uid=1 ) LIMIT 1   [ RunTime:0.000727s ]
SQL: SELECT `league_name` FROM `lg_league_info` WHERE ( uid=1 ) LIMIT 1   [ RunTime:0.000548s ]
SQL: SELECT `league_name` FROM `lg_league_info` WHERE ( uid=1 ) LIMIT 1   [ RunTime:0.000639s ]

[ 2013-10-20T20:46:03+08:00 ] 127.0.0.1 /herald_league/index.php/Index/getMoreActivity.html
INFO: [ app_begin ] --START--
INFO: Run ReadHtmlCache Behavior [ RunTime:0.003317s ]
INFO: [ app_begin ] --END-- [ RunTime:0.003643s ]
NOTIC: 建议使用I方法替代_param
SQL: SHOW COLUMNS FROM `lg_activity_info` [ RunTime:0.008713s ]
NOTIC: 建议使用I方法替代_param
SQL: SELECT * FROM `lg_activity_info` WHERE ( id<41 ) ORDER BY id desc LIMIT 10   [ RunTime:0.003689s ]
SQL: SHOW COLUMNS FROM `lg_league_info` [ RunTime:0.009566s ]
SQL: SELECT `league_name` FROM `lg_league_info` WHERE ( uid=28 ) LIMIT 1   [ RunTime:0.002649s ]
SQL: SELECT `league_name` FROM `lg_league_info` WHERE ( uid=28 ) LIMIT 1   [ RunTime:0.000676s ]
SQL: SELECT `league_name` FROM `lg_league_info` WHERE ( uid=28 ) LIMIT 1   [ RunTime:0.000755s ]
SQL: SELECT `league_name` FROM `lg_league_info` WHERE ( uid=28 ) LIMIT 1   [ RunTime:0.000659s ]
SQL: SELECT `league_name` FROM `lg_league_info` WHERE ( uid=28 ) LIMIT 1   [ RunTime:0.000665s ]
SQL: SELECT `league_name` FROM `lg_league_info` WHERE ( uid=1 ) LIMIT 1   [ RunTime:0.000648s ]
SQL: SELECT `league_name` FROM `lg_league_info` WHERE ( uid=1 ) LIMIT 1   [ RunTime:0.000683s ]
SQL: SELECT `league_name` FROM `lg_league_info` WHERE ( uid=1 ) LIMIT 1   [ RunTime:0.000682s ]
SQL: SELECT `league_name` FROM `lg_league_info` WHERE ( uid=1 ) LIMIT 1   [ RunTime:0.000613s ]
SQL: SELECT `league_name` FROM `lg_league_info` WHERE ( uid=1 ) LIMIT 1   [ RunTime:0.000881s ]

[ 2013-10-20T20:49:20+08:00 ] 127.0.0.1 /herald_league/index.php/Index/getMoreActivity.html
INFO: [ app_begin ] --START--
INFO: Run ReadHtmlCache Behavior [ RunTime:0.001773s ]
INFO: [ app_begin ] --END-- [ RunTime:0.002053s ]
NOTIC: 建议使用I方法替代_param
SQL: SHOW COLUMNS FROM `lg_activity_info` [ RunTime:0.008407s ]
NOTIC: 建议使用I方法替代_param
SQL: SELECT * FROM `lg_activity_info` WHERE ( id<41 ) ORDER BY id desc LIMIT 10   [ RunTime:0.002997s ]
SQL: SHOW COLUMNS FROM `lg_league_info` [ RunTime:0.008786s ]
SQL: SELECT `league_name` FROM `lg_league_info` WHERE ( uid=28 ) LIMIT 1   [ RunTime:0.002496s ]
SQL: SELECT `league_name` FROM `lg_league_info` WHERE ( uid=28 ) LIMIT 1   [ RunTime:0.000716s ]
SQL: SELECT `league_name` FROM `lg_league_info` WHERE ( uid=28 ) LIMIT 1   [ RunTime:0.000655s ]
SQL: SELECT `league_name` FROM `lg_league_info` WHERE ( uid=28 ) LIMIT 1   [ RunTime:0.000652s ]
SQL: SELECT `league_name` FROM `lg_league_info` WHERE ( uid=28 ) LIMIT 1   [ RunTime:0.000647s ]
SQL: SELECT `league_name` FROM `lg_league_info` WHERE ( uid=1 ) LIMIT 1   [ RunTime:0.000763s ]
SQL: SELECT `league_name` FROM `lg_league_info` WHERE ( uid=1 ) LIMIT 1   [ RunTime:0.000666s ]
SQL: SELECT `league_name` FROM `lg_league_info` WHERE ( uid=1 ) LIMIT 1   [ RunTime:0.000652s ]
SQL: SELECT `league_name` FROM `lg_league_info` WHERE ( uid=1 ) LIMIT 1   [ RunTime:0.000616s ]
SQL: SELECT `league_name` FROM `lg_league_info` WHERE ( uid=1 ) LIMIT 1   [ RunTime:0.000757s ]

[ 2013-10-20T20:56:14+08:00 ] 127.0.0.1 /herald_league/index.php/Index/getMoreActivity.html
INFO: [ app_begin ] --START--
INFO: Run ReadHtmlCache Behavior [ RunTime:0.003774s ]
INFO: [ app_begin ] --END-- [ RunTime:0.004060s ]
NOTIC: 建议使用I方法替代_param
SQL: SHOW COLUMNS FROM `lg_activity_info` [ RunTime:0.009864s ]
NOTIC: 建议使用I方法替代_param
SQL: SELECT * FROM `lg_activity_info` WHERE ( id<41 AND league_class=1 ) ORDER BY id desc LIMIT 10   [ RunTime:0.003314s ]
SQL: SHOW COLUMNS FROM `lg_league_info` [ RunTime:0.009422s ]
SQL: SELECT `league_name` FROM `lg_league_info` WHERE ( uid=1 ) LIMIT 1   [ RunTime:0.002896s ]
SQL: SELECT `league_name` FROM `lg_league_info` WHERE ( uid=1 ) LIMIT 1   [ RunTime:0.000664s ]
SQL: SELECT `league_name` FROM `lg_league_info` WHERE ( uid=1 ) LIMIT 1   [ RunTime:0.000700s ]
SQL: SELECT `league_name` FROM `lg_league_info` WHERE ( uid=1 ) LIMIT 1   [ RunTime:0.000631s ]

[ 2013-10-20T20:56:53+08:00 ] 127.0.0.1 /herald_league/index.php/Index/getMoreActivity.html
INFO: [ app_begin ] --START--
INFO: Run ReadHtmlCache Behavior [ RunTime:0.003064s ]
INFO: [ app_begin ] --END-- [ RunTime:0.003299s ]
NOTIC: 建议使用I方法替代_param
SQL: SHOW COLUMNS FROM `lg_activity_info` [ RunTime:0.008523s ]
NOTIC: 建议使用I方法替代_param
SQL: SELECT * FROM `lg_activity_info` WHERE ( id<1 AND league_class=1 ) ORDER BY id desc LIMIT 10   [ RunTime:0.002718s ]
SQL: SHOW COLUMNS FROM `lg_league_info` [ RunTime:0.008075s ]
NOTIC: [2] Invalid argument supplied for foreach() D:\wamp\www\herald_league\herald_league\Lib\Model\ActivityInfoModel.class.php 第 38 行.

[ 2013-10-20T21:01:53+08:00 ] 127.0.0.1 /herald_league/index.php/Index/getMoreActivity.html
INFO: [ app_begin ] --START--
INFO: Run ReadHtmlCache Behavior [ RunTime:0.001774s ]
INFO: [ app_begin ] --END-- [ RunTime:0.002001s ]
NOTIC: 建议使用I方法替代_param
SQL: SHOW COLUMNS FROM `lg_activity_info` [ RunTime:0.010481s ]
NOTIC: 建议使用I方法替代_param
SQL: SELECT * FROM `lg_activity_info` WHERE ( id<41 ) ORDER BY id desc LIMIT 10   [ RunTime:0.002894s ]
SQL: SHOW COLUMNS FROM `lg_league_info` [ RunTime:0.008274s ]
SQL: SELECT `league_name` FROM `lg_league_info` WHERE ( uid=28 ) LIMIT 1   [ RunTime:0.001892s ]
SQL: SELECT `league_name` FROM `lg_league_info` WHERE ( uid=28 ) LIMIT 1   [ RunTime:0.000625s ]
SQL: SELECT `league_name` FROM `lg_league_info` WHERE ( uid=28 ) LIMIT 1   [ RunTime:0.000578s ]
SQL: SELECT `league_name` FROM `lg_league_info` WHERE ( uid=28 ) LIMIT 1   [ RunTime:0.000720s ]
SQL: SELECT `league_name` FROM `lg_league_info` WHERE ( uid=28 ) LIMIT 1   [ RunTime:0.000662s ]
SQL: SELECT `league_name` FROM `lg_league_info` WHERE ( uid=1 ) LIMIT 1   [ RunTime:0.000653s ]
SQL: SELECT `league_name` FROM `lg_league_info` WHERE ( uid=1 ) LIMIT 1   [ RunTime:0.000650s ]
SQL: SELECT `league_name` FROM `lg_league_info` WHERE ( uid=1 ) LIMIT 1   [ RunTime:0.000650s ]
SQL: SELECT `league_name` FROM `lg_league_info` WHERE ( uid=1 ) LIMIT 1   [ RunTime:0.000640s ]
SQL: SELECT `league_name` FROM `lg_league_info` WHERE ( uid=1 ) LIMIT 1   [ RunTime:0.000650s ]

[ 2013-10-20T21:01:54+08:00 ] 127.0.0.1 /herald_league/index.php/Activity/Index/Uploads/ActivityPost/m_525fb94c774a0.jpg
ERR: 非法操作:Uploads

[ 2013-10-20T21:01:54+08:00 ] 127.0.0.1 /herald_league/index.php/Activity/Index/Uploads/ActivityPost/m_525d571a44a35.jpg
ERR: 非法操作:Uploads

[ 2013-10-20T21:01:54+08:00 ] 127.0.0.1 /herald_league/index.php/Activity/Index/Uploads/ActivityPost/m_525d56e59dbed.jpg
ERR: 非法操作:Uploads

[ 2013-10-20T21:03:20+08:00 ] 127.0.0.1 /herald_league/index.php/Index/getMoreActivity.html
INFO: [ app_begin ] --START--
INFO: Run ReadHtmlCache Behavior [ RunTime:0.002989s ]
INFO: [ app_begin ] --END-- [ RunTime:0.003226s ]
NOTIC: 建议使用I方法替代_param
SQL: SHOW COLUMNS FROM `lg_activity_info` [ RunTime:0.010802s ]
NOTIC: 建议使用I方法替代_param
SQL: SELECT * FROM `lg_activity_info` WHERE ( id<41 ) ORDER BY id desc LIMIT 10   [ RunTime:0.002822s ]
SQL: SHOW COLUMNS FROM `lg_league_info` [ RunTime:0.013437s ]
SQL: SELECT `league_name` FROM `lg_league_info` WHERE ( uid=28 ) LIMIT 1   [ RunTime:0.004089s ]
SQL: SELECT `league_name` FROM `lg_league_info` WHERE ( uid=28 ) LIMIT 1   [ RunTime:0.000577s ]
SQL: SELECT `league_name` FROM `lg_league_info` WHERE ( uid=28 ) LIMIT 1   [ RunTime:0.000705s ]
SQL: SELECT `league_name` FROM `lg_league_info` WHERE ( uid=28 ) LIMIT 1   [ RunTime:0.000692s ]
SQL: SELECT `league_name` FROM `lg_league_info` WHERE ( uid=28 ) LIMIT 1   [ RunTime:0.000657s ]
SQL: SELECT `league_name` FROM `lg_league_info` WHERE ( uid=1 ) LIMIT 1   [ RunTime:0.000541s ]
SQL: SELECT `league_name` FROM `lg_league_info` WHERE ( uid=1 ) LIMIT 1   [ RunTime:0.000528s ]
SQL: SELECT `league_name` FROM `lg_league_info` WHERE ( uid=1 ) LIMIT 1   [ RunTime:0.000542s ]
SQL: SELECT `league_name` FROM `lg_league_info` WHERE ( uid=1 ) LIMIT 1   [ RunTime:0.000514s ]
SQL: SELECT `league_name` FROM `lg_league_info` WHERE ( uid=1 ) LIMIT 1   [ RunTime:0.000500s ]

[ 2013-10-20T21:03:20+08:00 ] 127.0.0.1 /herald_league/index.php/Activity/Index/Uploads/ActivityPost/m_525fb94c774a0.jpg
ERR: 非法操作:Uploads

[ 2013-10-20T21:03:20+08:00 ] 127.0.0.1 /herald_league/index.php/Activity/Index/Uploads/ActivityPost/m_525d56e59dbed.jpg
ERR: 非法操作:Uploads

[ 2013-10-20T21:03:20+08:00 ] 127.0.0.1 /herald_league/index.php/Activity/Index/Uploads/ActivityPost/m_525d571a44a35.jpg
ERR: 非法操作:Uploads

[ 2013-10-20T21:03:38+08:00 ] 127.0.0.1 /herald_league/index.php/Index/getMoreActivity.html
INFO: [ app_begin ] --START--
INFO: Run ReadHtmlCache Behavior [ RunTime:0.003184s ]
INFO: [ app_begin ] --END-- [ RunTime:0.003499s ]
NOTIC: 建议使用I方法替代_param
SQL: SHOW COLUMNS FROM `lg_activity_info` [ RunTime:0.008425s ]
NOTIC: 建议使用I方法替代_param
SQL: SELECT * FROM `lg_activity_info` WHERE ( id<41 ) ORDER BY id desc LIMIT 10   [ RunTime:0.002364s ]
SQL: SHOW COLUMNS FROM `lg_league_info` [ RunTime:0.008560s ]
SQL: SELECT `league_name` FROM `lg_league_info` WHERE ( uid=28 ) LIMIT 1   [ RunTime:0.003304s ]
SQL: SELECT `league_name` FROM `lg_league_info` WHERE ( uid=28 ) LIMIT 1   [ RunTime:0.000932s ]
SQL: SELECT `league_name` FROM `lg_league_info` WHERE ( uid=28 ) LIMIT 1   [ RunTime:0.000641s ]
SQL: SELECT `league_name` FROM `lg_league_info` WHERE ( uid=28 ) LIMIT 1   [ RunTime:0.000789s ]
SQL: SELECT `league_name` FROM `lg_league_info` WHERE ( uid=28 ) LIMIT 1   [ RunTime:0.000737s ]
SQL: SELECT `league_name` FROM `lg_league_info` WHERE ( uid=1 ) LIMIT 1   [ RunTime:0.000627s ]
SQL: SELECT `league_name` FROM `lg_league_info` WHERE ( uid=1 ) LIMIT 1   [ RunTime:0.000640s ]
SQL: SELECT `league_name` FROM `lg_league_info` WHERE ( uid=1 ) LIMIT 1   [ RunTime:0.000632s ]
SQL: SELECT `league_name` FROM `lg_league_info` WHERE ( uid=1 ) LIMIT 1   [ RunTime:0.000649s ]
SQL: SELECT `league_name` FROM `lg_league_info` WHERE ( uid=1 ) LIMIT 1   [ RunTime:0.000621s ]

[ 2013-10-20T21:03:38+08:00 ] 127.0.0.1 /herald_league/index.php/Activity/Index/Uploads/ActivityPost/m_525fb94c774a0.jpg
ERR: 非法操作:Uploads

[ 2013-10-20T21:03:38+08:00 ] 127.0.0.1 /herald_league/index.php/Activity/Index/Uploads/ActivityPost/m_525d56e59dbed.jpg
ERR: 非法操作:Uploads

[ 2013-10-20T21:03:38+08:00 ] 127.0.0.1 /herald_league/index.php/Activity/Index/Uploads/ActivityPost/m_525d571a44a35.jpg
ERR: 非法操作:Uploads

[ 2013-10-20T21:03:45+08:00 ] 127.0.0.1 /herald_league/index.php/Index/getMoreActivity.html
INFO: [ app_begin ] --START--
INFO: Run ReadHtmlCache Behavior [ RunTime:0.001752s ]
INFO: [ app_begin ] --END-- [ RunTime:0.001987s ]
NOTIC: 建议使用I方法替代_param
SQL: SHOW COLUMNS FROM `lg_activity_info` [ RunTime:0.008606s ]
NOTIC: 建议使用I方法替代_param
SQL: SELECT * FROM `lg_activity_info` WHERE ( id<31 ) ORDER BY id desc LIMIT 10   [ RunTime:0.002707s ]
SQL: SHOW COLUMNS FROM `lg_league_info` [ RunTime:0.008831s ]
SQL: SELECT `league_name` FROM `lg_league_info` WHERE ( uid=1 ) LIMIT 1   [ RunTime:0.002884s ]
SQL: SELECT `league_name` FROM `lg_league_info` WHERE ( uid=1 ) LIMIT 1   [ RunTime:0.000755s ]
SQL: SELECT `league_name` FROM `lg_league_info` WHERE ( uid=1 ) LIMIT 1   [ RunTime:0.000682s ]
SQL: SELECT `league_name` FROM `lg_league_info` WHERE ( uid=1 ) LIMIT 1   [ RunTime:0.000662s ]
SQL: SELECT `league_name` FROM `lg_league_info` WHERE ( uid=1 ) LIMIT 1   [ RunTime:0.000615s ]
SQL: SELECT `league_name` FROM `lg_league_info` WHERE ( uid=1 ) LIMIT 1   [ RunTime:0.000645s ]
SQL: SELECT `league_name` FROM `lg_league_info` WHERE ( uid=1 ) LIMIT 1   [ RunTime:0.000692s ]
SQL: SELECT `league_name` FROM `lg_league_info` WHERE ( uid=1 ) LIMIT 1   [ RunTime:0.000654s ]
SQL: SELECT `league_name` FROM `lg_league_info` WHERE ( uid=1 ) LIMIT 1   [ RunTime:0.000760s ]
SQL: SELECT `league_name` FROM `lg_league_info` WHERE ( uid=1 ) LIMIT 1   [ RunTime:0.000616s ]

[ 2013-10-20T21:03:54+08:00 ] 127.0.0.1 /herald_league/index.php/Index/getMoreActivity.html
INFO: [ app_begin ] --START--
INFO: Run ReadHtmlCache Behavior [ RunTime:0.001935s ]
INFO: [ app_begin ] --END-- [ RunTime:0.002224s ]
NOTIC: 建议使用I方法替代_param
SQL: SHOW COLUMNS FROM `lg_activity_info` [ RunTime:0.009864s ]
NOTIC: 建议使用I方法替代_param
SQL: SELECT * FROM `lg_activity_info` WHERE ( id<41 ) ORDER BY id desc LIMIT 10   [ RunTime:0.002949s ]
SQL: SHOW COLUMNS FROM `lg_league_info` [ RunTime:0.008567s ]
SQL: SELECT `league_name` FROM `lg_league_info` WHERE ( uid=28 ) LIMIT 1   [ RunTime:0.002387s ]
SQL: SELECT `league_name` FROM `lg_league_info` WHERE ( uid=28 ) LIMIT 1   [ RunTime:0.000669s ]
SQL: SELECT `league_name` FROM `lg_league_info` WHERE ( uid=28 ) LIMIT 1   [ RunTime:0.000753s ]
SQL: SELECT `league_name` FROM `lg_league_info` WHERE ( uid=28 ) LIMIT 1   [ RunTime:0.000650s ]
SQL: SELECT `league_name` FROM `lg_league_info` WHERE ( uid=28 ) LIMIT 1   [ RunTime:0.000652s ]
SQL: SELECT `league_name` FROM `lg_league_info` WHERE ( uid=1 ) LIMIT 1   [ RunTime:0.000836s ]
SQL: SELECT `league_name` FROM `lg_league_info` WHERE ( uid=1 ) LIMIT 1   [ RunTime:0.000793s ]
SQL: SELECT `league_name` FROM `lg_league_info` WHERE ( uid=1 ) LIMIT 1   [ RunTime:0.000656s ]
SQL: SELECT `league_name` FROM `lg_league_info` WHERE ( uid=1 ) LIMIT 1   [ RunTime:0.000663s ]
SQL: SELECT `league_name` FROM `lg_league_info` WHERE ( uid=1 ) LIMIT 1   [ RunTime:0.000661s ]

[ 2013-10-20T21:03:54+08:00 ] 127.0.0.1 /herald_league/index.php/Activity/Index/Uploads/ActivityPost/m_525fb94c774a0.jpg
ERR: 非法操作:Uploads

[ 2013-10-20T21:03:54+08:00 ] 127.0.0.1 /herald_league/index.php/Activity/Index/Uploads/ActivityPost/m_525d56e59dbed.jpg
ERR: 非法操作:Uploads

[ 2013-10-20T21:03:54+08:00 ] 127.0.0.1 /herald_league/index.php/Activity/Index/Uploads/ActivityPost/m_525d571a44a35.jpg
ERR: 非法操作:Uploads

[ 2013-10-20T21:05:15+08:00 ] 127.0.0.1 /herald_league/index.php/League/Index/index/leagueid/1
NOTIC: 建议使用I方法替代_param

[ 2013-10-20T21:05:48+08:00 ] 127.0.0.1 /herald_league/index.php/Index/getMoreActivity.html
INFO: [ app_begin ] --START--
INFO: Run ReadHtmlCache Behavior [ RunTime:0.003314s ]
INFO: [ app_begin ] --END-- [ RunTime:0.003559s ]
NOTIC: 建议使用I方法替代_param
SQL: SHOW COLUMNS FROM `lg_activity_info` [ RunTime:0.009318s ]
NOTIC: 建议使用I方法替代_param
SQL: SELECT * FROM `lg_activity_info` WHERE ( id<41 ) ORDER BY id desc LIMIT 10   [ RunTime:0.003325s ]
SQL: SHOW COLUMNS FROM `lg_league_info` [ RunTime:0.008616s ]
SQL: SELECT `league_name` FROM `lg_league_info` WHERE ( uid=28 ) LIMIT 1   [ RunTime:0.003053s ]
SQL: SELECT `league_name` FROM `lg_league_info` WHERE ( uid=28 ) LIMIT 1   [ RunTime:0.000657s ]
SQL: SELECT `league_name` FROM `lg_league_info` WHERE ( uid=28 ) LIMIT 1   [ RunTime:0.000691s ]
SQL: SELECT `league_name` FROM `lg_league_info` WHERE ( uid=28 ) LIMIT 1   [ RunTime:0.000604s ]
SQL: SELECT `league_name` FROM `lg_league_info` WHERE ( uid=28 ) LIMIT 1   [ RunTime:0.000608s ]
SQL: SELECT `league_name` FROM `lg_league_info` WHERE ( uid=1 ) LIMIT 1   [ RunTime:0.000543s ]
SQL: SELECT `league_name` FROM `lg_league_info` WHERE ( uid=1 ) LIMIT 1   [ RunTime:0.000589s ]
SQL: SELECT `league_name` FROM `lg_league_info` WHERE ( uid=1 ) LIMIT 1   [ RunTime:0.000583s ]
SQL: SELECT `league_name` FROM `lg_league_info` WHERE ( uid=1 ) LIMIT 1   [ RunTime:0.000671s ]
SQL: SELECT `league_name` FROM `lg_league_info` WHERE ( uid=1 ) LIMIT 1   [ RunTime:0.000603s ]

[ 2013-10-20T21:05:48+08:00 ] 127.0.0.1 /herald_league/index.php/Activity/Index/Uploads/ActivityPost/m_525fb94c774a0.jpg
ERR: 非法操作:Uploads

[ 2013-10-20T21:05:48+08:00 ] 127.0.0.1 /herald_league/index.php/Activity/Index/Uploads/ActivityPost/m_525d571a44a35.jpg
ERR: 非法操作:Uploads

[ 2013-10-20T21:05:48+08:00 ] 127.0.0.1 /herald_league/index.php/Activity/Index/Uploads/ActivityPost/m_525d56e59dbed.jpg
ERR: 非法操作:Uploads

[ 2013-10-20T21:09:47+08:00 ] 127.0.0.1 /herald_league/index.php/Index/getMoreActivity.html
INFO: [ app_begin ] --START--
INFO: Run ReadHtmlCache Behavior [ RunTime:0.003744s ]
INFO: [ app_begin ] --END-- [ RunTime:0.004031s ]
NOTIC: 建议使用I方法替代_param
SQL: SHOW COLUMNS FROM `lg_activity_info` [ RunTime:0.008863s ]
NOTIC: 建议使用I方法替代_param
SQL: SELECT * FROM `lg_activity_info` WHERE ( id<41 ) ORDER BY id desc LIMIT 10   [ RunTime:0.001278s ]
SQL: SHOW COLUMNS FROM `lg_league_info` [ RunTime:0.009302s ]
SQL: SELECT `league_name` FROM `lg_league_info` WHERE ( uid=28 ) LIMIT 1   [ RunTime:0.002874s ]
SQL: SELECT `league_name` FROM `lg_league_info` WHERE ( uid=28 ) LIMIT 1   [ RunTime:0.000689s ]
SQL: SELECT `league_name` FROM `lg_league_info` WHERE ( uid=28 ) LIMIT 1   [ RunTime:0.000643s ]
SQL: SELECT `league_name` FROM `lg_league_info` WHERE ( uid=28 ) LIMIT 1   [ RunTime:0.000614s ]
SQL: SELECT `league_name` FROM `lg_league_info` WHERE ( uid=28 ) LIMIT 1   [ RunTime:0.000725s ]
SQL: SELECT `league_name` FROM `lg_league_info` WHERE ( uid=1 ) LIMIT 1   [ RunTime:0.000613s ]
SQL: SELECT `league_name` FROM `lg_league_info` WHERE ( uid=1 ) LIMIT 1   [ RunTime:0.000656s ]
SQL: SELECT `league_name` FROM `lg_league_info` WHERE ( uid=1 ) LIMIT 1   [ RunTime:0.000651s ]
SQL: SELECT `league_name` FROM `lg_league_info` WHERE ( uid=1 ) LIMIT 1   [ RunTime:0.000644s ]
SQL: SELECT `league_name` FROM `lg_league_info` WHERE ( uid=1 ) LIMIT 1   [ RunTime:0.000659s ]

[ 2013-10-20T21:09:47+08:00 ] 127.0.0.1 /herald_league/index.php/Activity/Index/Uploads/ActivityPost/m_525fb94c774a0.jpg
ERR: 非法操作:Uploads

[ 2013-10-20T21:09:47+08:00 ] 127.0.0.1 /herald_league/index.php/Activity/Index/Uploads/ActivityPost/m_525d56e59dbed.jpg
ERR: 非法操作:Uploads

[ 2013-10-20T21:09:48+08:00 ] 127.0.0.1 /herald_league/index.php/Activity/Index/Uploads/ActivityPost/m_525d571a44a35.jpg
ERR: 非法操作:Uploads

[ 2013-10-20T21:09:52+08:00 ] 127.0.0.1 /herald_league/index.php/Index/getMoreActivity.html
INFO: [ app_begin ] --START--
INFO: Run ReadHtmlCache Behavior [ RunTime:0.002990s ]
INFO: [ app_begin ] --END-- [ RunTime:0.003226s ]
NOTIC: 建议使用I方法替代_param
SQL: SHOW COLUMNS FROM `lg_activity_info` [ RunTime:0.008494s ]
NOTIC: 建议使用I方法替代_param
SQL: SELECT * FROM `lg_activity_info` WHERE ( id<41 ) ORDER BY id desc LIMIT 10   [ RunTime:0.003417s ]
SQL: SHOW COLUMNS FROM `lg_league_info` [ RunTime:0.008452s ]
SQL: SELECT `league_name` FROM `lg_league_info` WHERE ( uid=28 ) LIMIT 1   [ RunTime:0.003982s ]
SQL: SELECT `league_name` FROM `lg_league_info` WHERE ( uid=28 ) LIMIT 1   [ RunTime:0.000690s ]
SQL: SELECT `league_name` FROM `lg_league_info` WHERE ( uid=28 ) LIMIT 1   [ RunTime:0.000628s ]
SQL: SELECT `league_name` FROM `lg_league_info` WHERE ( uid=28 ) LIMIT 1   [ RunTime:0.000648s ]
SQL: SELECT `league_name` FROM `lg_league_info` WHERE ( uid=28 ) LIMIT 1   [ RunTime:0.000613s ]
SQL: SELECT `league_name` FROM `lg_league_info` WHERE ( uid=1 ) LIMIT 1   [ RunTime:0.000640s ]
SQL: SELECT `league_name` FROM `lg_league_info` WHERE ( uid=1 ) LIMIT 1   [ RunTime:0.000720s ]
SQL: SELECT `league_name` FROM `lg_league_info` WHERE ( uid=1 ) LIMIT 1   [ RunTime:0.000639s ]
SQL: SELECT `league_name` FROM `lg_league_info` WHERE ( uid=1 ) LIMIT 1   [ RunTime:0.000749s ]
SQL: SELECT `league_name` FROM `lg_league_info` WHERE ( uid=1 ) LIMIT 1   [ RunTime:0.000689s ]

[ 2013-10-20T21:09:53+08:00 ] 127.0.0.1 /herald_league/index.php/Activity/Index/Uploads/ActivityPost/m_525d56e59dbed.jpg
ERR: 非法操作:Uploads

[ 2013-10-20T21:09:53+08:00 ] 127.0.0.1 /herald_league/index.php/Activity/Index/Uploads/ActivityPost/m_525fb94c774a0.jpg
ERR: 非法操作:Uploads

[ 2013-10-20T21:09:53+08:00 ] 127.0.0.1 /herald_league/index.php/Activity/Index/Uploads/ActivityPost/m_525d571a44a35.jpg
ERR: 非法操作:Uploads

[ 2013-10-20T21:17:44+08:00 ] 127.0.0.1 /herald_league/index.php/Index/getMoreActivity.html
INFO: [ app_begin ] --START--
INFO: Run ReadHtmlCache Behavior [ RunTime:0.005276s ]
INFO: [ app_begin ] --END-- [ RunTime:0.005554s ]
NOTIC: 建议使用I方法替代_param
NOTIC: [2] mysql_connect() [<a href='function.mysql-connect'>function.mysql-connect</a>]: Access denied for user 'root'@'localhost' (using password: YES) D:\wamp\www\herald_league\ThinkPHP\Lib\Driver\Db\DbMysql.class.php 第 55 行.
ERR: Access denied for user 'root'@'localhost' (using password: YES)

[ 2013-10-20T21:17:48+08:00 ] 127.0.0.1 /herald_league/index.php/Index/getMoreActivity.html
INFO: [ app_begin ] --START--
INFO: Run ReadHtmlCache Behavior [ RunTime:0.003223s ]
INFO: [ app_begin ] --END-- [ RunTime:0.003489s ]
NOTIC: 建议使用I方法替代_param
NOTIC: [2] mysql_connect() [<a href='function.mysql-connect'>function.mysql-connect</a>]: Access denied for user 'root'@'localhost' (using password: YES) D:\wamp\www\herald_league\ThinkPHP\Lib\Driver\Db\DbMysql.class.php 第 55 行.
ERR: Access denied for user 'root'@'localhost' (using password: YES)

[ 2013-10-20T21:17:50+08:00 ] 127.0.0.1 /herald_league/index.php/Index/getMoreActivity.html
INFO: [ app_begin ] --START--
INFO: Run ReadHtmlCache Behavior [ RunTime:0.001956s ]
INFO: [ app_begin ] --END-- [ RunTime:0.002197s ]
NOTIC: 建议使用I方法替代_param
NOTIC: [2] mysql_connect() [<a href='function.mysql-connect'>function.mysql-connect</a>]: Access denied for user 'root'@'localhost' (using password: YES) D:\wamp\www\herald_league\ThinkPHP\Lib\Driver\Db\DbMysql.class.php 第 55 行.
ERR: Access denied for user 'root'@'localhost' (using password: YES)

[ 2013-10-20T21:17:54+08:00 ] 127.0.0.1 /herald_league/index.php/Index/getMoreActivity.html
INFO: [ app_begin ] --START--
INFO: Run ReadHtmlCache Behavior [ RunTime:0.001940s ]
INFO: [ app_begin ] --END-- [ RunTime:0.002201s ]
NOTIC: 建议使用I方法替代_param
NOTIC: [2] mysql_connect() [<a href='function.mysql-connect'>function.mysql-connect</a>]: Access denied for user 'root'@'localhost' (using password: YES) D:\wamp\www\herald_league\ThinkPHP\Lib\Driver\Db\DbMysql.class.php 第 55 行.
ERR: Access denied for user 'root'@'localhost' (using password: YES)

[ 2013-10-20T21:17:56+08:00 ] 127.0.0.1 /herald_league/index.php/Index/getMoreActivity.html
INFO: [ app_begin ] --START--
INFO: Run ReadHtmlCache Behavior [ RunTime:0.001791s ]
INFO: [ app_begin ] --END-- [ RunTime:0.002035s ]
NOTIC: 建议使用I方法替代_param
NOTIC: [2] mysql_connect() [<a href='function.mysql-connect'>function.mysql-connect</a>]: Access denied for user 'root'@'localhost' (using password: YES) D:\wamp\www\herald_league\ThinkPHP\Lib\Driver\Db\DbMysql.class.php 第 55 行.
ERR: Access denied for user 'root'@'localhost' (using password: YES)

[ 2013-10-20T21:17:59+08:00 ] 127.0.0.1 /herald_league/index.php/Index/getMoreActivity.html
INFO: [ app_begin ] --START--
INFO: Run ReadHtmlCache Behavior [ RunTime:0.001871s ]
INFO: [ app_begin ] --END-- [ RunTime:0.002094s ]
NOTIC: 建议使用I方法替代_param
NOTIC: [2] mysql_connect() [<a href='function.mysql-connect'>function.mysql-connect</a>]: Access denied for user 'root'@'localhost' (using password: YES) D:\wamp\www\herald_league\ThinkPHP\Lib\Driver\Db\DbMysql.class.php 第 55 行.
ERR: Access denied for user 'root'@'localhost' (using password: YES)

[ 2013-10-20T21:18:04+08:00 ] 127.0.0.1 /herald_league/index.php/Activity/Index/index.html
ERR: Access denied for user 'root'@'localhost' (using password: YES)

[ 2013-10-20T21:27:22+08:00 ] 127.0.0.1 /herald_league/index.php/Activity/Index/index.html
ERR: Access denied for user 'root'@'localhost' (using password: YES)

[ 2013-10-20T21:27:34+08:00 ] 127.0.0.1 /herald_league/index.php/Index/getMoreActivity.html
INFO: [ app_begin ] --START--
INFO: Run ReadHtmlCache Behavior [ RunTime:0.003283s ]
INFO: [ app_begin ] --END-- [ RunTime:0.003529s ]
NOTIC: 建议使用I方法替代_param
SQL: SHOW COLUMNS FROM `lg_activity_info` [ RunTime:0.011208s ]
NOTIC: 建议使用I方法替代_param
SQL: SELECT * FROM `lg_activity_info` WHERE ( id<41 ) ORDER BY id desc LIMIT 10   [ RunTime:0.002980s ]
SQL: SHOW COLUMNS FROM `lg_league_info` [ RunTime:0.009826s ]
SQL: SELECT `league_name` FROM `lg_league_info` WHERE ( uid=28 ) LIMIT 1   [ RunTime:0.003395s ]
SQL: SELECT `league_name` FROM `lg_league_info` WHERE ( uid=28 ) LIMIT 1   [ RunTime:0.000762s ]
SQL: SELECT `league_name` FROM `lg_league_info` WHERE ( uid=28 ) LIMIT 1   [ RunTime:0.000657s ]
SQL: SELECT `league_name` FROM `lg_league_info` WHERE ( uid=28 ) LIMIT 1   [ RunTime:0.000681s ]
SQL: SELECT `league_name` FROM `lg_league_info` WHERE ( uid=28 ) LIMIT 1   [ RunTime:0.000610s ]
SQL: SELECT `league_name` FROM `lg_league_info` WHERE ( uid=1 ) LIMIT 1   [ RunTime:0.000497s ]
SQL: SELECT `league_name` FROM `lg_league_info` WHERE ( uid=1 ) LIMIT 1   [ RunTime:0.000624s ]
SQL: SELECT `league_name` FROM `lg_league_info` WHERE ( uid=1 ) LIMIT 1   [ RunTime:0.000646s ]
SQL: SELECT `league_name` FROM `lg_league_info` WHERE ( uid=1 ) LIMIT 1   [ RunTime:0.000631s ]
SQL: SELECT `league_name` FROM `lg_league_info` WHERE ( uid=1 ) LIMIT 1   [ RunTime:0.000647s ]

[ 2013-10-20T21:27:34+08:00 ] 127.0.0.1 /herald_league/index.php/Activity/Index/Uploads/ActivityPost/m_525fb94c774a0.jpg
ERR: 非法操作:Uploads

[ 2013-10-20T21:27:34+08:00 ] 127.0.0.1 /herald_league/index.php/Activity/Index/Uploads/ActivityPost/m_525d571a44a35.jpg
ERR: 非法操作:Uploads

[ 2013-10-20T21:27:34+08:00 ] 127.0.0.1 /herald_league/index.php/Activity/Index/Uploads/ActivityPost/m_525d56e59dbed.jpg
ERR: 非法操作:Uploads

