[ 2013-10-25T19:17:33+08:00 ] 127.0.0.1 /herald_league/
ERR: Access denied for user 'root'@'localhost' (using password: YES)

[ 2013-10-25T19:17:53+08:00 ] 127.0.0.1 /herald_league/index.php/Index/getMoreActivity.html
INFO: [ app_begin ] --START--
INFO: Run ReadHtmlCache Behavior [ RunTime:0.001825s ]
INFO: [ app_begin ] --END-- [ RunTime:0.002083s ]
NOTIC: 建议使用I方法替代_param
SQL: SHOW COLUMNS FROM `lg_activity_info` [ RunTime:0.022359s ]
NOTIC: 建议使用I方法替代_param
SQL: SELECT * FROM `lg_activity_info` WHERE ( id<41 ) ORDER BY id desc LIMIT 10   [ RunTime:0.003710s ]
SQL: SHOW COLUMNS FROM `lg_league_info` [ RunTime:0.039953s ]
SQL: SELECT `league_name` FROM `lg_league_info` WHERE ( uid=28 ) LIMIT 1   [ RunTime:0.002851s ]
SQL: SELECT `league_name` FROM `lg_league_info` WHERE ( uid=28 ) LIMIT 1   [ RunTime:0.000660s ]
SQL: SELECT `league_name` FROM `lg_league_info` WHERE ( uid=28 ) LIMIT 1   [ RunTime:0.000614s ]
SQL: SELECT `league_name` FROM `lg_league_info` WHERE ( uid=28 ) LIMIT 1   [ RunTime:0.000647s ]
SQL: SELECT `league_name` FROM `lg_league_info` WHERE ( uid=28 ) LIMIT 1   [ RunTime:0.000642s ]
SQL: SELECT `league_name` FROM `lg_league_info` WHERE ( uid=1 ) LIMIT 1   [ RunTime:0.000654s ]
SQL: SELECT `league_name` FROM `lg_league_info` WHERE ( uid=1 ) LIMIT 1   [ RunTime:0.000647s ]
SQL: SELECT `league_name` FROM `lg_league_info` WHERE ( uid=1 ) LIMIT 1   [ RunTime:0.000642s ]
SQL: SELECT `league_name` FROM `lg_league_info` WHERE ( uid=1 ) LIMIT 1   [ RunTime:0.000641s ]
SQL: SELECT `league_name` FROM `lg_league_info` WHERE ( uid=1 ) LIMIT 1   [ RunTime:0.000644s ]

[ 2013-10-25T19:17:57+08:00 ] 127.0.0.1 /herald_league/index.php/Index/getMoreActivity.html
INFO: [ app_begin ] --START--
INFO: Run ReadHtmlCache Behavior [ RunTime:0.001722s ]
INFO: [ app_begin ] --END-- [ RunTime:0.001945s ]
NOTIC: 建议使用I方法替代_param
SQL: SHOW COLUMNS FROM `lg_activity_info` [ RunTime:0.008346s ]
NOTIC: 建议使用I方法替代_param
SQL: SELECT * FROM `lg_activity_info` WHERE ( id<31 ) ORDER BY id desc LIMIT 10   [ RunTime:0.002893s ]
SQL: SHOW COLUMNS FROM `lg_league_info` [ RunTime:0.008666s ]
SQL: SELECT `league_name` FROM `lg_league_info` WHERE ( uid=1 ) LIMIT 1   [ RunTime:0.002420s ]
SQL: SELECT `league_name` FROM `lg_league_info` WHERE ( uid=1 ) LIMIT 1   [ RunTime:0.000689s ]
SQL: SELECT `league_name` FROM `lg_league_info` WHERE ( uid=1 ) LIMIT 1   [ RunTime:0.000642s ]
SQL: SELECT `league_name` FROM `lg_league_info` WHERE ( uid=1 ) LIMIT 1   [ RunTime:0.000551s ]
SQL: SELECT `league_name` FROM `lg_league_info` WHERE ( uid=1 ) LIMIT 1   [ RunTime:0.000666s ]
SQL: SELECT `league_name` FROM `lg_league_info` WHERE ( uid=1 ) LIMIT 1   [ RunTime:0.000654s ]
SQL: SELECT `league_name` FROM `lg_league_info` WHERE ( uid=1 ) LIMIT 1   [ RunTime:0.000645s ]
SQL: SELECT `league_name` FROM `lg_league_info` WHERE ( uid=1 ) LIMIT 1   [ RunTime:0.000651s ]
SQL: SELECT `league_name` FROM `lg_league_info` WHERE ( uid=1 ) LIMIT 1   [ RunTime:0.000612s ]
SQL: SELECT `league_name` FROM `lg_league_info` WHERE ( uid=1 ) LIMIT 1   [ RunTime:0.000641s ]

[ 2013-10-25T19:18:00+08:00 ] 127.0.0.1 /herald_league/index.php/Index/getMoreActivity.html
INFO: [ app_begin ] --START--
INFO: Run ReadHtmlCache Behavior [ RunTime:0.001726s ]
INFO: [ app_begin ] --END-- [ RunTime:0.001950s ]
NOTIC: 建议使用I方法替代_param
SQL: SHOW COLUMNS FROM `lg_activity_info` [ RunTime:0.008270s ]
NOTIC: 建议使用I方法替代_param
SQL: SELECT * FROM `lg_activity_info` WHERE ( id<21 ) ORDER BY id desc LIMIT 10   [ RunTime:0.002766s ]
SQL: SHOW COLUMNS FROM `lg_league_info` [ RunTime:0.008474s ]
SQL: SELECT `league_name` FROM `lg_league_info` WHERE ( uid=1 ) LIMIT 1   [ RunTime:0.002733s ]
SQL: SELECT `league_name` FROM `lg_league_info` WHERE ( uid=1 ) LIMIT 1   [ RunTime:0.000553s ]
SQL: SELECT `league_name` FROM `lg_league_info` WHERE ( uid=1 ) LIMIT 1   [ RunTime:0.000616s ]
SQL: SELECT `league_name` FROM `lg_league_info` WHERE ( uid=1 ) LIMIT 1   [ RunTime:0.000644s ]
SQL: SELECT `league_name` FROM `lg_league_info` WHERE ( uid=1 ) LIMIT 1   [ RunTime:0.000648s ]
SQL: SELECT `league_name` FROM `lg_league_info` WHERE ( uid= ) LIMIT 1   [ RunTime:0.000523s ]
ERR: 1064:You have an error in your SQL syntax; check the manual that corresponds to your MySQL server version for the right syntax to use near ') LIMIT 1' at line 1
 [ SQL语句 ] : SELECT `league_name` FROM `lg_league_info` WHERE ( uid= ) LIMIT 1  
SQL: SELECT `league_name` FROM `lg_league_info` WHERE ( uid= ) LIMIT 1   [ RunTime:0.000547s ]
ERR: 1064:You have an error in your SQL syntax; check the manual that corresponds to your MySQL server version for the right syntax to use near ') LIMIT 1' at line 1
 [ SQL语句 ] : SELECT `league_name` FROM `lg_league_info` WHERE ( uid= ) LIMIT 1  
SQL: SELECT `league_name` FROM `lg_league_info` WHERE ( uid= ) LIMIT 1   [ RunTime:0.000568s ]
ERR: 1064:You have an error in your SQL syntax; check the manual that corresponds to your MySQL server version for the right syntax to use near ') LIMIT 1' at line 1
 [ SQL语句 ] : SELECT `league_name` FROM `lg_league_info` WHERE ( uid= ) LIMIT 1  
SQL: SELECT `league_name` FROM `lg_league_info` WHERE ( uid=1 ) LIMIT 1   [ RunTime:0.000647s ]
SQL: SELECT `league_name` FROM `lg_league_info` WHERE ( uid=1 ) LIMIT 1   [ RunTime:0.000696s ]

[ 2013-10-25T19:18:10+08:00 ] 127.0.0.1 /herald_league/index.php/League/Index/leagueregester.html
NOTIC: 建议使用I方法替代_post
NOTIC: 建议使用I方法替代_post
NOTIC: 建议使用I方法替代_post

[ 2013-10-25T19:18:13+08:00 ] 127.0.0.1 /herald_league/index.php/Index/getMoreActivity.html
INFO: [ app_begin ] --START--
INFO: Run ReadHtmlCache Behavior [ RunTime:0.003550s ]
INFO: [ app_begin ] --END-- [ RunTime:0.003875s ]
NOTIC: 建议使用I方法替代_param
SQL: SHOW COLUMNS FROM `lg_activity_info` [ RunTime:0.008568s ]
NOTIC: 建议使用I方法替代_param
SQL: SELECT * FROM `lg_activity_info` WHERE ( id<41 ) ORDER BY id desc LIMIT 10   [ RunTime:0.002415s ]
SQL: SHOW COLUMNS FROM `lg_league_info` [ RunTime:0.009060s ]
SQL: SELECT `league_name` FROM `lg_league_info` WHERE ( uid=28 ) LIMIT 1   [ RunTime:0.003051s ]
SQL: SELECT `league_name` FROM `lg_league_info` WHERE ( uid=28 ) LIMIT 1   [ RunTime:0.000709s ]
SQL: SELECT `league_name` FROM `lg_league_info` WHERE ( uid=28 ) LIMIT 1   [ RunTime:0.001545s ]
SQL: SELECT `league_name` FROM `lg_league_info` WHERE ( uid=28 ) LIMIT 1   [ RunTime:0.001606s ]
SQL: SELECT `league_name` FROM `lg_league_info` WHERE ( uid=28 ) LIMIT 1   [ RunTime:0.000810s ]
SQL: SELECT `league_name` FROM `lg_league_info` WHERE ( uid=1 ) LIMIT 1   [ RunTime:0.000620s ]
SQL: SELECT `league_name` FROM `lg_league_info` WHERE ( uid=1 ) LIMIT 1   [ RunTime:0.000507s ]
SQL: SELECT `league_name` FROM `lg_league_info` WHERE ( uid=1 ) LIMIT 1   [ RunTime:0.000628s ]
SQL: SELECT `league_name` FROM `lg_league_info` WHERE ( uid=1 ) LIMIT 1   [ RunTime:0.000729s ]
SQL: SELECT `league_name` FROM `lg_league_info` WHERE ( uid=1 ) LIMIT 1   [ RunTime:0.000928s ]

[ 2013-10-25T19:18:19+08:00 ] 127.0.0.1 /herald_league/index.php/Index/getMoreActivity.html
INFO: [ app_begin ] --START--
INFO: Run ReadHtmlCache Behavior [ RunTime:0.001762s ]
INFO: [ app_begin ] --END-- [ RunTime:0.001988s ]
NOTIC: 建议使用I方法替代_param
SQL: SHOW COLUMNS FROM `lg_activity_info` [ RunTime:0.008622s ]
NOTIC: 建议使用I方法替代_param
SQL: SELECT * FROM `lg_activity_info` WHERE ( id<41 AND league_class=1 ) ORDER BY id desc LIMIT 10   [ RunTime:0.003101s ]
SQL: SHOW COLUMNS FROM `lg_league_info` [ RunTime:0.008817s ]
SQL: SELECT `league_name` FROM `lg_league_info` WHERE ( uid=1 ) LIMIT 1   [ RunTime:0.002516s ]
SQL: SELECT `league_name` FROM `lg_league_info` WHERE ( uid=1 ) LIMIT 1   [ RunTime:0.000658s ]
SQL: SELECT `league_name` FROM `lg_league_info` WHERE ( uid=1 ) LIMIT 1   [ RunTime:0.000649s ]
SQL: SELECT `league_name` FROM `lg_league_info` WHERE ( uid=1 ) LIMIT 1   [ RunTime:0.000616s ]

[ 2013-10-25T19:18:21+08:00 ] 127.0.0.1 /herald_league/index.php/Index/getMoreActivity.html
INFO: [ app_begin ] --START--
INFO: Run ReadHtmlCache Behavior [ RunTime:0.001870s ]
INFO: [ app_begin ] --END-- [ RunTime:0.002092s ]
NOTIC: 建议使用I方法替代_param
SQL: SHOW COLUMNS FROM `lg_activity_info` [ RunTime:0.008197s ]
NOTIC: 建议使用I方法替代_param
SQL: SELECT * FROM `lg_activity_info` WHERE ( id<41 ) ORDER BY id desc LIMIT 10   [ RunTime:0.002484s ]
SQL: SHOW COLUMNS FROM `lg_league_info` [ RunTime:0.008611s ]
SQL: SELECT `league_name` FROM `lg_league_info` WHERE ( uid=28 ) LIMIT 1   [ RunTime:0.003036s ]
SQL: SELECT `league_name` FROM `lg_league_info` WHERE ( uid=28 ) LIMIT 1   [ RunTime:0.000589s ]
SQL: SELECT `league_name` FROM `lg_league_info` WHERE ( uid=28 ) LIMIT 1   [ RunTime:0.000625s ]
SQL: SELECT `league_name` FROM `lg_league_info` WHERE ( uid=28 ) LIMIT 1   [ RunTime:0.000569s ]
SQL: SELECT `league_name` FROM `lg_league_info` WHERE ( uid=28 ) LIMIT 1   [ RunTime:0.000694s ]
SQL: SELECT `league_name` FROM `lg_league_info` WHERE ( uid=1 ) LIMIT 1   [ RunTime:0.000575s ]
SQL: SELECT `league_name` FROM `lg_league_info` WHERE ( uid=1 ) LIMIT 1   [ RunTime:0.000629s ]
SQL: SELECT `league_name` FROM `lg_league_info` WHERE ( uid=1 ) LIMIT 1   [ RunTime:0.000469s ]
SQL: SELECT `league_name` FROM `lg_league_info` WHERE ( uid=1 ) LIMIT 1   [ RunTime:0.000403s ]
SQL: SELECT `league_name` FROM `lg_league_info` WHERE ( uid=1 ) LIMIT 1   [ RunTime:0.000389s ]

[ 2013-10-25T19:18:25+08:00 ] 127.0.0.1 /herald_league/index.php/Index/getMoreActivity.html
INFO: [ app_begin ] --START--
INFO: Run ReadHtmlCache Behavior [ RunTime:0.001717s ]
INFO: [ app_begin ] --END-- [ RunTime:0.001938s ]
NOTIC: 建议使用I方法替代_param
SQL: SHOW COLUMNS FROM `lg_activity_info` [ RunTime:0.008574s ]
NOTIC: 建议使用I方法替代_param
SQL: SELECT * FROM `lg_activity_info` WHERE ( id<41 AND league_class=1 ) ORDER BY id desc LIMIT 10   [ RunTime:0.002821s ]
SQL: SHOW COLUMNS FROM `lg_league_info` [ RunTime:0.008479s ]
SQL: SELECT `league_name` FROM `lg_league_info` WHERE ( uid=1 ) LIMIT 1   [ RunTime:0.002611s ]
SQL: SELECT `league_name` FROM `lg_league_info` WHERE ( uid=1 ) LIMIT 1   [ RunTime:0.000570s ]
SQL: SELECT `league_name` FROM `lg_league_info` WHERE ( uid=1 ) LIMIT 1   [ RunTime:0.000598s ]
SQL: SELECT `league_name` FROM `lg_league_info` WHERE ( uid=1 ) LIMIT 1   [ RunTime:0.000522s ]

[ 2013-10-25T19:18:27+08:00 ] 127.0.0.1 /herald_league/index.php/Index/getMoreActivity.html
INFO: [ app_begin ] --START--
INFO: Run ReadHtmlCache Behavior [ RunTime:0.001725s ]
INFO: [ app_begin ] --END-- [ RunTime:0.001946s ]
NOTIC: 建议使用I方法替代_param
SQL: SHOW COLUMNS FROM `lg_activity_info` [ RunTime:0.009420s ]
NOTIC: 建议使用I方法替代_param
SQL: SELECT * FROM `lg_activity_info` WHERE ( id<41 ) ORDER BY id desc LIMIT 10   [ RunTime:0.003623s ]
SQL: SHOW COLUMNS FROM `lg_league_info` [ RunTime:0.008690s ]
SQL: SELECT `league_name` FROM `lg_league_info` WHERE ( uid=28 ) LIMIT 1   [ RunTime:0.002161s ]
SQL: SELECT `league_name` FROM `lg_league_info` WHERE ( uid=28 ) LIMIT 1   [ RunTime:0.000674s ]
SQL: SELECT `league_name` FROM `lg_league_info` WHERE ( uid=28 ) LIMIT 1   [ RunTime:0.000685s ]
SQL: SELECT `league_name` FROM `lg_league_info` WHERE ( uid=28 ) LIMIT 1   [ RunTime:0.000640s ]
SQL: SELECT `league_name` FROM `lg_league_info` WHERE ( uid=28 ) LIMIT 1   [ RunTime:0.000689s ]
SQL: SELECT `league_name` FROM `lg_league_info` WHERE ( uid=1 ) LIMIT 1   [ RunTime:0.000642s ]
SQL: SELECT `league_name` FROM `lg_league_info` WHERE ( uid=1 ) LIMIT 1   [ RunTime:0.000642s ]
SQL: SELECT `league_name` FROM `lg_league_info` WHERE ( uid=1 ) LIMIT 1   [ RunTime:0.000644s ]
SQL: SELECT `league_name` FROM `lg_league_info` WHERE ( uid=1 ) LIMIT 1   [ RunTime:0.000646s ]
SQL: SELECT `league_name` FROM `lg_league_info` WHERE ( uid=1 ) LIMIT 1   [ RunTime:0.000685s ]

[ 2013-10-25T19:19:00+08:00 ] 127.0.0.1 /herald_league/index.php/League/Index/leagueregester.html
NOTIC: 建议使用I方法替代_post
NOTIC: 建议使用I方法替代_post
NOTIC: 建议使用I方法替代_post

[ 2013-10-25T19:19:03+08:00 ] 127.0.0.1 /herald_league/index.php/Index/getMoreActivity.html
INFO: [ app_begin ] --START--
INFO: Run ReadHtmlCache Behavior [ RunTime:0.003085s ]
INFO: [ app_begin ] --END-- [ RunTime:0.003332s ]
NOTIC: 建议使用I方法替代_param
SQL: SHOW COLUMNS FROM `lg_activity_info` [ RunTime:0.008621s ]
NOTIC: 建议使用I方法替代_param
SQL: SELECT * FROM `lg_activity_info` WHERE ( id<41 ) ORDER BY id desc LIMIT 10   [ RunTime:0.002228s ]
SQL: SHOW COLUMNS FROM `lg_league_info` [ RunTime:0.008742s ]
SQL: SELECT `league_name` FROM `lg_league_info` WHERE ( uid=28 ) LIMIT 1   [ RunTime:0.003503s ]
SQL: SELECT `league_name` FROM `lg_league_info` WHERE ( uid=28 ) LIMIT 1   [ RunTime:0.000666s ]
SQL: SELECT `league_name` FROM `lg_league_info` WHERE ( uid=28 ) LIMIT 1   [ RunTime:0.000631s ]
SQL: SELECT `league_name` FROM `lg_league_info` WHERE ( uid=28 ) LIMIT 1   [ RunTime:0.000668s ]
SQL: SELECT `league_name` FROM `lg_league_info` WHERE ( uid=28 ) LIMIT 1   [ RunTime:0.000641s ]
SQL: SELECT `league_name` FROM `lg_league_info` WHERE ( uid=1 ) LIMIT 1   [ RunTime:0.000646s ]
SQL: SELECT `league_name` FROM `lg_league_info` WHERE ( uid=1 ) LIMIT 1   [ RunTime:0.000647s ]
SQL: SELECT `league_name` FROM `lg_league_info` WHERE ( uid=1 ) LIMIT 1   [ RunTime:0.000631s ]
SQL: SELECT `league_name` FROM `lg_league_info` WHERE ( uid=1 ) LIMIT 1   [ RunTime:0.000640s ]
SQL: SELECT `league_name` FROM `lg_league_info` WHERE ( uid=1 ) LIMIT 1   [ RunTime:0.000642s ]

[ 2013-10-25T19:19:20+08:00 ] 127.0.0.1 /herald_league/index.php/Index/leagueLogin.html
INFO: [ app_begin ] --START--
INFO: Run ReadHtmlCache Behavior [ RunTime:0.001797s ]
INFO: [ app_begin ] --END-- [ RunTime:0.002036s ]
NOTIC: 建议使用I方法替代_param
NOTIC: 建议使用I方法替代_param
SQL: SHOW COLUMNS FROM `lg_league_info` [ RunTime:0.017467s ]
SQL: SELECT * FROM `lg_league_info` WHERE ( email='zhangruiangela@163.com' AND password='6674666ebe1928b43423e1f7713f162a' ) LIMIT 1   [ RunTime:0.010690s ]
SQL: SHOW COLUMNS FROM `lg_league_session` [ RunTime:0.031029s ]
SQL: INSERT INTO `lg_league_session` (`email`,`ip`,`session_id`,`expaired_time`) VALUES ('zhangruiangela@163.com','127.0.0.1','5cf2adaaaf181eb38130efd99806dffc',1382703560) [ RunTime:0.041978s ]

[ 2013-10-25T19:19:26+08:00 ] 127.0.0.1 /herald_league/index.php/Index/getMoreActivity.html
INFO: [ app_begin ] --START--
INFO: Run ReadHtmlCache Behavior [ RunTime:0.001730s ]
INFO: [ app_begin ] --END-- [ RunTime:0.001955s ]
NOTIC: 建议使用I方法替代_param
SQL: SHOW COLUMNS FROM `lg_activity_info` [ RunTime:0.010764s ]
NOTIC: 建议使用I方法替代_param
SQL: SELECT * FROM `lg_activity_info` WHERE ( id<41 ) ORDER BY id desc LIMIT 10   [ RunTime:0.003049s ]
SQL: SHOW COLUMNS FROM `lg_league_info` [ RunTime:0.008726s ]
SQL: SELECT `league_name` FROM `lg_league_info` WHERE ( uid=28 ) LIMIT 1   [ RunTime:0.002684s ]
SQL: SELECT `league_name` FROM `lg_league_info` WHERE ( uid=28 ) LIMIT 1   [ RunTime:0.000659s ]
SQL: SELECT `league_name` FROM `lg_league_info` WHERE ( uid=28 ) LIMIT 1   [ RunTime:0.000643s ]
SQL: SELECT `league_name` FROM `lg_league_info` WHERE ( uid=28 ) LIMIT 1   [ RunTime:0.000651s ]
SQL: SELECT `league_name` FROM `lg_league_info` WHERE ( uid=28 ) LIMIT 1   [ RunTime:0.000700s ]
SQL: SELECT `league_name` FROM `lg_league_info` WHERE ( uid=1 ) LIMIT 1   [ RunTime:0.000784s ]
SQL: SELECT `league_name` FROM `lg_league_info` WHERE ( uid=1 ) LIMIT 1   [ RunTime:0.000652s ]
SQL: SELECT `league_name` FROM `lg_league_info` WHERE ( uid=1 ) LIMIT 1   [ RunTime:0.000679s ]
SQL: SELECT `league_name` FROM `lg_league_info` WHERE ( uid=1 ) LIMIT 1   [ RunTime:0.000687s ]
SQL: SELECT `league_name` FROM `lg_league_info` WHERE ( uid=1 ) LIMIT 1   [ RunTime:0.000668s ]

[ 2013-10-25T19:19:29+08:00 ] 127.0.0.1 /herald_league/index.php/League/Admin/managealbum/leagueid/29
NOTIC: 建议使用I方法替代_param

[ 2013-10-25T19:19:32+08:00 ] 127.0.0.1 /herald_league/index.php/League/Admin/addalbum/leagueid/29/albumid/1
NOTIC: 建议使用I方法替代_param
NOTIC: 建议使用I方法替代_param

[ 2013-10-25T19:19:38+08:00 ] 127.0.0.1 /herald_league/index.php/League/Admin/addalbum/leagueid/29/albumid/1
NOTIC: 建议使用I方法替代_param
NOTIC: 建议使用I方法替代_param

[ 2013-10-25T19:19:59+08:00 ] 127.0.0.1 /herald_league/index.php/Index/getMoreActivity.html
INFO: [ app_begin ] --START--
INFO: Run ReadHtmlCache Behavior [ RunTime:0.003123s ]
INFO: [ app_begin ] --END-- [ RunTime:0.003356s ]
NOTIC: 建议使用I方法替代_param
SQL: SHOW COLUMNS FROM `lg_activity_info` [ RunTime:0.008769s ]
NOTIC: 建议使用I方法替代_param
SQL: SELECT * FROM `lg_activity_info` WHERE ( id<41 ) ORDER BY id desc LIMIT 10   [ RunTime:0.002577s ]
SQL: SHOW COLUMNS FROM `lg_league_info` [ RunTime:0.008335s ]
SQL: SELECT `league_name` FROM `lg_league_info` WHERE ( uid=28 ) LIMIT 1   [ RunTime:0.002386s ]
SQL: SELECT `league_name` FROM `lg_league_info` WHERE ( uid=28 ) LIMIT 1   [ RunTime:0.000673s ]
SQL: SELECT `league_name` FROM `lg_league_info` WHERE ( uid=28 ) LIMIT 1   [ RunTime:0.000686s ]
SQL: SELECT `league_name` FROM `lg_league_info` WHERE ( uid=28 ) LIMIT 1   [ RunTime:0.000645s ]
SQL: SELECT `league_name` FROM `lg_league_info` WHERE ( uid=28 ) LIMIT 1   [ RunTime:0.000640s ]
SQL: SELECT `league_name` FROM `lg_league_info` WHERE ( uid=1 ) LIMIT 1   [ RunTime:0.000650s ]
SQL: SELECT `league_name` FROM `lg_league_info` WHERE ( uid=1 ) LIMIT 1   [ RunTime:0.000657s ]
SQL: SELECT `league_name` FROM `lg_league_info` WHERE ( uid=1 ) LIMIT 1   [ RunTime:0.000743s ]
SQL: SELECT `league_name` FROM `lg_league_info` WHERE ( uid=1 ) LIMIT 1   [ RunTime:0.000592s ]
SQL: SELECT `league_name` FROM `lg_league_info` WHERE ( uid=1 ) LIMIT 1   [ RunTime:0.000630s ]

[ 2013-10-25T19:20:02+08:00 ] 127.0.0.1 /herald_league/index.php/League/Admin/managealbum/leagueid/29
NOTIC: 建议使用I方法替代_param

[ 2013-10-25T19:20:16+08:00 ] 127.0.0.1 /herald_league/index.php/League/Admin/addalbum/leagueid/29/albumid/1
NOTIC: 建议使用I方法替代_param
NOTIC: 建议使用I方法替代_param

[ 2013-10-25T19:22:08+08:00 ] 127.0.0.1 /herald_league/index.php/League/Admin/managealbum/leagueid/29
NOTIC: 建议使用I方法替代_param

[ 2013-10-25T19:22:34+08:00 ] 127.0.0.1 /herald_league/index.php/League/Admin/managealbum/leagueid/29
NOTIC: 建议使用I方法替代_param

[ 2013-10-25T19:23:02+08:00 ] 127.0.0.1 /herald_league/index.php/League/Admin/managealbum/leagueid/29
NOTIC: 建议使用I方法替代_param

[ 2013-10-25T19:23:04+08:00 ] 127.0.0.1 /herald_league/index.php/League/Admin/managealbum/leagueid/29
NOTIC: 建议使用I方法替代_param

[ 2013-10-25T19:23:20+08:00 ] 127.0.0.1 /herald_league/index.php/League/Admin/managealbum/leagueid/29
NOTIC: 建议使用I方法替代_param

[ 2013-10-25T19:26:16+08:00 ] 127.0.0.1 /herald_league/index.php/League/Admin/managealbum/leagueid/29
NOTIC: 建议使用I方法替代_param

[ 2013-10-25T19:27:09+08:00 ] 127.0.0.1 /herald_league/index.php/League/Admin/managealbum/leagueid/29
NOTIC: 建议使用I方法替代_param

[ 2013-10-25T19:27:27+08:00 ] 127.0.0.1 /herald_league/index.php/League/Admin/managealbum/leagueid/29
NOTIC: 建议使用I方法替代_param

[ 2013-10-25T19:28:03+08:00 ] 127.0.0.1 /herald_league/index.php/League/Admin/managealbum/leagueid/29
NOTIC: 建议使用I方法替代_param

[ 2013-10-25T19:28:38+08:00 ] 127.0.0.1 /herald_league/index.php/League/Admin/managealbum/leagueid/29
NOTIC: 建议使用I方法替代_param

[ 2013-10-25T19:29:13+08:00 ] 127.0.0.1 /herald_league/index.php/League/Admin/managealbum/leagueid/29
NOTIC: 建议使用I方法替代_param

[ 2013-10-25T19:29:28+08:00 ] 127.0.0.1 /herald_league/index.php/League/Admin/addalbum/leagueid/29/albumid/1
NOTIC: 建议使用I方法替代_param
NOTIC: 建议使用I方法替代_param

[ 2013-10-25T19:31:01+08:00 ] 127.0.0.1 /herald_league/index.php/League/Admin/addalbum/leagueid/29/albumid/1
NOTIC: 建议使用I方法替代_param
NOTIC: 建议使用I方法替代_param

[ 2013-10-25T19:31:27+08:00 ] 127.0.0.1 /herald_league/index.php/League/Admin/addalbum/leagueid/29/albumid/1
NOTIC: 建议使用I方法替代_param
NOTIC: 建议使用I方法替代_param

[ 2013-10-25T19:32:06+08:00 ] 127.0.0.1 /herald_league/index.php/League/Admin/addalbum/leagueid/29/albumid/1
NOTIC: 建议使用I方法替代_param
NOTIC: 建议使用I方法替代_param

[ 2013-10-25T19:32:14+08:00 ] 127.0.0.1 /herald_league/index.php/League/Admin/addalbum/leagueid/29/albumid/1
NOTIC: 建议使用I方法替代_param
NOTIC: 建议使用I方法替代_param

[ 2013-10-25T19:32:37+08:00 ] 127.0.0.1 /herald_league/index.php/League/Admin/addalbum/leagueid/29/albumid/1
NOTIC: 建议使用I方法替代_param
NOTIC: 建议使用I方法替代_param

[ 2013-10-25T19:33:41+08:00 ] 127.0.0.1 /herald_league/index.php/League/Admin/addalbum/leagueid/29/albumid/1
NOTIC: 建议使用I方法替代_param
NOTIC: 建议使用I方法替代_param

[ 2013-10-25T19:34:01+08:00 ] 127.0.0.1 /herald_league/index.php/League/Admin/addalbum/leagueid/29/albumid/1
NOTIC: 建议使用I方法替代_param
NOTIC: 建议使用I方法替代_param

[ 2013-10-25T19:34:32+08:00 ] 127.0.0.1 /herald_league/index.php/League/Admin/addalbum/leagueid/29/albumid/1
NOTIC: 建议使用I方法替代_param
NOTIC: 建议使用I方法替代_param

[ 2013-10-25T19:34:34+08:00 ] 127.0.0.1 /herald_league/index.php/League/Admin/addalbum/leagueid/29/albumid
NOTIC: 建议使用I方法替代_param
NOTIC: 建议使用I方法替代_param

[ 2013-10-25T19:34:39+08:00 ] 127.0.0.1 /herald_league/index.php/League/Admin/addalbum/leagueid/29/albumid
NOTIC: 建议使用I方法替代_param
NOTIC: 建议使用I方法替代_param

[ 2013-10-25T19:34:49+08:00 ] 127.0.0.1 /herald_league/index.php/League/Admin/addalbum/leagueid/29/albumid/1
NOTIC: 建议使用I方法替代_param
NOTIC: 建议使用I方法替代_param

[ 2013-10-25T19:34:51+08:00 ] 127.0.0.1 /herald_league/index.php/League/Admin/addalbum/leagueid/29
NOTIC: 建议使用I方法替代_param
NOTIC: 建议使用I方法替代_param

[ 2013-10-25T19:34:55+08:00 ] 127.0.0.1 /herald_league/index.php/League/Admin/addalbum/leagueid/29/albumid/1
NOTIC: 建议使用I方法替代_param
NOTIC: 建议使用I方法替代_param

[ 2013-10-25T19:35:04+08:00 ] 127.0.0.1 /herald_league/index.php/League/Admin/managealbum/leagueid/29
NOTIC: 建议使用I方法替代_param

[ 2013-10-25T19:35:15+08:00 ] 127.0.0.1 /herald_league/index.php/League/Admin/addalbum/leagueid/29/albumid/1
NOTIC: 建议使用I方法替代_param
NOTIC: 建议使用I方法替代_param

[ 2013-10-25T19:35:17+08:00 ] 127.0.0.1 /herald_league/index.php/League/Admin/addalbum/leagueid/29/albumid/1
NOTIC: 建议使用I方法替代_param
NOTIC: 建议使用I方法替代_param

[ 2013-10-25T19:35:17+08:00 ] 127.0.0.1 /herald_league/index.php/League/Admin/addalbum/leagueid/29/albumid/1
NOTIC: 建议使用I方法替代_param
NOTIC: 建议使用I方法替代_param

[ 2013-10-25T19:35:17+08:00 ] 127.0.0.1 /herald_league/index.php/League/Admin/addalbum/leagueid/29/albumid/1
NOTIC: 建议使用I方法替代_param
NOTIC: 建议使用I方法替代_param

[ 2013-10-25T19:35:18+08:00 ] 127.0.0.1 /herald_league/index.php/League/Admin/addalbum/leagueid/29/albumid/1
NOTIC: 建议使用I方法替代_param
NOTIC: 建议使用I方法替代_param

[ 2013-10-25T19:35:20+08:00 ] 127.0.0.1 /herald_league/index.php/League/Admin/addalbum/leagueid/29/
NOTIC: 建议使用I方法替代_param
NOTIC: 建议使用I方法替代_param

[ 2013-10-25T19:35:29+08:00 ] 127.0.0.1 /herald_league/index.php/League/Admin/addalbum/leagueid/29/albumid/1
NOTIC: 建议使用I方法替代_param
NOTIC: 建议使用I方法替代_param

[ 2013-10-25T19:36:24+08:00 ] 127.0.0.1 /herald_league/index.php/League/Admin/addalbum/leagueid/29/albumid/1
NOTIC: 建议使用I方法替代_param
NOTIC: 建议使用I方法替代_param

[ 2013-10-25T19:36:27+08:00 ] 127.0.0.1 /herald_league/index.php/League/Admin/addalbum/leagueid/29/albumid/1
NOTIC: 建议使用I方法替代_param
NOTIC: 建议使用I方法替代_param

[ 2013-10-25T19:38:06+08:00 ] 127.0.0.1 /herald_league/index.php/League/Admin/addalbum/leagueid/29/albumid/1
NOTIC: 建议使用I方法替代_param
NOTIC: 建议使用I方法替代_param

[ 2013-10-25T19:46:31+08:00 ] 127.0.0.1 /herald_league/index.php/League/Admin/addalbum/leagueid/29/albumid/1
NOTIC: 建议使用I方法替代_param
NOTIC: 建议使用I方法替代_param

[ 2013-10-25T19:47:26+08:00 ] 127.0.0.1 /herald_league/index.php/League/Admin/addalbum/leagueid/29/albumid/1
NOTIC: 建议使用I方法替代_param
NOTIC: 建议使用I方法替代_param

[ 2013-10-25T19:47:47+08:00 ] 127.0.0.1 /herald_league/index.php/League/Admin/addalbum/leagueid/29/albumid/1
NOTIC: 建议使用I方法替代_param
NOTIC: 建议使用I方法替代_param

[ 2013-10-25T19:48:12+08:00 ] 127.0.0.1 /herald_league/index.php/League/Admin/addalbum/leagueid/29/albumid/1
NOTIC: 建议使用I方法替代_param
NOTIC: 建议使用I方法替代_param

[ 2013-10-25T19:49:50+08:00 ] 127.0.0.1 /herald_league/index.php/League/Admin/addalbum/leagueid/29/albumid/1
NOTIC: 建议使用I方法替代_param
NOTIC: 建议使用I方法替代_param

[ 2013-10-25T19:50:44+08:00 ] 127.0.0.1 /herald_league/index.php/League/Admin/addalbum/leagueid/29/albumid/1
NOTIC: 建议使用I方法替代_param
NOTIC: 建议使用I方法替代_param

[ 2013-10-25T19:51:09+08:00 ] 127.0.0.1 /herald_league/index.php/League/Admin/addalbum/leagueid/29/albumid/1
NOTIC: 建议使用I方法替代_param
NOTIC: 建议使用I方法替代_param

[ 2013-10-25T19:54:58+08:00 ] 127.0.0.1 /herald_league/index.php/League/Admin/addalbum/leagueid/29/albumid/1
NOTIC: 建议使用I方法替代_param
NOTIC: 建议使用I方法替代_param

[ 2013-10-25T19:55:27+08:00 ] 127.0.0.1 /herald_league/index.php/League/Admin/addalbum/leagueid/29/albumid/1
NOTIC: 建议使用I方法替代_param
NOTIC: 建议使用I方法替代_param

[ 2013-10-25T19:55:50+08:00 ] 127.0.0.1 /herald_league/index.php/League/Admin/addalbum/leagueid/29/albumid/1
NOTIC: 建议使用I方法替代_param
NOTIC: 建议使用I方法替代_param

[ 2013-10-25T20:18:28+08:00 ] 127.0.0.1 /herald_league/index.php/League/Admin/addalbum/leagueid/29/albumid/1
NOTIC: 建议使用I方法替代_param
NOTIC: 建议使用I方法替代_param

[ 2013-10-25T20:18:31+08:00 ] 127.0.0.1 /herald_league/index.php/League/Admin/addalbum/leagueid/29/albumid/images/lightbox-btn-close.gif
NOTIC: 建议使用I方法替代_param
NOTIC: 建议使用I方法替代_param

[ 2013-10-25T20:18:31+08:00 ] 127.0.0.1 /herald_league/index.php/League/Admin/addalbum/leagueid/29/albumid/images/lightbox-ico-loading.gif
NOTIC: 建议使用I方法替代_param
NOTIC: 建议使用I方法替代_param

[ 2013-10-25T20:18:32+08:00 ] 127.0.0.1 /herald_league/index.php/League/Admin/addalbum/leagueid/29/albumid/1
NOTIC: 建议使用I方法替代_param
NOTIC: 建议使用I方法替代_param

[ 2013-10-25T20:19:05+08:00 ] 127.0.0.1 /herald_league/index.php/League/Admin/addalbum/leagueid/29/albumid/1
NOTIC: 建议使用I方法替代_param
NOTIC: 建议使用I方法替代_param

[ 2013-10-25T20:19:29+08:00 ] 127.0.0.1 /herald_league/index.php/League/Admin/addalbum/leagueid/29/albumid/1
NOTIC: 建议使用I方法替代_param
NOTIC: 建议使用I方法替代_param

[ 2013-10-25T20:19:45+08:00 ] 127.0.0.1 /herald_league/index.php/Index/leagueLogin.html
INFO: [ app_begin ] --START--
INFO: Run ReadHtmlCache Behavior [ RunTime:0.003279s ]
INFO: [ app_begin ] --END-- [ RunTime:0.003554s ]
NOTIC: 建议使用I方法替代_param
NOTIC: 建议使用I方法替代_param
SQL: SHOW COLUMNS FROM `lg_league_info` [ RunTime:0.016363s ]
SQL: SELECT * FROM `lg_league_info` WHERE ( email='zhangruiangela@163.com' AND password='6674666ebe1928b43423e1f7713f162a' ) LIMIT 1   [ RunTime:0.013309s ]
SQL: SHOW COLUMNS FROM `lg_league_session` [ RunTime:0.015336s ]
SQL: INSERT INTO `lg_league_session` (`email`,`ip`,`session_id`,`expaired_time`) VALUES ('zhangruiangela@163.com','127.0.0.1','42c38cd850e80b2811856c191057f502',1382707185) [ RunTime:0.010602s ]

[ 2013-10-25T20:19:47+08:00 ] 127.0.0.1 /herald_league/index.php/League/Admin/addalbum/leagueid/29/albumid/1
NOTIC: 建议使用I方法替代_param
NOTIC: 建议使用I方法替代_param

[ 2013-10-25T20:19:51+08:00 ] 127.0.0.1 /herald_league/index.php/League/Admin/addalbum/leagueid/29/albumid/images/lightbox-ico-loading.gif
NOTIC: 建议使用I方法替代_param
NOTIC: 建议使用I方法替代_param

[ 2013-10-25T20:19:51+08:00 ] 127.0.0.1 /herald_league/index.php/League/Admin/addalbum/leagueid/29/albumid/images/lightbox-btn-close.gif
NOTIC: 建议使用I方法替代_param
NOTIC: 建议使用I方法替代_param

[ 2013-10-25T20:19:51+08:00 ] 127.0.0.1 /herald_league/index.php/League/Admin/addalbum/leagueid/29/albumid/1
NOTIC: 建议使用I方法替代_param
NOTIC: 建议使用I方法替代_param

[ 2013-10-25T20:20:21+08:00 ] 127.0.0.1 /herald_league/index.php/League/Admin/addalbum/leagueid/29/albumid/images/lightbox-ico-loading.gif
NOTIC: 建议使用I方法替代_param
NOTIC: 建议使用I方法替代_param

[ 2013-10-25T20:20:21+08:00 ] 127.0.0.1 /herald_league/index.php/League/Admin/addalbum/leagueid/29/albumid/images/lightbox-btn-close.gif
NOTIC: 建议使用I方法替代_param
NOTIC: 建议使用I方法替代_param

[ 2013-10-25T20:20:21+08:00 ] 127.0.0.1 /herald_league/index.php/League/Admin/addalbum/leagueid/29/albumid/1
NOTIC: 建议使用I方法替代_param
NOTIC: 建议使用I方法替代_param

[ 2013-10-25T20:21:07+08:00 ] 127.0.0.1 /herald_league/index.php/League/Admin/addalbum/leagueid/29/albumid/images/lightbox-btn-close.gif
NOTIC: 建议使用I方法替代_param
NOTIC: 建议使用I方法替代_param

[ 2013-10-25T20:21:07+08:00 ] 127.0.0.1 /herald_league/index.php/League/Admin/addalbum/leagueid/29/albumid/images/lightbox-ico-loading.gif
NOTIC: 建议使用I方法替代_param
NOTIC: 建议使用I方法替代_param

[ 2013-10-25T20:21:07+08:00 ] 127.0.0.1 /herald_league/index.php/League/Admin/addalbum/leagueid/29/albumid/1
NOTIC: 建议使用I方法替代_param
NOTIC: 建议使用I方法替代_param

[ 2013-10-25T20:21:32+08:00 ] 127.0.0.1 /herald_league/index.php/League/Admin/addalbum/leagueid/29/albumid/images/lightbox-ico-loading.gif
NOTIC: 建议使用I方法替代_param
NOTIC: 建议使用I方法替代_param

[ 2013-10-25T20:21:32+08:00 ] 127.0.0.1 /herald_league/index.php/League/Admin/addalbum/leagueid/29/albumid/images/lightbox-btn-close.gif
NOTIC: 建议使用I方法替代_param
NOTIC: 建议使用I方法替代_param

[ 2013-10-25T20:21:33+08:00 ] 127.0.0.1 /herald_league/index.php/League/Admin/addalbum/leagueid/29/albumid/1
NOTIC: 建议使用I方法替代_param
NOTIC: 建议使用I方法替代_param

[ 2013-10-25T20:21:34+08:00 ] 127.0.0.1 /herald_league/index.php/League/Admin/addalbum/leagueid/29/albumid/images/lightbox-ico-loading.gif
NOTIC: 建议使用I方法替代_param
NOTIC: 建议使用I方法替代_param

[ 2013-10-25T20:21:34+08:00 ] 127.0.0.1 /herald_league/index.php/League/Admin/addalbum/leagueid/29/albumid/images/lightbox-btn-close.gif
NOTIC: 建议使用I方法替代_param
NOTIC: 建议使用I方法替代_param

[ 2013-10-25T20:21:35+08:00 ] 127.0.0.1 /herald_league/index.php/League/Admin/addalbum/leagueid/29/albumid/1
NOTIC: 建议使用I方法替代_param
NOTIC: 建议使用I方法替代_param

[ 2013-10-25T20:21:36+08:00 ] 127.0.0.1 /herald_league/index.php/League/Admin/addalbum/leagueid/29/albumid/images/lightbox-btn-close.gif
NOTIC: 建议使用I方法替代_param
NOTIC: 建议使用I方法替代_param

[ 2013-10-25T20:21:36+08:00 ] 127.0.0.1 /herald_league/index.php/League/Admin/addalbum/leagueid/29/albumid/images/lightbox-ico-loading.gif
NOTIC: 建议使用I方法替代_param
NOTIC: 建议使用I方法替代_param

[ 2013-10-25T20:21:37+08:00 ] 127.0.0.1 /herald_league/index.php/League/Admin/addalbum/leagueid/29/albumid/1
NOTIC: 建议使用I方法替代_param
NOTIC: 建议使用I方法替代_param

[ 2013-10-25T20:21:47+08:00 ] 127.0.0.1 /herald_league/index.php/League/Admin/addalbum/leagueid/29/albumid/images/lightbox-ico-loading.gif
NOTIC: 建议使用I方法替代_param
NOTIC: 建议使用I方法替代_param

[ 2013-10-25T20:21:47+08:00 ] 127.0.0.1 /herald_league/index.php/League/Admin/addalbum/leagueid/29/albumid/images/lightbox-btn-close.gif
NOTIC: 建议使用I方法替代_param
NOTIC: 建议使用I方法替代_param

[ 2013-10-25T20:21:47+08:00 ] 127.0.0.1 /herald_league/index.php/League/Admin/addalbum/leagueid/29/albumid/1
NOTIC: 建议使用I方法替代_param
NOTIC: 建议使用I方法替代_param

[ 2013-10-25T20:23:10+08:00 ] 127.0.0.1 /herald_league/index.php/League/Admin/addalbum/leagueid/29/albumid/1
NOTIC: 建议使用I方法替代_param
NOTIC: 建议使用I方法替代_param

[ 2013-10-25T20:23:13+08:00 ] 127.0.0.1 /herald_league/index.php/League/Admin/addalbum/leagueid/29/albumid/1
NOTIC: 建议使用I方法替代_param
NOTIC: 建议使用I方法替代_param

[ 2013-10-25T20:23:13+08:00 ] 127.0.0.1 /herald_league/index.php/League/Admin/addalbum/leagueid/29/albumid/images/lightbox-ico-loading.gif
NOTIC: 建议使用I方法替代_param
NOTIC: 建议使用I方法替代_param

[ 2013-10-25T20:23:13+08:00 ] 127.0.0.1 /herald_league/index.php/League/Admin/addalbum/leagueid/29/albumid/images/lightbox-btn-close.gif
NOTIC: 建议使用I方法替代_param
NOTIC: 建议使用I方法替代_param

[ 2013-10-25T20:26:27+08:00 ] 127.0.0.1 /herald_league/index.php/League/Admin/addalbum/leagueid/29/albumid/1
NOTIC: 建议使用I方法替代_param
NOTIC: 建议使用I方法替代_param

[ 2013-10-25T20:26:29+08:00 ] 127.0.0.1 /herald_league/index.php/League/Admin/addalbum/leagueid/29/albumid/__Public__/Images/lightbox-ico-loading.gif
NOTIC: 建议使用I方法替代_param
NOTIC: 建议使用I方法替代_param

[ 2013-10-25T20:26:29+08:00 ] 127.0.0.1 /herald_league/index.php/League/Admin/addalbum/leagueid/29/albumid/__Public__/Images/lightbox-btn-close.gif
NOTIC: 建议使用I方法替代_param
NOTIC: 建议使用I方法替代_param

[ 2013-10-25T20:26:29+08:00 ] 127.0.0.1 /herald_league/index.php/League/Admin/addalbum/leagueid/29/albumid/1
NOTIC: 建议使用I方法替代_param
NOTIC: 建议使用I方法替代_param

[ 2013-10-25T20:27:13+08:00 ] 127.0.0.1 /herald_league/index.php/League/Admin/addalbum/leagueid/29/albumid/1
NOTIC: 建议使用I方法替代_param
NOTIC: 建议使用I方法替代_param

[ 2013-10-25T20:27:16+08:00 ] 127.0.0.1 /herald_league/index.php/League/Admin/addalbum/leagueid/29/albumid/1
NOTIC: 建议使用I方法替代_param
NOTIC: 建议使用I方法替代_param

[ 2013-10-25T20:27:16+08:00 ] 127.0.0.1 /herald_league/index.php/League/Admin/addalbum/leagueid/29/albumid/__Public__/Images/lightbox-ico-loading.gif
NOTIC: 建议使用I方法替代_param
NOTIC: 建议使用I方法替代_param

[ 2013-10-25T20:27:16+08:00 ] 127.0.0.1 /herald_league/index.php/League/Admin/addalbum/leagueid/29/albumid/__Public__/Images/lightbox-btn-close.gif
NOTIC: 建议使用I方法替代_param
NOTIC: 建议使用I方法替代_param

[ 2013-10-25T20:27:39+08:00 ] 127.0.0.1 /herald_league/index.php/League/Admin/addalbum/leagueid/29/albumid/1
NOTIC: 建议使用I方法替代_param
NOTIC: 建议使用I方法替代_param

[ 2013-10-25T20:28:32+08:00 ] 127.0.0.1 /herald_league/index.php/League/Admin/addalbum/leagueid/29/albumid/1
NOTIC: 建议使用I方法替代_param
NOTIC: 建议使用I方法替代_param

[ 2013-10-25T20:28:35+08:00 ] 127.0.0.1 /herald_league/index.php/League/Admin/addalbum/leagueid/29/albumid/1
NOTIC: 建议使用I方法替代_param
NOTIC: 建议使用I方法替代_param

[ 2013-10-25T20:28:40+08:00 ] 127.0.0.1 /herald_league/index.php/League/Admin/addalbum/leagueid/29/albumid/1
NOTIC: 建议使用I方法替代_param
NOTIC: 建议使用I方法替代_param

[ 2013-10-25T20:29:00+08:00 ] 127.0.0.1 /herald_league/index.php/League/Admin/addalbum/leagueid/29/albumid/1
NOTIC: 建议使用I方法替代_param
NOTIC: 建议使用I方法替代_param

[ 2013-10-25T20:32:45+08:00 ] 127.0.0.1 /herald_league/index.php/League/Admin/addalbum/leagueid/29/albumid/1
NOTIC: 建议使用I方法替代_param
NOTIC: 建议使用I方法替代_param

[ 2013-10-25T20:32:59+08:00 ] 127.0.0.1 /herald_league/index.php/League/Admin/addalbum/leagueid/29/albumid/1
NOTIC: 建议使用I方法替代_param
NOTIC: 建议使用I方法替代_param

[ 2013-10-25T20:33:08+08:00 ] 127.0.0.1 /herald_league/index.php/League/Admin/addalbum/leagueid/29/albumid/1
NOTIC: 建议使用I方法替代_param
NOTIC: 建议使用I方法替代_param

[ 2013-10-25T20:33:39+08:00 ] 127.0.0.1 /herald_league/index.php/League/Admin/addalbum/leagueid/29/albumid/1
NOTIC: 建议使用I方法替代_param
NOTIC: 建议使用I方法替代_param

[ 2013-10-25T20:33:45+08:00 ] 127.0.0.1 /herald_league/index.php/League/Admin/addalbum/leagueid/29/albumid/1
NOTIC: 建议使用I方法替代_param
NOTIC: 建议使用I方法替代_param

[ 2013-10-25T20:34:00+08:00 ] 127.0.0.1 /herald_league/index.php/League/Admin/addalbum/leagueid/29/albumid/1
NOTIC: 建议使用I方法替代_param
NOTIC: 建议使用I方法替代_param

[ 2013-10-25T20:34:02+08:00 ] 127.0.0.1 /herald_league/index.php/League/Admin/addalbum/leagueid/29/albumid/1
NOTIC: 建议使用I方法替代_param
NOTIC: 建议使用I方法替代_param

[ 2013-10-25T20:34:10+08:00 ] 127.0.0.1 /herald_league/index.php/League/Admin/addalbum/leagueid/29/albumid/1
NOTIC: 建议使用I方法替代_param
NOTIC: 建议使用I方法替代_param

[ 2013-10-25T20:34:20+08:00 ] 127.0.0.1 /herald_league/index.php/League/Admin/addalbum/leagueid/29/albumid/1
NOTIC: 建议使用I方法替代_param
NOTIC: 建议使用I方法替代_param

[ 2013-10-25T20:34:28+08:00 ] 127.0.0.1 /herald_league/index.php/League/Admin/addalbum/leagueid/29/albumid/1
NOTIC: 建议使用I方法替代_param
NOTIC: 建议使用I方法替代_param

[ 2013-10-25T20:35:12+08:00 ] 127.0.0.1 /herald_league/index.php/League/Admin/changeinfo/leagueid/29
NOTIC: 建议使用I方法替代_param

[ 2013-10-25T20:35:16+08:00 ] 127.0.0.1 /herald_league/index.php/League/Admin/updateavatar/leagueid/29
NOTIC: 建议使用I方法替代_param

[ 2013-10-25T20:35:44+08:00 ] 127.0.0.1 /herald_league/index.php/League/Admin/managealbum/leagueid/29
NOTIC: 建议使用I方法替代_param

[ 2013-10-25T20:35:46+08:00 ] 127.0.0.1 /herald_league/index.php/League/Admin/addalbum/leagueid/29/albumid/1
NOTIC: 建议使用I方法替代_param
NOTIC: 建议使用I方法替代_param

[ 2013-10-25T20:36:24+08:00 ] 127.0.0.1 /herald_league/index.php/League/Admin/addalbum/leagueid/29/albumid/1
NOTIC: 建议使用I方法替代_param
NOTIC: 建议使用I方法替代_param

[ 2013-10-25T20:36:26+08:00 ] 127.0.0.1 /herald_league/index.php/League/Admin/addalbum/leagueid/29
NOTIC: 建议使用I方法替代_param
NOTIC: 建议使用I方法替代_param

[ 2013-10-25T20:36:38+08:00 ] 127.0.0.1 /herald_league/index.php/League/Admin/managealbum/leagueid/29
NOTIC: 建议使用I方法替代_param

[ 2013-10-25T20:36:43+08:00 ] 127.0.0.1 /herald_league/index.php/League/Admin/addalbum/leagueid/29/albumid/1
NOTIC: 建议使用I方法替代_param
NOTIC: 建议使用I方法替代_param

[ 2013-10-25T20:36:47+08:00 ] 127.0.0.1 /herald_league/index.php/League/Admin/addalbum/leagueid/29
NOTIC: 建议使用I方法替代_param
NOTIC: 建议使用I方法替代_param

[ 2013-10-25T20:36:56+08:00 ] 127.0.0.1 /herald_league/index.php/League/Admin/addalbum/leagueid/29/albumid/1
NOTIC: 建议使用I方法替代_param
NOTIC: 建议使用I方法替代_param

[ 2013-10-25T20:37:04+08:00 ] 127.0.0.1 /herald_league/index.php/League/Admin/addalbum/leagueid/29
NOTIC: 建议使用I方法替代_param
NOTIC: 建议使用I方法替代_param

[ 2013-10-25T20:37:12+08:00 ] 127.0.0.1 /herald_league/index.php/League/Admin/managealbum/leagueid/29
NOTIC: 建议使用I方法替代_param

[ 2013-10-25T20:37:25+08:00 ] 127.0.0.1 /herald_league/index.php/League/Admin/managealbum/leagueid/29
NOTIC: 建议使用I方法替代_param

[ 2013-10-25T20:37:26+08:00 ] 127.0.0.1 /herald_league/index.php/League/Admin/addalbum/leagueid/29/albumid/1
NOTIC: 建议使用I方法替代_param
NOTIC: 建议使用I方法替代_param

[ 2013-10-25T20:37:28+08:00 ] 127.0.0.1 /herald_league/index.php/League/Admin/managealbum/leagueid/29
NOTIC: 建议使用I方法替代_param

[ 2013-10-25T20:38:15+08:00 ] 127.0.0.1 /herald_league/index.php/League/Admin/changeinfo/leagueid/29
NOTIC: 建议使用I方法替代_param

[ 2013-10-25T20:39:35+08:00 ] 127.0.0.1 /herald_league/index.php/League/Admin/changeinfo/leagueid/29
NOTIC: 建议使用I方法替代_param

[ 2013-10-25T20:40:00+08:00 ] 127.0.0.1 /herald_league/index.php/League/Admin/updateavatar/leagueid/29
NOTIC: 建议使用I方法替代_param

[ 2013-10-25T20:40:03+08:00 ] 127.0.0.1 /herald_league/index.php/League/Admin/updateavatar/leagueid/29
NOTIC: 建议使用I方法替代_param

[ 2013-10-25T20:40:06+08:00 ] 127.0.0.1 /herald_league/index.php/League/Admin/changeinfo/leagueid/29
NOTIC: 建议使用I方法替代_param

[ 2013-10-25T20:40:12+08:00 ] 127.0.0.1 /herald_league/index.php/League/Admin/updateavatar/leagueid/29
NOTIC: 建议使用I方法替代_param

[ 2013-10-25T20:40:15+08:00 ] 127.0.0.1 /herald_league/index.php/League/Admin/changeinfo/leagueid/29
NOTIC: 建议使用I方法替代_param

[ 2013-10-25T20:44:47+08:00 ] 127.0.0.1 /herald_league/index.php/League/Admin/changeinfo/leagueid/29
NOTIC: 建议使用I方法替代_param

[ 2013-10-25T21:44:45+08:00 ] 127.0.0.1 /herald_league/index.php/Index/getMoreActivity.html
INFO: [ app_begin ] --START--
INFO: Run ReadHtmlCache Behavior [ RunTime:0.001865s ]
INFO: [ app_begin ] --END-- [ RunTime:0.002107s ]
NOTIC: 建议使用I方法替代_param
SQL: SHOW COLUMNS FROM `lg_activity_info` [ RunTime:0.008207s ]
NOTIC: 建议使用I方法替代_param
SQL: SELECT * FROM `lg_activity_info` WHERE ( id<41 ) ORDER BY id desc LIMIT 10   [ RunTime:0.004020s ]
SQL: SHOW COLUMNS FROM `lg_league_info` [ RunTime:0.010734s ]
SQL: SELECT `league_name` FROM `lg_league_info` WHERE ( uid=28 ) LIMIT 1   [ RunTime:0.002219s ]
SQL: SELECT `league_name` FROM `lg_league_info` WHERE ( uid=28 ) LIMIT 1   [ RunTime:0.000665s ]
SQL: SELECT `league_name` FROM `lg_league_info` WHERE ( uid=28 ) LIMIT 1   [ RunTime:0.000645s ]
SQL: SELECT `league_name` FROM `lg_league_info` WHERE ( uid=28 ) LIMIT 1   [ RunTime:0.000611s ]
SQL: SELECT `league_name` FROM `lg_league_info` WHERE ( uid=28 ) LIMIT 1   [ RunTime:0.000567s ]
SQL: SELECT `league_name` FROM `lg_league_info` WHERE ( uid=1 ) LIMIT 1   [ RunTime:0.000568s ]
SQL: SELECT `league_name` FROM `lg_league_info` WHERE ( uid=1 ) LIMIT 1   [ RunTime:0.000543s ]
SQL: SELECT `league_name` FROM `lg_league_info` WHERE ( uid=1 ) LIMIT 1   [ RunTime:0.000537s ]
SQL: SELECT `league_name` FROM `lg_league_info` WHERE ( uid=1 ) LIMIT 1   [ RunTime:0.000566s ]
SQL: SELECT `league_name` FROM `lg_league_info` WHERE ( uid=1 ) LIMIT 1   [ RunTime:0.000575s ]

[ 2013-10-25T22:07:30+08:00 ] 127.0.0.1 /herald_league/
ERR: Access denied for user 'root'@'localhost' (using password: YES)

[ 2013-10-25T22:07:41+08:00 ] 127.0.0.1 /herald_league/index.php/Index/getMoreActivity.html
INFO: [ app_begin ] --START--
INFO: Run ReadHtmlCache Behavior [ RunTime:0.003082s ]
INFO: [ app_begin ] --END-- [ RunTime:0.003352s ]
NOTIC: 建议使用I方法替代_param
SQL: SHOW COLUMNS FROM `lg_activity_info` [ RunTime:0.010175s ]
NOTIC: 建议使用I方法替代_param
SQL: SELECT * FROM `lg_activity_info` WHERE ( id<41 ) ORDER BY id desc LIMIT 10   [ RunTime:0.002871s ]
SQL: SHOW COLUMNS FROM `lg_league_info` [ RunTime:0.010119s ]
SQL: SELECT `league_name` FROM `lg_league_info` WHERE ( uid=28 ) LIMIT 1   [ RunTime:0.002771s ]
SQL: SELECT `league_name` FROM `lg_league_info` WHERE ( uid=28 ) LIMIT 1   [ RunTime:0.000579s ]
SQL: SELECT `league_name` FROM `lg_league_info` WHERE ( uid=28 ) LIMIT 1   [ RunTime:0.000594s ]
SQL: SELECT `league_name` FROM `lg_league_info` WHERE ( uid=28 ) LIMIT 1   [ RunTime:0.000690s ]
SQL: SELECT `league_name` FROM `lg_league_info` WHERE ( uid=28 ) LIMIT 1   [ RunTime:0.000558s ]
SQL: SELECT `league_name` FROM `lg_league_info` WHERE ( uid=1 ) LIMIT 1   [ RunTime:0.000535s ]
SQL: SELECT `league_name` FROM `lg_league_info` WHERE ( uid=1 ) LIMIT 1   [ RunTime:0.000606s ]
SQL: SELECT `league_name` FROM `lg_league_info` WHERE ( uid=1 ) LIMIT 1   [ RunTime:0.000648s ]
SQL: SELECT `league_name` FROM `lg_league_info` WHERE ( uid=1 ) LIMIT 1   [ RunTime:0.000646s ]
SQL: SELECT `league_name` FROM `lg_league_info` WHERE ( uid=1 ) LIMIT 1   [ RunTime:0.000640s ]

[ 2013-10-25T22:19:57+08:00 ] 127.0.0.1 /herald_league/index.php/Index/getMoreActivity.html
INFO: [ app_begin ] --START--
INFO: Run ReadHtmlCache Behavior [ RunTime:0.002128s ]
INFO: [ app_begin ] --END-- [ RunTime:0.002444s ]
NOTIC: 建议使用I方法替代_param
SQL: SHOW COLUMNS FROM `lg_activity_info` [ RunTime:0.008869s ]
NOTIC: 建议使用I方法替代_param
SQL: SELECT * FROM `lg_activity_info` WHERE ( id<41 ) ORDER BY id desc LIMIT 10   [ RunTime:0.001355s ]
SQL: SHOW COLUMNS FROM `lg_league_info` [ RunTime:0.011506s ]
SQL: SELECT `league_name` FROM `lg_league_info` WHERE ( uid=28 ) LIMIT 1   [ RunTime:0.003867s ]
SQL: SELECT `league_name` FROM `lg_league_info` WHERE ( uid=28 ) LIMIT 1   [ RunTime:0.000671s ]
SQL: SELECT `league_name` FROM `lg_league_info` WHERE ( uid=28 ) LIMIT 1   [ RunTime:0.000610s ]
SQL: SELECT `league_name` FROM `lg_league_info` WHERE ( uid=28 ) LIMIT 1   [ RunTime:0.000594s ]
SQL: SELECT `league_name` FROM `lg_league_info` WHERE ( uid=28 ) LIMIT 1   [ RunTime:0.000512s ]
SQL: SELECT `league_name` FROM `lg_league_info` WHERE ( uid=1 ) LIMIT 1   [ RunTime:0.000554s ]
SQL: SELECT `league_name` FROM `lg_league_info` WHERE ( uid=1 ) LIMIT 1   [ RunTime:0.000866s ]
SQL: SELECT `league_name` FROM `lg_league_info` WHERE ( uid=1 ) LIMIT 1   [ RunTime:0.000949s ]
SQL: SELECT `league_name` FROM `lg_league_info` WHERE ( uid=1 ) LIMIT 1   [ RunTime:0.000604s ]
SQL: SELECT `league_name` FROM `lg_league_info` WHERE ( uid=1 ) LIMIT 1   [ RunTime:0.000620s ]

[ 2013-10-25T22:20:02+08:00 ] 127.0.0.1 /herald_league/index.php/Index/getMoreActivity.html
INFO: [ app_begin ] --START--
INFO: Run ReadHtmlCache Behavior [ RunTime:0.001725s ]
INFO: [ app_begin ] --END-- [ RunTime:0.001954s ]
NOTIC: 建议使用I方法替代_param
SQL: SHOW COLUMNS FROM `lg_activity_info` [ RunTime:0.008999s ]
NOTIC: 建议使用I方法替代_param
SQL: SELECT * FROM `lg_activity_info` WHERE ( id<41 ) ORDER BY id desc LIMIT 10   [ RunTime:0.004746s ]
SQL: SHOW COLUMNS FROM `lg_league_info` [ RunTime:0.008625s ]
SQL: SELECT `league_name` FROM `lg_league_info` WHERE ( uid=28 ) LIMIT 1   [ RunTime:0.000755s ]
SQL: SELECT `league_name` FROM `lg_league_info` WHERE ( uid=28 ) LIMIT 1   [ RunTime:0.000584s ]
SQL: SELECT `league_name` FROM `lg_league_info` WHERE ( uid=28 ) LIMIT 1   [ RunTime:0.001072s ]
SQL: SELECT `league_name` FROM `lg_league_info` WHERE ( uid=28 ) LIMIT 1   [ RunTime:0.000612s ]
SQL: SELECT `league_name` FROM `lg_league_info` WHERE ( uid=28 ) LIMIT 1   [ RunTime:0.000565s ]
SQL: SELECT `league_name` FROM `lg_league_info` WHERE ( uid=1 ) LIMIT 1   [ RunTime:0.000545s ]
SQL: SELECT `league_name` FROM `lg_league_info` WHERE ( uid=1 ) LIMIT 1   [ RunTime:0.000981s ]
SQL: SELECT `league_name` FROM `lg_league_info` WHERE ( uid=1 ) LIMIT 1   [ RunTime:0.000637s ]
SQL: SELECT `league_name` FROM `lg_league_info` WHERE ( uid=1 ) LIMIT 1   [ RunTime:0.000637s ]
SQL: SELECT `league_name` FROM `lg_league_info` WHERE ( uid=1 ) LIMIT 1   [ RunTime:0.000582s ]

[ 2013-10-25T22:27:53+08:00 ] 127.0.0.1 /herald_league/index.php/Index/getMoreActivity.html
INFO: [ app_begin ] --START--
INFO: Run ReadHtmlCache Behavior [ RunTime:0.003013s ]
INFO: [ app_begin ] --END-- [ RunTime:0.003255s ]
NOTIC: 建议使用I方法替代_param
SQL: SHOW COLUMNS FROM `lg_activity_info` [ RunTime:0.008515s ]
NOTIC: 建议使用I方法替代_param
SQL: SELECT * FROM `lg_activity_info` WHERE ( id<41 ) ORDER BY id desc LIMIT 10   [ RunTime:0.004315s ]
SQL: SHOW COLUMNS FROM `lg_league_info` [ RunTime:0.007937s ]
SQL: SELECT `league_name` FROM `lg_league_info` WHERE ( uid=28 ) LIMIT 1   [ RunTime:0.002697s ]
SQL: SELECT `league_name` FROM `lg_league_info` WHERE ( uid=28 ) LIMIT 1   [ RunTime:0.000655s ]
SQL: SELECT `league_name` FROM `lg_league_info` WHERE ( uid=28 ) LIMIT 1   [ RunTime:0.000636s ]
SQL: SELECT `league_name` FROM `lg_league_info` WHERE ( uid=28 ) LIMIT 1   [ RunTime:0.000651s ]
SQL: SELECT `league_name` FROM `lg_league_info` WHERE ( uid=28 ) LIMIT 1   [ RunTime:0.000643s ]
SQL: SELECT `league_name` FROM `lg_league_info` WHERE ( uid=1 ) LIMIT 1   [ RunTime:0.000636s ]
SQL: SELECT `league_name` FROM `lg_league_info` WHERE ( uid=1 ) LIMIT 1   [ RunTime:0.000636s ]
SQL: SELECT `league_name` FROM `lg_league_info` WHERE ( uid=1 ) LIMIT 1   [ RunTime:0.000642s ]
SQL: SELECT `league_name` FROM `lg_league_info` WHERE ( uid=1 ) LIMIT 1   [ RunTime:0.000750s ]
SQL: SELECT `league_name` FROM `lg_league_info` WHERE ( uid=1 ) LIMIT 1   [ RunTime:0.002602s ]

[ 2013-10-25T22:30:11+08:00 ] 127.0.0.1 /herald_league/index.php/Index/getMoreActivity.html
INFO: [ app_begin ] --START--
INFO: Run ReadHtmlCache Behavior [ RunTime:0.003117s ]
INFO: [ app_begin ] --END-- [ RunTime:0.003370s ]
NOTIC: 建议使用I方法替代_param
SQL: SHOW COLUMNS FROM `lg_activity_info` [ RunTime:0.009788s ]
NOTIC: 建议使用I方法替代_param
SQL: SELECT * FROM `lg_activity_info` WHERE ( id<41 ) ORDER BY id desc LIMIT 10   [ RunTime:0.004637s ]
SQL: SHOW COLUMNS FROM `lg_league_info` [ RunTime:0.009473s ]
SQL: SELECT `league_name` FROM `lg_league_info` WHERE ( uid=28 ) LIMIT 1   [ RunTime:0.005002s ]
SQL: SELECT `league_name` FROM `lg_league_info` WHERE ( uid=28 ) LIMIT 1   [ RunTime:0.000780s ]
SQL: SELECT `league_name` FROM `lg_league_info` WHERE ( uid=28 ) LIMIT 1   [ RunTime:0.000725s ]
SQL: SELECT `league_name` FROM `lg_league_info` WHERE ( uid=28 ) LIMIT 1   [ RunTime:0.000903s ]
SQL: SELECT `league_name` FROM `lg_league_info` WHERE ( uid=28 ) LIMIT 1   [ RunTime:0.000754s ]
SQL: SELECT `league_name` FROM `lg_league_info` WHERE ( uid=1 ) LIMIT 1   [ RunTime:0.000722s ]
SQL: SELECT `league_name` FROM `lg_league_info` WHERE ( uid=1 ) LIMIT 1   [ RunTime:0.000582s ]
SQL: SELECT `league_name` FROM `lg_league_info` WHERE ( uid=1 ) LIMIT 1   [ RunTime:0.000504s ]
SQL: SELECT `league_name` FROM `lg_league_info` WHERE ( uid=1 ) LIMIT 1   [ RunTime:0.000478s ]
SQL: SELECT `league_name` FROM `lg_league_info` WHERE ( uid=1 ) LIMIT 1   [ RunTime:0.000581s ]

[ 2013-10-25T22:30:44+08:00 ] 127.0.0.1 /herald_league/index.php/Index/getMoreActivity.html
INFO: [ app_begin ] --START--
INFO: Run ReadHtmlCache Behavior [ RunTime:0.003524s ]
INFO: [ app_begin ] --END-- [ RunTime:0.003849s ]
NOTIC: 建议使用I方法替代_param
SQL: SHOW COLUMNS FROM `lg_activity_info` [ RunTime:0.009374s ]
NOTIC: 建议使用I方法替代_param
SQL: SELECT * FROM `lg_activity_info` WHERE ( id<41 ) ORDER BY id desc LIMIT 10   [ RunTime:0.003209s ]
SQL: SHOW COLUMNS FROM `lg_league_info` [ RunTime:0.008314s ]
SQL: SELECT `league_name` FROM `lg_league_info` WHERE ( uid=28 ) LIMIT 1   [ RunTime:0.003748s ]
SQL: SELECT `league_name` FROM `lg_league_info` WHERE ( uid=28 ) LIMIT 1   [ RunTime:0.000564s ]
SQL: SELECT `league_name` FROM `lg_league_info` WHERE ( uid=28 ) LIMIT 1   [ RunTime:0.000607s ]
SQL: SELECT `league_name` FROM `lg_league_info` WHERE ( uid=28 ) LIMIT 1   [ RunTime:0.000605s ]
SQL: SELECT `league_name` FROM `lg_league_info` WHERE ( uid=28 ) LIMIT 1   [ RunTime:0.000587s ]
SQL: SELECT `league_name` FROM `lg_league_info` WHERE ( uid=1 ) LIMIT 1   [ RunTime:0.000589s ]
SQL: SELECT `league_name` FROM `lg_league_info` WHERE ( uid=1 ) LIMIT 1   [ RunTime:0.000729s ]
SQL: SELECT `league_name` FROM `lg_league_info` WHERE ( uid=1 ) LIMIT 1   [ RunTime:0.000519s ]
SQL: SELECT `league_name` FROM `lg_league_info` WHERE ( uid=1 ) LIMIT 1   [ RunTime:0.000486s ]
SQL: SELECT `league_name` FROM `lg_league_info` WHERE ( uid=1 ) LIMIT 1   [ RunTime:0.000470s ]

[ 2013-10-25T22:31:14+08:00 ] 127.0.0.1 /herald_league/index.php/Index/getMoreActivity.html
INFO: [ app_begin ] --START--
INFO: Run ReadHtmlCache Behavior [ RunTime:0.001723s ]
INFO: [ app_begin ] --END-- [ RunTime:0.001946s ]
NOTIC: 建议使用I方法替代_param
SQL: SHOW COLUMNS FROM `lg_activity_info` [ RunTime:0.011645s ]
NOTIC: 建议使用I方法替代_param
SQL: SELECT * FROM `lg_activity_info` WHERE ( id<41 ) ORDER BY id desc LIMIT 10   [ RunTime:0.005954s ]
SQL: SHOW COLUMNS FROM `lg_league_info` [ RunTime:0.014099s ]
SQL: SELECT `league_name` FROM `lg_league_info` WHERE ( uid=28 ) LIMIT 1   [ RunTime:0.002768s ]
SQL: SELECT `league_name` FROM `lg_league_info` WHERE ( uid=28 ) LIMIT 1   [ RunTime:0.000688s ]
SQL: SELECT `league_name` FROM `lg_league_info` WHERE ( uid=28 ) LIMIT 1   [ RunTime:0.000738s ]
SQL: SELECT `league_name` FROM `lg_league_info` WHERE ( uid=28 ) LIMIT 1   [ RunTime:0.000695s ]
SQL: SELECT `league_name` FROM `lg_league_info` WHERE ( uid=28 ) LIMIT 1   [ RunTime:0.000652s ]
SQL: SELECT `league_name` FROM `lg_league_info` WHERE ( uid=1 ) LIMIT 1   [ RunTime:0.000634s ]
SQL: SELECT `league_name` FROM `lg_league_info` WHERE ( uid=1 ) LIMIT 1   [ RunTime:0.000646s ]
SQL: SELECT `league_name` FROM `lg_league_info` WHERE ( uid=1 ) LIMIT 1   [ RunTime:0.000654s ]
SQL: SELECT `league_name` FROM `lg_league_info` WHERE ( uid=1 ) LIMIT 1   [ RunTime:0.000626s ]
SQL: SELECT `league_name` FROM `lg_league_info` WHERE ( uid=1 ) LIMIT 1   [ RunTime:0.000650s ]

[ 2013-10-25T22:31:19+08:00 ] 127.0.0.1 /herald_league/index.php/Index/getMoreActivity.html
INFO: [ app_begin ] --START--
INFO: Run ReadHtmlCache Behavior [ RunTime:0.002935s ]
INFO: [ app_begin ] --END-- [ RunTime:0.003167s ]
NOTIC: 建议使用I方法替代_param
SQL: SHOW COLUMNS FROM `lg_activity_info` [ RunTime:0.008986s ]
NOTIC: 建议使用I方法替代_param
SQL: SELECT * FROM `lg_activity_info` WHERE ( id<41 AND league_class=1 ) ORDER BY id desc LIMIT 10   [ RunTime:0.003183s ]
SQL: SHOW COLUMNS FROM `lg_league_info` [ RunTime:0.008077s ]
SQL: SELECT `league_name` FROM `lg_league_info` WHERE ( uid=1 ) LIMIT 1   [ RunTime:0.002256s ]
SQL: SELECT `league_name` FROM `lg_league_info` WHERE ( uid=1 ) LIMIT 1   [ RunTime:0.000659s ]
SQL: SELECT `league_name` FROM `lg_league_info` WHERE ( uid=1 ) LIMIT 1   [ RunTime:0.000644s ]
SQL: SELECT `league_name` FROM `lg_league_info` WHERE ( uid=1 ) LIMIT 1   [ RunTime:0.000636s ]

[ 2013-10-25T22:31:38+08:00 ] 127.0.0.1 /herald_league/index.php/Index/getMoreActivity.html
INFO: [ app_begin ] --START--
INFO: Run ReadHtmlCache Behavior [ RunTime:0.001723s ]
INFO: [ app_begin ] --END-- [ RunTime:0.001949s ]
NOTIC: 建议使用I方法替代_param
SQL: SHOW COLUMNS FROM `lg_activity_info` [ RunTime:0.008410s ]
NOTIC: 建议使用I方法替代_param
SQL: SELECT * FROM `lg_activity_info` WHERE ( id<41 ) ORDER BY id desc LIMIT 10   [ RunTime:0.002551s ]
SQL: SHOW COLUMNS FROM `lg_league_info` [ RunTime:0.008423s ]
SQL: SELECT `league_name` FROM `lg_league_info` WHERE ( uid=28 ) LIMIT 1   [ RunTime:0.001788s ]
SQL: SELECT `league_name` FROM `lg_league_info` WHERE ( uid=28 ) LIMIT 1   [ RunTime:0.000671s ]
SQL: SELECT `league_name` FROM `lg_league_info` WHERE ( uid=28 ) LIMIT 1   [ RunTime:0.000655s ]
SQL: SELECT `league_name` FROM `lg_league_info` WHERE ( uid=28 ) LIMIT 1   [ RunTime:0.000640s ]
SQL: SELECT `league_name` FROM `lg_league_info` WHERE ( uid=28 ) LIMIT 1   [ RunTime:0.000619s ]
SQL: SELECT `league_name` FROM `lg_league_info` WHERE ( uid=1 ) LIMIT 1   [ RunTime:0.000642s ]
SQL: SELECT `league_name` FROM `lg_league_info` WHERE ( uid=1 ) LIMIT 1   [ RunTime:0.000639s ]
SQL: SELECT `league_name` FROM `lg_league_info` WHERE ( uid=1 ) LIMIT 1   [ RunTime:0.000630s ]
SQL: SELECT `league_name` FROM `lg_league_info` WHERE ( uid=1 ) LIMIT 1   [ RunTime:0.000642s ]
SQL: SELECT `league_name` FROM `lg_league_info` WHERE ( uid=1 ) LIMIT 1   [ RunTime:0.000640s ]

[ 2013-10-25T22:32:51+08:00 ] 127.0.0.1 /herald_league/index.php/Index/getMoreActivity.html
INFO: [ app_begin ] --START--
INFO: Run ReadHtmlCache Behavior [ RunTime:0.004504s ]
INFO: [ app_begin ] --END-- [ RunTime:0.004779s ]
NOTIC: 建议使用I方法替代_param
SQL: SHOW COLUMNS FROM `lg_activity_info` [ RunTime:0.008691s ]
NOTIC: 建议使用I方法替代_param
SQL: SELECT * FROM `lg_activity_info` WHERE ( id<41 ) ORDER BY id desc LIMIT 10   [ RunTime:0.003583s ]
SQL: SHOW COLUMNS FROM `lg_league_info` [ RunTime:0.009734s ]
SQL: SELECT `league_name` FROM `lg_league_info` WHERE ( uid=28 ) LIMIT 1   [ RunTime:0.003918s ]
SQL: SELECT `league_name` FROM `lg_league_info` WHERE ( uid=28 ) LIMIT 1   [ RunTime:0.000631s ]
SQL: SELECT `league_name` FROM `lg_league_info` WHERE ( uid=28 ) LIMIT 1   [ RunTime:0.000691s ]
SQL: SELECT `league_name` FROM `lg_league_info` WHERE ( uid=28 ) LIMIT 1   [ RunTime:0.000633s ]
SQL: SELECT `league_name` FROM `lg_league_info` WHERE ( uid=28 ) LIMIT 1   [ RunTime:0.000649s ]
SQL: SELECT `league_name` FROM `lg_league_info` WHERE ( uid=1 ) LIMIT 1   [ RunTime:0.000637s ]
SQL: SELECT `league_name` FROM `lg_league_info` WHERE ( uid=1 ) LIMIT 1   [ RunTime:0.000647s ]
SQL: SELECT `league_name` FROM `lg_league_info` WHERE ( uid=1 ) LIMIT 1   [ RunTime:0.000648s ]
SQL: SELECT `league_name` FROM `lg_league_info` WHERE ( uid=1 ) LIMIT 1   [ RunTime:0.000690s ]
SQL: SELECT `league_name` FROM `lg_league_info` WHERE ( uid=1 ) LIMIT 1   [ RunTime:0.000680s ]

[ 2013-10-25T23:11:02+08:00 ] 127.0.0.1 /herald_league/index.php/Index/getMoreActivity.html
INFO: [ app_begin ] --START--
INFO: Run ReadHtmlCache Behavior [ RunTime:0.002705s ]
INFO: [ app_begin ] --END-- [ RunTime:0.003058s ]
NOTIC: 建议使用I方法替代_param
SQL: SHOW COLUMNS FROM `lg_activity_info` [ RunTime:0.009974s ]
NOTIC: 建议使用I方法替代_param
SQL: SELECT * FROM `lg_activity_info` WHERE ( id<41 ) ORDER BY id desc LIMIT 10   [ RunTime:0.004886s ]
SQL: SHOW COLUMNS FROM `lg_league_info` [ RunTime:0.009016s ]
SQL: SELECT `league_name` FROM `lg_league_info` WHERE ( uid=28 ) LIMIT 1   [ RunTime:0.004056s ]
SQL: SELECT `league_name` FROM `lg_league_info` WHERE ( uid=28 ) LIMIT 1   [ RunTime:0.000569s ]
SQL: SELECT `league_name` FROM `lg_league_info` WHERE ( uid=28 ) LIMIT 1   [ RunTime:0.000551s ]
SQL: SELECT `league_name` FROM `lg_league_info` WHERE ( uid=28 ) LIMIT 1   [ RunTime:0.000986s ]
SQL: SELECT `league_name` FROM `lg_league_info` WHERE ( uid=28 ) LIMIT 1   [ RunTime:0.000870s ]
SQL: SELECT `league_name` FROM `lg_league_info` WHERE ( uid=1 ) LIMIT 1   [ RunTime:0.000633s ]
SQL: SELECT `league_name` FROM `lg_league_info` WHERE ( uid=1 ) LIMIT 1   [ RunTime:0.000534s ]
SQL: SELECT `league_name` FROM `lg_league_info` WHERE ( uid=1 ) LIMIT 1   [ RunTime:0.000495s ]
SQL: SELECT `league_name` FROM `lg_league_info` WHERE ( uid=1 ) LIMIT 1   [ RunTime:0.000545s ]
SQL: SELECT `league_name` FROM `lg_league_info` WHERE ( uid=1 ) LIMIT 1   [ RunTime:0.000532s ]

[ 2013-10-25T23:12:15+08:00 ] 127.0.0.1 /herald_league/index.php/Index/getMoreActivity.html
INFO: [ app_begin ] --START--
INFO: Run ReadHtmlCache Behavior [ RunTime:0.003050s ]
INFO: [ app_begin ] --END-- [ RunTime:0.003341s ]
NOTIC: 建议使用I方法替代_param
SQL: SHOW COLUMNS FROM `lg_activity_info` [ RunTime:0.008812s ]
NOTIC: 建议使用I方法替代_param
SQL: SELECT * FROM `lg_activity_info` WHERE ( id<41 ) ORDER BY id desc LIMIT 10   [ RunTime:0.001203s ]
SQL: SHOW COLUMNS FROM `lg_league_info` [ RunTime:0.008787s ]
SQL: SELECT `league_name` FROM `lg_league_info` WHERE ( uid=28 ) LIMIT 1   [ RunTime:0.003432s ]
SQL: SELECT `league_name` FROM `lg_league_info` WHERE ( uid=28 ) LIMIT 1   [ RunTime:0.000618s ]
SQL: SELECT `league_name` FROM `lg_league_info` WHERE ( uid=28 ) LIMIT 1   [ RunTime:0.000712s ]
SQL: SELECT `league_name` FROM `lg_league_info` WHERE ( uid=28 ) LIMIT 1   [ RunTime:0.000719s ]
SQL: SELECT `league_name` FROM `lg_league_info` WHERE ( uid=28 ) LIMIT 1   [ RunTime:0.000641s ]
SQL: SELECT `league_name` FROM `lg_league_info` WHERE ( uid=1 ) LIMIT 1   [ RunTime:0.000648s ]
SQL: SELECT `league_name` FROM `lg_league_info` WHERE ( uid=1 ) LIMIT 1   [ RunTime:0.000648s ]
SQL: SELECT `league_name` FROM `lg_league_info` WHERE ( uid=1 ) LIMIT 1   [ RunTime:0.000635s ]
SQL: SELECT `league_name` FROM `lg_league_info` WHERE ( uid=1 ) LIMIT 1   [ RunTime:0.000628s ]
SQL: SELECT `league_name` FROM `lg_league_info` WHERE ( uid=1 ) LIMIT 1   [ RunTime:0.000721s ]

[ 2013-10-25T23:12:25+08:00 ] 127.0.0.1 /herald_league/index.php/Index/getMoreActivity.html
INFO: [ app_begin ] --START--
INFO: Run ReadHtmlCache Behavior [ RunTime:0.002436s ]
INFO: [ app_begin ] --END-- [ RunTime:0.002741s ]
NOTIC: 建议使用I方法替代_param
SQL: SHOW COLUMNS FROM `lg_activity_info` [ RunTime:0.008748s ]
NOTIC: 建议使用I方法替代_param
SQL: SELECT * FROM `lg_activity_info` WHERE ( id<41 ) ORDER BY id desc LIMIT 10   [ RunTime:0.002340s ]
SQL: SHOW COLUMNS FROM `lg_league_info` [ RunTime:0.014583s ]
SQL: SELECT `league_name` FROM `lg_league_info` WHERE ( uid=28 ) LIMIT 1   [ RunTime:0.008792s ]
SQL: SELECT `league_name` FROM `lg_league_info` WHERE ( uid=28 ) LIMIT 1   [ RunTime:0.001088s ]
SQL: SELECT `league_name` FROM `lg_league_info` WHERE ( uid=28 ) LIMIT 1   [ RunTime:0.001912s ]
SQL: SELECT `league_name` FROM `lg_league_info` WHERE ( uid=28 ) LIMIT 1   [ RunTime:0.006450s ]
SQL: SELECT `league_name` FROM `lg_league_info` WHERE ( uid=28 ) LIMIT 1   [ RunTime:0.000881s ]
SQL: SELECT `league_name` FROM `lg_league_info` WHERE ( uid=1 ) LIMIT 1   [ RunTime:0.001060s ]
SQL: SELECT `league_name` FROM `lg_league_info` WHERE ( uid=1 ) LIMIT 1   [ RunTime:0.000796s ]
SQL: SELECT `league_name` FROM `lg_league_info` WHERE ( uid=1 ) LIMIT 1   [ RunTime:0.000781s ]
SQL: SELECT `league_name` FROM `lg_league_info` WHERE ( uid=1 ) LIMIT 1   [ RunTime:0.000758s ]
SQL: SELECT `league_name` FROM `lg_league_info` WHERE ( uid=1 ) LIMIT 1   [ RunTime:0.001194s ]

